2025-01-13 00:45:11,913{GMT}	INFO	[jepsen test runner] jepsen.core: Test version b8276a9d9b06834cd87117481375b49ff13000d7 (plus uncommitted changes)
2025-01-13 00:45:11,913{GMT}	INFO	[jepsen test runner] jepsen.core: Command line:
lein run test -w echo --bin ./target/debug/maelstrom_distributed -- node-count 1 --time-limit 10
2025-01-13 00:45:11,966{GMT}	INFO	[jepsen test runner] jepsen.core: Running test:
{:args ["node-count" "1" "--time-limit" "10"]
 :remote
 #jepsen.control.retry.Remote{:remote #jepsen.control.scp.Remote{:cmd-remote #jepsen.control.sshj.SSHJRemote{:concurrency-limit 6,
                                                                                                             :conn-spec nil,
                                                                                                             :client nil,
                                                                                                             :semaphore nil},
                                                                 :conn-spec nil},
                              :conn nil}
 :log-net-send false
 :node-count nil
 :availability nil
 :max-txn-length 4
 :concurrency 5
 :db
 #object[maelstrom.db$db$reify__16142
         "0x60035f1e"
         "maelstrom.db$db$reify__16142@60035f1e"]
 :max-writes-per-key 16
 :leave-db-running? false
 :name "echo"
 :logging-json? false
 :start-time
 #object[org.joda.time.DateTime "0x5827908c" "2025-01-13T00:45:11.890Z"]
 :nemesis-interval 10
 :net
 #object[maelstrom.net$jepsen_net$reify__15251
         "0x732ffb6a"
         "maelstrom.net$jepsen_net$reify__15251@732ffb6a"]
 :client
 #object[maelstrom.workload.echo$client$reify__16863
         "0x5ed83e36"
         "maelstrom.workload.echo$client$reify__16863@5ed83e36"]
 :barrier
 #object[java.util.concurrent.CyclicBarrier
         "0x2459715c"
         "java.util.concurrent.CyclicBarrier@2459715c"]
 :log-stderr false
 :pure-generators true
 :ssh {:dummy? true}
 :rate 5
 :checker
 #object[jepsen.checker$compose$reify__11881
         "0x401e36ab"
         "jepsen.checker$compose$reify__11881@401e36ab"]
 :argv
 ("test"
  "-w"
  "echo"
  "--bin"
  "./target/debug/maelstrom_distributed"
  "--"
  "node-count"
  "1"
  "--time-limit"
  "10")
 :nemesis
 (jepsen.nemesis.ReflCompose
  {:fm {:start-partition 0,
        :stop-partition 0,
        :kill 1,
        :start 1,
        :pause 1,
        :resume 1},
   :nemeses [#unprintable "jepsen.nemesis.combined$partition_nemesis$reify__16416@4ce66169"
             #unprintable "jepsen.nemesis.combined$db_nemesis$reify__16397@53d0cf4d"]})
 :nodes ["n1" "n2" "n3" "n4" "n5"]
 :test-count 1
 :latency {:mean 0, :dist :constant}
 :bin "./target/debug/maelstrom_distributed"
 :generator
 (jepsen.generator.TimeLimit
  {:limit 60000000000,
   :cutoff nil,
   :gen (jepsen.generator.Any
         {:gens [(jepsen.generator.OnThreads
                  {:f #{:nemesis},
                   :context-filter #object[jepsen.generator.context$make_thread_filter$lazy_filter__9167
                                           "0x405a296e"
                                           "jepsen.generator.context$make_thread_filter$lazy_filter__9167@405a296e"],
                   :gen nil})
                 (jepsen.generator.OnThreads
                  {:f #jepsen.generator.context.AllBut{:element :nemesis},
                   :context-filter #object[jepsen.generator.context$make_thread_filter$lazy_filter__9167
                                           "0x77198cce"
                                           "jepsen.generator.context$make_thread_filter$lazy_filter__9167@77198cce"],
                   :gen (jepsen.generator.Stagger
                         {:dt 400000000,
                          :next-time nil,
                          :gen (jepsen.generator.EachThread
                                {:fresh-gen #object[maelstrom.workload.echo$workload$fn__16882
                                                    "0xe7b7395"
                                                    "maelstrom.workload.echo$workload$fn__16882@e7b7395"],
                                 :context-filters #object[clojure.core$promise$reify__8591
                                                          "0x383c94ed"
                                                          {:status :pending,
                                                           :val nil}],
                                 :gens {}})})})]})})
 :log-net-recv false
 :os
 #object[maelstrom.net$jepsen_os$reify__15254
         "0x293ccbdd"
         "maelstrom.net$jepsen_os$reify__15254@293ccbdd"]
 :time-limit 60
 :workload :echo
 :consistency-models [:strict-serializable]
 :topology :grid}

2025-01-13 00:45:13,975{GMT}	INFO	[jepsen node n1] maelstrom.net: Starting Maelstrom network
2025-01-13 00:45:13,977{GMT}	INFO	[jepsen test runner] jepsen.db: Tearing down DB
2025-01-13 00:45:13,981{GMT}	INFO	[jepsen test runner] jepsen.db: Setting up DB
2025-01-13 00:45:13,982{GMT}	INFO	[jepsen node n2] maelstrom.db: Setting up n2
2025-01-13 00:45:13,983{GMT}	INFO	[jepsen node n2] maelstrom.process: launching ./target/debug/maelstrom_distributed ["node-count" "1" "--time-limit" "10"]
2025-01-13 00:45:13,983{GMT}	INFO	[jepsen node n3] maelstrom.db: Setting up n3
2025-01-13 00:45:13,983{GMT}	INFO	[jepsen node n3] maelstrom.process: launching ./target/debug/maelstrom_distributed ["node-count" "1" "--time-limit" "10"]
2025-01-13 00:45:13,984{GMT}	INFO	[jepsen node n1] maelstrom.service: Starting services: (lin-kv lin-tso lww-kv seq-kv)
2025-01-13 00:45:13,984{GMT}	INFO	[jepsen node n4] maelstrom.db: Setting up n4
2025-01-13 00:45:13,984{GMT}	INFO	[jepsen node n4] maelstrom.process: launching ./target/debug/maelstrom_distributed ["node-count" "1" "--time-limit" "10"]
2025-01-13 00:45:13,985{GMT}	INFO	[jepsen node n5] maelstrom.db: Setting up n5
2025-01-13 00:45:13,986{GMT}	INFO	[jepsen node n5] maelstrom.process: launching ./target/debug/maelstrom_distributed ["node-count" "1" "--time-limit" "10"]
2025-01-13 00:45:13,996{GMT}	INFO	[jepsen node n1] maelstrom.db: Setting up n1
2025-01-13 00:45:13,998{GMT}	INFO	[jepsen node n1] maelstrom.process: launching ./target/debug/maelstrom_distributed ["node-count" "1" "--time-limit" "10"]
2025-01-13 00:45:14,017{GMT}	INFO	[jepsen test runner] jepsen.core: Relative time begins now
2025-01-13 00:45:14,045{GMT}	INFO	[jepsen worker 4] jepsen.util: 4	:invoke	:echo	"Please echo 20"
2025-01-13 00:45:14,132{GMT}	INFO	[jepsen worker 2] jepsen.util: 2	:invoke	:echo	"Please echo 81"
2025-01-13 00:45:14,383{GMT}	INFO	[jepsen worker 3] jepsen.util: 3	:invoke	:echo	"Please echo 77"
2025-01-13 00:45:14,484{GMT}	INFO	[jepsen worker 1] jepsen.util: 1	:invoke	:echo	"Please echo 83"
2025-01-13 00:45:14,511{GMT}	INFO	[jepsen worker 0] jepsen.util: 0	:invoke	:echo	"Please echo 59"
2025-01-13 00:45:19,048{GMT}	INFO	[jepsen worker 4] jepsen.util: 4	:info	:echo	"Please echo 20"	:net-timeout
2025-01-13 00:45:19,048{GMT}	INFO	[jepsen worker 4] jepsen.util: 9	:invoke	:echo	"Please echo 35"
2025-01-13 00:45:19,133{GMT}	INFO	[jepsen worker 2] jepsen.util: 2	:info	:echo	"Please echo 81"	:net-timeout
2025-01-13 00:45:19,276{GMT}	INFO	[jepsen worker 2] jepsen.util: 7	:invoke	:echo	"Please echo 67"
2025-01-13 00:45:19,383{GMT}	INFO	[jepsen worker 3] jepsen.util: 3	:info	:echo	"Please echo 77"	:net-timeout
2025-01-13 00:45:19,485{GMT}	INFO	[jepsen worker 1] jepsen.util: 1	:info	:echo	"Please echo 83"	:net-timeout
2025-01-13 00:45:19,512{GMT}	INFO	[jepsen worker 0] jepsen.util: 0	:info	:echo	"Please echo 59"	:net-timeout
2025-01-13 00:45:19,663{GMT}	INFO	[jepsen worker 1] jepsen.util: 6	:invoke	:echo	"Please echo 110"
2025-01-13 00:45:19,683{GMT}	INFO	[jepsen worker 0] jepsen.util: 5	:invoke	:echo	"Please echo 68"
2025-01-13 00:45:20,000{GMT}	INFO	[jepsen worker 3] jepsen.util: 8	:invoke	:echo	"Please echo 115"
2025-01-13 00:45:24,048{GMT}	INFO	[jepsen worker 4] jepsen.util: 9	:info	:echo	"Please echo 35"	:net-timeout
2025-01-13 00:45:24,049{GMT}	INFO	[jepsen worker 4] jepsen.util: 14	:invoke	:echo	"Please echo 88"
2025-01-13 00:45:24,279{GMT}	INFO	[jepsen worker 2] jepsen.util: 7	:info	:echo	"Please echo 67"	:net-timeout
2025-01-13 00:45:24,426{GMT}	INFO	[jepsen worker 2] jepsen.util: 12	:invoke	:echo	"Please echo 105"
2025-01-13 00:45:24,663{GMT}	INFO	[jepsen worker 1] jepsen.util: 6	:info	:echo	"Please echo 110"	:net-timeout
2025-01-13 00:45:24,683{GMT}	INFO	[jepsen worker 0] jepsen.util: 5	:info	:echo	"Please echo 68"	:net-timeout
2025-01-13 00:45:24,755{GMT}	INFO	[jepsen worker 0] jepsen.util: 10	:invoke	:echo	"Please echo 24"
2025-01-13 00:45:25,000{GMT}	INFO	[jepsen worker 3] jepsen.util: 8	:info	:echo	"Please echo 115"	:net-timeout
2025-01-13 00:45:25,069{GMT}	INFO	[jepsen worker 3] jepsen.util: 13	:invoke	:echo	"Please echo 69"
2025-01-13 00:45:25,315{GMT}	INFO	[jepsen worker 1] jepsen.util: 11	:invoke	:echo	"Please echo 103"
2025-01-13 00:45:29,049{GMT}	INFO	[jepsen worker 4] jepsen.util: 14	:info	:echo	"Please echo 88"	:net-timeout
2025-01-13 00:45:29,050{GMT}	INFO	[jepsen worker 4] jepsen.util: 19	:invoke	:echo	"Please echo 108"
2025-01-13 00:45:29,426{GMT}	INFO	[jepsen worker 2] jepsen.util: 12	:info	:echo	"Please echo 105"	:net-timeout
2025-01-13 00:45:29,426{GMT}	INFO	[jepsen worker 2] jepsen.util: 17	:invoke	:echo	"Please echo 16"
2025-01-13 00:45:29,755{GMT}	INFO	[jepsen worker 0] jepsen.util: 10	:info	:echo	"Please echo 24"	:net-timeout
2025-01-13 00:45:29,797{GMT}	INFO	[jepsen worker 0] jepsen.util: 15	:invoke	:echo	"Please echo 116"
2025-01-13 00:45:30,069{GMT}	INFO	[jepsen worker 3] jepsen.util: 13	:info	:echo	"Please echo 69"	:net-timeout
2025-01-13 00:45:30,069{GMT}	INFO	[jepsen worker 3] jepsen.util: 18	:invoke	:echo	"Please echo 71"
2025-01-13 00:45:30,316{GMT}	INFO	[jepsen worker 1] jepsen.util: 11	:info	:echo	"Please echo 103"	:net-timeout
2025-01-13 00:45:30,316{GMT}	INFO	[jepsen worker 1] jepsen.util: 16	:invoke	:echo	"Please echo 104"
2025-01-13 00:45:34,050{GMT}	INFO	[jepsen worker 4] jepsen.util: 19	:info	:echo	"Please echo 108"	:net-timeout
2025-01-13 00:45:34,051{GMT}	INFO	[jepsen worker 4] jepsen.util: 24	:invoke	:echo	"Please echo 50"
2025-01-13 00:45:34,428{GMT}	INFO	[jepsen worker 2] jepsen.util: 17	:info	:echo	"Please echo 16"	:net-timeout
2025-01-13 00:45:34,428{GMT}	INFO	[jepsen worker 2] jepsen.util: 22	:invoke	:echo	"Please echo 112"
2025-01-13 00:45:34,797{GMT}	INFO	[jepsen worker 0] jepsen.util: 15	:info	:echo	"Please echo 116"	:net-timeout
2025-01-13 00:45:34,797{GMT}	INFO	[jepsen worker 0] jepsen.util: 20	:invoke	:echo	"Please echo 14"
2025-01-13 00:45:35,069{GMT}	INFO	[jepsen worker 3] jepsen.util: 18	:info	:echo	"Please echo 71"	:net-timeout
2025-01-13 00:45:35,104{GMT}	INFO	[jepsen worker 3] jepsen.util: 23	:invoke	:echo	"Please echo 89"
2025-01-13 00:45:35,316{GMT}	INFO	[jepsen worker 1] jepsen.util: 16	:info	:echo	"Please echo 104"	:net-timeout
2025-01-13 00:45:35,334{GMT}	INFO	[jepsen worker 1] jepsen.util: 21	:invoke	:echo	"Please echo 68"
2025-01-13 00:45:39,051{GMT}	INFO	[jepsen worker 4] jepsen.util: 24	:info	:echo	"Please echo 50"	:net-timeout
2025-01-13 00:45:39,051{GMT}	INFO	[jepsen worker 4] jepsen.util: 29	:invoke	:echo	"Please echo 104"
2025-01-13 00:45:39,428{GMT}	INFO	[jepsen worker 2] jepsen.util: 22	:info	:echo	"Please echo 112"	:net-timeout
2025-01-13 00:45:39,429{GMT}	INFO	[jepsen worker 2] jepsen.util: 27	:invoke	:echo	"Please echo 43"
2025-01-13 00:45:39,797{GMT}	INFO	[jepsen worker 0] jepsen.util: 20	:info	:echo	"Please echo 14"	:net-timeout
2025-01-13 00:45:39,798{GMT}	INFO	[jepsen worker 0] jepsen.util: 25	:invoke	:echo	"Please echo 103"
2025-01-13 00:45:40,104{GMT}	INFO	[jepsen worker 3] jepsen.util: 23	:info	:echo	"Please echo 89"	:net-timeout
2025-01-13 00:45:40,105{GMT}	INFO	[jepsen worker 3] jepsen.util: 28	:invoke	:echo	"Please echo 20"
2025-01-13 00:45:40,334{GMT}	INFO	[jepsen worker 1] jepsen.util: 21	:info	:echo	"Please echo 68"	:net-timeout
2025-01-13 00:45:40,334{GMT}	INFO	[jepsen worker 1] jepsen.util: 26	:invoke	:echo	"Please echo 72"
2025-01-13 00:45:44,052{GMT}	INFO	[jepsen worker 4] jepsen.util: 29	:info	:echo	"Please echo 104"	:net-timeout
2025-01-13 00:45:44,052{GMT}	INFO	[jepsen worker 4] jepsen.util: 34	:invoke	:echo	"Please echo 100"
2025-01-13 00:45:44,429{GMT}	INFO	[jepsen worker 2] jepsen.util: 27	:info	:echo	"Please echo 43"	:net-timeout
2025-01-13 00:45:44,430{GMT}	INFO	[jepsen worker 2] jepsen.util: 32	:invoke	:echo	"Please echo 43"
2025-01-13 00:45:44,798{GMT}	INFO	[jepsen worker 0] jepsen.util: 25	:info	:echo	"Please echo 103"	:net-timeout
2025-01-13 00:45:44,799{GMT}	INFO	[jepsen worker 0] jepsen.util: 30	:invoke	:echo	"Please echo 88"
2025-01-13 00:45:45,105{GMT}	INFO	[jepsen worker 3] jepsen.util: 28	:info	:echo	"Please echo 20"	:net-timeout
2025-01-13 00:45:45,105{GMT}	INFO	[jepsen worker 3] jepsen.util: 33	:invoke	:echo	"Please echo 30"
2025-01-13 00:45:45,334{GMT}	INFO	[jepsen worker 1] jepsen.util: 26	:info	:echo	"Please echo 72"	:net-timeout
2025-01-13 00:45:45,496{GMT}	INFO	[jepsen worker 1] jepsen.util: 31	:invoke	:echo	"Please echo 110"
2025-01-13 00:45:49,053{GMT}	INFO	[jepsen worker 4] jepsen.util: 34	:info	:echo	"Please echo 100"	:net-timeout
2025-01-13 00:45:49,053{GMT}	INFO	[jepsen worker 4] jepsen.util: 39	:invoke	:echo	"Please echo 50"
2025-01-13 00:45:49,429{GMT}	INFO	[jepsen worker 2] jepsen.util: 32	:info	:echo	"Please echo 43"	:net-timeout
2025-01-13 00:45:49,430{GMT}	INFO	[jepsen worker 2] jepsen.util: 37	:invoke	:echo	"Please echo 23"
2025-01-13 00:45:49,800{GMT}	INFO	[jepsen worker 0] jepsen.util: 30	:info	:echo	"Please echo 88"	:net-timeout
2025-01-13 00:45:49,800{GMT}	INFO	[jepsen worker 0] jepsen.util: 35	:invoke	:echo	"Please echo 124"
2025-01-13 00:45:50,105{GMT}	INFO	[jepsen worker 3] jepsen.util: 33	:info	:echo	"Please echo 30"	:net-timeout
2025-01-13 00:45:50,105{GMT}	INFO	[jepsen worker 3] jepsen.util: 38	:invoke	:echo	"Please echo 4"
2025-01-13 00:45:50,496{GMT}	INFO	[jepsen worker 1] jepsen.util: 31	:info	:echo	"Please echo 110"	:net-timeout
2025-01-13 00:45:50,496{GMT}	INFO	[jepsen worker 1] jepsen.util: 36	:invoke	:echo	"Please echo 0"
2025-01-13 00:45:54,053{GMT}	INFO	[jepsen worker 4] jepsen.util: 39	:info	:echo	"Please echo 50"	:net-timeout
2025-01-13 00:45:54,054{GMT}	INFO	[jepsen worker 4] jepsen.util: 44	:invoke	:echo	"Please echo 107"
2025-01-13 00:45:54,430{GMT}	INFO	[jepsen worker 2] jepsen.util: 37	:info	:echo	"Please echo 23"	:net-timeout
2025-01-13 00:45:54,430{GMT}	INFO	[jepsen worker 2] jepsen.util: 42	:invoke	:echo	"Please echo 39"
2025-01-13 00:45:54,801{GMT}	INFO	[jepsen worker 0] jepsen.util: 35	:info	:echo	"Please echo 124"	:net-timeout
2025-01-13 00:45:54,801{GMT}	INFO	[jepsen worker 0] jepsen.util: 40	:invoke	:echo	"Please echo 94"
2025-01-13 00:45:55,105{GMT}	INFO	[jepsen worker 3] jepsen.util: 38	:info	:echo	"Please echo 4"	:net-timeout
2025-01-13 00:45:55,105{GMT}	INFO	[jepsen worker 3] jepsen.util: 43	:invoke	:echo	"Please echo 121"
2025-01-13 00:45:55,496{GMT}	INFO	[jepsen worker 1] jepsen.util: 36	:info	:echo	"Please echo 0"	:net-timeout
2025-01-13 00:45:55,497{GMT}	INFO	[jepsen worker 1] jepsen.util: 41	:invoke	:echo	"Please echo 122"
2025-01-13 00:45:59,054{GMT}	INFO	[jepsen worker 4] jepsen.util: 44	:info	:echo	"Please echo 107"	:net-timeout
2025-01-13 00:45:59,054{GMT}	INFO	[jepsen worker 4] jepsen.util: 49	:invoke	:echo	"Please echo 55"
2025-01-13 00:45:59,430{GMT}	INFO	[jepsen worker 2] jepsen.util: 42	:info	:echo	"Please echo 39"	:net-timeout
2025-01-13 00:45:59,430{GMT}	INFO	[jepsen worker 2] jepsen.util: 47	:invoke	:echo	"Please echo 121"
2025-01-13 00:45:59,801{GMT}	INFO	[jepsen worker 0] jepsen.util: 40	:info	:echo	"Please echo 94"	:net-timeout
2025-01-13 00:45:59,801{GMT}	INFO	[jepsen worker 0] jepsen.util: 45	:invoke	:echo	"Please echo 101"
2025-01-13 00:46:00,105{GMT}	INFO	[jepsen worker 3] jepsen.util: 43	:info	:echo	"Please echo 121"	:net-timeout
2025-01-13 00:46:00,106{GMT}	INFO	[jepsen worker 3] jepsen.util: 48	:invoke	:echo	"Please echo 47"
2025-01-13 00:46:00,497{GMT}	INFO	[jepsen worker 1] jepsen.util: 41	:info	:echo	"Please echo 122"	:net-timeout
2025-01-13 00:46:00,498{GMT}	INFO	[jepsen worker 1] jepsen.util: 46	:invoke	:echo	"Please echo 39"
2025-01-13 00:46:04,054{GMT}	INFO	[jepsen worker 4] jepsen.util: 49	:info	:echo	"Please echo 55"	:net-timeout
2025-01-13 00:46:04,056{GMT}	INFO	[jepsen worker 4] jepsen.util: 54	:invoke	:echo	"Please echo 21"
2025-01-13 00:46:04,430{GMT}	INFO	[jepsen worker 2] jepsen.util: 47	:info	:echo	"Please echo 121"	:net-timeout
2025-01-13 00:46:04,431{GMT}	INFO	[jepsen worker 2] jepsen.util: 52	:invoke	:echo	"Please echo 76"
2025-01-13 00:46:04,801{GMT}	INFO	[jepsen worker 0] jepsen.util: 45	:info	:echo	"Please echo 101"	:net-timeout
2025-01-13 00:46:04,802{GMT}	INFO	[jepsen worker 0] jepsen.util: 50	:invoke	:echo	"Please echo 38"
2025-01-13 00:46:05,106{GMT}	INFO	[jepsen worker 3] jepsen.util: 48	:info	:echo	"Please echo 47"	:net-timeout
2025-01-13 00:46:05,106{GMT}	INFO	[jepsen worker 3] jepsen.util: 53	:invoke	:echo	"Please echo 44"
2025-01-13 00:46:05,498{GMT}	INFO	[jepsen worker 1] jepsen.util: 46	:info	:echo	"Please echo 39"	:net-timeout
2025-01-13 00:46:05,499{GMT}	INFO	[jepsen worker 1] jepsen.util: 51	:invoke	:echo	"Please echo 108"
2025-01-13 00:46:09,056{GMT}	INFO	[jepsen worker 4] jepsen.util: 54	:info	:echo	"Please echo 21"	:net-timeout
2025-01-13 00:46:09,056{GMT}	INFO	[jepsen worker 4] jepsen.util: 59	:invoke	:echo	"Please echo 9"
2025-01-13 00:46:09,431{GMT}	INFO	[jepsen worker 2] jepsen.util: 52	:info	:echo	"Please echo 76"	:net-timeout
2025-01-13 00:46:09,431{GMT}	INFO	[jepsen worker 2] jepsen.util: 57	:invoke	:echo	"Please echo 61"
2025-01-13 00:46:09,802{GMT}	INFO	[jepsen worker 0] jepsen.util: 50	:info	:echo	"Please echo 38"	:net-timeout
2025-01-13 00:46:09,803{GMT}	INFO	[jepsen worker 0] jepsen.util: 55	:invoke	:echo	"Please echo 59"
2025-01-13 00:46:10,107{GMT}	INFO	[jepsen worker 3] jepsen.util: 53	:info	:echo	"Please echo 44"	:net-timeout
2025-01-13 00:46:10,111{GMT}	INFO	[jepsen worker 3] jepsen.util: 58	:invoke	:echo	"Please echo 91"
2025-01-13 00:46:10,499{GMT}	INFO	[jepsen worker 1] jepsen.util: 51	:info	:echo	"Please echo 108"	:net-timeout
2025-01-13 00:46:10,500{GMT}	INFO	[jepsen worker 1] jepsen.util: 56	:invoke	:echo	"Please echo 39"
2025-01-13 00:46:14,056{GMT}	INFO	[jepsen worker 4] jepsen.util: 59	:info	:echo	"Please echo 9"	:net-timeout
2025-01-13 00:46:14,431{GMT}	INFO	[jepsen worker 2] jepsen.util: 57	:info	:echo	"Please echo 61"	:net-timeout
2025-01-13 00:46:14,804{GMT}	INFO	[jepsen worker 0] jepsen.util: 55	:info	:echo	"Please echo 59"	:net-timeout
2025-01-13 00:46:15,111{GMT}	INFO	[jepsen worker 3] jepsen.util: 58	:info	:echo	"Please echo 91"	:net-timeout
2025-01-13 00:46:15,500{GMT}	INFO	[jepsen worker 1] jepsen.util: 56	:info	:echo	"Please echo 39"	:net-timeout
2025-01-13 00:46:15,513{GMT}	INFO	[jepsen test runner] jepsen.core: Run complete, writing
2025-01-13 00:46:15,545{GMT}	INFO	[jepsen node n2] maelstrom.db: Tearing down n2
2025-01-13 00:46:15,545{GMT}	INFO	[jepsen node n4] maelstrom.db: Tearing down n4
2025-01-13 00:46:15,545{GMT}	INFO	[jepsen node n1] maelstrom.db: Tearing down n1
2025-01-13 00:46:15,545{GMT}	INFO	[jepsen node n3] maelstrom.db: Tearing down n3
2025-01-13 00:46:15,548{GMT}	INFO	[jepsen node n5] maelstrom.db: Tearing down n5
2025-01-13 00:46:16,504{GMT}	INFO	[jepsen node n1] maelstrom.net: Shutting down Maelstrom network
2025-01-13 00:46:16,505{GMT}	INFO	[jepsen test runner] jepsen.core: Analyzing...
2025-01-13 00:46:16,699{GMT}	INFO	[jepsen test runner] jepsen.core: Analysis complete
2025-01-13 00:46:16,712{GMT}	INFO	[jepsen results] jepsen.store: Wrote /home/ashley/Documents/RustHome/distributed/maelstrom_distributed/store/echo/20250113T004511.890Z/results.edn
2025-01-13 00:46:16,728{GMT}	INFO	[jepsen test runner] jepsen.core: {:perf {:latency-graph {:valid? true},
        :rate-graph {:valid? true},
        :valid? true},
 :timeline {:valid? true},
 :exceptions {:valid? true},
 :stats {:valid? false,
         :count 60,
         :ok-count 0,
         :fail-count 0,
         :info-count 60,
         :by-f {:echo {:valid? false,
                       :count 60,
                       :ok-count 0,
                       :fail-count 0,
                       :info-count 60}}},
 :availability {:valid? true, :ok-fraction 0.0},
 :net {:all {:send-count 130,
             :recv-count 130,
             :msg-count 130,
             :msgs-per-op 2.1666667},
       :clients {:send-count 130, :recv-count 130, :msg-count 130},
       :servers {:send-count 0,
                 :recv-count 0,
                 :msg-count 0,
                 :msgs-per-op 0.0},
       :valid? true},
 :workload {:valid? true, :errors ()},
 :valid? false}


Analysis invalid! (ﾉಥ益ಥ）ﾉ ┻━┻
