2025-01-14 00:34:01,355{GMT}	INFO	[jepsen test runner] jepsen.core: Test version a68db590a88e8a9b29ae1ea219db482a4fb74152 (plus uncommitted changes)
2025-01-14 00:34:01,355{GMT}	INFO	[jepsen test runner] jepsen.core: Command line:
lein run test -w broadcast --bin ./target/debug/maelstrom_distributed --node-count 5 --time-limit 20 --rate 10
2025-01-14 00:34:01,439{GMT}	INFO	[jepsen test runner] jepsen.core: Running test:
{:args []
 :remote
 #jepsen.control.retry.Remote{:remote #jepsen.control.scp.Remote{:cmd-remote #jepsen.control.sshj.SSHJRemote{:concurrency-limit 6,
                                                                                                             :conn-spec nil,
                                                                                                             :client nil,
                                                                                                             :semaphore nil},
                                                                 :conn-spec nil},
                              :conn nil}
 :log-net-send false
 :node-count 5
 :availability nil
 :max-txn-length 4
 :concurrency 5
 :db
 #object[maelstrom.db$db$reify__16142
         "0x60035f1e"
         "maelstrom.db$db$reify__16142@60035f1e"]
 :max-writes-per-key 16
 :leave-db-running? false
 :name "broadcast"
 :logging-json? false
 :start-time
 #object[org.joda.time.DateTime "0x2459715c" "2025-01-14T00:34:01.334Z"]
 :nemesis-interval 10
 :net
 #object[maelstrom.net$jepsen_net$reify__15251
         "0x401e36ab"
         "maelstrom.net$jepsen_net$reify__15251@401e36ab"]
 :client
 #object[maelstrom.workload.broadcast$client$reify__16644
         "0x4ce66169"
         "maelstrom.workload.broadcast$client$reify__16644@4ce66169"]
 :barrier
 #object[java.util.concurrent.CyclicBarrier
         "0x53d0cf4d"
         "java.util.concurrent.CyclicBarrier@53d0cf4d"]
 :log-stderr false
 :pure-generators true
 :ssh {:dummy? true}
 :rate 10.0
 :checker
 #object[jepsen.checker$compose$reify__11881
         "0x3c6c87fa"
         "jepsen.checker$compose$reify__11881@3c6c87fa"]
 :argv
 ("test"
  "-w"
  "broadcast"
  "--bin"
  "./target/debug/maelstrom_distributed"
  "--node-count"
  "5"
  "--time-limit"
  "20"
  "--rate"
  "10")
 :nemesis
 (jepsen.nemesis.ReflCompose
  {:fm {:start-partition 0,
        :stop-partition 0,
        :kill 1,
        :start 1,
        :pause 1,
        :resume 1},
   :nemeses [#unprintable "jepsen.nemesis.combined$partition_nemesis$reify__16416@d7645b2"
             #unprintable "jepsen.nemesis.combined$db_nemesis$reify__16397@72e4905c"]})
 :nodes ["n0" "n1" "n2" "n3" "n4"]
 :test-count 1
 :latency {:mean 0, :dist :constant}
 :bin "./target/debug/maelstrom_distributed"
 :generator
 ((jepsen.generator.Synchronize
   {:gen (jepsen.generator.TimeLimit
          {:limit 20000000000,
           :cutoff nil,
           :gen (jepsen.generator.Any
                 {:gens [(jepsen.generator.OnThreads
                          {:f #{:nemesis},
                           :context-filter #object[jepsen.generator.context$make_thread_filter$lazy_filter__9167
                                                   "0x383c94ed"
                                                   "jepsen.generator.context$make_thread_filter$lazy_filter__9167@383c94ed"],
                           :gen nil})
                         (jepsen.generator.OnThreads
                          {:f #jepsen.generator.context.AllBut{:element :nemesis},
                           :context-filter #object[jepsen.generator.context$make_thread_filter$lazy_filter__9167
                                                   "0x293ccbdd"
                                                   "jepsen.generator.context$make_thread_filter$lazy_filter__9167@293ccbdd"],
                           :gen (jepsen.generator.Stagger
                                 {:dt 200000000,
                                  :next-time nil,
                                  :gen (jepsen.generator.Mix
                                        {:i 1,
                                         :gens [({:f :broadcast, :value 0}
                                                 {:f :broadcast, :value 1}
                                                 {:f :broadcast, :value 2}
                                                 {:f :broadcast, :value 3}
                                                 {:f :broadcast, :value 4}
                                                 {:f :broadcast, :value 5}
                                                 {:f :broadcast, :value 6}
                                                 {:f :broadcast, :value 7}
                                                 ...)
                                                ({:f :read}
                                                 {:f :read}
                                                 {:f :read}
                                                 {:f :read}
                                                 {:f :read}
                                                 {:f :read}
                                                 {:f :read}
                                                 {:f :read}
                                                 ...)]})})})]})})})
  (jepsen.generator.Synchronize
   {:gen (jepsen.generator.OnThreads
          {:f #{:nemesis},
           :context-filter #object[jepsen.generator.context$make_thread_filter$lazy_filter__9167
                                   "0x474a63d9"
                                   "jepsen.generator.context$make_thread_filter$lazy_filter__9167@474a63d9"],
           :gen ()})})
  (jepsen.generator.Synchronize
   {:gen {:type :log, :value "Waiting for recovery..."}})
  (jepsen.generator.Synchronize {:gen {:type :sleep, :value 10}})
  (jepsen.generator.Synchronize
   {:gen (jepsen.generator.OnThreads
          {:f #jepsen.generator.context.AllBut{:element :nemesis},
           :context-filter #object[jepsen.generator.context$make_thread_filter$lazy_filter__9167
                                   "0x1b8d0c21"
                                   "jepsen.generator.context$make_thread_filter$lazy_filter__9167@1b8d0c21"],
           :gen (jepsen.generator.EachThread
                 {:fresh-gen {:f :read, :final? true},
                  :context-filters #object[clojure.core$promise$reify__8591
                                           "0x54a04eae"
                                           {:status :pending, :val nil}],
                  :gens {}})})}))
 :log-net-recv false
 :os
 #object[maelstrom.net$jepsen_os$reify__15254
         "0x4664fef"
         "maelstrom.net$jepsen_os$reify__15254@4664fef"]
 :time-limit 20
 :workload :broadcast
 :consistency-models [:strict-serializable]
 :topology :grid}

2025-01-14 00:34:03,348{GMT}	INFO	[jepsen node n0] maelstrom.net: Starting Maelstrom network
2025-01-14 00:34:03,349{GMT}	INFO	[jepsen test runner] jepsen.db: Tearing down DB
2025-01-14 00:34:03,352{GMT}	INFO	[jepsen test runner] jepsen.db: Setting up DB
2025-01-14 00:34:03,353{GMT}	INFO	[jepsen node n2] maelstrom.db: Setting up n2
2025-01-14 00:34:03,353{GMT}	INFO	[jepsen node n1] maelstrom.db: Setting up n1
2025-01-14 00:34:03,354{GMT}	INFO	[jepsen node n2] maelstrom.process: launching ./target/debug/maelstrom_distributed []
2025-01-14 00:34:03,354{GMT}	INFO	[jepsen node n1] maelstrom.process: launching ./target/debug/maelstrom_distributed []
2025-01-14 00:34:03,355{GMT}	INFO	[jepsen node n0] maelstrom.service: Starting services: (lin-kv lin-tso lww-kv seq-kv)
2025-01-14 00:34:03,355{GMT}	INFO	[jepsen node n3] maelstrom.db: Setting up n3
2025-01-14 00:34:03,356{GMT}	INFO	[jepsen node n3] maelstrom.process: launching ./target/debug/maelstrom_distributed []
2025-01-14 00:34:03,356{GMT}	INFO	[jepsen node n4] maelstrom.db: Setting up n4
2025-01-14 00:34:03,357{GMT}	INFO	[jepsen node n4] maelstrom.process: launching ./target/debug/maelstrom_distributed []
2025-01-14 00:34:03,359{GMT}	INFO	[jepsen node n0] maelstrom.db: Setting up n0
2025-01-14 00:34:03,360{GMT}	INFO	[jepsen node n0] maelstrom.process: launching ./target/debug/maelstrom_distributed []
2025-01-14 00:34:03,385{GMT}	INFO	[jepsen test runner] jepsen.core: Relative time begins now
2025-01-14 00:34:03,415{GMT}	INFO	[jepsen worker 0] jepsen.util: 0	:invoke	:read	nil
2025-01-14 00:34:03,419{GMT}	INFO	[jepsen worker 0] jepsen.util: 0	:ok	:read	[]
2025-01-14 00:34:03,439{GMT}	INFO	[jepsen worker 1] jepsen.util: 1	:invoke	:read	nil
2025-01-14 00:34:03,442{GMT}	INFO	[jepsen worker 1] jepsen.util: 1	:ok	:read	[]
2025-01-14 00:34:03,557{GMT}	INFO	[jepsen worker 2] jepsen.util: 2	:invoke	:read	nil
2025-01-14 00:34:03,560{GMT}	INFO	[jepsen worker 2] jepsen.util: 2	:ok	:read	[]
2025-01-14 00:34:03,742{GMT}	INFO	[jepsen worker 3] jepsen.util: 3	:invoke	:read	nil
2025-01-14 00:34:03,745{GMT}	INFO	[jepsen worker 3] jepsen.util: 3	:ok	:read	[]
2025-01-14 00:34:03,774{GMT}	INFO	[jepsen worker 4] jepsen.util: 4	:invoke	:read	nil
2025-01-14 00:34:03,776{GMT}	INFO	[jepsen worker 4] jepsen.util: 4	:ok	:read	[]
2025-01-14 00:34:03,815{GMT}	INFO	[jepsen worker 0] jepsen.util: 0	:invoke	:broadcast	0
2025-01-14 00:34:03,817{GMT}	INFO	[jepsen worker 0] jepsen.util: 0	:ok	:broadcast	0
2025-01-14 00:34:03,978{GMT}	INFO	[jepsen worker 0] jepsen.util: 0	:invoke	:broadcast	1
2025-01-14 00:34:03,981{GMT}	INFO	[jepsen worker 0] jepsen.util: 0	:ok	:broadcast	1
2025-01-14 00:34:04,169{GMT}	INFO	[jepsen worker 1] jepsen.util: 1	:invoke	:read	nil
2025-01-14 00:34:04,173{GMT}	INFO	[jepsen worker 1] jepsen.util: 1	:ok	:read	[]
2025-01-14 00:34:04,269{GMT}	INFO	[jepsen worker 2] jepsen.util: 2	:invoke	:broadcast	2
2025-01-14 00:34:04,271{GMT}	INFO	[jepsen worker 2] jepsen.util: 2	:ok	:broadcast	2
2025-01-14 00:34:04,453{GMT}	INFO	[jepsen worker 3] jepsen.util: 3	:invoke	:broadcast	3
2025-01-14 00:34:04,455{GMT}	INFO	[jepsen worker 3] jepsen.util: 3	:ok	:broadcast	3
2025-01-14 00:34:04,516{GMT}	INFO	[jepsen worker 4] jepsen.util: 4	:invoke	:read	nil
2025-01-14 00:34:04,517{GMT}	INFO	[jepsen worker 4] jepsen.util: 4	:ok	:read	[]
2025-01-14 00:34:04,538{GMT}	INFO	[jepsen worker 0] jepsen.util: 0	:invoke	:read	nil
2025-01-14 00:34:04,540{GMT}	INFO	[jepsen worker 0] jepsen.util: 0	:ok	:read	[0 1]
2025-01-14 00:34:04,559{GMT}	INFO	[jepsen worker 0] jepsen.util: 0	:invoke	:read	nil
2025-01-14 00:34:04,561{GMT}	INFO	[jepsen worker 0] jepsen.util: 0	:ok	:read	[0 1]
2025-01-14 00:34:04,705{GMT}	INFO	[jepsen worker 1] jepsen.util: 1	:invoke	:read	nil
2025-01-14 00:34:04,709{GMT}	INFO	[jepsen worker 1] jepsen.util: 1	:ok	:read	[]
2025-01-14 00:34:04,856{GMT}	INFO	[jepsen worker 2] jepsen.util: 2	:invoke	:read	nil
2025-01-14 00:34:04,857{GMT}	INFO	[jepsen worker 2] jepsen.util: 2	:ok	:read	[2]
2025-01-14 00:34:05,028{GMT}	INFO	[jepsen worker 3] jepsen.util: 3	:invoke	:read	nil
2025-01-14 00:34:05,031{GMT}	INFO	[jepsen worker 3] jepsen.util: 3	:ok	:read	[3]
2025-01-14 00:34:05,140{GMT}	INFO	[jepsen worker 4] jepsen.util: 4	:invoke	:read	nil
2025-01-14 00:34:05,143{GMT}	INFO	[jepsen worker 4] jepsen.util: 4	:ok	:read	[]
2025-01-14 00:34:05,274{GMT}	INFO	[jepsen worker 0] jepsen.util: 0	:invoke	:read	nil
2025-01-14 00:34:05,278{GMT}	INFO	[jepsen worker 0] jepsen.util: 0	:ok	:read	[0 1]
2025-01-14 00:34:05,323{GMT}	INFO	[jepsen worker 0] jepsen.util: 0	:invoke	:read	nil
2025-01-14 00:34:05,324{GMT}	INFO	[jepsen worker 0] jepsen.util: 0	:ok	:read	[0 1]
2025-01-14 00:34:05,409{GMT}	INFO	[jepsen worker 1] jepsen.util: 1	:invoke	:broadcast	4
2025-01-14 00:34:05,412{GMT}	INFO	[jepsen worker 1] jepsen.util: 1	:ok	:broadcast	4
2025-01-14 00:34:05,431{GMT}	INFO	[jepsen worker 2] jepsen.util: 2	:invoke	:read	nil
2025-01-14 00:34:05,433{GMT}	INFO	[jepsen worker 2] jepsen.util: 2	:ok	:read	[2]
2025-01-14 00:34:05,605{GMT}	INFO	[jepsen worker 3] jepsen.util: 3	:invoke	:read	nil
2025-01-14 00:34:05,608{GMT}	INFO	[jepsen worker 3] jepsen.util: 3	:ok	:read	[3]
2025-01-14 00:34:05,769{GMT}	INFO	[jepsen worker 4] jepsen.util: 4	:invoke	:read	nil
2025-01-14 00:34:05,772{GMT}	INFO	[jepsen worker 4] jepsen.util: 4	:ok	:read	[]
2025-01-14 00:34:05,862{GMT}	INFO	[jepsen worker 0] jepsen.util: 0	:invoke	:broadcast	5
2025-01-14 00:34:05,864{GMT}	INFO	[jepsen worker 0] jepsen.util: 0	:ok	:broadcast	5
2025-01-14 00:34:05,920{GMT}	INFO	[jepsen worker 0] jepsen.util: 0	:invoke	:broadcast	6
2025-01-14 00:34:05,921{GMT}	INFO	[jepsen worker 0] jepsen.util: 0	:ok	:broadcast	6
2025-01-14 00:34:05,945{GMT}	INFO	[jepsen worker 1] jepsen.util: 1	:invoke	:read	nil
2025-01-14 00:34:05,946{GMT}	INFO	[jepsen worker 1] jepsen.util: 1	:ok	:read	[4]
2025-01-14 00:34:05,992{GMT}	INFO	[jepsen worker 2] jepsen.util: 2	:invoke	:read	nil
2025-01-14 00:34:05,996{GMT}	INFO	[jepsen worker 2] jepsen.util: 2	:ok	:read	[2]
2025-01-14 00:34:06,134{GMT}	INFO	[jepsen worker 3] jepsen.util: 3	:invoke	:broadcast	7
2025-01-14 00:34:06,137{GMT}	INFO	[jepsen worker 3] jepsen.util: 3	:ok	:broadcast	7
2025-01-14 00:34:06,293{GMT}	INFO	[jepsen worker 4] jepsen.util: 4	:invoke	:broadcast	8
2025-01-14 00:34:06,296{GMT}	INFO	[jepsen worker 4] jepsen.util: 4	:ok	:broadcast	8
2025-01-14 00:34:06,479{GMT}	INFO	[jepsen worker 0] jepsen.util: 0	:invoke	:read	nil
2025-01-14 00:34:06,481{GMT}	INFO	[jepsen worker 0] jepsen.util: 0	:ok	:read	[0 1 5 6]
2025-01-14 00:34:06,656{GMT}	INFO	[jepsen worker 0] jepsen.util: 0	:invoke	:broadcast	9
2025-01-14 00:34:06,659{GMT}	INFO	[jepsen worker 0] jepsen.util: 0	:ok	:broadcast	9
2025-01-14 00:34:06,690{GMT}	INFO	[jepsen worker 1] jepsen.util: 1	:invoke	:broadcast	10
2025-01-14 00:34:06,692{GMT}	INFO	[jepsen worker 1] jepsen.util: 1	:ok	:broadcast	10
2025-01-14 00:34:06,804{GMT}	INFO	[jepsen worker 2] jepsen.util: 2	:invoke	:read	nil
2025-01-14 00:34:06,808{GMT}	INFO	[jepsen worker 2] jepsen.util: 2	:ok	:read	[2]
2025-01-14 00:34:06,929{GMT}	INFO	[jepsen worker 3] jepsen.util: 3	:invoke	:read	nil
2025-01-14 00:34:06,931{GMT}	INFO	[jepsen worker 3] jepsen.util: 3	:ok	:read	[3 7]
2025-01-14 00:34:06,954{GMT}	INFO	[jepsen worker 4] jepsen.util: 4	:invoke	:read	nil
2025-01-14 00:34:06,957{GMT}	INFO	[jepsen worker 4] jepsen.util: 4	:ok	:read	[8]
2025-01-14 00:34:07,023{GMT}	INFO	[jepsen worker 0] jepsen.util: 0	:invoke	:read	nil
2025-01-14 00:34:07,025{GMT}	INFO	[jepsen worker 0] jepsen.util: 0	:ok	:read	[0 1 5 6 9]
2025-01-14 00:34:07,067{GMT}	INFO	[jepsen worker 0] jepsen.util: 0	:invoke	:broadcast	11
2025-01-14 00:34:07,070{GMT}	INFO	[jepsen worker 0] jepsen.util: 0	:ok	:broadcast	11
2025-01-14 00:34:07,219{GMT}	INFO	[jepsen worker 1] jepsen.util: 1	:invoke	:broadcast	12
2025-01-14 00:34:07,221{GMT}	INFO	[jepsen worker 1] jepsen.util: 1	:ok	:broadcast	12
2025-01-14 00:34:07,361{GMT}	INFO	[jepsen worker 2] jepsen.util: 2	:invoke	:broadcast	13
2025-01-14 00:34:07,363{GMT}	INFO	[jepsen worker 2] jepsen.util: 2	:ok	:broadcast	13
2025-01-14 00:34:07,530{GMT}	INFO	[jepsen worker 3] jepsen.util: 3	:invoke	:read	nil
2025-01-14 00:34:07,531{GMT}	INFO	[jepsen worker 3] jepsen.util: 3	:ok	:read	[3 7]
2025-01-14 00:34:07,647{GMT}	INFO	[jepsen worker 4] jepsen.util: 4	:invoke	:read	nil
2025-01-14 00:34:07,649{GMT}	INFO	[jepsen worker 4] jepsen.util: 4	:ok	:read	[8]
2025-01-14 00:34:07,828{GMT}	INFO	[jepsen worker 0] jepsen.util: 0	:invoke	:broadcast	14
2025-01-14 00:34:07,829{GMT}	INFO	[jepsen worker 0] jepsen.util: 0	:ok	:broadcast	14
2025-01-14 00:34:07,937{GMT}	INFO	[jepsen worker 0] jepsen.util: 0	:invoke	:read	nil
2025-01-14 00:34:07,938{GMT}	INFO	[jepsen worker 0] jepsen.util: 0	:ok	:read	[0 1 5 6 9 11 14]
2025-01-14 00:34:07,962{GMT}	INFO	[jepsen worker 1] jepsen.util: 1	:invoke	:broadcast	15
2025-01-14 00:34:07,964{GMT}	INFO	[jepsen worker 1] jepsen.util: 1	:ok	:broadcast	15
2025-01-14 00:34:08,092{GMT}	INFO	[jepsen worker 2] jepsen.util: 2	:invoke	:broadcast	16
2025-01-14 00:34:08,094{GMT}	INFO	[jepsen worker 2] jepsen.util: 2	:ok	:broadcast	16
2025-01-14 00:34:08,188{GMT}	INFO	[jepsen worker 3] jepsen.util: 3	:invoke	:read	nil
2025-01-14 00:34:08,191{GMT}	INFO	[jepsen worker 3] jepsen.util: 3	:ok	:read	[3 7]
2025-01-14 00:34:08,328{GMT}	INFO	[jepsen worker 4] jepsen.util: 4	:invoke	:broadcast	17
2025-01-14 00:34:08,331{GMT}	INFO	[jepsen worker 4] jepsen.util: 4	:ok	:broadcast	17
2025-01-14 00:34:08,448{GMT}	INFO	[jepsen worker 0] jepsen.util: 0	:invoke	:broadcast	18
2025-01-14 00:34:08,451{GMT}	INFO	[jepsen worker 0] jepsen.util: 0	:ok	:broadcast	18
2025-01-14 00:34:08,576{GMT}	INFO	[jepsen worker 0] jepsen.util: 0	:invoke	:broadcast	19
2025-01-14 00:34:08,577{GMT}	INFO	[jepsen worker 0] jepsen.util: 0	:ok	:broadcast	19
2025-01-14 00:34:08,768{GMT}	INFO	[jepsen worker 1] jepsen.util: 1	:invoke	:read	nil
2025-01-14 00:34:08,771{GMT}	INFO	[jepsen worker 1] jepsen.util: 1	:ok	:read	[4 10 12 15]
2025-01-14 00:34:08,897{GMT}	INFO	[jepsen worker 2] jepsen.util: 2	:invoke	:read	nil
2025-01-14 00:34:08,898{GMT}	INFO	[jepsen worker 2] jepsen.util: 2	:ok	:read	[2 13 16]
2025-01-14 00:34:09,086{GMT}	INFO	[jepsen worker 3] jepsen.util: 3	:invoke	:broadcast	20
2025-01-14 00:34:09,088{GMT}	INFO	[jepsen worker 3] jepsen.util: 3	:ok	:broadcast	20
2025-01-14 00:34:09,158{GMT}	INFO	[jepsen worker 4] jepsen.util: 4	:invoke	:read	nil
2025-01-14 00:34:09,160{GMT}	INFO	[jepsen worker 4] jepsen.util: 4	:ok	:read	[8 17]
2025-01-14 00:34:09,224{GMT}	INFO	[jepsen worker 0] jepsen.util: 0	:invoke	:broadcast	21
2025-01-14 00:34:09,225{GMT}	INFO	[jepsen worker 0] jepsen.util: 0	:ok	:broadcast	21
2025-01-14 00:34:09,368{GMT}	INFO	[jepsen worker 0] jepsen.util: 0	:invoke	:read	nil
2025-01-14 00:34:09,370{GMT}	INFO	[jepsen worker 0] jepsen.util: 0	:ok	:read	[0 1 5 6 9 11 14 18 19 21]
2025-01-14 00:34:09,490{GMT}	INFO	[jepsen worker 1] jepsen.util: 1	:invoke	:read	nil
2025-01-14 00:34:09,492{GMT}	INFO	[jepsen worker 1] jepsen.util: 1	:ok	:read	[4 10 12 15]
2025-01-14 00:34:09,668{GMT}	INFO	[jepsen worker 2] jepsen.util: 2	:invoke	:broadcast	22
2025-01-14 00:34:09,671{GMT}	INFO	[jepsen worker 2] jepsen.util: 2	:ok	:broadcast	22
2025-01-14 00:34:09,814{GMT}	INFO	[jepsen worker 3] jepsen.util: 3	:invoke	:broadcast	23
2025-01-14 00:34:09,815{GMT}	INFO	[jepsen worker 3] jepsen.util: 3	:ok	:broadcast	23
2025-01-14 00:34:09,996{GMT}	INFO	[jepsen worker 4] jepsen.util: 4	:invoke	:read	nil
2025-01-14 00:34:09,998{GMT}	INFO	[jepsen worker 4] jepsen.util: 4	:ok	:read	[8 17]
2025-01-14 00:34:10,129{GMT}	INFO	[jepsen worker 0] jepsen.util: 0	:invoke	:read	nil
2025-01-14 00:34:10,131{GMT}	INFO	[jepsen worker 0] jepsen.util: 0	:ok	:read	[0 1 5 6 9 11 14 18 19 21]
2025-01-14 00:34:10,206{GMT}	INFO	[jepsen worker 0] jepsen.util: 0	:invoke	:broadcast	24
2025-01-14 00:34:10,208{GMT}	INFO	[jepsen worker 0] jepsen.util: 0	:ok	:broadcast	24
2025-01-14 00:34:10,288{GMT}	INFO	[jepsen worker 1] jepsen.util: 1	:invoke	:read	nil
2025-01-14 00:34:10,290{GMT}	INFO	[jepsen worker 1] jepsen.util: 1	:ok	:read	[4 10 12 15]
2025-01-14 00:34:10,455{GMT}	INFO	[jepsen worker 2] jepsen.util: 2	:invoke	:broadcast	25
2025-01-14 00:34:10,457{GMT}	INFO	[jepsen worker 2] jepsen.util: 2	:ok	:broadcast	25
2025-01-14 00:34:10,622{GMT}	INFO	[jepsen worker 3] jepsen.util: 3	:invoke	:read	nil
2025-01-14 00:34:10,623{GMT}	INFO	[jepsen worker 3] jepsen.util: 3	:ok	:read	[3 7 20 23]
2025-01-14 00:34:10,663{GMT}	INFO	[jepsen worker 4] jepsen.util: 4	:invoke	:broadcast	26
2025-01-14 00:34:10,664{GMT}	INFO	[jepsen worker 4] jepsen.util: 4	:ok	:broadcast	26
2025-01-14 00:34:10,845{GMT}	INFO	[jepsen worker 0] jepsen.util: 0	:invoke	:broadcast	27
2025-01-14 00:34:10,847{GMT}	INFO	[jepsen worker 0] jepsen.util: 0	:ok	:broadcast	27
2025-01-14 00:34:11,036{GMT}	INFO	[jepsen worker 0] jepsen.util: 0	:invoke	:broadcast	28
2025-01-14 00:34:11,039{GMT}	INFO	[jepsen worker 0] jepsen.util: 0	:ok	:broadcast	28
2025-01-14 00:34:11,202{GMT}	INFO	[jepsen worker 1] jepsen.util: 1	:invoke	:read	nil
2025-01-14 00:34:11,205{GMT}	INFO	[jepsen worker 1] jepsen.util: 1	:ok	:read	[4 10 12 15]
2025-01-14 00:34:11,264{GMT}	INFO	[jepsen worker 2] jepsen.util: 2	:invoke	:read	nil
2025-01-14 00:34:11,265{GMT}	INFO	[jepsen worker 2] jepsen.util: 2	:ok	:read	[2 13 16 22 25]
2025-01-14 00:34:11,361{GMT}	INFO	[jepsen worker 3] jepsen.util: 3	:invoke	:read	nil
2025-01-14 00:34:11,362{GMT}	INFO	[jepsen worker 3] jepsen.util: 3	:ok	:read	[3 7 20 23]
2025-01-14 00:34:11,385{GMT}	INFO	[jepsen worker 4] jepsen.util: 4	:invoke	:broadcast	29
2025-01-14 00:34:11,386{GMT}	INFO	[jepsen worker 4] jepsen.util: 4	:ok	:broadcast	29
2025-01-14 00:34:11,556{GMT}	INFO	[jepsen worker 0] jepsen.util: 0	:invoke	:read	nil
2025-01-14 00:34:11,558{GMT}	INFO	[jepsen worker 0] jepsen.util: 0	:ok	:read	[0 1 5 6 9 11 14 18 19 21 24 27 28]
2025-01-14 00:34:11,728{GMT}	INFO	[jepsen worker 0] jepsen.util: 0	:invoke	:read	nil
2025-01-14 00:34:11,729{GMT}	INFO	[jepsen worker 0] jepsen.util: 0	:ok	:read	[0 1 5 6 9 11 14 18 19 21 24 27 28]
2025-01-14 00:34:11,882{GMT}	INFO	[jepsen worker 1] jepsen.util: 1	:invoke	:broadcast	30
2025-01-14 00:34:11,884{GMT}	INFO	[jepsen worker 1] jepsen.util: 1	:ok	:broadcast	30
2025-01-14 00:34:11,934{GMT}	INFO	[jepsen worker 2] jepsen.util: 2	:invoke	:broadcast	31
2025-01-14 00:34:11,937{GMT}	INFO	[jepsen worker 2] jepsen.util: 2	:ok	:broadcast	31
2025-01-14 00:34:12,030{GMT}	INFO	[jepsen worker 3] jepsen.util: 3	:invoke	:broadcast	32
2025-01-14 00:34:12,031{GMT}	INFO	[jepsen worker 3] jepsen.util: 3	:ok	:broadcast	32
2025-01-14 00:34:12,045{GMT}	INFO	[jepsen worker 4] jepsen.util: 4	:invoke	:broadcast	33
2025-01-14 00:34:12,048{GMT}	INFO	[jepsen worker 4] jepsen.util: 4	:ok	:broadcast	33
2025-01-14 00:34:12,193{GMT}	INFO	[jepsen worker 0] jepsen.util: 0	:invoke	:read	nil
2025-01-14 00:34:12,196{GMT}	INFO	[jepsen worker 0] jepsen.util: 0	:ok	:read	[0 1 5 6 9 11 14 18 19 21 24 27 28]
2025-01-14 00:34:12,279{GMT}	INFO	[jepsen worker 0] jepsen.util: 0	:invoke	:broadcast	34
2025-01-14 00:34:12,281{GMT}	INFO	[jepsen worker 0] jepsen.util: 0	:ok	:broadcast	34
2025-01-14 00:34:12,405{GMT}	INFO	[jepsen worker 1] jepsen.util: 1	:invoke	:read	nil
2025-01-14 00:34:12,409{GMT}	INFO	[jepsen worker 1] jepsen.util: 1	:ok	:read	[4 10 12 15 30]
2025-01-14 00:34:12,479{GMT}	INFO	[jepsen worker 2] jepsen.util: 2	:invoke	:read	nil
2025-01-14 00:34:12,480{GMT}	INFO	[jepsen worker 2] jepsen.util: 2	:ok	:read	[2 13 16 22 25 31]
2025-01-14 00:34:12,653{GMT}	INFO	[jepsen worker 3] jepsen.util: 3	:invoke	:read	nil
2025-01-14 00:34:12,655{GMT}	INFO	[jepsen worker 3] jepsen.util: 3	:ok	:read	[3 7 20 23 32]
2025-01-14 00:34:12,852{GMT}	INFO	[jepsen worker 4] jepsen.util: 4	:invoke	:read	nil
2025-01-14 00:34:12,854{GMT}	INFO	[jepsen worker 4] jepsen.util: 4	:ok	:read	[8 17 26 29 33]
2025-01-14 00:34:13,039{GMT}	INFO	[jepsen worker 0] jepsen.util: 0	:invoke	:read	nil
2025-01-14 00:34:13,040{GMT}	INFO	[jepsen worker 0] jepsen.util: 0	:ok	:read	[0 1 5 6 9 11 14 18 19 21 24 27 28 34]
2025-01-14 00:34:13,183{GMT}	INFO	[jepsen worker 0] jepsen.util: 0	:invoke	:broadcast	35
2025-01-14 00:34:13,186{GMT}	INFO	[jepsen worker 0] jepsen.util: 0	:ok	:broadcast	35
2025-01-14 00:34:13,300{GMT}	INFO	[jepsen worker 1] jepsen.util: 1	:invoke	:broadcast	36
2025-01-14 00:34:13,304{GMT}	INFO	[jepsen worker 1] jepsen.util: 1	:ok	:broadcast	36
2025-01-14 00:34:13,337{GMT}	INFO	[jepsen worker 2] jepsen.util: 2	:invoke	:read	nil
2025-01-14 00:34:13,338{GMT}	INFO	[jepsen worker 2] jepsen.util: 2	:ok	:read	[2 13 16 22 25 31]
2025-01-14 00:34:13,389{GMT}	INFO	[jepsen worker 3] jepsen.util: 3	:invoke	:broadcast	37
2025-01-14 00:34:13,393{GMT}	INFO	[jepsen worker 3] jepsen.util: 3	:ok	:broadcast	37
2025-01-14 00:34:13,443{GMT}	INFO	[jepsen worker 4] jepsen.util: 4	:invoke	:read	nil
2025-01-14 00:34:13,444{GMT}	INFO	[jepsen worker 4] jepsen.util: 4	:ok	:read	[8 17 26 29 33]
2025-01-14 00:34:13,627{GMT}	INFO	[jepsen worker 0] jepsen.util: 0	:invoke	:read	nil
2025-01-14 00:34:13,630{GMT}	INFO	[jepsen worker 0] jepsen.util: 0	:ok	:read	[0 1 5 6 9 11 14 18 19 21 24 27 28 34 35]
2025-01-14 00:34:13,783{GMT}	INFO	[jepsen worker 0] jepsen.util: 0	:invoke	:broadcast	38
2025-01-14 00:34:13,785{GMT}	INFO	[jepsen worker 0] jepsen.util: 0	:ok	:broadcast	38
2025-01-14 00:34:13,894{GMT}	INFO	[jepsen worker 1] jepsen.util: 1	:invoke	:broadcast	39
2025-01-14 00:34:13,896{GMT}	INFO	[jepsen worker 1] jepsen.util: 1	:ok	:broadcast	39
2025-01-14 00:34:13,934{GMT}	INFO	[jepsen worker 2] jepsen.util: 2	:invoke	:read	nil
2025-01-14 00:34:13,935{GMT}	INFO	[jepsen worker 2] jepsen.util: 2	:ok	:read	[2 13 16 22 25 31]
2025-01-14 00:34:14,018{GMT}	INFO	[jepsen worker 3] jepsen.util: 3	:invoke	:broadcast	40
2025-01-14 00:34:14,020{GMT}	INFO	[jepsen worker 3] jepsen.util: 3	:ok	:broadcast	40
2025-01-14 00:34:14,048{GMT}	INFO	[jepsen worker 4] jepsen.util: 4	:invoke	:read	nil
2025-01-14 00:34:14,049{GMT}	INFO	[jepsen worker 4] jepsen.util: 4	:ok	:read	[8 17 26 29 33]
2025-01-14 00:34:14,212{GMT}	INFO	[jepsen worker 0] jepsen.util: 0	:invoke	:broadcast	41
2025-01-14 00:34:14,214{GMT}	INFO	[jepsen worker 0] jepsen.util: 0	:ok	:broadcast	41
2025-01-14 00:34:14,386{GMT}	INFO	[jepsen worker 0] jepsen.util: 0	:invoke	:read	nil
2025-01-14 00:34:14,389{GMT}	INFO	[jepsen worker 0] jepsen.util: 0	:ok	:read	[0 1 5 6 9 11 14 18 19 21 24 27 28 34 35 38 41]
2025-01-14 00:34:14,475{GMT}	INFO	[jepsen worker 1] jepsen.util: 1	:invoke	:broadcast	42
2025-01-14 00:34:14,477{GMT}	INFO	[jepsen worker 1] jepsen.util: 1	:ok	:broadcast	42
2025-01-14 00:34:14,567{GMT}	INFO	[jepsen worker 2] jepsen.util: 2	:invoke	:broadcast	43
2025-01-14 00:34:14,570{GMT}	INFO	[jepsen worker 2] jepsen.util: 2	:ok	:broadcast	43
2025-01-14 00:34:14,673{GMT}	INFO	[jepsen worker 3] jepsen.util: 3	:invoke	:read	nil
2025-01-14 00:34:14,675{GMT}	INFO	[jepsen worker 3] jepsen.util: 3	:ok	:read	[3 7 20 23 32 37 40]
2025-01-14 00:34:14,703{GMT}	INFO	[jepsen worker 4] jepsen.util: 4	:invoke	:broadcast	44
2025-01-14 00:34:14,705{GMT}	INFO	[jepsen worker 4] jepsen.util: 4	:ok	:broadcast	44
2025-01-14 00:34:14,790{GMT}	INFO	[jepsen worker 0] jepsen.util: 0	:invoke	:broadcast	45
2025-01-14 00:34:14,792{GMT}	INFO	[jepsen worker 0] jepsen.util: 0	:ok	:broadcast	45
2025-01-14 00:34:14,833{GMT}	INFO	[jepsen worker 0] jepsen.util: 0	:invoke	:read	nil
2025-01-14 00:34:14,835{GMT}	INFO	[jepsen worker 0] jepsen.util: 0	:ok	:read	[0 1 5 6 9 11 14 18 19 21 24 27 28 34 35 38 41 45]
2025-01-14 00:34:14,849{GMT}	INFO	[jepsen worker 1] jepsen.util: 1	:invoke	:broadcast	46
2025-01-14 00:34:14,851{GMT}	INFO	[jepsen worker 1] jepsen.util: 1	:ok	:broadcast	46
2025-01-14 00:34:14,861{GMT}	INFO	[jepsen worker 2] jepsen.util: 2	:invoke	:read	nil
2025-01-14 00:34:14,864{GMT}	INFO	[jepsen worker 2] jepsen.util: 2	:ok	:read	[2 13 16 22 25 31 43]
2025-01-14 00:34:15,005{GMT}	INFO	[jepsen worker 3] jepsen.util: 3	:invoke	:broadcast	47
2025-01-14 00:34:15,006{GMT}	INFO	[jepsen worker 3] jepsen.util: 3	:ok	:broadcast	47
2025-01-14 00:34:15,190{GMT}	INFO	[jepsen worker 4] jepsen.util: 4	:invoke	:broadcast	48
2025-01-14 00:34:15,193{GMT}	INFO	[jepsen worker 4] jepsen.util: 4	:ok	:broadcast	48
2025-01-14 00:34:15,325{GMT}	INFO	[jepsen worker 0] jepsen.util: 0	:invoke	:read	nil
2025-01-14 00:34:15,327{GMT}	INFO	[jepsen worker 0] jepsen.util: 0	:ok	:read	[0 1 5 6 9 11 14 18 19 21 24 27 28 34 35 38 41 45]
2025-01-14 00:34:15,454{GMT}	INFO	[jepsen worker 0] jepsen.util: 0	:invoke	:read	nil
2025-01-14 00:34:15,457{GMT}	INFO	[jepsen worker 0] jepsen.util: 0	:ok	:read	[0 1 5 6 9 11 14 18 19 21 24 27 28 34 35 38 41 45]
2025-01-14 00:34:15,530{GMT}	INFO	[jepsen worker 1] jepsen.util: 1	:invoke	:broadcast	49
2025-01-14 00:34:15,531{GMT}	INFO	[jepsen worker 1] jepsen.util: 1	:ok	:broadcast	49
2025-01-14 00:34:15,564{GMT}	INFO	[jepsen worker 2] jepsen.util: 2	:invoke	:read	nil
2025-01-14 00:34:15,565{GMT}	INFO	[jepsen worker 2] jepsen.util: 2	:ok	:read	[2 13 16 22 25 31 43]
2025-01-14 00:34:15,629{GMT}	INFO	[jepsen worker 3] jepsen.util: 3	:invoke	:read	nil
2025-01-14 00:34:15,631{GMT}	INFO	[jepsen worker 3] jepsen.util: 3	:ok	:read	[3 7 20 23 32 37 40 47]
2025-01-14 00:34:15,646{GMT}	INFO	[jepsen worker 4] jepsen.util: 4	:invoke	:broadcast	50
2025-01-14 00:34:15,648{GMT}	INFO	[jepsen worker 4] jepsen.util: 4	:ok	:broadcast	50
2025-01-14 00:34:15,732{GMT}	INFO	[jepsen worker 0] jepsen.util: 0	:invoke	:read	nil
2025-01-14 00:34:15,734{GMT}	INFO	[jepsen worker 0] jepsen.util: 0	:ok	:read	[0 1 5 6 9 11 14 18 19 21 24 27 28 34 35 38 41 45]
2025-01-14 00:34:15,897{GMT}	INFO	[jepsen worker 0] jepsen.util: 0	:invoke	:read	nil
2025-01-14 00:34:15,898{GMT}	INFO	[jepsen worker 0] jepsen.util: 0	:ok	:read	[0 1 5 6 9 11 14 18 19 21 24 27 28 34 35 38 41 45]
2025-01-14 00:34:15,936{GMT}	INFO	[jepsen worker 1] jepsen.util: 1	:invoke	:read	nil
2025-01-14 00:34:15,939{GMT}	INFO	[jepsen worker 1] jepsen.util: 1	:ok	:read	[4 10 12 15 30 36 39 42 46 49]
2025-01-14 00:34:15,944{GMT}	INFO	[jepsen worker 2] jepsen.util: 2	:invoke	:broadcast	51
2025-01-14 00:34:15,945{GMT}	INFO	[jepsen worker 2] jepsen.util: 2	:ok	:broadcast	51
2025-01-14 00:34:16,007{GMT}	INFO	[jepsen worker 3] jepsen.util: 3	:invoke	:broadcast	52
2025-01-14 00:34:16,008{GMT}	INFO	[jepsen worker 3] jepsen.util: 3	:ok	:broadcast	52
2025-01-14 00:34:16,110{GMT}	INFO	[jepsen worker 4] jepsen.util: 4	:invoke	:broadcast	53
2025-01-14 00:34:16,113{GMT}	INFO	[jepsen worker 4] jepsen.util: 4	:ok	:broadcast	53
2025-01-14 00:34:16,137{GMT}	INFO	[jepsen worker 0] jepsen.util: 0	:invoke	:broadcast	54
2025-01-14 00:34:16,140{GMT}	INFO	[jepsen worker 0] jepsen.util: 0	:ok	:broadcast	54
2025-01-14 00:34:16,198{GMT}	INFO	[jepsen worker 0] jepsen.util: 0	:invoke	:read	nil
2025-01-14 00:34:16,199{GMT}	INFO	[jepsen worker 0] jepsen.util: 0	:ok	:read	[0 1 5 6 9 11 14 18 19 21 24 27 28 34 35 38 41 45 54]
2025-01-14 00:34:16,298{GMT}	INFO	[jepsen worker 1] jepsen.util: 1	:invoke	:broadcast	55
2025-01-14 00:34:16,299{GMT}	INFO	[jepsen worker 1] jepsen.util: 1	:ok	:broadcast	55
2025-01-14 00:34:16,381{GMT}	INFO	[jepsen worker 2] jepsen.util: 2	:invoke	:read	nil
2025-01-14 00:34:16,384{GMT}	INFO	[jepsen worker 2] jepsen.util: 2	:ok	:read	[2 13 16 22 25 31 43 51]
2025-01-14 00:34:16,478{GMT}	INFO	[jepsen worker 3] jepsen.util: 3	:invoke	:broadcast	56
2025-01-14 00:34:16,481{GMT}	INFO	[jepsen worker 3] jepsen.util: 3	:ok	:broadcast	56
2025-01-14 00:34:16,613{GMT}	INFO	[jepsen worker 4] jepsen.util: 4	:invoke	:broadcast	57
2025-01-14 00:34:16,615{GMT}	INFO	[jepsen worker 4] jepsen.util: 4	:ok	:broadcast	57
2025-01-14 00:34:16,706{GMT}	INFO	[jepsen worker 0] jepsen.util: 0	:invoke	:broadcast	58
2025-01-14 00:34:16,707{GMT}	INFO	[jepsen worker 0] jepsen.util: 0	:ok	:broadcast	58
2025-01-14 00:34:16,746{GMT}	INFO	[jepsen worker 0] jepsen.util: 0	:invoke	:broadcast	59
2025-01-14 00:34:16,748{GMT}	INFO	[jepsen worker 0] jepsen.util: 0	:ok	:broadcast	59
2025-01-14 00:34:16,775{GMT}	INFO	[jepsen worker 1] jepsen.util: 1	:invoke	:read	nil
2025-01-14 00:34:16,777{GMT}	INFO	[jepsen worker 1] jepsen.util: 1	:ok	:read	[4 10 12 15 30 36 39 42 46 49 55]
2025-01-14 00:34:16,779{GMT}	INFO	[jepsen worker 2] jepsen.util: 2	:invoke	:read	nil
2025-01-14 00:34:16,780{GMT}	INFO	[jepsen worker 2] jepsen.util: 2	:ok	:read	[2 13 16 22 25 31 43 51]
2025-01-14 00:34:16,951{GMT}	INFO	[jepsen worker 3] jepsen.util: 3	:invoke	:read	nil
2025-01-14 00:34:16,953{GMT}	INFO	[jepsen worker 3] jepsen.util: 3	:ok	:read	[3 7 20 23 32 37 40 47 52 56]
2025-01-14 00:34:17,012{GMT}	INFO	[jepsen worker 4] jepsen.util: 4	:invoke	:broadcast	60
2025-01-14 00:34:17,013{GMT}	INFO	[jepsen worker 4] jepsen.util: 4	:ok	:broadcast	60
2025-01-14 00:34:17,187{GMT}	INFO	[jepsen worker 0] jepsen.util: 0	:invoke	:broadcast	61
2025-01-14 00:34:17,188{GMT}	INFO	[jepsen worker 0] jepsen.util: 0	:ok	:broadcast	61
2025-01-14 00:34:17,330{GMT}	INFO	[jepsen worker 0] jepsen.util: 0	:invoke	:read	nil
2025-01-14 00:34:17,331{GMT}	INFO	[jepsen worker 0] jepsen.util: 0	:ok	:read	[0 1 5 6 9 11 14 18 19 21 24 27 28 34 35 38 41 45 54 58 59 61]
2025-01-14 00:34:17,518{GMT}	INFO	[jepsen worker 1] jepsen.util: 1	:invoke	:read	nil
2025-01-14 00:34:17,519{GMT}	INFO	[jepsen worker 1] jepsen.util: 1	:ok	:read	[4 10 12 15 30 36 39 42 46 49 55]
2025-01-14 00:34:17,603{GMT}	INFO	[jepsen worker 2] jepsen.util: 2	:invoke	:read	nil
2025-01-14 00:34:17,606{GMT}	INFO	[jepsen worker 2] jepsen.util: 2	:ok	:read	[2 13 16 22 25 31 43 51]
2025-01-14 00:34:17,771{GMT}	INFO	[jepsen worker 3] jepsen.util: 3	:invoke	:broadcast	62
2025-01-14 00:34:17,773{GMT}	INFO	[jepsen worker 3] jepsen.util: 3	:ok	:broadcast	62
2025-01-14 00:34:17,815{GMT}	INFO	[jepsen worker 4] jepsen.util: 4	:invoke	:broadcast	63
2025-01-14 00:34:17,817{GMT}	INFO	[jepsen worker 4] jepsen.util: 4	:ok	:broadcast	63
2025-01-14 00:34:17,863{GMT}	INFO	[jepsen worker 0] jepsen.util: 0	:invoke	:broadcast	64
2025-01-14 00:34:17,865{GMT}	INFO	[jepsen worker 0] jepsen.util: 0	:ok	:broadcast	64
2025-01-14 00:34:17,912{GMT}	INFO	[jepsen worker 0] jepsen.util: 0	:invoke	:read	nil
2025-01-14 00:34:17,915{GMT}	INFO	[jepsen worker 0] jepsen.util: 0	:ok	:read	[0 1 5 6 9 11 14 18 19 21 24 27 28 34 35 38 41 45 54 58 59 61 64]
2025-01-14 00:34:18,000{GMT}	INFO	[jepsen worker 1] jepsen.util: 1	:invoke	:broadcast	65
2025-01-14 00:34:18,001{GMT}	INFO	[jepsen worker 1] jepsen.util: 1	:ok	:broadcast	65
2025-01-14 00:34:18,187{GMT}	INFO	[jepsen worker 2] jepsen.util: 2	:invoke	:read	nil
2025-01-14 00:34:18,189{GMT}	INFO	[jepsen worker 2] jepsen.util: 2	:ok	:read	[2 13 16 22 25 31 43 51]
2025-01-14 00:34:18,291{GMT}	INFO	[jepsen worker 3] jepsen.util: 3	:invoke	:read	nil
2025-01-14 00:34:18,293{GMT}	INFO	[jepsen worker 3] jepsen.util: 3	:ok	:read	[3 7 20 23 32 37 40 47 52 56 62]
2025-01-14 00:34:18,379{GMT}	INFO	[jepsen worker 4] jepsen.util: 4	:invoke	:broadcast	66
2025-01-14 00:34:18,380{GMT}	INFO	[jepsen worker 4] jepsen.util: 4	:ok	:broadcast	66
2025-01-14 00:34:18,448{GMT}	INFO	[jepsen worker 0] jepsen.util: 0	:invoke	:broadcast	67
2025-01-14 00:34:18,449{GMT}	INFO	[jepsen worker 0] jepsen.util: 0	:ok	:broadcast	67
2025-01-14 00:34:18,518{GMT}	INFO	[jepsen worker 0] jepsen.util: 0	:invoke	:broadcast	68
2025-01-14 00:34:18,519{GMT}	INFO	[jepsen worker 0] jepsen.util: 0	:ok	:broadcast	68
2025-01-14 00:34:18,707{GMT}	INFO	[jepsen worker 1] jepsen.util: 1	:invoke	:read	nil
2025-01-14 00:34:18,707{GMT}	INFO	[jepsen worker 1] jepsen.util: 1	:ok	:read	[4 10 12 15 30 36 39 42 46 49 55 65]
2025-01-14 00:34:18,889{GMT}	INFO	[jepsen worker 2] jepsen.util: 2	:invoke	:read	nil
2025-01-14 00:34:18,890{GMT}	INFO	[jepsen worker 2] jepsen.util: 2	:ok	:read	[2 13 16 22 25 31 43 51]
2025-01-14 00:34:19,048{GMT}	INFO	[jepsen worker 3] jepsen.util: 3	:invoke	:read	nil
2025-01-14 00:34:19,049{GMT}	INFO	[jepsen worker 3] jepsen.util: 3	:ok	:read	[3 7 20 23 32 37 40 47 52 56 62]
2025-01-14 00:34:19,133{GMT}	INFO	[jepsen worker 4] jepsen.util: 4	:invoke	:broadcast	69
2025-01-14 00:34:19,134{GMT}	INFO	[jepsen worker 4] jepsen.util: 4	:ok	:broadcast	69
2025-01-14 00:34:19,229{GMT}	INFO	[jepsen worker 0] jepsen.util: 0	:invoke	:read	nil
2025-01-14 00:34:19,231{GMT}	INFO	[jepsen worker 0] jepsen.util: 0	:ok	:read	[0 1 5 6 9 11 14 18 19 21 24 27 28 34 35 38 41 45 54 58 59 61 64 67 68]
2025-01-14 00:34:19,287{GMT}	INFO	[jepsen worker 0] jepsen.util: 0	:invoke	:broadcast	70
2025-01-14 00:34:19,287{GMT}	INFO	[jepsen worker 0] jepsen.util: 0	:ok	:broadcast	70
2025-01-14 00:34:19,324{GMT}	INFO	[jepsen worker 1] jepsen.util: 1	:invoke	:broadcast	71
2025-01-14 00:34:19,326{GMT}	INFO	[jepsen worker 1] jepsen.util: 1	:ok	:broadcast	71
2025-01-14 00:34:19,354{GMT}	INFO	[jepsen worker 2] jepsen.util: 2	:invoke	:read	nil
2025-01-14 00:34:19,356{GMT}	INFO	[jepsen worker 2] jepsen.util: 2	:ok	:read	[2 13 16 22 25 31 43 51]
2025-01-14 00:34:19,480{GMT}	INFO	[jepsen worker 3] jepsen.util: 3	:invoke	:broadcast	72
2025-01-14 00:34:19,481{GMT}	INFO	[jepsen worker 3] jepsen.util: 3	:ok	:broadcast	72
2025-01-14 00:34:19,615{GMT}	INFO	[jepsen worker 4] jepsen.util: 4	:invoke	:broadcast	73
2025-01-14 00:34:19,616{GMT}	INFO	[jepsen worker 4] jepsen.util: 4	:ok	:broadcast	73
2025-01-14 00:34:19,782{GMT}	INFO	[jepsen worker 0] jepsen.util: 0	:invoke	:read	nil
2025-01-14 00:34:19,783{GMT}	INFO	[jepsen worker 0] jepsen.util: 0	:ok	:read	[0 1 5 6 9 11 14 18 19 21 24 27 28 34 35 38 41 45 54 58 59 61 64 67 68 70]
2025-01-14 00:34:19,876{GMT}	INFO	[jepsen worker 0] jepsen.util: 0	:invoke	:read	nil
2025-01-14 00:34:19,879{GMT}	INFO	[jepsen worker 0] jepsen.util: 0	:ok	:read	[0 1 5 6 9 11 14 18 19 21 24 27 28 34 35 38 41 45 54 58 59 61 64 67 68 70]
2025-01-14 00:34:19,940{GMT}	INFO	[jepsen worker 1] jepsen.util: 1	:invoke	:read	nil
2025-01-14 00:34:19,941{GMT}	INFO	[jepsen worker 1] jepsen.util: 1	:ok	:read	[4 10 12 15 30 36 39 42 46 49 55 65 71]
2025-01-14 00:34:20,065{GMT}	INFO	[jepsen worker 2] jepsen.util: 2	:invoke	:broadcast	74
2025-01-14 00:34:20,067{GMT}	INFO	[jepsen worker 2] jepsen.util: 2	:ok	:broadcast	74
2025-01-14 00:34:20,082{GMT}	INFO	[jepsen worker 3] jepsen.util: 3	:invoke	:broadcast	75
2025-01-14 00:34:20,083{GMT}	INFO	[jepsen worker 3] jepsen.util: 3	:ok	:broadcast	75
2025-01-14 00:34:20,157{GMT}	INFO	[jepsen worker 4] jepsen.util: 4	:invoke	:read	nil
2025-01-14 00:34:20,158{GMT}	INFO	[jepsen worker 4] jepsen.util: 4	:ok	:read	[8 17 26 29 33 44 48 50 53 57 60 63 66 69 73]
2025-01-14 00:34:20,177{GMT}	INFO	[jepsen worker 0] jepsen.util: 0	:invoke	:broadcast	76
2025-01-14 00:34:20,178{GMT}	INFO	[jepsen worker 0] jepsen.util: 0	:ok	:broadcast	76
2025-01-14 00:34:20,257{GMT}	INFO	[jepsen worker 0] jepsen.util: 0	:invoke	:broadcast	77
2025-01-14 00:34:20,258{GMT}	INFO	[jepsen worker 0] jepsen.util: 0	:ok	:broadcast	77
2025-01-14 00:34:20,368{GMT}	INFO	[jepsen worker 1] jepsen.util: 1	:invoke	:broadcast	78
2025-01-14 00:34:20,369{GMT}	INFO	[jepsen worker 1] jepsen.util: 1	:ok	:broadcast	78
2025-01-14 00:34:20,421{GMT}	INFO	[jepsen worker 2] jepsen.util: 2	:invoke	:broadcast	79
2025-01-14 00:34:20,422{GMT}	INFO	[jepsen worker 2] jepsen.util: 2	:ok	:broadcast	79
2025-01-14 00:34:20,536{GMT}	INFO	[jepsen worker 3] jepsen.util: 3	:invoke	:broadcast	80
2025-01-14 00:34:20,538{GMT}	INFO	[jepsen worker 3] jepsen.util: 3	:ok	:broadcast	80
2025-01-14 00:34:20,630{GMT}	INFO	[jepsen worker 4] jepsen.util: 4	:invoke	:broadcast	81
2025-01-14 00:34:20,631{GMT}	INFO	[jepsen worker 4] jepsen.util: 4	:ok	:broadcast	81
2025-01-14 00:34:20,778{GMT}	INFO	[jepsen worker 0] jepsen.util: 0	:invoke	:broadcast	82
2025-01-14 00:34:20,780{GMT}	INFO	[jepsen worker 0] jepsen.util: 0	:ok	:broadcast	82
2025-01-14 00:34:20,898{GMT}	INFO	[jepsen worker 0] jepsen.util: 0	:invoke	:broadcast	83
2025-01-14 00:34:20,899{GMT}	INFO	[jepsen worker 0] jepsen.util: 0	:ok	:broadcast	83
2025-01-14 00:34:20,912{GMT}	INFO	[jepsen worker 1] jepsen.util: 1	:invoke	:broadcast	84
2025-01-14 00:34:20,914{GMT}	INFO	[jepsen worker 1] jepsen.util: 1	:ok	:broadcast	84
2025-01-14 00:34:20,956{GMT}	INFO	[jepsen worker 2] jepsen.util: 2	:invoke	:broadcast	85
2025-01-14 00:34:20,957{GMT}	INFO	[jepsen worker 2] jepsen.util: 2	:ok	:broadcast	85
2025-01-14 00:34:21,116{GMT}	INFO	[jepsen worker 3] jepsen.util: 3	:invoke	:broadcast	86
2025-01-14 00:34:21,117{GMT}	INFO	[jepsen worker 3] jepsen.util: 3	:ok	:broadcast	86
2025-01-14 00:34:21,262{GMT}	INFO	[jepsen worker 4] jepsen.util: 4	:invoke	:broadcast	87
2025-01-14 00:34:21,264{GMT}	INFO	[jepsen worker 4] jepsen.util: 4	:ok	:broadcast	87
2025-01-14 00:34:21,379{GMT}	INFO	[jepsen worker 0] jepsen.util: 0	:invoke	:broadcast	88
2025-01-14 00:34:21,381{GMT}	INFO	[jepsen worker 0] jepsen.util: 0	:ok	:broadcast	88
2025-01-14 00:34:21,579{GMT}	INFO	[jepsen worker 0] jepsen.util: 0	:invoke	:read	nil
2025-01-14 00:34:21,581{GMT}	INFO	[jepsen worker 0] jepsen.util: 0	:ok	:read	[0 1 5 6 9 11 14 18 19 21 24 27 28 34 35 38 41 45 54 58 59 61 64 67 68 70 76 77 82 83 88]
2025-01-14 00:34:21,699{GMT}	INFO	[jepsen worker 1] jepsen.util: 1	:invoke	:broadcast	89
2025-01-14 00:34:21,699{GMT}	INFO	[jepsen worker 1] jepsen.util: 1	:ok	:broadcast	89
2025-01-14 00:34:21,704{GMT}	INFO	[jepsen worker 2] jepsen.util: 2	:invoke	:broadcast	90
2025-01-14 00:34:21,705{GMT}	INFO	[jepsen worker 2] jepsen.util: 2	:ok	:broadcast	90
2025-01-14 00:34:21,896{GMT}	INFO	[jepsen worker 3] jepsen.util: 3	:invoke	:broadcast	91
2025-01-14 00:34:21,898{GMT}	INFO	[jepsen worker 3] jepsen.util: 3	:ok	:broadcast	91
2025-01-14 00:34:21,958{GMT}	INFO	[jepsen worker 4] jepsen.util: 4	:invoke	:read	nil
2025-01-14 00:34:21,959{GMT}	INFO	[jepsen worker 4] jepsen.util: 4	:ok	:read	[8 17 26 29 33 44 48 50 53 57 60 63 66 69 73 81 87]
2025-01-14 00:34:21,970{GMT}	INFO	[jepsen worker 0] jepsen.util: 0	:invoke	:read	nil
2025-01-14 00:34:21,972{GMT}	INFO	[jepsen worker 0] jepsen.util: 0	:ok	:read	[0 1 5 6 9 11 14 18 19 21 24 27 28 34 35 38 41 45 54 58 59 61 64 67 68 70 76 77 82 83 88]
2025-01-14 00:34:22,023{GMT}	INFO	[jepsen worker 0] jepsen.util: 0	:invoke	:broadcast	92
2025-01-14 00:34:22,025{GMT}	INFO	[jepsen worker 0] jepsen.util: 0	:ok	:broadcast	92
2025-01-14 00:34:22,082{GMT}	INFO	[jepsen worker 1] jepsen.util: 1	:invoke	:read	nil
2025-01-14 00:34:22,084{GMT}	INFO	[jepsen worker 1] jepsen.util: 1	:ok	:read	[4 10 12 15 30 36 39 42 46 49 55 65 71 78 84 89]
2025-01-14 00:34:22,149{GMT}	INFO	[jepsen worker 2] jepsen.util: 2	:invoke	:read	nil
2025-01-14 00:34:22,150{GMT}	INFO	[jepsen worker 2] jepsen.util: 2	:ok	:read	[2 13 16 22 25 31 43 51 74 79 85 90]
2025-01-14 00:34:22,280{GMT}	INFO	[jepsen worker 3] jepsen.util: 3	:invoke	:read	nil
2025-01-14 00:34:22,282{GMT}	INFO	[jepsen worker 3] jepsen.util: 3	:ok	:read	[3 7 20 23 32 37 40 47 52 56 62 72 75 80 86 91]
2025-01-14 00:34:22,324{GMT}	INFO	[jepsen worker 4] jepsen.util: 4	:invoke	:broadcast	93
2025-01-14 00:34:22,326{GMT}	INFO	[jepsen worker 4] jepsen.util: 4	:ok	:broadcast	93
2025-01-14 00:34:22,457{GMT}	INFO	[jepsen worker 0] jepsen.util: 0	:invoke	:broadcast	94
2025-01-14 00:34:22,459{GMT}	INFO	[jepsen worker 0] jepsen.util: 0	:ok	:broadcast	94
2025-01-14 00:34:22,591{GMT}	INFO	[jepsen worker 0] jepsen.util: 0	:invoke	:broadcast	95
2025-01-14 00:34:22,593{GMT}	INFO	[jepsen worker 0] jepsen.util: 0	:ok	:broadcast	95
2025-01-14 00:34:22,644{GMT}	INFO	[jepsen worker 1] jepsen.util: 1	:invoke	:broadcast	96
2025-01-14 00:34:22,645{GMT}	INFO	[jepsen worker 1] jepsen.util: 1	:ok	:broadcast	96
2025-01-14 00:34:22,753{GMT}	INFO	[jepsen worker 2] jepsen.util: 2	:invoke	:broadcast	97
2025-01-14 00:34:22,754{GMT}	INFO	[jepsen worker 2] jepsen.util: 2	:ok	:broadcast	97
2025-01-14 00:34:22,755{GMT}	INFO	[jepsen worker 3] jepsen.util: 3	:invoke	:broadcast	98
2025-01-14 00:34:22,755{GMT}	INFO	[jepsen worker 3] jepsen.util: 3	:ok	:broadcast	98
2025-01-14 00:34:22,820{GMT}	INFO	[jepsen worker 4] jepsen.util: 4	:invoke	:read	nil
2025-01-14 00:34:22,821{GMT}	INFO	[jepsen worker 4] jepsen.util: 4	:ok	:read	[8 17 26 29 33 44 48 50 53 57 60 63 66 69 73 81 87 93]
2025-01-14 00:34:22,860{GMT}	INFO	[jepsen worker 0] jepsen.util: 0	:invoke	:broadcast	99
2025-01-14 00:34:22,861{GMT}	INFO	[jepsen worker 0] jepsen.util: 0	:ok	:broadcast	99
2025-01-14 00:34:23,041{GMT}	INFO	[jepsen worker 0] jepsen.util: 0	:invoke	:broadcast	100
2025-01-14 00:34:23,043{GMT}	INFO	[jepsen worker 0] jepsen.util: 0	:ok	:broadcast	100
2025-01-14 00:34:23,111{GMT}	INFO	[jepsen worker 1] jepsen.util: 1	:invoke	:broadcast	101
2025-01-14 00:34:23,112{GMT}	INFO	[jepsen worker 1] jepsen.util: 1	:ok	:broadcast	101
2025-01-14 00:34:23,298{GMT}	INFO	[jepsen worker 2] jepsen.util: 2	:invoke	:read	nil
2025-01-14 00:34:23,299{GMT}	INFO	[jepsen worker 2] jepsen.util: 2	:ok	:read	[2 13 16 22 25 31 43 51 74 79 85 90 97]
2025-01-14 00:34:23,406{GMT}	INFO	[jepsen worker 3] jepsen.util: 3	:invoke	:broadcast	102
2025-01-14 00:34:23,409{GMT}	INFO	[jepsen worker 3] jepsen.util: 3	:ok	:broadcast	102
2025-01-14 00:34:23,409{GMT}	INFO	[jepsen worker 4] jepsen.generator.interpreter: Waiting for recovery...
2025-01-14 00:34:33,412{GMT}	INFO	[jepsen worker 4] jepsen.util: 4	:invoke	:read	nil
2025-01-14 00:34:33,412{GMT}	INFO	[jepsen worker 0] jepsen.util: 0	:invoke	:read	nil
2025-01-14 00:34:33,412{GMT}	INFO	[jepsen worker 1] jepsen.util: 1	:invoke	:read	nil
2025-01-14 00:34:33,412{GMT}	INFO	[jepsen worker 3] jepsen.util: 3	:invoke	:read	nil
2025-01-14 00:34:33,413{GMT}	INFO	[jepsen worker 2] jepsen.util: 2	:invoke	:read	nil
2025-01-14 00:34:33,413{GMT}	INFO	[jepsen worker 0] jepsen.util: 0	:ok	:read	[0 1 5 6 9 11 14 18 19 21 24 27 28 34 35 38 41 45 54 58 59 61 64 67 68 70 76 77 82 83 88 92 94 95 99 100]
2025-01-14 00:34:33,413{GMT}	INFO	[jepsen worker 3] jepsen.util: 3	:ok	:read	[3 7 20 23 32 37 40 47 52 56 62 72 75 80 86 91 98 102]
2025-01-14 00:34:33,414{GMT}	INFO	[jepsen worker 1] jepsen.util: 1	:ok	:read	[4 10 12 15 30 36 39 42 46 49 55 65 71 78 84 89 96 101]
2025-01-14 00:34:33,414{GMT}	INFO	[jepsen worker 2] jepsen.util: 2	:ok	:read	[2 13 16 22 25 31 43 51 74 79 85 90 97]
2025-01-14 00:34:33,416{GMT}	INFO	[jepsen worker 4] jepsen.util: 4	:ok	:read	[8 17 26 29 33 44 48 50 53 57 60 63 66 69 73 81 87 93]
2025-01-14 00:34:33,429{GMT}	INFO	[jepsen test runner] jepsen.core: Run complete, writing
2025-01-14 00:34:33,492{GMT}	INFO	[jepsen node n0] maelstrom.db: Tearing down n0
2025-01-14 00:34:33,494{GMT}	INFO	[jepsen node n1] maelstrom.db: Tearing down n1
2025-01-14 00:34:33,494{GMT}	INFO	[jepsen node n2] maelstrom.db: Tearing down n2
2025-01-14 00:34:33,496{GMT}	INFO	[jepsen node n3] maelstrom.db: Tearing down n3
2025-01-14 00:34:33,497{GMT}	INFO	[jepsen node n4] maelstrom.db: Tearing down n4
2025-01-14 00:34:35,364{GMT}	INFO	[jepsen node n0] maelstrom.net: Shutting down Maelstrom network
2025-01-14 00:34:35,365{GMT}	INFO	[jepsen test runner] jepsen.core: Analyzing...
2025-01-14 00:34:35,647{GMT}	INFO	[jepsen test runner] jepsen.core: Analysis complete
2025-01-14 00:34:35,691{GMT}	INFO	[jepsen results] jepsen.store: Wrote /home/ashley/Documents/RustHome/distributed/maelstrom_distributed/store/broadcast/20250114T003401.334Z/results.edn
2025-01-14 00:34:35,730{GMT}	INFO	[jepsen test runner] jepsen.core: {:perf {:latency-graph {:valid? true},
        :rate-graph {:valid? true},
        :valid? true},
 :timeline {:valid? true},
 :exceptions {:valid? true},
 :stats {:valid? true,
         :count 201,
         :ok-count 201,
         :fail-count 0,
         :info-count 0,
         :by-f {:broadcast {:valid? true,
                            :count 103,
                            :ok-count 103,
                            :fail-count 0,
                            :info-count 0},
                :read {:valid? true,
                       :count 98,
                       :ok-count 98,
                       :fail-count 0,
                       :info-count 0}}},
 :availability {:valid? true, :ok-fraction 1.0},
 :net {:all {:send-count 422,
             :recv-count 422,
             :msg-count 422,
             :msgs-per-op 2.0995026},
       :clients {:send-count 422, :recv-count 422, :msg-count 422},
       :servers {:send-count 0,
                 :recv-count 0,
                 :msg-count 0,
                 :msgs-per-op 0.0},
       :valid? true},
 :workload {:worst-stale ({:element 3,
                           :outcome :stable,
                           :stable-latency 28956,
                           :lost-latency nil,
                           :known #jepsen.history.Op{:index 19,
                                                     :time 1071465918,
                                                     :type :ok,
                                                     :process 3,
                                                     :f :add,
                                                     :value 3},
                           :last-absent #jepsen.history.Op{:index 395,
                                                           :time 30027476696,
                                                           :type :invoke,
                                                           :process 2,
                                                           :f :read,
                                                           :value nil,
                                                           :final? true}}
                          {:element 7,
                           :outcome :stable,
                           :stable-latency 27275,
                           :lost-latency nil,
                           :known #jepsen.history.Op{:index 55,
                                                     :time 2752284143,
                                                     :type :ok,
                                                     :process 3,
                                                     :f :add,
                                                     :value 7},
                           :last-absent #jepsen.history.Op{:index 395,
                                                           :time 30027476696,
                                                           :type :invoke,
                                                           :process 2,
                                                           :f :read,
                                                           :value nil,
                                                           :final? true}}
                          {:element 20,
                           :outcome :stable,
                           :stable-latency 24323,
                           :lost-latency nil,
                           :known #jepsen.history.Op{:index 103,
                                                     :time 5703503118,
                                                     :type :ok,
                                                     :process 3,
                                                     :f :add,
                                                     :value 20},
                           :last-absent #jepsen.history.Op{:index 395,
                                                           :time 30027476696,
                                                           :type :invoke,
                                                           :process 2,
                                                           :f :read,
                                                           :value nil,
                                                           :final? true}}
                          {:element 23,
                           :outcome :stable,
                           :stable-latency 23596,
                           :lost-latency nil,
                           :known #jepsen.history.Op{:index 115,
                                                     :time 6430665884,
                                                     :type :ok,
                                                     :process 3,
                                                     :f :add,
                                                     :value 23},
                           :last-absent #jepsen.history.Op{:index 395,
                                                           :time 30027476696,
                                                           :type :invoke,
                                                           :process 2,
                                                           :f :read,
                                                           :value nil,
                                                           :final? true}}
                          {:element 32,
                           :outcome :stable,
                           :stable-latency 21380,
                           :lost-latency nil,
                           :known #jepsen.history.Op{:index 151,
                                                     :time 8647025831,
                                                     :type :ok,
                                                     :process 3,
                                                     :f :add,
                                                     :value 32},
                           :last-absent #jepsen.history.Op{:index 395,
                                                           :time 30027476696,
                                                           :type :invoke,
                                                           :process 2,
                                                           :f :read,
                                                           :value nil,
                                                           :final? true}}
                          {:element 37,
                           :outcome :stable,
                           :stable-latency 20018,
                           :lost-latency nil,
                           :known #jepsen.history.Op{:index 175,
                                                     :time 10008601701,
                                                     :type :ok,
                                                     :process 3,
                                                     :f :add,
                                                     :value 37},
                           :last-absent #jepsen.history.Op{:index 395,
                                                           :time 30027476696,
                                                           :type :invoke,
                                                           :process 2,
                                                           :f :read,
                                                           :value nil,
                                                           :final? true}}
                          {:element 40,
                           :outcome :stable,
                           :stable-latency 19391,
                           :lost-latency nil,
                           :known #jepsen.history.Op{:index 187,
                                                     :time 10635654996,
                                                     :type :ok,
                                                     :process 3,
                                                     :f :add,
                                                     :value 40},
                           :last-absent #jepsen.history.Op{:index 395,
                                                           :time 30027476696,
                                                           :type :invoke,
                                                           :process 2,
                                                           :f :read,
                                                           :value nil,
                                                           :final? true}}
                          {:element 47,
                           :outcome :stable,
                           :stable-latency 18405,
                           :lost-latency nil,
                           :known #jepsen.history.Op{:index 211,
                                                     :time 11621829041,
                                                     :type :ok,
                                                     :process 3,
                                                     :f :add,
                                                     :value 47},
                           :last-absent #jepsen.history.Op{:index 395,
                                                           :time 30027476696,
                                                           :type :invoke,
                                                           :process 2,
                                                           :f :read,
                                                           :value nil,
                                                           :final? true}}),
            :duplicated-count 0,
            :valid? false,
            :lost-count 85,
            :lost (0
                   1
                   2
                   4
                   5
                   6
                   8
                   9
                   10
                   11
                   12
                   13
                   14
                   15
                   16
                   17
                   18
                   19
                   21
                   22
                   24
                   25
                   26
                   27
                   28
                   29
                   30
                   31
                   33
                   34
                   35
                   36
                   38
                   39
                   41
                   42
                   43
                   44
                   45
                   46
                   48
                   49
                   50
                   51
                   53
                   54
                   55
                   57
                   58
                   59
                   60
                   61
                   63
                   64
                   65
                   66
                   67
                   68
                   69
                   70
                   71
                   73
                   74
                   76
                   77
                   78
                   79
                   81
                   82
                   83
                   84
                   85
                   87
                   88
                   89
                   90
                   92
                   93
                   94
                   95
                   96
                   97
                   99
                   100
                   101),
            :stable-count 18,
            :stale-count 18,
            :stale (3
                    7
                    20
                    23
                    32
                    37
                    40
                    47
                    52
                    56
                    62
                    72
                    75
                    80
                    86
                    91
                    98
                    102),
            :never-read-count 0,
            :stable-latencies {0 10003,
                               0.5 17404,
                               0.95 28956,
                               0.99 28956,
                               1 28956},
            :attempt-count 103,
            :lost-latencies {0 10299,
                             0.5 17762,
                             0.95 27547,
                             0.99 29594,
                             1 29594},
            :never-read (),
            :duplicated {}},
 :valid? false}


Analysis invalid! ( 
