2025-01-14 01:06:12,563{GMT}	INFO	[jepsen test runner] jepsen.core: Test version a68db590a88e8a9b29ae1ea219db482a4fb74152 (plus uncommitted changes)
2025-01-14 01:06:12,564{GMT}	INFO	[jepsen test runner] jepsen.core: Command line:
lein run test -w broadcast --bin ./target/debug/maelstrom_distributed --node-count 2 --time-limit 20 --rate 10
2025-01-14 01:06:12,629{GMT}	INFO	[jepsen test runner] jepsen.core: Running test:
{:args []
 :remote
 #jepsen.control.retry.Remote{:remote #jepsen.control.scp.Remote{:cmd-remote #jepsen.control.sshj.SSHJRemote{:concurrency-limit 6,
                                                                                                             :conn-spec nil,
                                                                                                             :client nil,
                                                                                                             :semaphore nil},
                                                                 :conn-spec nil},
                              :conn nil}
 :log-net-send false
 :node-count 2
 :availability nil
 :max-txn-length 4
 :concurrency 2
 :db
 #object[maelstrom.db$db$reify__16142
         "0x797a5b31"
         "maelstrom.db$db$reify__16142@797a5b31"]
 :max-writes-per-key 16
 :leave-db-running? false
 :name "broadcast"
 :logging-json? false
 :start-time
 #object[org.joda.time.DateTime "0x732ffb6a" "2025-01-14T01:06:12.543Z"]
 :nemesis-interval 10
 :net
 #object[maelstrom.net$jepsen_net$reify__15251
         "0x5ed83e36"
         "maelstrom.net$jepsen_net$reify__15251@5ed83e36"]
 :client
 #object[maelstrom.workload.broadcast$client$reify__16644
         "0x2459715c"
         "maelstrom.workload.broadcast$client$reify__16644@2459715c"]
 :barrier
 #object[java.util.concurrent.CyclicBarrier
         "0x401e36ab"
         "java.util.concurrent.CyclicBarrier@401e36ab"]
 :log-stderr false
 :pure-generators true
 :ssh {:dummy? true}
 :rate 10.0
 :checker
 #object[jepsen.checker$compose$reify__11881
         "0x4ce66169"
         "jepsen.checker$compose$reify__11881@4ce66169"]
 :argv
 ("test"
  "-w"
  "broadcast"
  "--bin"
  "./target/debug/maelstrom_distributed"
  "--node-count"
  "2"
  "--time-limit"
  "20"
  "--rate"
  "10")
 :nemesis
 (jepsen.nemesis.ReflCompose
  {:fm {:start-partition 0,
        :stop-partition 0,
        :kill 1,
        :start 1,
        :pause 1,
        :resume 1},
   :nemeses [#unprintable "jepsen.nemesis.combined$partition_nemesis$reify__16416@53d0cf4d"
             #unprintable "jepsen.nemesis.combined$db_nemesis$reify__16397@3c6c87fa"]})
 :nodes ["n0" "n1"]
 :test-count 1
 :latency {:mean 0, :dist :constant}
 :bin "./target/debug/maelstrom_distributed"
 :generator
 ((jepsen.generator.Synchronize
   {:gen (jepsen.generator.TimeLimit
          {:limit 20000000000,
           :cutoff nil,
           :gen (jepsen.generator.Any
                 {:gens [(jepsen.generator.OnThreads
                          {:f #{:nemesis},
                           :context-filter #object[jepsen.generator.context$make_thread_filter$lazy_filter__9167
                                                   "0x77198cce"
                                                   "jepsen.generator.context$make_thread_filter$lazy_filter__9167@77198cce"],
                           :gen nil})
                         (jepsen.generator.OnThreads
                          {:f #jepsen.generator.context.AllBut{:element :nemesis},
                           :context-filter #object[jepsen.generator.context$make_thread_filter$lazy_filter__9167
                                                   "0xe7b7395"
                                                   "jepsen.generator.context$make_thread_filter$lazy_filter__9167@e7b7395"],
                           :gen (jepsen.generator.Stagger
                                 {:dt 200000000,
                                  :next-time nil,
                                  :gen (jepsen.generator.Mix
                                        {:i 0,
                                         :gens [({:f :broadcast, :value 0}
                                                 {:f :broadcast, :value 1}
                                                 {:f :broadcast, :value 2}
                                                 {:f :broadcast, :value 3}
                                                 {:f :broadcast, :value 4}
                                                 {:f :broadcast, :value 5}
                                                 {:f :broadcast, :value 6}
                                                 {:f :broadcast, :value 7}
                                                 ...)
                                                ({:f :read}
                                                 {:f :read}
                                                 {:f :read}
                                                 {:f :read}
                                                 {:f :read}
                                                 {:f :read}
                                                 {:f :read}
                                                 {:f :read}
                                                 ...)]})})})]})})})
  (jepsen.generator.Synchronize
   {:gen (jepsen.generator.OnThreads
          {:f #{:nemesis},
           :context-filter #object[jepsen.generator.context$make_thread_filter$lazy_filter__9167
                                   "0x293ccbdd"
                                   "jepsen.generator.context$make_thread_filter$lazy_filter__9167@293ccbdd"],
           :gen ()})})
  (jepsen.generator.Synchronize
   {:gen {:type :log, :value "Waiting for recovery..."}})
  (jepsen.generator.Synchronize {:gen {:type :sleep, :value 10}})
  (jepsen.generator.Synchronize
   {:gen (jepsen.generator.OnThreads
          {:f #jepsen.generator.context.AllBut{:element :nemesis},
           :context-filter #object[jepsen.generator.context$make_thread_filter$lazy_filter__9167
                                   "0x12f85dc8"
                                   "jepsen.generator.context$make_thread_filter$lazy_filter__9167@12f85dc8"],
           :gen (jepsen.generator.EachThread
                 {:fresh-gen {:f :read, :final? true},
                  :context-filters #object[clojure.core$promise$reify__8591
                                           "0x474a63d9"
                                           {:status :pending, :val nil}],
                  :gens {}})})}))
 :log-net-recv false
 :os
 #object[maelstrom.net$jepsen_os$reify__15254
         "0x1b8d0c21"
         "maelstrom.net$jepsen_os$reify__15254@1b8d0c21"]
 :time-limit 20
 :workload :broadcast
 :consistency-models [:strict-serializable]
 :topology :grid}

2025-01-14 01:06:14,471{GMT}	INFO	[jepsen node n0] maelstrom.net: Starting Maelstrom network
2025-01-14 01:06:14,472{GMT}	INFO	[jepsen test runner] jepsen.db: Tearing down DB
2025-01-14 01:06:14,473{GMT}	INFO	[jepsen test runner] jepsen.db: Setting up DB
2025-01-14 01:06:14,475{GMT}	INFO	[jepsen node n1] maelstrom.db: Setting up n1
2025-01-14 01:06:14,475{GMT}	INFO	[jepsen node n1] maelstrom.process: launching ./target/debug/maelstrom_distributed []
2025-01-14 01:06:14,477{GMT}	INFO	[jepsen node n0] maelstrom.service: Starting services: (lin-kv lin-tso lww-kv seq-kv)
2025-01-14 01:06:14,479{GMT}	INFO	[jepsen node n0] maelstrom.db: Setting up n0
2025-01-14 01:06:14,480{GMT}	INFO	[jepsen node n0] maelstrom.process: launching ./target/debug/maelstrom_distributed []
2025-01-14 01:06:14,498{GMT}	INFO	[jepsen test runner] jepsen.core: Relative time begins now
2025-01-14 01:06:14,519{GMT}	INFO	[jepsen worker 0] jepsen.util: 0	:invoke	:broadcast	0
2025-01-14 01:06:14,524{GMT}	INFO	[jepsen worker 0] jepsen.util: 0	:ok	:broadcast	0
2025-01-14 01:06:14,647{GMT}	INFO	[jepsen worker 1] jepsen.util: 1	:invoke	:read	nil
2025-01-14 01:06:14,650{GMT}	INFO	[jepsen worker 1] jepsen.util: 1	:ok	:read	[]
2025-01-14 01:06:14,820{GMT}	INFO	[jepsen worker 0] jepsen.util: 0	:invoke	:read	nil
2025-01-14 01:06:14,821{GMT}	INFO	[jepsen worker 0] jepsen.util: 0	:ok	:read	[0]
2025-01-14 01:06:14,997{GMT}	INFO	[jepsen worker 0] jepsen.util: 0	:invoke	:read	nil
2025-01-14 01:06:14,998{GMT}	INFO	[jepsen worker 0] jepsen.util: 0	:ok	:read	[0]
2025-01-14 01:06:15,100{GMT}	INFO	[jepsen worker 1] jepsen.util: 1	:invoke	:broadcast	1
2025-01-14 01:06:15,103{GMT}	INFO	[jepsen worker 1] jepsen.util: 1	:ok	:broadcast	1
2025-01-14 01:06:15,261{GMT}	INFO	[jepsen worker 0] jepsen.util: 0	:invoke	:read	nil
2025-01-14 01:06:15,263{GMT}	INFO	[jepsen worker 0] jepsen.util: 0	:ok	:read	[0]
2025-01-14 01:06:15,423{GMT}	INFO	[jepsen worker 0] jepsen.util: 0	:invoke	:broadcast	2
2025-01-14 01:06:15,426{GMT}	INFO	[jepsen worker 0] jepsen.util: 0	:ok	:broadcast	2
2025-01-14 01:06:15,569{GMT}	INFO	[jepsen worker 1] jepsen.util: 1	:invoke	:read	nil
2025-01-14 01:06:15,569{GMT}	INFO	[jepsen worker 0] jepsen.util: 0	:invoke	:broadcast	3
2025-01-14 01:06:15,570{GMT}	INFO	[jepsen worker 1] jepsen.util: 1	:ok	:read	[1]
2025-01-14 01:06:15,570{GMT}	INFO	[jepsen worker 0] jepsen.util: 0	:ok	:broadcast	3
2025-01-14 01:06:15,650{GMT}	INFO	[jepsen worker 0] jepsen.util: 0	:invoke	:read	nil
2025-01-14 01:06:15,652{GMT}	INFO	[jepsen worker 0] jepsen.util: 0	:ok	:read	[0 2 3]
2025-01-14 01:06:15,833{GMT}	INFO	[jepsen worker 1] jepsen.util: 1	:invoke	:read	nil
2025-01-14 01:06:15,834{GMT}	INFO	[jepsen worker 1] jepsen.util: 1	:ok	:read	[1]
2025-01-14 01:06:15,996{GMT}	INFO	[jepsen worker 0] jepsen.util: 0	:invoke	:broadcast	4
2025-01-14 01:06:15,997{GMT}	INFO	[jepsen worker 0] jepsen.util: 0	:ok	:broadcast	4
2025-01-14 01:06:16,005{GMT}	INFO	[jepsen worker 0] jepsen.util: 0	:invoke	:read	nil
2025-01-14 01:06:16,009{GMT}	INFO	[jepsen worker 0] jepsen.util: 0	:ok	:read	[0 2 3 4]
2025-01-14 01:06:16,116{GMT}	INFO	[jepsen worker 1] jepsen.util: 1	:invoke	:read	nil
2025-01-14 01:06:16,119{GMT}	INFO	[jepsen worker 1] jepsen.util: 1	:ok	:read	[1]
2025-01-14 01:06:16,156{GMT}	INFO	[jepsen worker 0] jepsen.util: 0	:invoke	:broadcast	5
2025-01-14 01:06:16,159{GMT}	INFO	[jepsen worker 0] jepsen.util: 0	:ok	:broadcast	5
2025-01-14 01:06:16,242{GMT}	INFO	[jepsen worker 0] jepsen.util: 0	:invoke	:read	nil
2025-01-14 01:06:16,246{GMT}	INFO	[jepsen worker 0] jepsen.util: 0	:ok	:read	[0 2 3 4 5]
2025-01-14 01:06:16,374{GMT}	INFO	[jepsen worker 1] jepsen.util: 1	:invoke	:read	nil
2025-01-14 01:06:16,378{GMT}	INFO	[jepsen worker 1] jepsen.util: 1	:ok	:read	[1]
2025-01-14 01:06:16,516{GMT}	INFO	[jepsen worker 0] jepsen.util: 0	:invoke	:read	nil
2025-01-14 01:06:16,519{GMT}	INFO	[jepsen worker 0] jepsen.util: 0	:ok	:read	[0 2 3 4 5]
2025-01-14 01:06:16,583{GMT}	INFO	[jepsen worker 0] jepsen.util: 0	:invoke	:read	nil
2025-01-14 01:06:16,584{GMT}	INFO	[jepsen worker 0] jepsen.util: 0	:ok	:read	[0 2 3 4 5]
2025-01-14 01:06:16,691{GMT}	INFO	[jepsen worker 1] jepsen.util: 1	:invoke	:broadcast	6
2025-01-14 01:06:16,694{GMT}	INFO	[jepsen worker 1] jepsen.util: 1	:ok	:broadcast	6
2025-01-14 01:06:16,739{GMT}	INFO	[jepsen worker 0] jepsen.util: 0	:invoke	:read	nil
2025-01-14 01:06:16,743{GMT}	INFO	[jepsen worker 0] jepsen.util: 0	:ok	:read	[0 2 3 4 5]
2025-01-14 01:06:16,849{GMT}	INFO	[jepsen worker 0] jepsen.util: 0	:invoke	:read	nil
2025-01-14 01:06:16,852{GMT}	INFO	[jepsen worker 0] jepsen.util: 0	:ok	:read	[0 2 3 4 5]
2025-01-14 01:06:16,995{GMT}	INFO	[jepsen worker 1] jepsen.util: 1	:invoke	:read	nil
2025-01-14 01:06:16,997{GMT}	INFO	[jepsen worker 1] jepsen.util: 1	:ok	:read	[1 6]
2025-01-14 01:06:17,091{GMT}	INFO	[jepsen worker 0] jepsen.util: 0	:invoke	:read	nil
2025-01-14 01:06:17,095{GMT}	INFO	[jepsen worker 0] jepsen.util: 0	:ok	:read	[0 2 3 4 5]
2025-01-14 01:06:17,134{GMT}	INFO	[jepsen worker 0] jepsen.util: 0	:invoke	:broadcast	7
2025-01-14 01:06:17,137{GMT}	INFO	[jepsen worker 0] jepsen.util: 0	:ok	:broadcast	7
2025-01-14 01:06:17,229{GMT}	INFO	[jepsen worker 1] jepsen.util: 1	:invoke	:read	nil
2025-01-14 01:06:17,230{GMT}	INFO	[jepsen worker 1] jepsen.util: 1	:ok	:read	[1 6]
2025-01-14 01:06:17,358{GMT}	INFO	[jepsen worker 0] jepsen.util: 0	:invoke	:read	nil
2025-01-14 01:06:17,360{GMT}	INFO	[jepsen worker 0] jepsen.util: 0	:ok	:read	[0 2 3 4 5 7]
2025-01-14 01:06:17,456{GMT}	INFO	[jepsen worker 0] jepsen.util: 0	:invoke	:broadcast	8
2025-01-14 01:06:17,458{GMT}	INFO	[jepsen worker 0] jepsen.util: 0	:ok	:broadcast	8
2025-01-14 01:06:17,540{GMT}	INFO	[jepsen worker 1] jepsen.util: 1	:invoke	:read	nil
2025-01-14 01:06:17,543{GMT}	INFO	[jepsen worker 1] jepsen.util: 1	:ok	:read	[1 6]
2025-01-14 01:06:17,597{GMT}	INFO	[jepsen worker 0] jepsen.util: 0	:invoke	:broadcast	9
2025-01-14 01:06:17,598{GMT}	INFO	[jepsen worker 0] jepsen.util: 0	:ok	:broadcast	9
2025-01-14 01:06:17,627{GMT}	INFO	[jepsen worker 0] jepsen.util: 0	:invoke	:broadcast	10
2025-01-14 01:06:17,629{GMT}	INFO	[jepsen worker 0] jepsen.util: 0	:ok	:broadcast	10
2025-01-14 01:06:17,731{GMT}	INFO	[jepsen worker 1] jepsen.util: 1	:invoke	:broadcast	11
2025-01-14 01:06:17,735{GMT}	INFO	[jepsen worker 1] jepsen.util: 1	:ok	:broadcast	11
2025-01-14 01:06:17,877{GMT}	INFO	[jepsen worker 0] jepsen.util: 0	:invoke	:broadcast	12
2025-01-14 01:06:17,880{GMT}	INFO	[jepsen worker 0] jepsen.util: 0	:ok	:broadcast	12
2025-01-14 01:06:17,986{GMT}	INFO	[jepsen worker 0] jepsen.util: 0	:invoke	:broadcast	13
2025-01-14 01:06:17,990{GMT}	INFO	[jepsen worker 0] jepsen.util: 0	:ok	:broadcast	13
2025-01-14 01:06:18,056{GMT}	INFO	[jepsen worker 1] jepsen.util: 1	:invoke	:read	nil
2025-01-14 01:06:18,057{GMT}	INFO	[jepsen worker 1] jepsen.util: 1	:ok	:read	[1 6 11]
2025-01-14 01:06:18,097{GMT}	INFO	[jepsen worker 0] jepsen.util: 0	:invoke	:broadcast	14
2025-01-14 01:06:18,099{GMT}	INFO	[jepsen worker 0] jepsen.util: 0	:ok	:broadcast	14
2025-01-14 01:06:18,262{GMT}	INFO	[jepsen worker 0] jepsen.util: 0	:invoke	:broadcast	15
2025-01-14 01:06:18,264{GMT}	INFO	[jepsen worker 0] jepsen.util: 0	:ok	:broadcast	15
2025-01-14 01:06:18,321{GMT}	INFO	[jepsen worker 1] jepsen.util: 1	:invoke	:broadcast	16
2025-01-14 01:06:18,322{GMT}	INFO	[jepsen worker 1] jepsen.util: 1	:ok	:broadcast	16
2025-01-14 01:06:18,484{GMT}	INFO	[jepsen worker 0] jepsen.util: 0	:invoke	:read	nil
2025-01-14 01:06:18,487{GMT}	INFO	[jepsen worker 0] jepsen.util: 0	:ok	:read	[0 2 3 4 5 7 8 9 10 12 13 14 15]
2025-01-14 01:06:18,516{GMT}	INFO	[jepsen worker 0] jepsen.util: 0	:invoke	:broadcast	17
2025-01-14 01:06:18,519{GMT}	INFO	[jepsen worker 0] jepsen.util: 0	:ok	:broadcast	17
2025-01-14 01:06:18,588{GMT}	INFO	[jepsen worker 1] jepsen.util: 1	:invoke	:broadcast	18
2025-01-14 01:06:18,589{GMT}	INFO	[jepsen worker 1] jepsen.util: 1	:ok	:broadcast	18
2025-01-14 01:06:18,762{GMT}	INFO	[jepsen worker 0] jepsen.util: 0	:invoke	:broadcast	19
2025-01-14 01:06:18,764{GMT}	INFO	[jepsen worker 0] jepsen.util: 0	:ok	:broadcast	19
2025-01-14 01:06:18,826{GMT}	INFO	[jepsen worker 0] jepsen.util: 0	:invoke	:broadcast	20
2025-01-14 01:06:18,828{GMT}	INFO	[jepsen worker 0] jepsen.util: 0	:ok	:broadcast	20
2025-01-14 01:06:18,927{GMT}	INFO	[jepsen worker 1] jepsen.util: 1	:invoke	:broadcast	21
2025-01-14 01:06:18,930{GMT}	INFO	[jepsen worker 1] jepsen.util: 1	:ok	:broadcast	21
2025-01-14 01:06:18,968{GMT}	INFO	[jepsen worker 0] jepsen.util: 0	:invoke	:broadcast	22
2025-01-14 01:06:18,971{GMT}	INFO	[jepsen worker 0] jepsen.util: 0	:ok	:broadcast	22
2025-01-14 01:06:18,988{GMT}	INFO	[jepsen worker 0] jepsen.util: 0	:invoke	:read	nil
2025-01-14 01:06:18,992{GMT}	INFO	[jepsen worker 0] jepsen.util: 0	:ok	:read	[0 2 3 4 5 7 8 9 10 12 13 14 15 17 19 20 22]
2025-01-14 01:06:19,144{GMT}	INFO	[jepsen worker 1] jepsen.util: 1	:invoke	:broadcast	23
2025-01-14 01:06:19,145{GMT}	INFO	[jepsen worker 1] jepsen.util: 1	:ok	:broadcast	23
2025-01-14 01:06:19,269{GMT}	INFO	[jepsen worker 0] jepsen.util: 0	:invoke	:read	nil
2025-01-14 01:06:19,270{GMT}	INFO	[jepsen worker 0] jepsen.util: 0	:ok	:read	[0 2 3 4 5 7 8 9 10 12 13 14 15 17 19 20 22]
2025-01-14 01:06:19,291{GMT}	INFO	[jepsen worker 0] jepsen.util: 0	:invoke	:read	nil
2025-01-14 01:06:19,294{GMT}	INFO	[jepsen worker 0] jepsen.util: 0	:ok	:read	[0 2 3 4 5 7 8 9 10 12 13 14 15 17 19 20 22]
2025-01-14 01:06:19,427{GMT}	INFO	[jepsen worker 1] jepsen.util: 1	:invoke	:broadcast	24
2025-01-14 01:06:19,428{GMT}	INFO	[jepsen worker 1] jepsen.util: 1	:ok	:broadcast	24
2025-01-14 01:06:19,517{GMT}	INFO	[jepsen worker 0] jepsen.util: 0	:invoke	:broadcast	25
2025-01-14 01:06:19,518{GMT}	INFO	[jepsen worker 0] jepsen.util: 0	:ok	:broadcast	25
2025-01-14 01:06:19,557{GMT}	INFO	[jepsen worker 0] jepsen.util: 0	:invoke	:read	nil
2025-01-14 01:06:19,559{GMT}	INFO	[jepsen worker 0] jepsen.util: 0	:ok	:read	[0 2 3 4 5 7 8 9 10 12 13 14 15 17 19 20 22 25]
2025-01-14 01:06:19,652{GMT}	INFO	[jepsen worker 1] jepsen.util: 1	:invoke	:read	nil
2025-01-14 01:06:19,655{GMT}	INFO	[jepsen worker 1] jepsen.util: 1	:ok	:read	[1 6 11 16 18 21 23 24]
2025-01-14 01:06:19,820{GMT}	INFO	[jepsen worker 0] jepsen.util: 0	:invoke	:read	nil
2025-01-14 01:06:19,823{GMT}	INFO	[jepsen worker 0] jepsen.util: 0	:ok	:read	[0 2 3 4 5 7 8 9 10 12 13 14 15 17 19 20 22 25]
2025-01-14 01:06:19,903{GMT}	INFO	[jepsen worker 0] jepsen.util: 0	:invoke	:broadcast	26
2025-01-14 01:06:19,906{GMT}	INFO	[jepsen worker 0] jepsen.util: 0	:ok	:broadcast	26
2025-01-14 01:06:19,993{GMT}	INFO	[jepsen worker 1] jepsen.util: 1	:invoke	:broadcast	27
2025-01-14 01:06:19,996{GMT}	INFO	[jepsen worker 1] jepsen.util: 1	:ok	:broadcast	27
2025-01-14 01:06:20,091{GMT}	INFO	[jepsen worker 0] jepsen.util: 0	:invoke	:read	nil
2025-01-14 01:06:20,092{GMT}	INFO	[jepsen worker 0] jepsen.util: 0	:ok	:read	[0 2 3 4 5 7 8 9 10 12 13 14 15 17 19 20 22 25 26]
2025-01-14 01:06:20,130{GMT}	INFO	[jepsen worker 0] jepsen.util: 0	:invoke	:read	nil
2025-01-14 01:06:20,131{GMT}	INFO	[jepsen worker 0] jepsen.util: 0	:ok	:read	[0 2 3 4 5 7 8 9 10 12 13 14 15 17 19 20 22 25 26]
2025-01-14 01:06:20,184{GMT}	INFO	[jepsen worker 1] jepsen.util: 1	:invoke	:read	nil
2025-01-14 01:06:20,185{GMT}	INFO	[jepsen worker 1] jepsen.util: 1	:ok	:read	[1 6 11 16 18 21 23 24 27]
2025-01-14 01:06:20,326{GMT}	INFO	[jepsen worker 0] jepsen.util: 0	:invoke	:broadcast	28
2025-01-14 01:06:20,329{GMT}	INFO	[jepsen worker 0] jepsen.util: 0	:ok	:broadcast	28
2025-01-14 01:06:20,404{GMT}	INFO	[jepsen worker 0] jepsen.util: 0	:invoke	:broadcast	29
2025-01-14 01:06:20,407{GMT}	INFO	[jepsen worker 0] jepsen.util: 0	:ok	:broadcast	29
2025-01-14 01:06:20,594{GMT}	INFO	[jepsen worker 1] jepsen.util: 1	:invoke	:read	nil
2025-01-14 01:06:20,597{GMT}	INFO	[jepsen worker 1] jepsen.util: 1	:ok	:read	[1 6 11 16 18 21 23 24 27]
2025-01-14 01:06:20,612{GMT}	INFO	[jepsen worker 0] jepsen.util: 0	:invoke	:read	nil
2025-01-14 01:06:20,614{GMT}	INFO	[jepsen worker 0] jepsen.util: 0	:ok	:read	[0 2 3 4 5 7 8 9 10 12 13 14 15 17 19 20 22 25 26 28 29]
2025-01-14 01:06:20,637{GMT}	INFO	[jepsen worker 0] jepsen.util: 0	:invoke	:read	nil
2025-01-14 01:06:20,640{GMT}	INFO	[jepsen worker 0] jepsen.util: 0	:ok	:read	[0 2 3 4 5 7 8 9 10 12 13 14 15 17 19 20 22 25 26 28 29]
2025-01-14 01:06:20,666{GMT}	INFO	[jepsen worker 1] jepsen.util: 1	:invoke	:broadcast	30
2025-01-14 01:06:20,669{GMT}	INFO	[jepsen worker 1] jepsen.util: 1	:ok	:broadcast	30
2025-01-14 01:06:20,712{GMT}	INFO	[jepsen worker 0] jepsen.util: 0	:invoke	:broadcast	31
2025-01-14 01:06:20,713{GMT}	INFO	[jepsen worker 0] jepsen.util: 0	:ok	:broadcast	31
2025-01-14 01:06:20,842{GMT}	INFO	[jepsen worker 0] jepsen.util: 0	:invoke	:broadcast	32
2025-01-14 01:06:20,843{GMT}	INFO	[jepsen worker 0] jepsen.util: 0	:ok	:broadcast	32
2025-01-14 01:06:20,989{GMT}	INFO	[jepsen worker 1] jepsen.util: 1	:invoke	:broadcast	33
2025-01-14 01:06:20,991{GMT}	INFO	[jepsen worker 1] jepsen.util: 1	:ok	:broadcast	33
2025-01-14 01:06:21,026{GMT}	INFO	[jepsen worker 0] jepsen.util: 0	:invoke	:read	nil
2025-01-14 01:06:21,029{GMT}	INFO	[jepsen worker 0] jepsen.util: 0	:ok	:read	[0 2 3 4 5 7 8 9 10 12 13 14 15 17 19 20 22 25 26 28 29 31 32]
2025-01-14 01:06:21,186{GMT}	INFO	[jepsen worker 0] jepsen.util: 0	:invoke	:read	nil
2025-01-14 01:06:21,188{GMT}	INFO	[jepsen worker 0] jepsen.util: 0	:ok	:read	[0 2 3 4 5 7 8 9 10 12 13 14 15 17 19 20 22 25 26 28 29 31 32]
2025-01-14 01:06:21,354{GMT}	INFO	[jepsen worker 1] jepsen.util: 1	:invoke	:read	nil
2025-01-14 01:06:21,356{GMT}	INFO	[jepsen worker 1] jepsen.util: 1	:ok	:read	[1 6 11 16 18 21 23 24 27 30 33]
2025-01-14 01:06:21,497{GMT}	INFO	[jepsen worker 0] jepsen.util: 0	:invoke	:broadcast	34
2025-01-14 01:06:21,500{GMT}	INFO	[jepsen worker 0] jepsen.util: 0	:ok	:broadcast	34
2025-01-14 01:06:21,610{GMT}	INFO	[jepsen worker 0] jepsen.util: 0	:invoke	:read	nil
2025-01-14 01:06:21,613{GMT}	INFO	[jepsen worker 0] jepsen.util: 0	:ok	:read	[0 2 3 4 5 7 8 9 10 12 13 14 15 17 19 20 22 25 26 28 29 31 32 34]
2025-01-14 01:06:21,786{GMT}	INFO	[jepsen worker 1] jepsen.util: 1	:invoke	:read	nil
2025-01-14 01:06:21,789{GMT}	INFO	[jepsen worker 1] jepsen.util: 1	:ok	:read	[1 6 11 16 18 21 23 24 27 30 33]
2025-01-14 01:06:21,873{GMT}	INFO	[jepsen worker 0] jepsen.util: 0	:invoke	:broadcast	35
2025-01-14 01:06:21,876{GMT}	INFO	[jepsen worker 0] jepsen.util: 0	:ok	:broadcast	35
2025-01-14 01:06:22,055{GMT}	INFO	[jepsen worker 0] jepsen.util: 0	:invoke	:broadcast	36
2025-01-14 01:06:22,058{GMT}	INFO	[jepsen worker 0] jepsen.util: 0	:ok	:broadcast	36
2025-01-14 01:06:22,103{GMT}	INFO	[jepsen worker 1] jepsen.util: 1	:invoke	:broadcast	37
2025-01-14 01:06:22,106{GMT}	INFO	[jepsen worker 1] jepsen.util: 1	:ok	:broadcast	37
2025-01-14 01:06:22,176{GMT}	INFO	[jepsen worker 0] jepsen.util: 0	:invoke	:read	nil
2025-01-14 01:06:22,177{GMT}	INFO	[jepsen worker 0] jepsen.util: 0	:ok	:read	[0 2 3 4 5 7 8 9 10 12 13 14 15 17 19 20 22 25 26 28 29 31 32 34 35 36]
2025-01-14 01:06:22,372{GMT}	INFO	[jepsen worker 0] jepsen.util: 0	:invoke	:broadcast	38
2025-01-14 01:06:22,375{GMT}	INFO	[jepsen worker 0] jepsen.util: 0	:ok	:broadcast	38
2025-01-14 01:06:22,490{GMT}	INFO	[jepsen worker 1] jepsen.util: 1	:invoke	:read	nil
2025-01-14 01:06:22,491{GMT}	INFO	[jepsen worker 1] jepsen.util: 1	:ok	:read	[1 6 11 16 18 21 23 24 27 30 33 37]
2025-01-14 01:06:22,627{GMT}	INFO	[jepsen worker 0] jepsen.util: 0	:invoke	:broadcast	39
2025-01-14 01:06:22,630{GMT}	INFO	[jepsen worker 0] jepsen.util: 0	:ok	:broadcast	39
2025-01-14 01:06:22,660{GMT}	INFO	[jepsen worker 0] jepsen.util: 0	:invoke	:read	nil
2025-01-14 01:06:22,661{GMT}	INFO	[jepsen worker 0] jepsen.util: 0	:ok	:read	[0 2 3 4 5 7 8 9 10 12 13 14 15 17 19 20 22 25 26 28 29 31 32 34 35 36 38 39]
2025-01-14 01:06:22,677{GMT}	INFO	[jepsen worker 1] jepsen.util: 1	:invoke	:broadcast	40
2025-01-14 01:06:22,680{GMT}	INFO	[jepsen worker 1] jepsen.util: 1	:ok	:broadcast	40
2025-01-14 01:06:22,771{GMT}	INFO	[jepsen worker 0] jepsen.util: 0	:invoke	:broadcast	41
2025-01-14 01:06:22,773{GMT}	INFO	[jepsen worker 0] jepsen.util: 0	:ok	:broadcast	41
2025-01-14 01:06:22,916{GMT}	INFO	[jepsen worker 0] jepsen.util: 0	:invoke	:read	nil
2025-01-14 01:06:22,919{GMT}	INFO	[jepsen worker 0] jepsen.util: 0	:ok	:read	[0 2 3 4 5 7 8 9 10 12 13 14 15 17 19 20 22 25 26 28 29 31 32 34 35 36 38 39 41]
2025-01-14 01:06:23,090{GMT}	INFO	[jepsen worker 1] jepsen.util: 1	:invoke	:broadcast	42
2025-01-14 01:06:23,091{GMT}	INFO	[jepsen worker 1] jepsen.util: 1	:ok	:broadcast	42
2025-01-14 01:06:23,251{GMT}	INFO	[jepsen worker 0] jepsen.util: 0	:invoke	:read	nil
2025-01-14 01:06:23,252{GMT}	INFO	[jepsen worker 1] jepsen.util: 1	:invoke	:read	nil
2025-01-14 01:06:23,252{GMT}	INFO	[jepsen worker 1] jepsen.util: 1	:ok	:read	[1 6 11 16 18 21 23 24 27 30 33 37 40 42]
2025-01-14 01:06:23,255{GMT}	INFO	[jepsen worker 0] jepsen.util: 0	:ok	:read	[0 2 3 4 5 7 8 9 10 12 13 14 15 17 19 20 22 25 26 28 29 31 32 34 35 36 38 39 41]
2025-01-14 01:06:23,364{GMT}	INFO	[jepsen worker 1] jepsen.util: 1	:invoke	:broadcast	43
2025-01-14 01:06:23,367{GMT}	INFO	[jepsen worker 1] jepsen.util: 1	:ok	:broadcast	43
2025-01-14 01:06:23,397{GMT}	INFO	[jepsen worker 0] jepsen.util: 0	:invoke	:broadcast	44
2025-01-14 01:06:23,398{GMT}	INFO	[jepsen worker 0] jepsen.util: 0	:ok	:broadcast	44
2025-01-14 01:06:23,586{GMT}	INFO	[jepsen worker 0] jepsen.util: 0	:invoke	:broadcast	45
2025-01-14 01:06:23,587{GMT}	INFO	[jepsen worker 0] jepsen.util: 0	:ok	:broadcast	45
2025-01-14 01:06:23,655{GMT}	INFO	[jepsen worker 1] jepsen.util: 1	:invoke	:read	nil
2025-01-14 01:06:23,661{GMT}	INFO	[jepsen worker 1] jepsen.util: 1	:ok	:read	[1 6 11 16 18 21 23 24 27 30 33 37 40 42 43]
2025-01-14 01:06:23,687{GMT}	INFO	[jepsen worker 0] jepsen.util: 0	:invoke	:read	nil
2025-01-14 01:06:23,688{GMT}	INFO	[jepsen worker 0] jepsen.util: 0	:ok	:read	[0 2 3 4 5 7 8 9 10 12 13 14 15 17 19 20 22 25 26 28 29 31 32 34 35 36 38 39 41 44 45]
2025-01-14 01:06:23,817{GMT}	INFO	[jepsen worker 0] jepsen.util: 0	:invoke	:read	nil
2025-01-14 01:06:23,819{GMT}	INFO	[jepsen worker 0] jepsen.util: 0	:ok	:read	[0 2 3 4 5 7 8 9 10 12 13 14 15 17 19 20 22 25 26 28 29 31 32 34 35 36 38 39 41 44 45]
2025-01-14 01:06:23,998{GMT}	INFO	[jepsen worker 1] jepsen.util: 1	:invoke	:read	nil
2025-01-14 01:06:23,999{GMT}	INFO	[jepsen worker 1] jepsen.util: 1	:ok	:read	[1 6 11 16 18 21 23 24 27 30 33 37 40 42 43]
2025-01-14 01:06:24,080{GMT}	INFO	[jepsen worker 0] jepsen.util: 0	:invoke	:broadcast	46
2025-01-14 01:06:24,081{GMT}	INFO	[jepsen worker 0] jepsen.util: 0	:ok	:broadcast	46
2025-01-14 01:06:24,226{GMT}	INFO	[jepsen worker 0] jepsen.util: 0	:invoke	:read	nil
2025-01-14 01:06:24,227{GMT}	INFO	[jepsen worker 0] jepsen.util: 0	:ok	:read	[0 2 3 4 5 7 8 9 10 12 13 14 15 17 19 20 22 25 26 28 29 31 32 34 35 36 38 39 41 44 45 46]
2025-01-14 01:06:24,403{GMT}	INFO	[jepsen worker 1] jepsen.util: 1	:invoke	:read	nil
2025-01-14 01:06:24,406{GMT}	INFO	[jepsen worker 1] jepsen.util: 1	:ok	:read	[1 6 11 16 18 21 23 24 27 30 33 37 40 42 43]
2025-01-14 01:06:24,433{GMT}	INFO	[jepsen worker 0] jepsen.util: 0	:invoke	:read	nil
2025-01-14 01:06:24,436{GMT}	INFO	[jepsen worker 0] jepsen.util: 0	:ok	:read	[0 2 3 4 5 7 8 9 10 12 13 14 15 17 19 20 22 25 26 28 29 31 32 34 35 36 38 39 41 44 45 46]
2025-01-14 01:06:24,627{GMT}	INFO	[jepsen worker 0] jepsen.util: 0	:invoke	:broadcast	47
2025-01-14 01:06:24,629{GMT}	INFO	[jepsen worker 0] jepsen.util: 0	:ok	:broadcast	47
2025-01-14 01:06:24,726{GMT}	INFO	[jepsen worker 1] jepsen.util: 1	:invoke	:broadcast	48
2025-01-14 01:06:24,729{GMT}	INFO	[jepsen worker 1] jepsen.util: 1	:ok	:broadcast	48
2025-01-14 01:06:24,891{GMT}	INFO	[jepsen worker 0] jepsen.util: 0	:invoke	:read	nil
2025-01-14 01:06:24,894{GMT}	INFO	[jepsen worker 0] jepsen.util: 0	:ok	:read	[0 2 3 4 5 7 8 9 10 12 13 14 15 17 19 20 22 25 26 28 29 31 32 34 35 36 38 39 41 44 45 46 47]
2025-01-14 01:06:25,064{GMT}	INFO	[jepsen worker 0] jepsen.util: 0	:invoke	:broadcast	49
2025-01-14 01:06:25,066{GMT}	INFO	[jepsen worker 0] jepsen.util: 0	:ok	:broadcast	49
2025-01-14 01:06:25,202{GMT}	INFO	[jepsen worker 1] jepsen.util: 1	:invoke	:read	nil
2025-01-14 01:06:25,204{GMT}	INFO	[jepsen worker 1] jepsen.util: 1	:ok	:read	[1 6 11 16 18 21 23 24 27 30 33 37 40 42 43 48]
2025-01-14 01:06:25,293{GMT}	INFO	[jepsen worker 0] jepsen.util: 0	:invoke	:read	nil
2025-01-14 01:06:25,295{GMT}	INFO	[jepsen worker 0] jepsen.util: 0	:ok	:read	[0 2 3 4 5 7 8 9 10 12 13 14 15 17 19 20 22 25 26 28 29 31 32 34 35 36 38 39 41 44 45 46 47 49]
2025-01-14 01:06:25,394{GMT}	INFO	[jepsen worker 0] jepsen.util: 0	:invoke	:broadcast	50
2025-01-14 01:06:25,397{GMT}	INFO	[jepsen worker 0] jepsen.util: 0	:ok	:broadcast	50
2025-01-14 01:06:25,403{GMT}	INFO	[jepsen worker 1] jepsen.util: 1	:invoke	:read	nil
2025-01-14 01:06:25,408{GMT}	INFO	[jepsen worker 1] jepsen.util: 1	:ok	:read	[1 6 11 16 18 21 23 24 27 30 33 37 40 42 43 48]
2025-01-14 01:06:25,555{GMT}	INFO	[jepsen worker 0] jepsen.util: 0	:invoke	:read	nil
2025-01-14 01:06:25,556{GMT}	INFO	[jepsen worker 0] jepsen.util: 0	:ok	:read	[0 2 3 4 5 7 8 9 10 12 13 14 15 17 19 20 22 25 26 28 29 31 32 34 35 36 38 39 41 44 45 46 47 49 50]
2025-01-14 01:06:25,742{GMT}	INFO	[jepsen worker 0] jepsen.util: 0	:invoke	:read	nil
2025-01-14 01:06:25,744{GMT}	INFO	[jepsen worker 0] jepsen.util: 0	:ok	:read	[0 2 3 4 5 7 8 9 10 12 13 14 15 17 19 20 22 25 26 28 29 31 32 34 35 36 38 39 41 44 45 46 47 49 50]
2025-01-14 01:06:25,780{GMT}	INFO	[jepsen worker 1] jepsen.util: 1	:invoke	:broadcast	51
2025-01-14 01:06:25,781{GMT}	INFO	[jepsen worker 1] jepsen.util: 1	:ok	:broadcast	51
2025-01-14 01:06:25,958{GMT}	INFO	[jepsen worker 0] jepsen.util: 0	:invoke	:broadcast	52
2025-01-14 01:06:25,959{GMT}	INFO	[jepsen worker 0] jepsen.util: 0	:ok	:broadcast	52
2025-01-14 01:06:26,086{GMT}	INFO	[jepsen worker 0] jepsen.util: 0	:invoke	:read	nil
2025-01-14 01:06:26,089{GMT}	INFO	[jepsen worker 0] jepsen.util: 0	:ok	:read	[0 2 3 4 5 7 8 9 10 12 13 14 15 17 19 20 22 25 26 28 29 31 32 34 35 36 38 39 41 44 45 46 47 49 50 52]
2025-01-14 01:06:26,219{GMT}	INFO	[jepsen worker 1] jepsen.util: 1	:invoke	:broadcast	53
2025-01-14 01:06:26,221{GMT}	INFO	[jepsen worker 1] jepsen.util: 1	:ok	:broadcast	53
2025-01-14 01:06:26,375{GMT}	INFO	[jepsen worker 0] jepsen.util: 0	:invoke	:broadcast	54
2025-01-14 01:06:26,376{GMT}	INFO	[jepsen worker 0] jepsen.util: 0	:ok	:broadcast	54
2025-01-14 01:06:26,470{GMT}	INFO	[jepsen worker 0] jepsen.util: 0	:invoke	:read	nil
2025-01-14 01:06:26,473{GMT}	INFO	[jepsen worker 0] jepsen.util: 0	:ok	:read	[0 2 3 4 5 7 8 9 10 12 13 14 15 17 19 20 22 25 26 28 29 31 32 34 35 36 38 39 41 44 45 46 47 49 50 52 54]
2025-01-14 01:06:26,480{GMT}	INFO	[jepsen worker 1] jepsen.util: 1	:invoke	:read	nil
2025-01-14 01:06:26,481{GMT}	INFO	[jepsen worker 1] jepsen.util: 1	:ok	:read	[1 6 11 16 18 21 23 24 27 30 33 37 40 42 43 48 51 53]
2025-01-14 01:06:26,491{GMT}	INFO	[jepsen worker 0] jepsen.util: 0	:invoke	:read	nil
2025-01-14 01:06:26,492{GMT}	INFO	[jepsen worker 0] jepsen.util: 0	:ok	:read	[0 2 3 4 5 7 8 9 10 12 13 14 15 17 19 20 22 25 26 28 29 31 32 34 35 36 38 39 41 44 45 46 47 49 50 52 54]
2025-01-14 01:06:26,568{GMT}	INFO	[jepsen worker 0] jepsen.util: 0	:invoke	:read	nil
2025-01-14 01:06:26,569{GMT}	INFO	[jepsen worker 0] jepsen.util: 0	:ok	:read	[0 2 3 4 5 7 8 9 10 12 13 14 15 17 19 20 22 25 26 28 29 31 32 34 35 36 38 39 41 44 45 46 47 49 50 52 54]
2025-01-14 01:06:26,710{GMT}	INFO	[jepsen worker 1] jepsen.util: 1	:invoke	:read	nil
2025-01-14 01:06:26,713{GMT}	INFO	[jepsen worker 1] jepsen.util: 1	:ok	:read	[1 6 11 16 18 21 23 24 27 30 33 37 40 42 43 48 51 53]
2025-01-14 01:06:26,752{GMT}	INFO	[jepsen worker 0] jepsen.util: 0	:invoke	:broadcast	55
2025-01-14 01:06:26,753{GMT}	INFO	[jepsen worker 0] jepsen.util: 0	:ok	:broadcast	55
2025-01-14 01:06:26,917{GMT}	INFO	[jepsen worker 0] jepsen.util: 0	:invoke	:broadcast	56
2025-01-14 01:06:26,919{GMT}	INFO	[jepsen worker 0] jepsen.util: 0	:ok	:broadcast	56
2025-01-14 01:06:26,961{GMT}	INFO	[jepsen worker 1] jepsen.util: 1	:invoke	:broadcast	57
2025-01-14 01:06:26,962{GMT}	INFO	[jepsen worker 1] jepsen.util: 1	:ok	:broadcast	57
2025-01-14 01:06:27,065{GMT}	INFO	[jepsen worker 0] jepsen.util: 0	:invoke	:read	nil
2025-01-14 01:06:27,066{GMT}	INFO	[jepsen worker 0] jepsen.util: 0	:ok	:read	[0 2 3 4 5 7 8 9 10 12 13 14 15 17 19 20 22 25 26 28 29 31 32 34 35 36 38 39 41 44 45 46 47 49 50 52 54 55 56]
2025-01-14 01:06:27,139{GMT}	INFO	[jepsen worker 0] jepsen.util: 0	:invoke	:broadcast	58
2025-01-14 01:06:27,141{GMT}	INFO	[jepsen worker 0] jepsen.util: 0	:ok	:broadcast	58
2025-01-14 01:06:27,283{GMT}	INFO	[jepsen worker 1] jepsen.util: 1	:invoke	:broadcast	59
2025-01-14 01:06:27,286{GMT}	INFO	[jepsen worker 1] jepsen.util: 1	:ok	:broadcast	59
2025-01-14 01:06:27,427{GMT}	INFO	[jepsen worker 0] jepsen.util: 0	:invoke	:read	nil
2025-01-14 01:06:27,430{GMT}	INFO	[jepsen worker 0] jepsen.util: 0	:ok	:read	[0 2 3 4 5 7 8 9 10 12 13 14 15 17 19 20 22 25 26 28 29 31 32 34 35 36 38 39 41 44 45 46 47 49 50 52 54 55 56 58]
2025-01-14 01:06:27,485{GMT}	INFO	[jepsen worker 0] jepsen.util: 0	:invoke	:read	nil
2025-01-14 01:06:27,486{GMT}	INFO	[jepsen worker 0] jepsen.util: 0	:ok	:read	[0 2 3 4 5 7 8 9 10 12 13 14 15 17 19 20 22 25 26 28 29 31 32 34 35 36 38 39 41 44 45 46 47 49 50 52 54 55 56 58]
2025-01-14 01:06:27,583{GMT}	INFO	[jepsen worker 1] jepsen.util: 1	:invoke	:read	nil
2025-01-14 01:06:27,584{GMT}	INFO	[jepsen worker 1] jepsen.util: 1	:ok	:read	[1 6 11 16 18 21 23 24 27 30 33 37 40 42 43 48 51 53 57 59]
2025-01-14 01:06:27,716{GMT}	INFO	[jepsen worker 0] jepsen.util: 0	:invoke	:read	nil
2025-01-14 01:06:27,719{GMT}	INFO	[jepsen worker 0] jepsen.util: 0	:ok	:read	[0 2 3 4 5 7 8 9 10 12 13 14 15 17 19 20 22 25 26 28 29 31 32 34 35 36 38 39 41 44 45 46 47 49 50 52 54 55 56 58]
2025-01-14 01:06:27,899{GMT}	INFO	[jepsen worker 0] jepsen.util: 0	:invoke	:broadcast	60
2025-01-14 01:06:27,902{GMT}	INFO	[jepsen worker 0] jepsen.util: 0	:ok	:broadcast	60
2025-01-14 01:06:28,004{GMT}	INFO	[jepsen worker 1] jepsen.util: 1	:invoke	:broadcast	61
2025-01-14 01:06:28,006{GMT}	INFO	[jepsen worker 1] jepsen.util: 1	:ok	:broadcast	61
2025-01-14 01:06:28,068{GMT}	INFO	[jepsen worker 0] jepsen.util: 0	:invoke	:broadcast	62
2025-01-14 01:06:28,069{GMT}	INFO	[jepsen worker 0] jepsen.util: 0	:ok	:broadcast	62
2025-01-14 01:06:28,267{GMT}	INFO	[jepsen worker 0] jepsen.util: 0	:invoke	:read	nil
2025-01-14 01:06:28,270{GMT}	INFO	[jepsen worker 0] jepsen.util: 0	:ok	:read	[0 2 3 4 5 7 8 9 10 12 13 14 15 17 19 20 22 25 26 28 29 31 32 34 35 36 38 39 41 44 45 46 47 49 50 52 54 55 56 58 60 62]
2025-01-14 01:06:28,277{GMT}	INFO	[jepsen worker 1] jepsen.util: 1	:invoke	:broadcast	63
2025-01-14 01:06:28,279{GMT}	INFO	[jepsen worker 1] jepsen.util: 1	:ok	:broadcast	63
2025-01-14 01:06:28,439{GMT}	INFO	[jepsen worker 0] jepsen.util: 0	:invoke	:broadcast	64
2025-01-14 01:06:28,441{GMT}	INFO	[jepsen worker 0] jepsen.util: 0	:ok	:broadcast	64
2025-01-14 01:06:28,556{GMT}	INFO	[jepsen worker 0] jepsen.util: 0	:invoke	:read	nil
2025-01-14 01:06:28,557{GMT}	INFO	[jepsen worker 0] jepsen.util: 0	:ok	:read	[0 2 3 4 5 7 8 9 10 12 13 14 15 17 19 20 22 25 26 28 29 31 32 34 35 36 38 39 41 44 45 46 47 49 50 52 54 55 56 58 60 62 64]
2025-01-14 01:06:28,569{GMT}	INFO	[jepsen worker 1] jepsen.util: 1	:invoke	:read	nil
2025-01-14 01:06:28,571{GMT}	INFO	[jepsen worker 1] jepsen.util: 1	:ok	:read	[1 6 11 16 18 21 23 24 27 30 33 37 40 42 43 48 51 53 57 59 61 63]
2025-01-14 01:06:28,662{GMT}	INFO	[jepsen worker 0] jepsen.util: 0	:invoke	:broadcast	65
2025-01-14 01:06:28,664{GMT}	INFO	[jepsen worker 0] jepsen.util: 0	:ok	:broadcast	65
2025-01-14 01:06:28,855{GMT}	INFO	[jepsen worker 0] jepsen.util: 0	:invoke	:read	nil
2025-01-14 01:06:28,857{GMT}	INFO	[jepsen worker 0] jepsen.util: 0	:ok	:read	[0 2 3 4 5 7 8 9 10 12 13 14 15 17 19 20 22 25 26 28 29 31 32 34 35 36 38 39 41 44 45 46 47 49 50 52 54 55 56 58 60 62 64 65]
2025-01-14 01:06:28,956{GMT}	INFO	[jepsen worker 1] jepsen.util: 1	:invoke	:read	nil
2025-01-14 01:06:28,957{GMT}	INFO	[jepsen worker 1] jepsen.util: 1	:ok	:read	[1 6 11 16 18 21 23 24 27 30 33 37 40 42 43 48 51 53 57 59 61 63]
2025-01-14 01:06:28,965{GMT}	INFO	[jepsen worker 0] jepsen.util: 0	:invoke	:read	nil
2025-01-14 01:06:28,967{GMT}	INFO	[jepsen worker 0] jepsen.util: 0	:ok	:read	[0 2 3 4 5 7 8 9 10 12 13 14 15 17 19 20 22 25 26 28 29 31 32 34 35 36 38 39 41 44 45 46 47 49 50 52 54 55 56 58 60 62 64 65]
2025-01-14 01:06:29,107{GMT}	INFO	[jepsen worker 0] jepsen.util: 0	:invoke	:broadcast	66
2025-01-14 01:06:29,109{GMT}	INFO	[jepsen worker 0] jepsen.util: 0	:ok	:broadcast	66
2025-01-14 01:06:29,208{GMT}	INFO	[jepsen worker 1] jepsen.util: 1	:invoke	:read	nil
2025-01-14 01:06:29,211{GMT}	INFO	[jepsen worker 1] jepsen.util: 1	:ok	:read	[1 6 11 16 18 21 23 24 27 30 33 37 40 42 43 48 51 53 57 59 61 63]
2025-01-14 01:06:29,318{GMT}	INFO	[jepsen worker 0] jepsen.util: 0	:invoke	:read	nil
2025-01-14 01:06:29,319{GMT}	INFO	[jepsen worker 0] jepsen.util: 0	:ok	:read	[0 2 3 4 5 7 8 9 10 12 13 14 15 17 19 20 22 25 26 28 29 31 32 34 35 36 38 39 41 44 45 46 47 49 50 52 54 55 56 58 60 62 64 65 66]
2025-01-14 01:06:29,512{GMT}	INFO	[jepsen worker 0] jepsen.util: 0	:invoke	:broadcast	67
2025-01-14 01:06:29,514{GMT}	INFO	[jepsen worker 0] jepsen.util: 0	:ok	:broadcast	67
2025-01-14 01:06:29,694{GMT}	INFO	[jepsen worker 1] jepsen.util: 1	:invoke	:broadcast	68
2025-01-14 01:06:29,696{GMT}	INFO	[jepsen worker 1] jepsen.util: 1	:ok	:broadcast	68
2025-01-14 01:06:29,759{GMT}	INFO	[jepsen worker 0] jepsen.util: 0	:invoke	:broadcast	69
2025-01-14 01:06:29,759{GMT}	INFO	[jepsen worker 0] jepsen.util: 0	:ok	:broadcast	69
2025-01-14 01:06:29,842{GMT}	INFO	[jepsen worker 0] jepsen.util: 0	:invoke	:broadcast	70
2025-01-14 01:06:29,844{GMT}	INFO	[jepsen worker 0] jepsen.util: 0	:ok	:broadcast	70
2025-01-14 01:06:29,853{GMT}	INFO	[jepsen worker 1] jepsen.util: 1	:invoke	:broadcast	71
2025-01-14 01:06:29,855{GMT}	INFO	[jepsen worker 1] jepsen.util: 1	:ok	:broadcast	71
2025-01-14 01:06:29,935{GMT}	INFO	[jepsen worker 0] jepsen.util: 0	:invoke	:read	nil
2025-01-14 01:06:29,938{GMT}	INFO	[jepsen worker 0] jepsen.util: 0	:ok	:read	[0 2 3 4 5 7 8 9 10 12 13 14 15 17 19 20 22 25 26 28 29 31 32 34 35 36 38 39 41 44 45 46 47 49 50 52 54 55 56 58 60 62 64 65 66 67 69 70]
2025-01-14 01:06:30,056{GMT}	INFO	[jepsen worker 0] jepsen.util: 0	:invoke	:broadcast	72
2025-01-14 01:06:30,057{GMT}	INFO	[jepsen worker 0] jepsen.util: 0	:ok	:broadcast	72
2025-01-14 01:06:30,115{GMT}	INFO	[jepsen worker 1] jepsen.util: 1	:invoke	:read	nil
2025-01-14 01:06:30,116{GMT}	INFO	[jepsen worker 1] jepsen.util: 1	:ok	:read	[1 6 11 16 18 21 23 24 27 30 33 37 40 42 43 48 51 53 57 59 61 63 68 71]
2025-01-14 01:06:30,169{GMT}	INFO	[jepsen worker 0] jepsen.util: 0	:invoke	:read	nil
2025-01-14 01:06:30,170{GMT}	INFO	[jepsen worker 0] jepsen.util: 0	:ok	:read	[0 2 3 4 5 7 8 9 10 12 13 14 15 17 19 20 22 25 26 28 29 31 32 34 35 36 38 39 41 44 45 46 47 49 50 52 54 55 56 58 60 62 64 65 66 67 69 70 72]
2025-01-14 01:06:30,291{GMT}	INFO	[jepsen worker 0] jepsen.util: 0	:invoke	:read	nil
2025-01-14 01:06:30,293{GMT}	INFO	[jepsen worker 0] jepsen.util: 0	:ok	:read	[0 2 3 4 5 7 8 9 10 12 13 14 15 17 19 20 22 25 26 28 29 31 32 34 35 36 38 39 41 44 45 46 47 49 50 52 54 55 56 58 60 62 64 65 66 67 69 70 72]
2025-01-14 01:06:30,300{GMT}	INFO	[jepsen worker 1] jepsen.util: 1	:invoke	:broadcast	73
2025-01-14 01:06:30,302{GMT}	INFO	[jepsen worker 1] jepsen.util: 1	:ok	:broadcast	73
2025-01-14 01:06:30,371{GMT}	INFO	[jepsen worker 0] jepsen.util: 0	:invoke	:broadcast	74
2025-01-14 01:06:30,372{GMT}	INFO	[jepsen worker 0] jepsen.util: 0	:ok	:broadcast	74
2025-01-14 01:06:30,395{GMT}	INFO	[jepsen worker 0] jepsen.util: 0	:invoke	:broadcast	75
2025-01-14 01:06:30,397{GMT}	INFO	[jepsen worker 0] jepsen.util: 0	:ok	:broadcast	75
2025-01-14 01:06:30,421{GMT}	INFO	[jepsen worker 1] jepsen.util: 1	:invoke	:broadcast	76
2025-01-14 01:06:30,422{GMT}	INFO	[jepsen worker 1] jepsen.util: 1	:ok	:broadcast	76
2025-01-14 01:06:30,469{GMT}	INFO	[jepsen worker 0] jepsen.util: 0	:invoke	:read	nil
2025-01-14 01:06:30,472{GMT}	INFO	[jepsen worker 0] jepsen.util: 0	:ok	:read	[0 2 3 4 5 7 8 9 10 12 13 14 15 17 19 20 22 25 26 28 29 31 32 34 35 36 38 39 41 44 45 46 47 49 50 52 54 55 56 58 60 62 64 65 66 67 69 70 72 74 75]
2025-01-14 01:06:30,569{GMT}	INFO	[jepsen worker 0] jepsen.util: 0	:invoke	:broadcast	77
2025-01-14 01:06:30,571{GMT}	INFO	[jepsen worker 0] jepsen.util: 0	:ok	:broadcast	77
2025-01-14 01:06:30,715{GMT}	INFO	[jepsen worker 1] jepsen.util: 1	:invoke	:read	nil
2025-01-14 01:06:30,716{GMT}	INFO	[jepsen worker 1] jepsen.util: 1	:ok	:read	[1 6 11 16 18 21 23 24 27 30 33 37 40 42 43 48 51 53 57 59 61 63 68 71 73 76]
2025-01-14 01:06:30,746{GMT}	INFO	[jepsen worker 0] jepsen.util: 0	:invoke	:broadcast	78
2025-01-14 01:06:30,747{GMT}	INFO	[jepsen worker 0] jepsen.util: 0	:ok	:broadcast	78
2025-01-14 01:06:30,829{GMT}	INFO	[jepsen worker 0] jepsen.util: 0	:invoke	:read	nil
2025-01-14 01:06:30,831{GMT}	INFO	[jepsen worker 0] jepsen.util: 0	:ok	:read	[0 2 3 4 5 7 8 9 10 12 13 14 15 17 19 20 22 25 26 28 29 31 32 34 35 36 38 39 41 44 45 46 47 49 50 52 54 55 56 58 60 62 64 65 66 67 69 70 72 74 75 77 78]
2025-01-14 01:06:30,897{GMT}	INFO	[jepsen worker 1] jepsen.util: 1	:invoke	:broadcast	79
2025-01-14 01:06:30,897{GMT}	INFO	[jepsen worker 1] jepsen.util: 1	:ok	:broadcast	79
2025-01-14 01:06:30,928{GMT}	INFO	[jepsen worker 0] jepsen.util: 0	:invoke	:broadcast	80
2025-01-14 01:06:30,930{GMT}	INFO	[jepsen worker 0] jepsen.util: 0	:ok	:broadcast	80
2025-01-14 01:06:30,937{GMT}	INFO	[jepsen worker 0] jepsen.util: 0	:invoke	:read	nil
2025-01-14 01:06:30,940{GMT}	INFO	[jepsen worker 0] jepsen.util: 0	:ok	:read	[0 2 3 4 5 7 8 9 10 12 13 14 15 17 19 20 22 25 26 28 29 31 32 34 35 36 38 39 41 44 45 46 47 49 50 52 54 55 56 58 60 62 64 65 66 67 69 70 72 74 75 77 78 80]
2025-01-14 01:06:31,005{GMT}	INFO	[jepsen worker 1] jepsen.util: 1	:invoke	:read	nil
2025-01-14 01:06:31,006{GMT}	INFO	[jepsen worker 1] jepsen.util: 1	:ok	:read	[1 6 11 16 18 21 23 24 27 30 33 37 40 42 43 48 51 53 57 59 61 63 68 71 73 76 79]
2025-01-14 01:06:31,100{GMT}	INFO	[jepsen worker 0] jepsen.util: 0	:invoke	:broadcast	81
2025-01-14 01:06:31,102{GMT}	INFO	[jepsen worker 0] jepsen.util: 0	:ok	:broadcast	81
2025-01-14 01:06:31,284{GMT}	INFO	[jepsen worker 0] jepsen.util: 0	:invoke	:broadcast	82
2025-01-14 01:06:31,286{GMT}	INFO	[jepsen worker 0] jepsen.util: 0	:ok	:broadcast	82
2025-01-14 01:06:31,336{GMT}	INFO	[jepsen worker 1] jepsen.util: 1	:invoke	:read	nil
2025-01-14 01:06:31,338{GMT}	INFO	[jepsen worker 1] jepsen.util: 1	:ok	:read	[1 6 11 16 18 21 23 24 27 30 33 37 40 42 43 48 51 53 57 59 61 63 68 71 73 76 79]
2025-01-14 01:06:31,433{GMT}	INFO	[jepsen worker 0] jepsen.util: 0	:invoke	:broadcast	83
2025-01-14 01:06:31,435{GMT}	INFO	[jepsen worker 0] jepsen.util: 0	:ok	:broadcast	83
2025-01-14 01:06:31,630{GMT}	INFO	[jepsen worker 0] jepsen.util: 0	:invoke	:broadcast	84
2025-01-14 01:06:31,631{GMT}	INFO	[jepsen worker 0] jepsen.util: 0	:ok	:broadcast	84
2025-01-14 01:06:31,795{GMT}	INFO	[jepsen worker 1] jepsen.util: 1	:invoke	:broadcast	85
2025-01-14 01:06:31,797{GMT}	INFO	[jepsen worker 1] jepsen.util: 1	:ok	:broadcast	85
2025-01-14 01:06:31,880{GMT}	INFO	[jepsen worker 0] jepsen.util: 0	:invoke	:broadcast	86
2025-01-14 01:06:31,881{GMT}	INFO	[jepsen worker 0] jepsen.util: 0	:ok	:broadcast	86
2025-01-14 01:06:31,983{GMT}	INFO	[jepsen worker 0] jepsen.util: 0	:invoke	:read	nil
2025-01-14 01:06:31,985{GMT}	INFO	[jepsen worker 0] jepsen.util: 0	:ok	:read	[0 2 3 4 5 7 8 9 10 12 13 14 15 17 19 20 22 25 26 28 29 31 32 34 35 36 38 39 41 44 45 46 47 49 50 52 54 55 56 58 60 62 64 65 66 67 69 70 72 74 75 77 78 80 81 82 83 84 86]
2025-01-14 01:06:32,012{GMT}	INFO	[jepsen worker 1] jepsen.util: 1	:invoke	:broadcast	87
2025-01-14 01:06:32,014{GMT}	INFO	[jepsen worker 1] jepsen.util: 1	:ok	:broadcast	87
2025-01-14 01:06:32,021{GMT}	INFO	[jepsen worker 0] jepsen.util: 0	:invoke	:broadcast	88
2025-01-14 01:06:32,022{GMT}	INFO	[jepsen worker 0] jepsen.util: 0	:ok	:broadcast	88
2025-01-14 01:06:32,167{GMT}	INFO	[jepsen worker 0] jepsen.util: 0	:invoke	:read	nil
2025-01-14 01:06:32,169{GMT}	INFO	[jepsen worker 0] jepsen.util: 0	:ok	:read	[0 2 3 4 5 7 8 9 10 12 13 14 15 17 19 20 22 25 26 28 29 31 32 34 35 36 38 39 41 44 45 46 47 49 50 52 54 55 56 58 60 62 64 65 66 67 69 70 72 74 75 77 78 80 81 82 83 84 86 88]
2025-01-14 01:06:32,354{GMT}	INFO	[jepsen worker 1] jepsen.util: 1	:invoke	:broadcast	89
2025-01-14 01:06:32,358{GMT}	INFO	[jepsen worker 1] jepsen.util: 1	:ok	:broadcast	89
2025-01-14 01:06:32,444{GMT}	INFO	[jepsen worker 0] jepsen.util: 0	:invoke	:read	nil
2025-01-14 01:06:32,445{GMT}	INFO	[jepsen worker 0] jepsen.util: 0	:ok	:read	[0 2 3 4 5 7 8 9 10 12 13 14 15 17 19 20 22 25 26 28 29 31 32 34 35 36 38 39 41 44 45 46 47 49 50 52 54 55 56 58 60 62 64 65 66 67 69 70 72 74 75 77 78 80 81 82 83 84 86 88]
2025-01-14 01:06:32,525{GMT}	INFO	[jepsen worker 0] jepsen.util: 0	:invoke	:read	nil
2025-01-14 01:06:32,527{GMT}	INFO	[jepsen worker 0] jepsen.util: 0	:ok	:read	[0 2 3 4 5 7 8 9 10 12 13 14 15 17 19 20 22 25 26 28 29 31 32 34 35 36 38 39 41 44 45 46 47 49 50 52 54 55 56 58 60 62 64 65 66 67 69 70 72 74 75 77 78 80 81 82 83 84 86 88]
2025-01-14 01:06:32,632{GMT}	INFO	[jepsen worker 1] jepsen.util: 1	:invoke	:broadcast	90
2025-01-14 01:06:32,634{GMT}	INFO	[jepsen worker 1] jepsen.util: 1	:ok	:broadcast	90
2025-01-14 01:06:32,638{GMT}	INFO	[jepsen worker 0] jepsen.util: 0	:invoke	:read	nil
2025-01-14 01:06:32,641{GMT}	INFO	[jepsen worker 0] jepsen.util: 0	:ok	:read	[0 2 3 4 5 7 8 9 10 12 13 14 15 17 19 20 22 25 26 28 29 31 32 34 35 36 38 39 41 44 45 46 47 49 50 52 54 55 56 58 60 62 64 65 66 67 69 70 72 74 75 77 78 80 81 82 83 84 86 88]
2025-01-14 01:06:32,811{GMT}	INFO	[jepsen worker 0] jepsen.util: 0	:invoke	:read	nil
2025-01-14 01:06:32,812{GMT}	INFO	[jepsen worker 0] jepsen.util: 0	:ok	:read	[0 2 3 4 5 7 8 9 10 12 13 14 15 17 19 20 22 25 26 28 29 31 32 34 35 36 38 39 41 44 45 46 47 49 50 52 54 55 56 58 60 62 64 65 66 67 69 70 72 74 75 77 78 80 81 82 83 84 86 88]
2025-01-14 01:06:32,999{GMT}	INFO	[jepsen worker 1] jepsen.util: 1	:invoke	:read	nil
2025-01-14 01:06:33,001{GMT}	INFO	[jepsen worker 1] jepsen.util: 1	:ok	:read	[1 6 11 16 18 21 23 24 27 30 33 37 40 42 43 48 51 53 57 59 61 63 68 71 73 76 79 85 87 89 90]
2025-01-14 01:06:33,055{GMT}	INFO	[jepsen worker 0] jepsen.util: 0	:invoke	:broadcast	91
2025-01-14 01:06:33,056{GMT}	INFO	[jepsen worker 0] jepsen.util: 0	:ok	:broadcast	91
2025-01-14 01:06:33,063{GMT}	INFO	[jepsen worker 0] jepsen.util: 0	:invoke	:read	nil
2025-01-14 01:06:33,065{GMT}	INFO	[jepsen worker 0] jepsen.util: 0	:ok	:read	[0 2 3 4 5 7 8 9 10 12 13 14 15 17 19 20 22 25 26 28 29 31 32 34 35 36 38 39 41 44 45 46 47 49 50 52 54 55 56 58 60 62 64 65 66 67 69 70 72 74 75 77 78 80 81 82 83 84 86 88 91]
2025-01-14 01:06:33,125{GMT}	INFO	[jepsen worker 1] jepsen.util: 1	:invoke	:broadcast	92
2025-01-14 01:06:33,125{GMT}	INFO	[jepsen worker 1] jepsen.util: 1	:ok	:broadcast	92
2025-01-14 01:06:33,270{GMT}	INFO	[jepsen worker 0] jepsen.util: 0	:invoke	:read	nil
2025-01-14 01:06:33,273{GMT}	INFO	[jepsen worker 0] jepsen.util: 0	:ok	:read	[0 2 3 4 5 7 8 9 10 12 13 14 15 17 19 20 22 25 26 28 29 31 32 34 35 36 38 39 41 44 45 46 47 49 50 52 54 55 56 58 60 62 64 65 66 67 69 70 72 74 75 77 78 80 81 82 83 84 86 88 91]
2025-01-14 01:06:33,380{GMT}	INFO	[jepsen worker 0] jepsen.util: 0	:invoke	:read	nil
2025-01-14 01:06:33,381{GMT}	INFO	[jepsen worker 0] jepsen.util: 0	:ok	:read	[0 2 3 4 5 7 8 9 10 12 13 14 15 17 19 20 22 25 26 28 29 31 32 34 35 36 38 39 41 44 45 46 47 49 50 52 54 55 56 58 60 62 64 65 66 67 69 70 72 74 75 77 78 80 81 82 83 84 86 88 91]
2025-01-14 01:06:33,507{GMT}	INFO	[jepsen worker 1] jepsen.util: 1	:invoke	:broadcast	93
2025-01-14 01:06:33,508{GMT}	INFO	[jepsen worker 1] jepsen.util: 1	:ok	:broadcast	93
2025-01-14 01:06:33,587{GMT}	INFO	[jepsen worker 0] jepsen.util: 0	:invoke	:broadcast	94
2025-01-14 01:06:33,588{GMT}	INFO	[jepsen worker 0] jepsen.util: 0	:ok	:broadcast	94
2025-01-14 01:06:33,771{GMT}	INFO	[jepsen worker 0] jepsen.util: 0	:invoke	:broadcast	95
2025-01-14 01:06:33,773{GMT}	INFO	[jepsen worker 0] jepsen.util: 0	:ok	:broadcast	95
2025-01-14 01:06:33,871{GMT}	INFO	[jepsen worker 1] jepsen.util: 1	:invoke	:read	nil
2025-01-14 01:06:33,874{GMT}	INFO	[jepsen worker 1] jepsen.util: 1	:ok	:read	[1 6 11 16 18 21 23 24 27 30 33 37 40 42 43 48 51 53 57 59 61 63 68 71 73 76 79 85 87 89 90 92 93]
2025-01-14 01:06:33,980{GMT}	INFO	[jepsen worker 0] jepsen.util: 0	:invoke	:broadcast	96
2025-01-14 01:06:33,981{GMT}	INFO	[jepsen worker 0] jepsen.util: 0	:ok	:broadcast	96
2025-01-14 01:06:34,075{GMT}	INFO	[jepsen worker 0] jepsen.util: 0	:invoke	:broadcast	97
2025-01-14 01:06:34,077{GMT}	INFO	[jepsen worker 0] jepsen.util: 0	:ok	:broadcast	97
2025-01-14 01:06:34,089{GMT}	INFO	[jepsen worker 1] jepsen.util: 1	:invoke	:read	nil
2025-01-14 01:06:34,090{GMT}	INFO	[jepsen worker 1] jepsen.util: 1	:ok	:read	[1 6 11 16 18 21 23 24 27 30 33 37 40 42 43 48 51 53 57 59 61 63 68 71 73 76 79 85 87 89 90 92 93]
2025-01-14 01:06:34,178{GMT}	INFO	[jepsen worker 0] jepsen.util: 0	:invoke	:broadcast	98
2025-01-14 01:06:34,180{GMT}	INFO	[jepsen worker 0] jepsen.util: 0	:ok	:broadcast	98
2025-01-14 01:06:34,285{GMT}	INFO	[jepsen worker 0] jepsen.util: 0	:invoke	:broadcast	99
2025-01-14 01:06:34,289{GMT}	INFO	[jepsen worker 0] jepsen.util: 0	:ok	:broadcast	99
2025-01-14 01:06:34,444{GMT}	INFO	[jepsen worker 1] jepsen.util: 1	:invoke	:read	nil
2025-01-14 01:06:34,447{GMT}	INFO	[jepsen worker 1] jepsen.util: 1	:ok	:read	[1 6 11 16 18 21 23 24 27 30 33 37 40 42 43 48 51 53 57 59 61 63 68 71 73 76 79 85 87 89 90 92 93]
2025-01-14 01:06:34,447{GMT}	INFO	[jepsen worker nemesis] jepsen.generator.interpreter: Waiting for recovery...
2025-01-14 01:06:44,453{GMT}	INFO	[jepsen worker 0] jepsen.util: 0	:invoke	:read	nil
2025-01-14 01:06:44,453{GMT}	INFO	[jepsen worker 1] jepsen.util: 1	:invoke	:read	nil
2025-01-14 01:06:44,454{GMT}	INFO	[jepsen worker 1] jepsen.util: 1	:ok	:read	[1 6 11 16 18 21 23 24 27 30 33 37 40 42 43 48 51 53 57 59 61 63 68 71 73 76 79 85 87 89 90 92 93]
2025-01-14 01:06:44,454{GMT}	INFO	[jepsen worker 0] jepsen.util: 0	:ok	:read	[0 2 3 4 5 7 8 9 10 12 13 14 15 17 19 20 22 25 26 28 29 31 32 34 35 36 38 39 41 44 45 46 47 49 50 52 54 55 56 58 60 62 64 65 66 67 69 70 72 74 75 77 78 80 81 82 83 84 86 88 91 94 95 96 97 98 99]
2025-01-14 01:06:44,484{GMT}	INFO	[jepsen test runner] jepsen.core: Run complete, writing
2025-01-14 01:06:44,557{GMT}	INFO	[jepsen node n0] maelstrom.db: Tearing down n0
2025-01-14 01:06:44,557{GMT}	INFO	[jepsen node n1] maelstrom.db: Tearing down n1
2025-01-14 01:06:45,485{GMT}	INFO	[jepsen node n0] maelstrom.net: Shutting down Maelstrom network
2025-01-14 01:06:45,487{GMT}	INFO	[jepsen test runner] jepsen.core: Analyzing...
2025-01-14 01:06:45,791{GMT}	INFO	[jepsen test runner] jepsen.core: Analysis complete
2025-01-14 01:06:45,853{GMT}	INFO	[jepsen results] jepsen.store: Wrote /home/ashley/Documents/RustHome/distributed/maelstrom_distributed/store/broadcast/20250114T010612.543Z/results.edn
2025-01-14 01:06:45,890{GMT}	INFO	[jepsen test runner] jepsen.core: {:perf {:latency-graph {:valid? true},
        :rate-graph {:valid? true},
        :valid? true},
 :timeline {:valid? true},
 :exceptions {:valid? true},
 :stats {:valid? true,
         :count 202,
         :ok-count 202,
         :fail-count 0,
         :info-count 0,
         :by-f {:broadcast {:valid? true,
                            :count 100,
                            :ok-count 100,
                            :fail-count 0,
                            :info-count 0},
                :read {:valid? true,
                       :count 102,
                       :ok-count 102,
                       :fail-count 0,
                       :info-count 0}}},
 :availability {:valid? true, :ok-fraction 1.0},
 :net {:all {:send-count 412,
             :recv-count 412,
             :msg-count 412,
             :msgs-per-op 2.039604},
       :clients {:send-count 412, :recv-count 412, :msg-count 412},
       :servers {:send-count 0,
                 :recv-count 0,
                 :msg-count 0,
                 :msgs-per-op 0.0},
       :valid? true},
 :workload {:worst-stale ({:element 1,
                           :outcome :stable,
                           :stable-latency 29345,
                           :lost-latency nil,
                           :known #jepsen.history.Op{:index 9,
                                                     :time 605065400,
                                                     :type :ok,
                                                     :process 1,
                                                     :f :add,
                                                     :value 1},
                           :last-absent #jepsen.history.Op{:index 400,
                                                           :time 29950267325,
                                                           :type :invoke,
                                                           :process 0,
                                                           :f :read,
                                                           :value nil,
                                                           :final? true}}
                          {:element 6,
                           :outcome :stable,
                           :stable-latency 27754,
                           :lost-latency nil,
                           :known #jepsen.history.Op{:index 39,
                                                     :time 2196101188,
                                                     :type :ok,
                                                     :process 1,
                                                     :f :add,
                                                     :value 6},
                           :last-absent #jepsen.history.Op{:index 400,
                                                           :time 29950267325,
                                                           :type :invoke,
                                                           :process 0,
                                                           :f :read,
                                                           :value nil,
                                                           :final? true}}
                          {:element 11,
                           :outcome :stable,
                           :stable-latency 26712,
                           :lost-latency nil,
                           :known #jepsen.history.Op{:index 63,
                                                     :time 3237559258,
                                                     :type :ok,
                                                     :process 1,
                                                     :f :add,
                                                     :value 11},
                           :last-absent #jepsen.history.Op{:index 400,
                                                           :time 29950267325,
                                                           :type :invoke,
                                                           :process 0,
                                                           :f :read,
                                                           :value nil,
                                                           :final? true}}
                          {:element 16,
                           :outcome :stable,
                           :stable-latency 26125,
                           :lost-latency nil,
                           :known #jepsen.history.Op{:index 75,
                                                     :time 3824506417,
                                                     :type :ok,
                                                     :process 1,
                                                     :f :add,
                                                     :value 16},
                           :last-absent #jepsen.history.Op{:index 400,
                                                           :time 29950267325,
                                                           :type :invoke,
                                                           :process 0,
                                                           :f :read,
                                                           :value nil,
                                                           :final? true}}
                          {:element 18,
                           :outcome :stable,
                           :stable-latency 25859,
                           :lost-latency nil,
                           :known #jepsen.history.Op{:index 81,
                                                     :time 4091235126,
                                                     :type :ok,
                                                     :process 1,
                                                     :f :add,
                                                     :value 18},
                           :last-absent #jepsen.history.Op{:index 400,
                                                           :time 29950267325,
                                                           :type :invoke,
                                                           :process 0,
                                                           :f :read,
                                                           :value nil,
                                                           :final? true}}
                          {:element 21,
                           :outcome :stable,
                           :stable-latency 25517,
                           :lost-latency nil,
                           :known #jepsen.history.Op{:index 87,
                                                     :time 4432608132,
                                                     :type :ok,
                                                     :process 1,
                                                     :f :add,
                                                     :value 21},
                           :last-absent #jepsen.history.Op{:index 400,
                                                           :time 29950267325,
                                                           :type :invoke,
                                                           :process 0,
                                                           :f :read,
                                                           :value nil,
                                                           :final? true}}
                          {:element 23,
                           :outcome :stable,
                           :stable-latency 25302,
                           :lost-latency nil,
                           :known #jepsen.history.Op{:index 93,
                                                     :time 4647405245,
                                                     :type :ok,
                                                     :process 1,
                                                     :f :add,
                                                     :value 23},
                           :last-absent #jepsen.history.Op{:index 400,
                                                           :time 29950267325,
                                                           :type :invoke,
                                                           :process 0,
                                                           :f :read,
                                                           :value nil,
                                                           :final? true}}
                          {:element 24,
                           :outcome :stable,
                           :stable-latency 25020,
                           :lost-latency nil,
                           :known #jepsen.history.Op{:index 99,
                                                     :time 4929981682,
                                                     :type :ok,
                                                     :process 1,
                                                     :f :add,
                                                     :value 24},
                           :last-absent #jepsen.history.Op{:index 400,
                                                           :time 29950267325,
                                                           :type :invoke,
                                                           :process 0,
                                                           :f :read,
                                                           :value nil,
                                                           :final? true}}),
            :duplicated-count 0,
            :valid? false,
            :lost-count 67,
            :lost (0
                   2
                   3
                   4
                   5
                   7
                   8
                   9
                   10
                   12
                   13
                   14
                   15
                   17
                   19
                   20
                   22
                   25
                   26
                   28
                   29
                   31
                   32
                   34
                   35
                   36
                   38
                   39
                   41
                   44
                   45
                   46
                   47
                   49
                   50
                   52
                   54
                   55
                   56
                   58
                   60
                   62
                   64
                   65
                   66
                   67
                   69
                   70
                   72
                   74
                   75
                   77
                   78
                   80
                   81
                   82
                   83
                   84
                   86
                   88
                   91
                   94
                   95
                   96
                   97
                   98
                   99),
            :stable-count 33,
            :stale-count 33,
            :stale (1
                    6
                    11
                    16
                    18
                    21
                    23
                    24
                    27
                    30
                    33
                    37
                    40
                    42
                    43
                    48
                    51
                    53
                    57
                    59
                    61
                    63
                    68
                    71
                    73
                    76
                    79
                    85
                    87
                    89
                    90
                    92
                    93),
            :never-read-count 0,
            :stable-latencies {0 10940,
                               0.5 18666,
                               0.95 27754,
                               0.99 29345,
                               1 29345},
            :attempt-count 100,
            :lost-latencies {0 10159,
                             0.5 19381,
                             0.95 28450,
                             0.99 29921,
                             1 29921},
            :never-read (),
            :duplicated {}},
 :valid? false}


Analysis invalid! ( 
