2025-01-19 13:03:37,335{GMT}	INFO	[jepsen test runner] jepsen.core: Test version a68db590a88e8a9b29ae1ea219db482a4fb74152 (plus uncommitted changes)
2025-01-19 13:03:37,337{GMT}	INFO	[jepsen test runner] jepsen.core: Command line:
lein run test -w broadcast --bin ./target/debug/maelstrom_distributed --node-count 1 --time-limit 20 --rate 10
2025-01-19 13:03:37,476{GMT}	INFO	[jepsen test runner] jepsen.core: Running test:
{:args []
 :remote
 #jepsen.control.retry.Remote{:remote #jepsen.control.scp.Remote{:cmd-remote #jepsen.control.sshj.SSHJRemote{:concurrency-limit 6,
                                                                                                             :conn-spec nil,
                                                                                                             :client nil,
                                                                                                             :semaphore nil},
                                                                 :conn-spec nil},
                              :conn nil}
 :log-net-send false
 :node-count 1
 :availability nil
 :max-txn-length 4
 :concurrency 1
 :db
 #object[maelstrom.db$db$reify__16142
         "0x13d7d1a8"
         "maelstrom.db$db$reify__16142@13d7d1a8"]
 :max-writes-per-key 16
 :leave-db-running? false
 :name "broadcast"
 :logging-json? false
 :start-time
 #object[org.joda.time.DateTime "0x5ed83e36" "2025-01-19T13:03:37.293Z"]
 :nemesis-interval 10
 :net
 #object[maelstrom.net$jepsen_net$reify__15251
         "0x2459715c"
         "maelstrom.net$jepsen_net$reify__15251@2459715c"]
 :client
 #object[maelstrom.workload.broadcast$client$reify__16644
         "0x401e36ab"
         "maelstrom.workload.broadcast$client$reify__16644@401e36ab"]
 :barrier
 #object[java.util.concurrent.CyclicBarrier
         "0x4ce66169"
         "java.util.concurrent.CyclicBarrier@4ce66169"]
 :log-stderr false
 :pure-generators true
 :ssh {:dummy? true}
 :rate 10.0
 :checker
 #object[jepsen.checker$compose$reify__11881
         "0x53d0cf4d"
         "jepsen.checker$compose$reify__11881@53d0cf4d"]
 :argv
 ("test"
  "-w"
  "broadcast"
  "--bin"
  "./target/debug/maelstrom_distributed"
  "--node-count"
  "1"
  "--time-limit"
  "20"
  "--rate"
  "10")
 :nemesis
 (jepsen.nemesis.ReflCompose
  {:fm {:start-partition 0,
        :stop-partition 0,
        :kill 1,
        :start 1,
        :pause 1,
        :resume 1},
   :nemeses [#unprintable "jepsen.nemesis.combined$partition_nemesis$reify__16416@3c6c87fa"
             #unprintable "jepsen.nemesis.combined$db_nemesis$reify__16397@d7645b2"]})
 :nodes ["n0"]
 :test-count 1
 :latency {:mean 0, :dist :constant}
 :bin "./target/debug/maelstrom_distributed"
 :generator
 ((jepsen.generator.Synchronize
   {:gen (jepsen.generator.TimeLimit
          {:limit 20000000000,
           :cutoff nil,
           :gen (jepsen.generator.Any
                 {:gens [(jepsen.generator.OnThreads
                          {:f #{:nemesis},
                           :context-filter #object[jepsen.generator.context$make_thread_filter$lazy_filter__9167
                                                   "0xe7b7395"
                                                   "jepsen.generator.context$make_thread_filter$lazy_filter__9167@e7b7395"],
                           :gen nil})
                         (jepsen.generator.OnThreads
                          {:f #jepsen.generator.context.AllBut{:element :nemesis},
                           :context-filter #object[jepsen.generator.context$make_thread_filter$lazy_filter__9167
                                                   "0x383c94ed"
                                                   "jepsen.generator.context$make_thread_filter$lazy_filter__9167@383c94ed"],
                           :gen (jepsen.generator.Stagger
                                 {:dt 200000000,
                                  :next-time nil,
                                  :gen (jepsen.generator.Mix
                                        {:i 0,
                                         :gens [({:f :broadcast, :value 0}
                                                 {:f :broadcast, :value 1}
                                                 {:f :broadcast, :value 2}
                                                 {:f :broadcast, :value 3}
                                                 {:f :broadcast, :value 4}
                                                 {:f :broadcast, :value 5}
                                                 {:f :broadcast, :value 6}
                                                 {:f :broadcast, :value 7}
                                                 ...)
                                                ({:f :read}
                                                 {:f :read}
                                                 {:f :read}
                                                 {:f :read}
                                                 {:f :read}
                                                 {:f :read}
                                                 {:f :read}
                                                 {:f :read}
                                                 ...)]})})})]})})})
  (jepsen.generator.Synchronize
   {:gen (jepsen.generator.OnThreads
          {:f #{:nemesis},
           :context-filter #object[jepsen.generator.context$make_thread_filter$lazy_filter__9167
                                   "0x12f85dc8"
                                   "jepsen.generator.context$make_thread_filter$lazy_filter__9167@12f85dc8"],
           :gen ()})})
  (jepsen.generator.Synchronize
   {:gen {:type :log, :value "Waiting for recovery..."}})
  (jepsen.generator.Synchronize {:gen {:type :sleep, :value 10}})
  (jepsen.generator.Synchronize
   {:gen (jepsen.generator.OnThreads
          {:f #jepsen.generator.context.AllBut{:element :nemesis},
           :context-filter #object[jepsen.generator.context$make_thread_filter$lazy_filter__9167
                                   "0x474a63d9"
                                   "jepsen.generator.context$make_thread_filter$lazy_filter__9167@474a63d9"],
           :gen (jepsen.generator.EachThread
                 {:fresh-gen {:f :read, :final? true},
                  :context-filters #object[clojure.core$promise$reify__8591
                                           "0x1b8d0c21"
                                           {:status :pending, :val nil}],
                  :gens {}})})}))
 :log-net-recv false
 :os
 #object[maelstrom.net$jepsen_os$reify__15254
         "0x54a04eae"
         "maelstrom.net$jepsen_os$reify__15254@54a04eae"]
 :time-limit 20
 :workload :broadcast
 :consistency-models [:strict-serializable]
 :topology :grid}

2025-01-19 13:03:39,687{GMT}	INFO	[jepsen node n0] maelstrom.net: Starting Maelstrom network
2025-01-19 13:03:39,690{GMT}	INFO	[jepsen test runner] jepsen.db: Tearing down DB
2025-01-19 13:03:39,692{GMT}	INFO	[jepsen test runner] jepsen.db: Setting up DB
2025-01-19 13:03:39,694{GMT}	INFO	[jepsen node n0] maelstrom.service: Starting services: (lin-kv lin-tso lww-kv seq-kv)
2025-01-19 13:03:39,698{GMT}	INFO	[jepsen node n0] maelstrom.db: Setting up n0
2025-01-19 13:03:39,698{GMT}	INFO	[jepsen node n0] maelstrom.process: launching ./target/debug/maelstrom_distributed []
2025-01-19 13:03:39,719{GMT}	INFO	[jepsen test runner] jepsen.core: Relative time begins now
2025-01-19 13:03:39,762{GMT}	INFO	[jepsen worker 0] jepsen.util: 0	:invoke	:broadcast	0
2025-01-19 13:03:39,775{GMT}	INFO	[jepsen worker 0] jepsen.util: 0	:ok	:broadcast	0
2025-01-19 13:03:39,894{GMT}	INFO	[jepsen worker 0] jepsen.util: 0	:invoke	:broadcast	1
2025-01-19 13:03:39,900{GMT}	INFO	[jepsen worker 0] jepsen.util: 0	:ok	:broadcast	1
2025-01-19 13:03:40,054{GMT}	INFO	[jepsen worker 0] jepsen.util: 0	:invoke	:read	nil
2025-01-19 13:03:40,056{GMT}	INFO	[jepsen worker 0] jepsen.util: 0	:ok	:read	[1 0]
2025-01-19 13:03:40,172{GMT}	INFO	[jepsen worker 0] jepsen.util: 0	:invoke	:read	nil
2025-01-19 13:03:40,173{GMT}	INFO	[jepsen worker 0] jepsen.util: 0	:ok	:read	[1 0]
2025-01-19 13:03:40,251{GMT}	INFO	[jepsen worker 0] jepsen.util: 0	:invoke	:read	nil
2025-01-19 13:03:40,252{GMT}	INFO	[jepsen worker 0] jepsen.util: 0	:ok	:read	[1 0]
2025-01-19 13:03:40,354{GMT}	INFO	[jepsen worker 0] jepsen.util: 0	:invoke	:broadcast	2
2025-01-19 13:03:40,357{GMT}	INFO	[jepsen worker 0] jepsen.util: 0	:ok	:broadcast	2
2025-01-19 13:03:40,498{GMT}	INFO	[jepsen worker 0] jepsen.util: 0	:invoke	:broadcast	3
2025-01-19 13:03:40,500{GMT}	INFO	[jepsen worker 0] jepsen.util: 0	:ok	:broadcast	3
2025-01-19 13:03:40,660{GMT}	INFO	[jepsen worker 0] jepsen.util: 0	:invoke	:read	nil
2025-01-19 13:03:40,661{GMT}	INFO	[jepsen worker 0] jepsen.util: 0	:ok	:read	[1 2 3 0]
2025-01-19 13:03:40,791{GMT}	INFO	[jepsen worker 0] jepsen.util: 0	:invoke	:broadcast	4
2025-01-19 13:03:40,795{GMT}	INFO	[jepsen worker 0] jepsen.util: 0	:ok	:broadcast	4
2025-01-19 13:03:40,885{GMT}	INFO	[jepsen worker 0] jepsen.util: 0	:invoke	:read	nil
2025-01-19 13:03:40,887{GMT}	INFO	[jepsen worker 0] jepsen.util: 0	:ok	:read	[1 2 4 3 0]
2025-01-19 13:03:40,992{GMT}	INFO	[jepsen worker 0] jepsen.util: 0	:invoke	:read	nil
2025-01-19 13:03:40,996{GMT}	INFO	[jepsen worker 0] jepsen.util: 0	:ok	:read	[1 2 4 3 0]
2025-01-19 13:03:41,011{GMT}	INFO	[jepsen worker 0] jepsen.util: 0	:invoke	:read	nil
2025-01-19 13:03:41,014{GMT}	INFO	[jepsen worker 0] jepsen.util: 0	:ok	:read	[1 2 4 3 0]
2025-01-19 13:03:41,032{GMT}	INFO	[jepsen worker 0] jepsen.util: 0	:invoke	:broadcast	5
2025-01-19 13:03:41,033{GMT}	INFO	[jepsen worker 0] jepsen.util: 0	:ok	:broadcast	5
2025-01-19 13:03:41,134{GMT}	INFO	[jepsen worker 0] jepsen.util: 0	:invoke	:read	nil
2025-01-19 13:03:41,135{GMT}	INFO	[jepsen worker 0] jepsen.util: 0	:ok	:read	[1 2 4 5 3 0]
2025-01-19 13:03:41,172{GMT}	INFO	[jepsen worker 0] jepsen.util: 0	:invoke	:broadcast	6
2025-01-19 13:03:41,176{GMT}	INFO	[jepsen worker 0] jepsen.util: 0	:ok	:broadcast	6
2025-01-19 13:03:41,264{GMT}	INFO	[jepsen worker 0] jepsen.util: 0	:invoke	:read	nil
2025-01-19 13:03:41,266{GMT}	INFO	[jepsen worker 0] jepsen.util: 0	:ok	:read	[1 2 4 6 5 3 0]
2025-01-19 13:03:41,309{GMT}	INFO	[jepsen worker 0] jepsen.util: 0	:invoke	:read	nil
2025-01-19 13:03:41,311{GMT}	INFO	[jepsen worker 0] jepsen.util: 0	:ok	:read	[1 2 4 6 5 3 0]
2025-01-19 13:03:41,376{GMT}	INFO	[jepsen worker 0] jepsen.util: 0	:invoke	:broadcast	7
2025-01-19 13:03:41,378{GMT}	INFO	[jepsen worker 0] jepsen.util: 0	:ok	:broadcast	7
2025-01-19 13:03:41,445{GMT}	INFO	[jepsen worker 0] jepsen.util: 0	:invoke	:read	nil
2025-01-19 13:03:41,447{GMT}	INFO	[jepsen worker 0] jepsen.util: 0	:ok	:read	[5 3 0 1 2 7 6 4]
2025-01-19 13:03:41,562{GMT}	INFO	[jepsen worker 0] jepsen.util: 0	:invoke	:broadcast	8
2025-01-19 13:03:41,564{GMT}	INFO	[jepsen worker 0] jepsen.util: 0	:ok	:broadcast	8
2025-01-19 13:03:41,677{GMT}	INFO	[jepsen worker 0] jepsen.util: 0	:invoke	:read	nil
2025-01-19 13:03:41,681{GMT}	INFO	[jepsen worker 0] jepsen.util: 0	:ok	:read	[8 5 3 0 1 2 7 6 4]
2025-01-19 13:03:41,873{GMT}	INFO	[jepsen worker 0] jepsen.util: 0	:invoke	:read	nil
2025-01-19 13:03:41,875{GMT}	INFO	[jepsen worker 0] jepsen.util: 0	:ok	:read	[8 5 3 0 1 2 7 6 4]
2025-01-19 13:03:41,953{GMT}	INFO	[jepsen worker 0] jepsen.util: 0	:invoke	:read	nil
2025-01-19 13:03:41,957{GMT}	INFO	[jepsen worker 0] jepsen.util: 0	:ok	:read	[8 5 3 0 1 2 7 6 4]
2025-01-19 13:03:42,052{GMT}	INFO	[jepsen worker 0] jepsen.util: 0	:invoke	:read	nil
2025-01-19 13:03:42,057{GMT}	INFO	[jepsen worker 0] jepsen.util: 0	:ok	:read	[8 5 3 0 1 2 7 6 4]
2025-01-19 13:03:42,096{GMT}	INFO	[jepsen worker 0] jepsen.util: 0	:invoke	:read	nil
2025-01-19 13:03:42,098{GMT}	INFO	[jepsen worker 0] jepsen.util: 0	:ok	:read	[8 5 3 0 1 2 7 6 4]
2025-01-19 13:03:42,285{GMT}	INFO	[jepsen worker 0] jepsen.util: 0	:invoke	:read	nil
2025-01-19 13:03:42,288{GMT}	INFO	[jepsen worker 0] jepsen.util: 0	:ok	:read	[8 5 3 0 1 2 7 6 4]
2025-01-19 13:03:42,294{GMT}	INFO	[jepsen worker 0] jepsen.util: 0	:invoke	:broadcast	9
2025-01-19 13:03:42,295{GMT}	INFO	[jepsen worker 0] jepsen.util: 0	:ok	:broadcast	9
2025-01-19 13:03:42,299{GMT}	INFO	[jepsen worker 0] jepsen.util: 0	:invoke	:broadcast	10
2025-01-19 13:03:42,301{GMT}	INFO	[jepsen worker 0] jepsen.util: 0	:ok	:broadcast	10
2025-01-19 13:03:42,374{GMT}	INFO	[jepsen worker 0] jepsen.util: 0	:invoke	:broadcast	11
2025-01-19 13:03:42,375{GMT}	INFO	[jepsen worker 0] jepsen.util: 0	:ok	:broadcast	11
2025-01-19 13:03:42,443{GMT}	INFO	[jepsen worker 0] jepsen.util: 0	:invoke	:broadcast	12
2025-01-19 13:03:42,445{GMT}	INFO	[jepsen worker 0] jepsen.util: 0	:ok	:broadcast	12
2025-01-19 13:03:42,527{GMT}	INFO	[jepsen worker 0] jepsen.util: 0	:invoke	:read	nil
2025-01-19 13:03:42,529{GMT}	INFO	[jepsen worker 0] jepsen.util: 0	:ok	:read	[8 12 5 3 0 1 2 7 6 9 10 11 4]
2025-01-19 13:03:42,595{GMT}	INFO	[jepsen worker 0] jepsen.util: 0	:invoke	:broadcast	13
2025-01-19 13:03:42,597{GMT}	INFO	[jepsen worker 0] jepsen.util: 0	:ok	:broadcast	13
2025-01-19 13:03:42,750{GMT}	INFO	[jepsen worker 0] jepsen.util: 0	:invoke	:read	nil
2025-01-19 13:03:42,755{GMT}	INFO	[jepsen worker 0] jepsen.util: 0	:ok	:read	[8 12 13 5 3 0 1 2 7 6 9 10 11 4]
2025-01-19 13:03:42,820{GMT}	INFO	[jepsen worker 0] jepsen.util: 0	:invoke	:broadcast	14
2025-01-19 13:03:42,823{GMT}	INFO	[jepsen worker 0] jepsen.util: 0	:ok	:broadcast	14
2025-01-19 13:03:42,917{GMT}	INFO	[jepsen worker 0] jepsen.util: 0	:invoke	:read	nil
2025-01-19 13:03:42,919{GMT}	INFO	[jepsen worker 0] jepsen.util: 0	:ok	:read	[9 10 11 8 12 13 5 3 0 1 2 7 6 14 4]
2025-01-19 13:03:42,960{GMT}	INFO	[jepsen worker 0] jepsen.util: 0	:invoke	:read	nil
2025-01-19 13:03:42,961{GMT}	INFO	[jepsen worker 0] jepsen.util: 0	:ok	:read	[9 10 11 8 12 13 5 3 0 1 2 7 6 14 4]
2025-01-19 13:03:43,073{GMT}	INFO	[jepsen worker 0] jepsen.util: 0	:invoke	:broadcast	15
2025-01-19 13:03:43,076{GMT}	INFO	[jepsen worker 0] jepsen.util: 0	:ok	:broadcast	15
2025-01-19 13:03:43,097{GMT}	INFO	[jepsen worker 0] jepsen.util: 0	:invoke	:read	nil
2025-01-19 13:03:43,098{GMT}	INFO	[jepsen worker 0] jepsen.util: 0	:ok	:read	[9 10 11 8 12 13 5 3 0 1 2 7 6 14 15 4]
2025-01-19 13:03:43,168{GMT}	INFO	[jepsen worker 0] jepsen.util: 0	:invoke	:read	nil
2025-01-19 13:03:43,175{GMT}	INFO	[jepsen worker 0] jepsen.util: 0	:ok	:read	[9 10 11 8 12 13 5 3 0 1 2 7 6 14 15 4]
2025-01-19 13:03:43,348{GMT}	INFO	[jepsen worker 0] jepsen.util: 0	:invoke	:read	nil
2025-01-19 13:03:43,349{GMT}	INFO	[jepsen worker 0] jepsen.util: 0	:ok	:read	[9 10 11 8 12 13 5 3 0 1 2 7 6 14 15 4]
2025-01-19 13:03:43,451{GMT}	INFO	[jepsen worker 0] jepsen.util: 0	:invoke	:read	nil
2025-01-19 13:03:43,452{GMT}	INFO	[jepsen worker 0] jepsen.util: 0	:ok	:read	[9 10 11 8 12 13 5 3 0 1 2 7 6 14 15 4]
2025-01-19 13:03:43,555{GMT}	INFO	[jepsen worker 0] jepsen.util: 0	:invoke	:broadcast	16
2025-01-19 13:03:43,557{GMT}	INFO	[jepsen worker 0] jepsen.util: 0	:ok	:broadcast	16
2025-01-19 13:03:43,576{GMT}	INFO	[jepsen worker 0] jepsen.util: 0	:invoke	:broadcast	17
2025-01-19 13:03:43,577{GMT}	INFO	[jepsen worker 0] jepsen.util: 0	:ok	:broadcast	17
2025-01-19 13:03:43,687{GMT}	INFO	[jepsen worker 0] jepsen.util: 0	:invoke	:read	nil
2025-01-19 13:03:43,690{GMT}	INFO	[jepsen worker 0] jepsen.util: 0	:ok	:read	[9 10 11 16 8 12 13 5 3 0 1 2 7 6 14 15 17 4]
2025-01-19 13:03:43,822{GMT}	INFO	[jepsen worker 0] jepsen.util: 0	:invoke	:broadcast	18
2025-01-19 13:03:43,825{GMT}	INFO	[jepsen worker 0] jepsen.util: 0	:ok	:broadcast	18
2025-01-19 13:03:43,835{GMT}	INFO	[jepsen worker 0] jepsen.util: 0	:invoke	:read	nil
2025-01-19 13:03:43,836{GMT}	INFO	[jepsen worker 0] jepsen.util: 0	:ok	:read	[18 9 10 11 16 8 12 13 5 3 0 1 2 7 6 14 15 17 4]
2025-01-19 13:03:43,931{GMT}	INFO	[jepsen worker 0] jepsen.util: 0	:invoke	:read	nil
2025-01-19 13:03:43,934{GMT}	INFO	[jepsen worker 0] jepsen.util: 0	:ok	:read	[18 9 10 11 16 8 12 13 5 3 0 1 2 7 6 14 15 17 4]
2025-01-19 13:03:44,062{GMT}	INFO	[jepsen worker 0] jepsen.util: 0	:invoke	:read	nil
2025-01-19 13:03:44,064{GMT}	INFO	[jepsen worker 0] jepsen.util: 0	:ok	:read	[18 9 10 11 16 8 12 13 5 3 0 1 2 7 6 14 15 17 4]
2025-01-19 13:03:44,213{GMT}	INFO	[jepsen worker 0] jepsen.util: 0	:invoke	:broadcast	19
2025-01-19 13:03:44,218{GMT}	INFO	[jepsen worker 0] jepsen.util: 0	:ok	:broadcast	19
2025-01-19 13:03:44,374{GMT}	INFO	[jepsen worker 0] jepsen.util: 0	:invoke	:broadcast	20
2025-01-19 13:03:44,382{GMT}	INFO	[jepsen worker 0] jepsen.util: 0	:ok	:broadcast	20
2025-01-19 13:03:44,399{GMT}	INFO	[jepsen worker 0] jepsen.util: 0	:invoke	:read	nil
2025-01-19 13:03:44,401{GMT}	INFO	[jepsen worker 0] jepsen.util: 0	:ok	:read	[18 9 10 11 16 19 20 8 12 13 5 3 0 1 2 7 6 14 15 17 4]
2025-01-19 13:03:44,429{GMT}	INFO	[jepsen worker 0] jepsen.util: 0	:invoke	:broadcast	21
2025-01-19 13:03:44,430{GMT}	INFO	[jepsen worker 0] jepsen.util: 0	:ok	:broadcast	21
2025-01-19 13:03:44,562{GMT}	INFO	[jepsen worker 0] jepsen.util: 0	:invoke	:broadcast	22
2025-01-19 13:03:44,563{GMT}	INFO	[jepsen worker 0] jepsen.util: 0	:ok	:broadcast	22
2025-01-19 13:03:44,658{GMT}	INFO	[jepsen worker 0] jepsen.util: 0	:invoke	:read	nil
2025-01-19 13:03:44,661{GMT}	INFO	[jepsen worker 0] jepsen.util: 0	:ok	:read	[18 21 22 9 10 11 16 19 20 8 12 13 5 3 0 1 2 7 6 14 15 17 4]
2025-01-19 13:03:44,839{GMT}	INFO	[jepsen worker 0] jepsen.util: 0	:invoke	:broadcast	23
2025-01-19 13:03:44,840{GMT}	INFO	[jepsen worker 0] jepsen.util: 0	:ok	:broadcast	23
2025-01-19 13:03:44,872{GMT}	INFO	[jepsen worker 0] jepsen.util: 0	:invoke	:broadcast	24
2025-01-19 13:03:44,874{GMT}	INFO	[jepsen worker 0] jepsen.util: 0	:ok	:broadcast	24
2025-01-19 13:03:45,066{GMT}	INFO	[jepsen worker 0] jepsen.util: 0	:invoke	:broadcast	25
2025-01-19 13:03:45,068{GMT}	INFO	[jepsen worker 0] jepsen.util: 0	:ok	:broadcast	25
2025-01-19 13:03:45,196{GMT}	INFO	[jepsen worker 0] jepsen.util: 0	:invoke	:read	nil
2025-01-19 13:03:45,199{GMT}	INFO	[jepsen worker 0] jepsen.util: 0	:ok	:read	[18 21 22 23 9 10 11 16 19 20 24 25 8 12 13 5 3 0 1 2 7 6 14 15 17 4]
2025-01-19 13:03:45,225{GMT}	INFO	[jepsen worker 0] jepsen.util: 0	:invoke	:broadcast	26
2025-01-19 13:03:45,227{GMT}	INFO	[jepsen worker 0] jepsen.util: 0	:ok	:broadcast	26
2025-01-19 13:03:45,386{GMT}	INFO	[jepsen worker 0] jepsen.util: 0	:invoke	:broadcast	27
2025-01-19 13:03:45,391{GMT}	INFO	[jepsen worker 0] jepsen.util: 0	:ok	:broadcast	27
2025-01-19 13:03:45,413{GMT}	INFO	[jepsen worker 0] jepsen.util: 0	:invoke	:broadcast	28
2025-01-19 13:03:45,414{GMT}	INFO	[jepsen worker 0] jepsen.util: 0	:ok	:broadcast	28
2025-01-19 13:03:45,593{GMT}	INFO	[jepsen worker 0] jepsen.util: 0	:invoke	:read	nil
2025-01-19 13:03:45,595{GMT}	INFO	[jepsen worker 0] jepsen.util: 0	:ok	:read	[9 16 25 8 21 22 12 5 3 14 2 27 7 26 15 4 10 11 19 20 24 13 18 28 17 0 1 23 6]
2025-01-19 13:03:45,725{GMT}	INFO	[jepsen worker 0] jepsen.util: 0	:invoke	:read	nil
2025-01-19 13:03:45,727{GMT}	INFO	[jepsen worker 0] jepsen.util: 0	:ok	:read	[9 16 25 8 21 22 12 5 3 14 2 27 7 26 15 4 10 11 19 20 24 13 18 28 17 0 1 23 6]
2025-01-19 13:03:45,757{GMT}	INFO	[jepsen worker 0] jepsen.util: 0	:invoke	:read	nil
2025-01-19 13:03:45,760{GMT}	INFO	[jepsen worker 0] jepsen.util: 0	:ok	:read	[9 16 25 8 21 22 12 5 3 14 2 27 7 26 15 4 10 11 19 20 24 13 18 28 17 0 1 23 6]
2025-01-19 13:03:45,884{GMT}	INFO	[jepsen worker 0] jepsen.util: 0	:invoke	:read	nil
2025-01-19 13:03:45,885{GMT}	INFO	[jepsen worker 0] jepsen.util: 0	:ok	:read	[9 16 25 8 21 22 12 5 3 14 2 27 7 26 15 4 10 11 19 20 24 13 18 28 17 0 1 23 6]
2025-01-19 13:03:46,030{GMT}	INFO	[jepsen worker 0] jepsen.util: 0	:invoke	:broadcast	29
2025-01-19 13:03:46,033{GMT}	INFO	[jepsen worker 0] jepsen.util: 0	:ok	:broadcast	29
2025-01-19 13:03:46,083{GMT}	INFO	[jepsen worker 0] jepsen.util: 0	:invoke	:broadcast	30
2025-01-19 13:03:46,085{GMT}	INFO	[jepsen worker 0] jepsen.util: 0	:ok	:broadcast	30
2025-01-19 13:03:46,131{GMT}	INFO	[jepsen worker 0] jepsen.util: 0	:invoke	:broadcast	31
2025-01-19 13:03:46,132{GMT}	INFO	[jepsen worker 0] jepsen.util: 0	:ok	:broadcast	31
2025-01-19 13:03:46,195{GMT}	INFO	[jepsen worker 0] jepsen.util: 0	:invoke	:read	nil
2025-01-19 13:03:46,196{GMT}	INFO	[jepsen worker 0] jepsen.util: 0	:ok	:read	[30 29 9 16 25 8 21 22 12 5 3 14 2 27 7 26 15 31 4 10 11 19 20 24 13 18 28 17 0 1 23 6]
2025-01-19 13:03:46,336{GMT}	INFO	[jepsen worker 0] jepsen.util: 0	:invoke	:read	nil
2025-01-19 13:03:46,341{GMT}	INFO	[jepsen worker 0] jepsen.util: 0	:ok	:read	[30 29 9 16 25 8 21 22 12 5 3 14 2 27 7 26 15 31 4 10 11 19 20 24 13 18 28 17 0 1 23 6]
2025-01-19 13:03:46,394{GMT}	INFO	[jepsen worker 0] jepsen.util: 0	:invoke	:read	nil
2025-01-19 13:03:46,396{GMT}	INFO	[jepsen worker 0] jepsen.util: 0	:ok	:read	[30 29 9 16 25 8 21 22 12 5 3 14 2 27 7 26 15 31 4 10 11 19 20 24 13 18 28 17 0 1 23 6]
2025-01-19 13:03:46,415{GMT}	INFO	[jepsen worker 0] jepsen.util: 0	:invoke	:read	nil
2025-01-19 13:03:46,416{GMT}	INFO	[jepsen worker 0] jepsen.util: 0	:ok	:read	[30 29 9 16 25 8 21 22 12 5 3 14 2 27 7 26 15 31 4 10 11 19 20 24 13 18 28 17 0 1 23 6]
2025-01-19 13:03:46,511{GMT}	INFO	[jepsen worker 0] jepsen.util: 0	:invoke	:read	nil
2025-01-19 13:03:46,513{GMT}	INFO	[jepsen worker 0] jepsen.util: 0	:ok	:read	[30 29 9 16 25 8 21 22 12 5 3 14 2 27 7 26 15 31 4 10 11 19 20 24 13 18 28 17 0 1 23 6]
2025-01-19 13:03:46,622{GMT}	INFO	[jepsen worker 0] jepsen.util: 0	:invoke	:broadcast	32
2025-01-19 13:03:46,624{GMT}	INFO	[jepsen worker 0] jepsen.util: 0	:ok	:broadcast	32
2025-01-19 13:03:46,635{GMT}	INFO	[jepsen worker 0] jepsen.util: 0	:invoke	:broadcast	33
2025-01-19 13:03:46,636{GMT}	INFO	[jepsen worker 0] jepsen.util: 0	:ok	:broadcast	33
2025-01-19 13:03:46,739{GMT}	INFO	[jepsen worker 0] jepsen.util: 0	:invoke	:broadcast	34
2025-01-19 13:03:46,741{GMT}	INFO	[jepsen worker 0] jepsen.util: 0	:ok	:broadcast	34
2025-01-19 13:03:46,915{GMT}	INFO	[jepsen worker 0] jepsen.util: 0	:invoke	:broadcast	35
2025-01-19 13:03:46,918{GMT}	INFO	[jepsen worker 0] jepsen.util: 0	:ok	:broadcast	35
2025-01-19 13:03:47,052{GMT}	INFO	[jepsen worker 0] jepsen.util: 0	:invoke	:read	nil
2025-01-19 13:03:47,055{GMT}	INFO	[jepsen worker 0] jepsen.util: 0	:ok	:read	[30 29 9 32 16 25 8 21 22 12 5 3 14 2 27 7 26 15 31 4 34 35 10 11 19 20 24 13 18 28 17 33 0 1 23 6]
2025-01-19 13:03:47,097{GMT}	INFO	[jepsen worker 0] jepsen.util: 0	:invoke	:read	nil
2025-01-19 13:03:47,100{GMT}	INFO	[jepsen worker 0] jepsen.util: 0	:ok	:read	[30 29 9 32 16 25 8 21 22 12 5 3 14 2 27 7 26 15 31 4 34 35 10 11 19 20 24 13 18 28 17 33 0 1 23 6]
2025-01-19 13:03:47,280{GMT}	INFO	[jepsen worker 0] jepsen.util: 0	:invoke	:read	nil
2025-01-19 13:03:47,282{GMT}	INFO	[jepsen worker 0] jepsen.util: 0	:ok	:read	[30 29 9 32 16 25 8 21 22 12 5 3 14 2 27 7 26 15 31 4 34 35 10 11 19 20 24 13 18 28 17 33 0 1 23 6]
2025-01-19 13:03:47,394{GMT}	INFO	[jepsen worker 0] jepsen.util: 0	:invoke	:read	nil
2025-01-19 13:03:47,395{GMT}	INFO	[jepsen worker 0] jepsen.util: 0	:ok	:read	[30 29 9 32 16 25 8 21 22 12 5 3 14 2 27 7 26 15 31 4 34 35 10 11 19 20 24 13 18 28 17 33 0 1 23 6]
2025-01-19 13:03:47,564{GMT}	INFO	[jepsen worker 0] jepsen.util: 0	:invoke	:broadcast	36
2025-01-19 13:03:47,569{GMT}	INFO	[jepsen worker 0] jepsen.util: 0	:ok	:broadcast	36
2025-01-19 13:03:47,581{GMT}	INFO	[jepsen worker 0] jepsen.util: 0	:invoke	:read	nil
2025-01-19 13:03:47,585{GMT}	INFO	[jepsen worker 0] jepsen.util: 0	:ok	:read	[30 29 9 32 16 25 8 21 22 12 5 3 14 2 27 7 26 15 31 4 34 35 10 11 19 20 24 13 18 28 17 33 0 1 36 23 6]
2025-01-19 13:03:47,728{GMT}	INFO	[jepsen worker 0] jepsen.util: 0	:invoke	:read	nil
2025-01-19 13:03:47,729{GMT}	INFO	[jepsen worker 0] jepsen.util: 0	:ok	:read	[30 29 9 32 16 25 8 21 22 12 5 3 14 2 27 7 26 15 31 4 34 35 10 11 19 20 24 13 18 28 17 33 0 1 36 23 6]
2025-01-19 13:03:47,827{GMT}	INFO	[jepsen worker 0] jepsen.util: 0	:invoke	:broadcast	37
2025-01-19 13:03:47,828{GMT}	INFO	[jepsen worker 0] jepsen.util: 0	:ok	:broadcast	37
2025-01-19 13:03:47,894{GMT}	INFO	[jepsen worker 0] jepsen.util: 0	:invoke	:read	nil
2025-01-19 13:03:47,896{GMT}	INFO	[jepsen worker 0] jepsen.util: 0	:ok	:read	[30 29 9 32 16 37 25 8 21 22 12 5 3 14 2 27 7 26 15 31 4 34 35 10 11 19 20 24 13 18 28 17 33 0 1 36 23 6]
2025-01-19 13:03:47,930{GMT}	INFO	[jepsen worker 0] jepsen.util: 0	:invoke	:read	nil
2025-01-19 13:03:47,931{GMT}	INFO	[jepsen worker 0] jepsen.util: 0	:ok	:read	[30 29 9 32 16 37 25 8 21 22 12 5 3 14 2 27 7 26 15 31 4 34 35 10 11 19 20 24 13 18 28 17 33 0 1 36 23 6]
2025-01-19 13:03:48,012{GMT}	INFO	[jepsen worker 0] jepsen.util: 0	:invoke	:read	nil
2025-01-19 13:03:48,014{GMT}	INFO	[jepsen worker 0] jepsen.util: 0	:ok	:read	[30 29 9 32 16 37 25 8 21 22 12 5 3 14 2 27 7 26 15 31 4 34 35 10 11 19 20 24 13 18 28 17 33 0 1 36 23 6]
2025-01-19 13:03:48,144{GMT}	INFO	[jepsen worker 0] jepsen.util: 0	:invoke	:read	nil
2025-01-19 13:03:48,145{GMT}	INFO	[jepsen worker 0] jepsen.util: 0	:ok	:read	[30 29 9 32 16 37 25 8 21 22 12 5 3 14 2 27 7 26 15 31 4 34 35 10 11 19 20 24 13 18 28 17 33 0 1 36 23 6]
2025-01-19 13:03:48,228{GMT}	INFO	[jepsen worker 0] jepsen.util: 0	:invoke	:broadcast	38
2025-01-19 13:03:48,233{GMT}	INFO	[jepsen worker 0] jepsen.util: 0	:ok	:broadcast	38
2025-01-19 13:03:48,233{GMT}	INFO	[jepsen worker 0] jepsen.util: 0	:invoke	:read	nil
2025-01-19 13:03:48,237{GMT}	INFO	[jepsen worker 0] jepsen.util: 0	:ok	:read	[30 29 9 32 16 38 37 25 8 21 22 12 5 3 14 2 27 7 26 15 31 4 34 35 10 11 19 20 24 13 18 28 17 33 0 1 36 23 6]
2025-01-19 13:03:48,404{GMT}	INFO	[jepsen worker 0] jepsen.util: 0	:invoke	:read	nil
2025-01-19 13:03:48,408{GMT}	INFO	[jepsen worker 0] jepsen.util: 0	:ok	:read	[30 29 9 32 16 38 37 25 8 21 22 12 5 3 14 2 27 7 26 15 31 4 34 35 10 11 19 20 24 13 18 28 17 33 0 1 36 23 6]
2025-01-19 13:03:48,536{GMT}	INFO	[jepsen worker 0] jepsen.util: 0	:invoke	:broadcast	39
2025-01-19 13:03:48,538{GMT}	INFO	[jepsen worker 0] jepsen.util: 0	:ok	:broadcast	39
2025-01-19 13:03:48,560{GMT}	INFO	[jepsen worker 0] jepsen.util: 0	:invoke	:read	nil
2025-01-19 13:03:48,562{GMT}	INFO	[jepsen worker 0] jepsen.util: 0	:ok	:read	[30 29 39 9 32 16 38 37 25 8 21 22 12 5 3 14 2 27 7 26 15 31 4 34 35 10 11 19 20 24 13 18 28 17 33 0 1 36 23 6]
2025-01-19 13:03:48,661{GMT}	INFO	[jepsen worker 0] jepsen.util: 0	:invoke	:broadcast	40
2025-01-19 13:03:48,663{GMT}	INFO	[jepsen worker 0] jepsen.util: 0	:ok	:broadcast	40
2025-01-19 13:03:48,839{GMT}	INFO	[jepsen worker 0] jepsen.util: 0	:invoke	:read	nil
2025-01-19 13:03:48,840{GMT}	INFO	[jepsen worker 0] jepsen.util: 0	:ok	:read	[30 29 39 40 9 32 16 38 37 25 8 21 22 12 5 3 14 2 27 7 26 15 31 4 34 35 10 11 19 20 24 13 18 28 17 33 0 1 36 23 6]
2025-01-19 13:03:48,877{GMT}	INFO	[jepsen worker 0] jepsen.util: 0	:invoke	:read	nil
2025-01-19 13:03:48,878{GMT}	INFO	[jepsen worker 0] jepsen.util: 0	:ok	:read	[30 29 39 40 9 32 16 38 37 25 8 21 22 12 5 3 14 2 27 7 26 15 31 4 34 35 10 11 19 20 24 13 18 28 17 33 0 1 36 23 6]
2025-01-19 13:03:48,893{GMT}	INFO	[jepsen worker 0] jepsen.util: 0	:invoke	:broadcast	41
2025-01-19 13:03:48,894{GMT}	INFO	[jepsen worker 0] jepsen.util: 0	:ok	:broadcast	41
2025-01-19 13:03:48,926{GMT}	INFO	[jepsen worker 0] jepsen.util: 0	:invoke	:broadcast	42
2025-01-19 13:03:48,927{GMT}	INFO	[jepsen worker 0] jepsen.util: 0	:ok	:broadcast	42
2025-01-19 13:03:48,992{GMT}	INFO	[jepsen worker 0] jepsen.util: 0	:invoke	:broadcast	43
2025-01-19 13:03:48,993{GMT}	INFO	[jepsen worker 0] jepsen.util: 0	:ok	:broadcast	43
2025-01-19 13:03:49,184{GMT}	INFO	[jepsen worker 0] jepsen.util: 0	:invoke	:broadcast	44
2025-01-19 13:03:49,185{GMT}	INFO	[jepsen worker 0] jepsen.util: 0	:ok	:broadcast	44
2025-01-19 13:03:49,343{GMT}	INFO	[jepsen worker 0] jepsen.util: 0	:invoke	:read	nil
2025-01-19 13:03:49,345{GMT}	INFO	[jepsen worker 0] jepsen.util: 0	:ok	:read	[30 29 39 40 9 32 16 38 37 42 25 8 21 22 12 5 3 14 2 27 7 26 15 31 4 34 35 10 11 44 19 41 20 24 13 18 28 17 33 0 1 36 23 6 43]
2025-01-19 13:03:49,524{GMT}	INFO	[jepsen worker 0] jepsen.util: 0	:invoke	:broadcast	45
2025-01-19 13:03:49,526{GMT}	INFO	[jepsen worker 0] jepsen.util: 0	:ok	:broadcast	45
2025-01-19 13:03:49,700{GMT}	INFO	[jepsen worker 0] jepsen.util: 0	:invoke	:broadcast	46
2025-01-19 13:03:49,701{GMT}	INFO	[jepsen worker 0] jepsen.util: 0	:ok	:broadcast	46
2025-01-19 13:03:49,835{GMT}	INFO	[jepsen worker 0] jepsen.util: 0	:invoke	:read	nil
2025-01-19 13:03:49,837{GMT}	INFO	[jepsen worker 0] jepsen.util: 0	:ok	:read	[30 29 39 40 9 32 16 38 37 42 25 8 21 22 12 5 3 14 2 27 7 26 15 31 4 34 35 10 11 44 19 41 20 24 46 13 18 28 17 33 0 1 36 23 6 43 45]
2025-01-19 13:03:49,880{GMT}	INFO	[jepsen worker 0] jepsen.util: 0	:invoke	:read	nil
2025-01-19 13:03:49,884{GMT}	INFO	[jepsen worker 0] jepsen.util: 0	:ok	:read	[30 29 39 40 9 32 16 38 37 42 25 8 21 22 12 5 3 14 2 27 7 26 15 31 4 34 35 10 11 44 19 41 20 24 46 13 18 28 17 33 0 1 36 23 6 43 45]
2025-01-19 13:03:50,028{GMT}	INFO	[jepsen worker 0] jepsen.util: 0	:invoke	:read	nil
2025-01-19 13:03:50,029{GMT}	INFO	[jepsen worker 0] jepsen.util: 0	:ok	:read	[30 29 39 40 9 32 16 38 37 42 25 8 21 22 12 5 3 14 2 27 7 26 15 31 4 34 35 10 11 44 19 41 20 24 46 13 18 28 17 33 0 1 36 23 6 43 45]
2025-01-19 13:03:50,219{GMT}	INFO	[jepsen worker 0] jepsen.util: 0	:invoke	:read	nil
2025-01-19 13:03:50,222{GMT}	INFO	[jepsen worker 0] jepsen.util: 0	:ok	:read	[30 29 39 40 9 32 16 38 37 42 25 8 21 22 12 5 3 14 2 27 7 26 15 31 4 34 35 10 11 44 19 41 20 24 46 13 18 28 17 33 0 1 36 23 6 43 45]
2025-01-19 13:03:50,337{GMT}	INFO	[jepsen worker 0] jepsen.util: 0	:invoke	:broadcast	47
2025-01-19 13:03:50,340{GMT}	INFO	[jepsen worker 0] jepsen.util: 0	:ok	:broadcast	47
2025-01-19 13:03:50,516{GMT}	INFO	[jepsen worker 0] jepsen.util: 0	:invoke	:read	nil
2025-01-19 13:03:50,517{GMT}	INFO	[jepsen worker 0] jepsen.util: 0	:ok	:read	[30 29 39 40 9 32 16 38 37 42 25 8 21 22 12 5 3 14 2 27 7 26 15 31 4 34 35 47 10 11 44 19 41 20 24 46 13 18 28 17 33 0 1 36 23 6 43 45]
2025-01-19 13:03:50,616{GMT}	INFO	[jepsen worker 0] jepsen.util: 0	:invoke	:broadcast	48
2025-01-19 13:03:50,623{GMT}	INFO	[jepsen worker 0] jepsen.util: 0	:ok	:broadcast	48
2025-01-19 13:03:50,791{GMT}	INFO	[jepsen worker 0] jepsen.util: 0	:invoke	:broadcast	49
2025-01-19 13:03:50,796{GMT}	INFO	[jepsen worker 0] jepsen.util: 0	:ok	:broadcast	49
2025-01-19 13:03:50,837{GMT}	INFO	[jepsen worker 0] jepsen.util: 0	:invoke	:read	nil
2025-01-19 13:03:50,839{GMT}	INFO	[jepsen worker 0] jepsen.util: 0	:ok	:read	[30 29 39 40 9 32 16 38 37 42 25 8 21 22 12 5 3 14 2 27 7 26 15 31 4 34 35 47 49 10 11 44 19 41 20 24 46 13 18 28 17 33 0 1 36 23 6 43 45 48]
2025-01-19 13:03:51,011{GMT}	INFO	[jepsen worker 0] jepsen.util: 0	:invoke	:read	nil
2025-01-19 13:03:51,017{GMT}	INFO	[jepsen worker 0] jepsen.util: 0	:ok	:read	[30 29 39 40 9 32 16 38 37 42 25 8 21 22 12 5 3 14 2 27 7 26 15 31 4 34 35 47 49 10 11 44 19 41 20 24 46 13 18 28 17 33 0 1 36 23 6 43 45 48]
2025-01-19 13:03:51,077{GMT}	INFO	[jepsen worker 0] jepsen.util: 0	:invoke	:broadcast	50
2025-01-19 13:03:51,078{GMT}	INFO	[jepsen worker 0] jepsen.util: 0	:ok	:broadcast	50
2025-01-19 13:03:51,241{GMT}	INFO	[jepsen worker 0] jepsen.util: 0	:invoke	:broadcast	51
2025-01-19 13:03:51,242{GMT}	INFO	[jepsen worker 0] jepsen.util: 0	:ok	:broadcast	51
2025-01-19 13:03:51,323{GMT}	INFO	[jepsen worker 0] jepsen.util: 0	:invoke	:broadcast	52
2025-01-19 13:03:51,324{GMT}	INFO	[jepsen worker 0] jepsen.util: 0	:ok	:broadcast	52
2025-01-19 13:03:51,392{GMT}	INFO	[jepsen worker 0] jepsen.util: 0	:invoke	:read	nil
2025-01-19 13:03:51,393{GMT}	INFO	[jepsen worker 0] jepsen.util: 0	:ok	:read	[30 29 39 40 9 32 52 16 38 37 42 25 8 21 22 12 5 3 14 2 27 7 26 15 31 4 34 35 47 49 50 51 10 11 44 19 41 20 24 46 13 18 28 17 33 0 1 36 23 6 43 45 48]
2025-01-19 13:03:51,491{GMT}	INFO	[jepsen worker 0] jepsen.util: 0	:invoke	:broadcast	53
2025-01-19 13:03:51,492{GMT}	INFO	[jepsen worker 0] jepsen.util: 0	:ok	:broadcast	53
2025-01-19 13:03:51,531{GMT}	INFO	[jepsen worker 0] jepsen.util: 0	:invoke	:broadcast	54
2025-01-19 13:03:51,533{GMT}	INFO	[jepsen worker 0] jepsen.util: 0	:ok	:broadcast	54
2025-01-19 13:03:51,656{GMT}	INFO	[jepsen worker 0] jepsen.util: 0	:invoke	:broadcast	55
2025-01-19 13:03:51,657{GMT}	INFO	[jepsen worker 0] jepsen.util: 0	:ok	:broadcast	55
2025-01-19 13:03:51,843{GMT}	INFO	[jepsen worker 0] jepsen.util: 0	:invoke	:broadcast	56
2025-01-19 13:03:51,844{GMT}	INFO	[jepsen worker 0] jepsen.util: 0	:ok	:broadcast	56
2025-01-19 13:03:51,952{GMT}	INFO	[jepsen worker 0] jepsen.util: 0	:invoke	:read	nil
2025-01-19 13:03:51,956{GMT}	INFO	[jepsen worker 0] jepsen.util: 0	:ok	:read	[30 29 9 32 52 16 37 42 25 31 21 12 15 3 14 2 7 26 4 49 11 44 54 19 55 41 20 46 13 28 33 17 36 45 1 53 23 6 43 56 39 40 38 51 8 22 5 50 34 27 35 47 10 24 18 0 48]
2025-01-19 13:03:52,057{GMT}	INFO	[jepsen worker 0] jepsen.util: 0	:invoke	:broadcast	57
2025-01-19 13:03:52,059{GMT}	INFO	[jepsen worker 0] jepsen.util: 0	:ok	:broadcast	57
2025-01-19 13:03:52,169{GMT}	INFO	[jepsen worker 0] jepsen.util: 0	:invoke	:broadcast	58
2025-01-19 13:03:52,172{GMT}	INFO	[jepsen worker 0] jepsen.util: 0	:ok	:broadcast	58
2025-01-19 13:03:52,317{GMT}	INFO	[jepsen worker 0] jepsen.util: 0	:invoke	:read	nil
2025-01-19 13:03:52,319{GMT}	INFO	[jepsen worker 0] jepsen.util: 0	:ok	:read	[30 29 9 32 52 16 37 42 25 31 21 12 15 3 14 2 7 26 4 49 11 44 54 19 55 41 20 46 13 28 33 17 36 45 1 53 23 6 43 56 39 40 38 51 8 22 5 50 34 27 35 47 10 57 24 58 18 0 48]
2025-01-19 13:03:52,354{GMT}	INFO	[jepsen worker 0] jepsen.util: 0	:invoke	:broadcast	59
2025-01-19 13:03:52,360{GMT}	INFO	[jepsen worker 0] jepsen.util: 0	:ok	:broadcast	59
2025-01-19 13:03:52,409{GMT}	INFO	[jepsen worker 0] jepsen.util: 0	:invoke	:read	nil
2025-01-19 13:03:52,410{GMT}	INFO	[jepsen worker 0] jepsen.util: 0	:ok	:read	[30 29 9 32 52 16 37 42 25 31 21 12 15 3 14 2 7 26 4 49 11 44 54 19 55 41 20 46 13 28 33 17 36 45 1 53 23 6 43 56 59 39 40 38 51 8 22 5 50 34 27 35 47 10 57 24 58 18 0 48]
2025-01-19 13:03:52,564{GMT}	INFO	[jepsen worker 0] jepsen.util: 0	:invoke	:broadcast	60
2025-01-19 13:03:52,565{GMT}	INFO	[jepsen worker 0] jepsen.util: 0	:ok	:broadcast	60
2025-01-19 13:03:52,653{GMT}	INFO	[jepsen worker 0] jepsen.util: 0	:invoke	:read	nil
2025-01-19 13:03:52,657{GMT}	INFO	[jepsen worker 0] jepsen.util: 0	:ok	:read	[30 29 9 32 52 16 37 42 25 31 21 12 15 3 14 2 7 26 4 49 11 44 54 19 55 41 20 46 13 28 33 17 36 45 1 53 23 6 43 56 59 39 40 38 60 51 8 22 5 50 34 27 35 47 10 57 24 58 18 0 48]
2025-01-19 13:03:52,717{GMT}	INFO	[jepsen worker 0] jepsen.util: 0	:invoke	:read	nil
2025-01-19 13:03:52,719{GMT}	INFO	[jepsen worker 0] jepsen.util: 0	:ok	:read	[30 29 9 32 52 16 37 42 25 31 21 12 15 3 14 2 7 26 4 49 11 44 54 19 55 41 20 46 13 28 33 17 36 45 1 53 23 6 43 56 59 39 40 38 60 51 8 22 5 50 34 27 35 47 10 57 24 58 18 0 48]
2025-01-19 13:03:52,743{GMT}	INFO	[jepsen worker 0] jepsen.util: 0	:invoke	:read	nil
2025-01-19 13:03:52,744{GMT}	INFO	[jepsen worker 0] jepsen.util: 0	:ok	:read	[30 29 9 32 52 16 37 42 25 31 21 12 15 3 14 2 7 26 4 49 11 44 54 19 55 41 20 46 13 28 33 17 36 45 1 53 23 6 43 56 59 39 40 38 60 51 8 22 5 50 34 27 35 47 10 57 24 58 18 0 48]
2025-01-19 13:03:52,760{GMT}	INFO	[jepsen worker 0] jepsen.util: 0	:invoke	:broadcast	61
2025-01-19 13:03:52,761{GMT}	INFO	[jepsen worker 0] jepsen.util: 0	:ok	:broadcast	61
2025-01-19 13:03:52,876{GMT}	INFO	[jepsen worker 0] jepsen.util: 0	:invoke	:broadcast	62
2025-01-19 13:03:52,877{GMT}	INFO	[jepsen worker 0] jepsen.util: 0	:ok	:broadcast	62
2025-01-19 13:03:52,917{GMT}	INFO	[jepsen worker 0] jepsen.util: 0	:invoke	:read	nil
2025-01-19 13:03:52,918{GMT}	INFO	[jepsen worker 0] jepsen.util: 0	:ok	:read	[30 29 9 32 52 16 37 42 61 25 31 21 12 15 3 14 2 7 26 4 49 11 44 54 19 55 41 20 46 13 28 33 17 36 45 1 53 23 6 43 56 59 39 40 62 38 60 51 8 22 5 50 34 27 35 47 10 57 24 58 18 0 48]
2025-01-19 13:03:53,001{GMT}	INFO	[jepsen worker 0] jepsen.util: 0	:invoke	:read	nil
2025-01-19 13:03:53,002{GMT}	INFO	[jepsen worker 0] jepsen.util: 0	:ok	:read	[30 29 9 32 52 16 37 42 61 25 31 21 12 15 3 14 2 7 26 4 49 11 44 54 19 55 41 20 46 13 28 33 17 36 45 1 53 23 6 43 56 59 39 40 62 38 60 51 8 22 5 50 34 27 35 47 10 57 24 58 18 0 48]
2025-01-19 13:03:53,006{GMT}	INFO	[jepsen worker 0] jepsen.util: 0	:invoke	:broadcast	63
2025-01-19 13:03:53,007{GMT}	INFO	[jepsen worker 0] jepsen.util: 0	:ok	:broadcast	63
2025-01-19 13:03:53,081{GMT}	INFO	[jepsen worker 0] jepsen.util: 0	:invoke	:read	nil
2025-01-19 13:03:53,082{GMT}	INFO	[jepsen worker 0] jepsen.util: 0	:ok	:read	[30 29 9 32 52 16 37 42 61 25 31 21 12 15 3 14 2 7 26 4 49 11 44 54 19 55 41 20 46 13 28 33 17 36 45 1 53 23 6 43 56 59 39 40 62 38 60 51 8 22 5 50 34 27 35 63 47 10 57 24 58 18 0 48]
2025-01-19 13:03:53,202{GMT}	INFO	[jepsen worker 0] jepsen.util: 0	:invoke	:broadcast	64
2025-01-19 13:03:53,203{GMT}	INFO	[jepsen worker 0] jepsen.util: 0	:ok	:broadcast	64
2025-01-19 13:03:53,262{GMT}	INFO	[jepsen worker 0] jepsen.util: 0	:invoke	:broadcast	65
2025-01-19 13:03:53,264{GMT}	INFO	[jepsen worker 0] jepsen.util: 0	:ok	:broadcast	65
2025-01-19 13:03:53,340{GMT}	INFO	[jepsen worker 0] jepsen.util: 0	:invoke	:read	nil
2025-01-19 13:03:53,341{GMT}	INFO	[jepsen worker 0] jepsen.util: 0	:ok	:read	[30 29 9 32 52 16 37 42 61 25 31 21 12 15 3 14 2 7 26 4 49 11 44 54 19 55 41 20 46 13 28 33 17 36 45 1 53 23 6 43 56 59 39 40 62 38 60 51 8 22 5 50 34 27 35 63 47 10 57 24 58 18 0 65 64 48]
2025-01-19 13:03:53,475{GMT}	INFO	[jepsen worker 0] jepsen.util: 0	:invoke	:read	nil
2025-01-19 13:03:53,479{GMT}	INFO	[jepsen worker 0] jepsen.util: 0	:ok	:read	[30 29 9 32 52 16 37 42 61 25 31 21 12 15 3 14 2 7 26 4 49 11 44 54 19 55 41 20 46 13 28 33 17 36 45 1 53 23 6 43 56 59 39 40 62 38 60 51 8 22 5 50 34 27 35 63 47 10 57 24 58 18 0 65 64 48]
2025-01-19 13:03:53,544{GMT}	INFO	[jepsen worker 0] jepsen.util: 0	:invoke	:read	nil
2025-01-19 13:03:53,545{GMT}	INFO	[jepsen worker 0] jepsen.util: 0	:ok	:read	[30 29 9 32 52 16 37 42 61 25 31 21 12 15 3 14 2 7 26 4 49 11 44 54 19 55 41 20 46 13 28 33 17 36 45 1 53 23 6 43 56 59 39 40 62 38 60 51 8 22 5 50 34 27 35 63 47 10 57 24 58 18 0 65 64 48]
2025-01-19 13:03:53,605{GMT}	INFO	[jepsen worker 0] jepsen.util: 0	:invoke	:broadcast	66
2025-01-19 13:03:53,609{GMT}	INFO	[jepsen worker 0] jepsen.util: 0	:ok	:broadcast	66
2025-01-19 13:03:53,800{GMT}	INFO	[jepsen worker 0] jepsen.util: 0	:invoke	:read	nil
2025-01-19 13:03:53,801{GMT}	INFO	[jepsen worker 0] jepsen.util: 0	:ok	:read	[30 29 9 32 52 16 37 42 61 25 31 21 12 15 3 14 66 2 7 26 4 49 11 44 54 19 55 41 20 46 13 28 33 17 36 45 1 53 23 6 43 56 59 39 40 62 38 60 51 8 22 5 50 34 27 35 63 47 10 57 24 58 18 0 65 64 48]
2025-01-19 13:03:53,837{GMT}	INFO	[jepsen worker 0] jepsen.util: 0	:invoke	:broadcast	67
2025-01-19 13:03:53,838{GMT}	INFO	[jepsen worker 0] jepsen.util: 0	:ok	:broadcast	67
2025-01-19 13:03:53,911{GMT}	INFO	[jepsen worker 0] jepsen.util: 0	:invoke	:read	nil
2025-01-19 13:03:53,913{GMT}	INFO	[jepsen worker 0] jepsen.util: 0	:ok	:read	[30 29 9 32 52 16 37 42 61 25 31 21 12 15 3 14 66 2 7 26 4 67 49 11 44 54 19 55 41 20 46 13 28 33 17 36 45 1 53 23 6 43 56 59 39 40 62 38 60 51 8 22 5 50 34 27 35 63 47 10 57 24 58 18 0 65 64 48]
2025-01-19 13:03:54,005{GMT}	INFO	[jepsen worker 0] jepsen.util: 0	:invoke	:read	nil
2025-01-19 13:03:54,008{GMT}	INFO	[jepsen worker 0] jepsen.util: 0	:ok	:read	[30 29 9 32 52 16 37 42 61 25 31 21 12 15 3 14 66 2 7 26 4 67 49 11 44 54 19 55 41 20 46 13 28 33 17 36 45 1 53 23 6 43 56 59 39 40 62 38 60 51 8 22 5 50 34 27 35 63 47 10 57 24 58 18 0 65 64 48]
2025-01-19 13:03:54,079{GMT}	INFO	[jepsen worker 0] jepsen.util: 0	:invoke	:broadcast	68
2025-01-19 13:03:54,080{GMT}	INFO	[jepsen worker 0] jepsen.util: 0	:ok	:broadcast	68
2025-01-19 13:03:54,106{GMT}	INFO	[jepsen worker 0] jepsen.util: 0	:invoke	:broadcast	69
2025-01-19 13:03:54,107{GMT}	INFO	[jepsen worker 0] jepsen.util: 0	:ok	:broadcast	69
2025-01-19 13:03:54,141{GMT}	INFO	[jepsen worker 0] jepsen.util: 0	:invoke	:broadcast	70
2025-01-19 13:03:54,142{GMT}	INFO	[jepsen worker 0] jepsen.util: 0	:ok	:broadcast	70
2025-01-19 13:03:54,274{GMT}	INFO	[jepsen worker 0] jepsen.util: 0	:invoke	:broadcast	71
2025-01-19 13:03:54,275{GMT}	INFO	[jepsen worker 0] jepsen.util: 0	:ok	:broadcast	71
2025-01-19 13:03:54,313{GMT}	INFO	[jepsen worker 0] jepsen.util: 0	:invoke	:read	nil
2025-01-19 13:03:54,314{GMT}	INFO	[jepsen worker 0] jepsen.util: 0	:ok	:read	[30 29 68 9 32 52 16 37 42 61 25 31 21 12 15 3 14 66 2 7 71 26 4 67 49 11 70 44 54 19 55 41 20 46 13 28 33 17 36 45 1 53 23 6 43 56 59 39 40 62 38 69 60 51 8 22 5 50 34 27 35 63 47 10 57 24 58 18 0 65 64 48]
2025-01-19 13:03:54,512{GMT}	INFO	[jepsen worker 0] jepsen.util: 0	:invoke	:read	nil
2025-01-19 13:03:54,513{GMT}	INFO	[jepsen worker 0] jepsen.util: 0	:ok	:read	[30 29 68 9 32 52 16 37 42 61 25 31 21 12 15 3 14 66 2 7 71 26 4 67 49 11 70 44 54 19 55 41 20 46 13 28 33 17 36 45 1 53 23 6 43 56 59 39 40 62 38 69 60 51 8 22 5 50 34 27 35 63 47 10 57 24 58 18 0 65 64 48]
2025-01-19 13:03:54,612{GMT}	INFO	[jepsen worker 0] jepsen.util: 0	:invoke	:broadcast	72
2025-01-19 13:03:54,615{GMT}	INFO	[jepsen worker 0] jepsen.util: 0	:ok	:broadcast	72
2025-01-19 13:03:54,805{GMT}	INFO	[jepsen worker 0] jepsen.util: 0	:invoke	:broadcast	73
2025-01-19 13:03:54,806{GMT}	INFO	[jepsen worker 0] jepsen.util: 0	:ok	:broadcast	73
2025-01-19 13:03:54,981{GMT}	INFO	[jepsen worker 0] jepsen.util: 0	:invoke	:read	nil
2025-01-19 13:03:54,983{GMT}	INFO	[jepsen worker 0] jepsen.util: 0	:ok	:read	[30 29 68 9 32 52 16 37 42 61 25 31 21 12 15 3 14 66 2 7 71 26 4 67 49 11 70 44 54 19 55 41 20 46 13 28 33 17 36 45 1 53 23 6 43 56 72 59 39 73 40 62 38 69 60 51 8 22 5 50 34 27 35 63 47 10 57 24 58 18 0 65 64 48]
2025-01-19 13:03:55,053{GMT}	INFO	[jepsen worker 0] jepsen.util: 0	:invoke	:read	nil
2025-01-19 13:03:55,058{GMT}	INFO	[jepsen worker 0] jepsen.util: 0	:ok	:read	[30 29 68 9 32 52 16 37 42 61 25 31 21 12 15 3 14 66 2 7 71 26 4 67 49 11 70 44 54 19 55 41 20 46 13 28 33 17 36 45 1 53 23 6 43 56 72 59 39 73 40 62 38 69 60 51 8 22 5 50 34 27 35 63 47 10 57 24 58 18 0 65 64 48]
2025-01-19 13:03:55,194{GMT}	INFO	[jepsen worker 0] jepsen.util: 0	:invoke	:read	nil
2025-01-19 13:03:55,196{GMT}	INFO	[jepsen worker 0] jepsen.util: 0	:ok	:read	[30 29 68 9 32 52 16 37 42 61 25 31 21 12 15 3 14 66 2 7 71 26 4 67 49 11 70 44 54 19 55 41 20 46 13 28 33 17 36 45 1 53 23 6 43 56 72 59 39 73 40 62 38 69 60 51 8 22 5 50 34 27 35 63 47 10 57 24 58 18 0 65 64 48]
2025-01-19 13:03:55,375{GMT}	INFO	[jepsen worker 0] jepsen.util: 0	:invoke	:broadcast	74
2025-01-19 13:03:55,377{GMT}	INFO	[jepsen worker 0] jepsen.util: 0	:ok	:broadcast	74
2025-01-19 13:03:55,400{GMT}	INFO	[jepsen worker 0] jepsen.util: 0	:invoke	:read	nil
2025-01-19 13:03:55,401{GMT}	INFO	[jepsen worker 0] jepsen.util: 0	:ok	:read	[30 29 68 9 32 52 16 37 42 61 25 31 21 12 15 3 14 66 2 7 71 26 4 67 49 11 70 44 54 19 55 41 20 46 13 28 33 17 36 45 1 53 23 6 43 56 72 59 39 73 40 62 38 69 60 51 8 22 5 50 74 34 27 35 63 47 10 57 24 58 18 0 65 64 48]
2025-01-19 13:03:55,531{GMT}	INFO	[jepsen worker 0] jepsen.util: 0	:invoke	:read	nil
2025-01-19 13:03:55,532{GMT}	INFO	[jepsen worker 0] jepsen.util: 0	:ok	:read	[30 29 68 9 32 52 16 37 42 61 25 31 21 12 15 3 14 66 2 7 71 26 4 67 49 11 70 44 54 19 55 41 20 46 13 28 33 17 36 45 1 53 23 6 43 56 72 59 39 73 40 62 38 69 60 51 8 22 5 50 74 34 27 35 63 47 10 57 24 58 18 0 65 64 48]
2025-01-19 13:03:55,703{GMT}	INFO	[jepsen worker 0] jepsen.util: 0	:invoke	:read	nil
2025-01-19 13:03:55,705{GMT}	INFO	[jepsen worker 0] jepsen.util: 0	:ok	:read	[30 29 68 9 32 52 16 37 42 61 25 31 21 12 15 3 14 66 2 7 71 26 4 67 49 11 70 44 54 19 55 41 20 46 13 28 33 17 36 45 1 53 23 6 43 56 72 59 39 73 40 62 38 69 60 51 8 22 5 50 74 34 27 35 63 47 10 57 24 58 18 0 65 64 48]
2025-01-19 13:03:55,889{GMT}	INFO	[jepsen worker 0] jepsen.util: 0	:invoke	:read	nil
2025-01-19 13:03:55,892{GMT}	INFO	[jepsen worker 0] jepsen.util: 0	:ok	:read	[30 29 68 9 32 52 16 37 42 61 25 31 21 12 15 3 14 66 2 7 71 26 4 67 49 11 70 44 54 19 55 41 20 46 13 28 33 17 36 45 1 53 23 6 43 56 72 59 39 73 40 62 38 69 60 51 8 22 5 50 74 34 27 35 63 47 10 57 24 58 18 0 65 64 48]
2025-01-19 13:03:55,985{GMT}	INFO	[jepsen worker 0] jepsen.util: 0	:invoke	:read	nil
2025-01-19 13:03:55,986{GMT}	INFO	[jepsen worker 0] jepsen.util: 0	:ok	:read	[30 29 68 9 32 52 16 37 42 61 25 31 21 12 15 3 14 66 2 7 71 26 4 67 49 11 70 44 54 19 55 41 20 46 13 28 33 17 36 45 1 53 23 6 43 56 72 59 39 73 40 62 38 69 60 51 8 22 5 50 74 34 27 35 63 47 10 57 24 58 18 0 65 64 48]
2025-01-19 13:03:56,138{GMT}	INFO	[jepsen worker 0] jepsen.util: 0	:invoke	:read	nil
2025-01-19 13:03:56,141{GMT}	INFO	[jepsen worker 0] jepsen.util: 0	:ok	:read	[30 29 68 9 32 52 16 37 42 61 25 31 21 12 15 3 14 66 2 7 71 26 4 67 49 11 70 44 54 19 55 41 20 46 13 28 33 17 36 45 1 53 23 6 43 56 72 59 39 73 40 62 38 69 60 51 8 22 5 50 74 34 27 35 63 47 10 57 24 58 18 0 65 64 48]
2025-01-19 13:03:56,267{GMT}	INFO	[jepsen worker 0] jepsen.util: 0	:invoke	:read	nil
2025-01-19 13:03:56,268{GMT}	INFO	[jepsen worker 0] jepsen.util: 0	:ok	:read	[30 29 68 9 32 52 16 37 42 61 25 31 21 12 15 3 14 66 2 7 71 26 4 67 49 11 70 44 54 19 55 41 20 46 13 28 33 17 36 45 1 53 23 6 43 56 72 59 39 73 40 62 38 69 60 51 8 22 5 50 74 34 27 35 63 47 10 57 24 58 18 0 65 64 48]
2025-01-19 13:03:56,309{GMT}	INFO	[jepsen worker 0] jepsen.util: 0	:invoke	:read	nil
2025-01-19 13:03:56,312{GMT}	INFO	[jepsen worker 0] jepsen.util: 0	:ok	:read	[30 29 68 9 32 52 16 37 42 61 25 31 21 12 15 3 14 66 2 7 71 26 4 67 49 11 70 44 54 19 55 41 20 46 13 28 33 17 36 45 1 53 23 6 43 56 72 59 39 73 40 62 38 69 60 51 8 22 5 50 74 34 27 35 63 47 10 57 24 58 18 0 65 64 48]
2025-01-19 13:03:56,444{GMT}	INFO	[jepsen worker 0] jepsen.util: 0	:invoke	:broadcast	75
2025-01-19 13:03:56,444{GMT}	INFO	[jepsen worker 0] jepsen.util: 0	:ok	:broadcast	75
2025-01-19 13:03:56,601{GMT}	INFO	[jepsen worker 0] jepsen.util: 0	:invoke	:broadcast	76
2025-01-19 13:03:56,602{GMT}	INFO	[jepsen worker 0] jepsen.util: 0	:ok	:broadcast	76
2025-01-19 13:03:56,642{GMT}	INFO	[jepsen worker 0] jepsen.util: 0	:invoke	:broadcast	77
2025-01-19 13:03:56,642{GMT}	INFO	[jepsen worker 0] jepsen.util: 0	:ok	:broadcast	77
2025-01-19 13:03:56,805{GMT}	INFO	[jepsen worker 0] jepsen.util: 0	:invoke	:read	nil
2025-01-19 13:03:56,807{GMT}	INFO	[jepsen worker 0] jepsen.util: 0	:ok	:read	[30 29 68 75 9 32 52 16 37 42 61 25 31 21 12 15 3 14 66 2 7 71 26 4 67 49 11 70 44 54 19 55 41 20 46 13 28 33 17 36 45 1 53 23 6 43 56 72 76 59 39 73 40 62 38 69 77 60 51 8 22 5 50 74 34 27 35 63 47 10 57 24 58 18 0 65 64 48]
2025-01-19 13:03:56,822{GMT}	INFO	[jepsen worker 0] jepsen.util: 0	:invoke	:read	nil
2025-01-19 13:03:56,823{GMT}	INFO	[jepsen worker 0] jepsen.util: 0	:ok	:read	[30 29 68 75 9 32 52 16 37 42 61 25 31 21 12 15 3 14 66 2 7 71 26 4 67 49 11 70 44 54 19 55 41 20 46 13 28 33 17 36 45 1 53 23 6 43 56 72 76 59 39 73 40 62 38 69 77 60 51 8 22 5 50 74 34 27 35 63 47 10 57 24 58 18 0 65 64 48]
2025-01-19 13:03:56,965{GMT}	INFO	[jepsen worker 0] jepsen.util: 0	:invoke	:broadcast	78
2025-01-19 13:03:56,965{GMT}	INFO	[jepsen worker 0] jepsen.util: 0	:ok	:broadcast	78
2025-01-19 13:03:57,047{GMT}	INFO	[jepsen worker 0] jepsen.util: 0	:invoke	:broadcast	79
2025-01-19 13:03:57,048{GMT}	INFO	[jepsen worker 0] jepsen.util: 0	:ok	:broadcast	79
2025-01-19 13:03:57,239{GMT}	INFO	[jepsen worker 0] jepsen.util: 0	:invoke	:broadcast	80
2025-01-19 13:03:57,241{GMT}	INFO	[jepsen worker 0] jepsen.util: 0	:ok	:broadcast	80
2025-01-19 13:03:57,244{GMT}	INFO	[jepsen worker 0] jepsen.util: 0	:invoke	:read	nil
2025-01-19 13:03:57,244{GMT}	INFO	[jepsen worker 0] jepsen.util: 0	:ok	:read	[30 29 68 75 9 32 52 16 37 42 61 25 31 21 12 15 3 14 66 2 7 71 26 4 67 49 11 70 44 54 19 55 41 20 46 13 28 33 17 36 45 1 53 23 6 43 56 72 76 59 39 73 40 62 38 69 77 79 60 51 8 22 5 50 74 34 27 35 63 78 47 80 10 57 24 58 18 0 65 64 48]
2025-01-19 13:03:57,257{GMT}	INFO	[jepsen worker 0] jepsen.util: 0	:invoke	:read	nil
2025-01-19 13:03:57,260{GMT}	INFO	[jepsen worker 0] jepsen.util: 0	:ok	:read	[30 29 68 75 9 32 52 16 37 42 61 25 31 21 12 15 3 14 66 2 7 71 26 4 67 49 11 70 44 54 19 55 41 20 46 13 28 33 17 36 45 1 53 23 6 43 56 72 76 59 39 73 40 62 38 69 77 79 60 51 8 22 5 50 74 34 27 35 63 78 47 80 10 57 24 58 18 0 65 64 48]
2025-01-19 13:03:57,406{GMT}	INFO	[jepsen worker 0] jepsen.util: 0	:invoke	:read	nil
2025-01-19 13:03:57,408{GMT}	INFO	[jepsen worker 0] jepsen.util: 0	:ok	:read	[30 29 68 75 9 32 52 16 37 42 61 25 31 21 12 15 3 14 66 2 7 71 26 4 67 49 11 70 44 54 19 55 41 20 46 13 28 33 17 36 45 1 53 23 6 43 56 72 76 59 39 73 40 62 38 69 77 79 60 51 8 22 5 50 74 34 27 35 63 78 47 80 10 57 24 58 18 0 65 64 48]
2025-01-19 13:03:57,452{GMT}	INFO	[jepsen worker 0] jepsen.util: 0	:invoke	:read	nil
2025-01-19 13:03:57,456{GMT}	INFO	[jepsen worker 0] jepsen.util: 0	:ok	:read	[30 29 68 75 9 32 52 16 37 42 61 25 31 21 12 15 3 14 66 2 7 71 26 4 67 49 11 70 44 54 19 55 41 20 46 13 28 33 17 36 45 1 53 23 6 43 56 72 76 59 39 73 40 62 38 69 77 79 60 51 8 22 5 50 74 34 27 35 63 78 47 80 10 57 24 58 18 0 65 64 48]
2025-01-19 13:03:57,469{GMT}	INFO	[jepsen worker 0] jepsen.util: 0	:invoke	:read	nil
2025-01-19 13:03:57,472{GMT}	INFO	[jepsen worker 0] jepsen.util: 0	:ok	:read	[30 29 68 75 9 32 52 16 37 42 61 25 31 21 12 15 3 14 66 2 7 71 26 4 67 49 11 70 44 54 19 55 41 20 46 13 28 33 17 36 45 1 53 23 6 43 56 72 76 59 39 73 40 62 38 69 77 79 60 51 8 22 5 50 74 34 27 35 63 78 47 80 10 57 24 58 18 0 65 64 48]
2025-01-19 13:03:57,601{GMT}	INFO	[jepsen worker 0] jepsen.util: 0	:invoke	:broadcast	81
2025-01-19 13:03:57,603{GMT}	INFO	[jepsen worker 0] jepsen.util: 0	:ok	:broadcast	81
2025-01-19 13:03:57,655{GMT}	INFO	[jepsen worker 0] jepsen.util: 0	:invoke	:read	nil
2025-01-19 13:03:57,656{GMT}	INFO	[jepsen worker 0] jepsen.util: 0	:ok	:read	[30 29 68 75 9 32 52 16 37 42 61 25 31 21 12 15 3 14 66 2 7 71 26 4 67 49 11 70 44 54 19 55 41 20 46 13 28 33 17 36 45 1 53 23 6 43 56 72 76 59 39 73 40 62 38 69 77 79 60 51 8 22 5 50 74 34 27 35 63 78 47 80 10 57 24 58 18 0 65 64 48 81]
2025-01-19 13:03:57,815{GMT}	INFO	[jepsen worker 0] jepsen.util: 0	:invoke	:broadcast	82
2025-01-19 13:03:57,816{GMT}	INFO	[jepsen worker 0] jepsen.util: 0	:ok	:broadcast	82
2025-01-19 13:03:57,876{GMT}	INFO	[jepsen worker 0] jepsen.util: 0	:invoke	:read	nil
2025-01-19 13:03:57,878{GMT}	INFO	[jepsen worker 0] jepsen.util: 0	:ok	:read	[30 29 68 75 9 32 52 16 82 37 42 61 25 31 21 12 15 3 14 66 2 7 71 26 4 67 49 11 70 44 54 19 55 41 20 46 13 28 33 17 36 45 1 53 23 6 43 56 72 76 59 39 73 40 62 38 69 77 79 60 51 8 22 5 50 74 34 27 35 63 78 47 80 10 57 24 58 18 0 65 64 48 81]
2025-01-19 13:03:58,021{GMT}	INFO	[jepsen worker 0] jepsen.util: 0	:invoke	:broadcast	83
2025-01-19 13:03:58,022{GMT}	INFO	[jepsen worker 0] jepsen.util: 0	:ok	:broadcast	83
2025-01-19 13:03:58,029{GMT}	INFO	[jepsen worker 0] jepsen.util: 0	:invoke	:broadcast	84
2025-01-19 13:03:58,031{GMT}	INFO	[jepsen worker 0] jepsen.util: 0	:ok	:broadcast	84
2025-01-19 13:03:58,168{GMT}	INFO	[jepsen worker 0] jepsen.util: 0	:invoke	:read	nil
2025-01-19 13:03:58,169{GMT}	INFO	[jepsen worker 0] jepsen.util: 0	:ok	:read	[30 29 68 75 9 32 52 16 82 37 84 42 61 25 31 21 12 15 3 14 66 2 7 71 26 4 67 49 11 70 83 44 54 19 55 41 20 46 13 28 33 17 36 45 1 53 23 6 43 56 72 76 59 39 73 40 62 38 69 77 79 60 51 8 22 5 50 74 34 27 35 63 78 47 80 10 57 24 58 18 0 65 64 48 81]
2025-01-19 13:03:58,217{GMT}	INFO	[jepsen worker 0] jepsen.util: 0	:invoke	:read	nil
2025-01-19 13:03:58,219{GMT}	INFO	[jepsen worker 0] jepsen.util: 0	:ok	:read	[30 29 68 75 9 32 52 16 82 37 84 42 61 25 31 21 12 15 3 14 66 2 7 71 26 4 67 49 11 70 83 44 54 19 55 41 20 46 13 28 33 17 36 45 1 53 23 6 43 56 72 76 59 39 73 40 62 38 69 77 79 60 51 8 22 5 50 74 34 27 35 63 78 47 80 10 57 24 58 18 0 65 64 48 81]
2025-01-19 13:03:58,410{GMT}	INFO	[jepsen worker 0] jepsen.util: 0	:invoke	:read	nil
2025-01-19 13:03:58,412{GMT}	INFO	[jepsen worker 0] jepsen.util: 0	:ok	:read	[30 29 68 75 9 32 52 16 82 37 84 42 61 25 31 21 12 15 3 14 66 2 7 71 26 4 67 49 11 70 83 44 54 19 55 41 20 46 13 28 33 17 36 45 1 53 23 6 43 56 72 76 59 39 73 40 62 38 69 77 79 60 51 8 22 5 50 74 34 27 35 63 78 47 80 10 57 24 58 18 0 65 64 48 81]
2025-01-19 13:03:58,418{GMT}	INFO	[jepsen worker 0] jepsen.util: 0	:invoke	:broadcast	85
2025-01-19 13:03:58,419{GMT}	INFO	[jepsen worker 0] jepsen.util: 0	:ok	:broadcast	85
2025-01-19 13:03:58,489{GMT}	INFO	[jepsen worker 0] jepsen.util: 0	:invoke	:broadcast	86
2025-01-19 13:03:58,494{GMT}	INFO	[jepsen worker 0] jepsen.util: 0	:ok	:broadcast	86
2025-01-19 13:03:58,546{GMT}	INFO	[jepsen worker 0] jepsen.util: 0	:invoke	:broadcast	87
2025-01-19 13:03:58,549{GMT}	INFO	[jepsen worker 0] jepsen.util: 0	:ok	:broadcast	87
2025-01-19 13:03:58,709{GMT}	INFO	[jepsen worker 0] jepsen.util: 0	:invoke	:broadcast	88
2025-01-19 13:03:58,710{GMT}	INFO	[jepsen worker 0] jepsen.util: 0	:ok	:broadcast	88
2025-01-19 13:03:58,811{GMT}	INFO	[jepsen worker 0] jepsen.util: 0	:invoke	:broadcast	89
2025-01-19 13:03:58,812{GMT}	INFO	[jepsen worker 0] jepsen.util: 0	:ok	:broadcast	89
2025-01-19 13:03:58,814{GMT}	INFO	[jepsen worker 0] jepsen.util: 0	:invoke	:read	nil
2025-01-19 13:03:58,815{GMT}	INFO	[jepsen worker 0] jepsen.util: 0	:ok	:read	[30 29 68 75 9 32 52 16 82 87 37 84 42 61 25 31 21 12 15 3 14 66 2 7 71 26 4 67 49 11 70 83 44 54 19 55 41 20 46 13 28 33 17 36 45 1 53 23 6 43 56 72 76 59 39 73 40 85 88 62 38 69 77 89 79 60 51 8 22 5 50 74 34 27 35 63 78 47 80 10 57 86 24 58 18 0 65 64 48 81]
2025-01-19 13:03:58,841{GMT}	INFO	[jepsen worker 0] jepsen.util: 0	:invoke	:broadcast	90
2025-01-19 13:03:58,842{GMT}	INFO	[jepsen worker 0] jepsen.util: 0	:ok	:broadcast	90
2025-01-19 13:03:58,935{GMT}	INFO	[jepsen worker 0] jepsen.util: 0	:invoke	:read	nil
2025-01-19 13:03:58,936{GMT}	INFO	[jepsen worker 0] jepsen.util: 0	:ok	:read	[30 29 68 75 9 32 52 16 82 87 37 84 42 61 25 31 21 12 15 3 14 66 2 7 71 26 4 67 49 11 70 83 44 54 19 55 41 20 46 13 28 33 17 36 45 1 53 23 6 43 56 72 76 59 39 73 40 85 88 62 38 69 77 89 79 60 51 8 22 5 50 74 90 34 27 35 63 78 47 80 10 57 86 24 58 18 0 65 64 48 81]
2025-01-19 13:03:58,954{GMT}	INFO	[jepsen worker 0] jepsen.util: 0	:invoke	:broadcast	91
2025-01-19 13:03:58,958{GMT}	INFO	[jepsen worker 0] jepsen.util: 0	:ok	:broadcast	91
2025-01-19 13:03:59,150{GMT}	INFO	[jepsen worker 0] jepsen.util: 0	:invoke	:broadcast	92
2025-01-19 13:03:59,151{GMT}	INFO	[jepsen worker 0] jepsen.util: 0	:ok	:broadcast	92
2025-01-19 13:03:59,259{GMT}	INFO	[jepsen worker 0] jepsen.util: 0	:invoke	:broadcast	93
2025-01-19 13:03:59,260{GMT}	INFO	[jepsen worker 0] jepsen.util: 0	:ok	:broadcast	93
2025-01-19 13:03:59,441{GMT}	INFO	[jepsen worker 0] jepsen.util: 0	:invoke	:broadcast	94
2025-01-19 13:03:59,442{GMT}	INFO	[jepsen worker 0] jepsen.util: 0	:ok	:broadcast	94
2025-01-19 13:03:59,595{GMT}	INFO	[jepsen worker 0] jepsen.util: 0	:invoke	:broadcast	95
2025-01-19 13:03:59,597{GMT}	INFO	[jepsen worker 0] jepsen.util: 0	:ok	:broadcast	95
2025-01-19 13:03:59,715{GMT}	INFO	[jepsen worker 0] jepsen.util: 0	:invoke	:read	nil
2025-01-19 13:03:59,718{GMT}	INFO	[jepsen worker 0] jepsen.util: 0	:ok	:read	[30 29 68 75 9 32 52 16 82 87 37 84 42 61 25 31 21 12 15 3 14 66 2 7 71 26 92 4 67 49 11 70 83 44 54 93 19 55 41 20 46 13 28 33 17 36 45 1 53 23 6 43 56 72 76 59 39 73 40 85 88 62 95 38 69 77 89 79 60 51 8 22 5 50 74 90 34 27 35 63 78 47 80 10 94 57 86 24 58 18 0 65 91 64 48 81]
2025-01-19 13:03:59,719{GMT}	INFO	[jepsen worker 0] jepsen.generator.interpreter: Waiting for recovery...
2025-01-19 13:04:09,723{GMT}	INFO	[jepsen worker 0] jepsen.util: 0	:invoke	:read	nil
2025-01-19 13:04:09,725{GMT}	INFO	[jepsen worker 0] jepsen.util: 0	:ok	:read	[30 29 68 75 9 32 52 16 82 87 37 84 42 61 25 31 21 12 15 3 14 66 2 7 71 26 92 4 67 49 11 70 83 44 54 93 19 55 41 20 46 13 28 33 17 36 45 1 53 23 6 43 56 72 76 59 39 73 40 85 88 62 95 38 69 77 89 79 60 51 8 22 5 50 74 90 34 27 35 63 78 47 80 10 94 57 86 24 58 18 0 65 91 64 48 81]
2025-01-19 13:04:09,754{GMT}	INFO	[jepsen test runner] jepsen.core: Run complete, writing
2025-01-19 13:04:09,850{GMT}	INFO	[jepsen node n0] maelstrom.db: Tearing down n0
2025-01-19 13:04:11,706{GMT}	INFO	[jepsen node n0] maelstrom.net: Shutting down Maelstrom network
2025-01-19 13:04:11,707{GMT}	INFO	[jepsen test runner] jepsen.core: Analyzing...
2025-01-19 13:04:12,087{GMT}	INFO	[jepsen test runner] jepsen.core: Analysis complete
2025-01-19 13:04:12,114{GMT}	INFO	[jepsen results] jepsen.store: Wrote /home/ashley/Documents/RustHome/distributed/maelstrom_distributed/store/broadcast/20250119T130337.293Z/results.edn
2025-01-19 13:04:12,142{GMT}	INFO	[jepsen test runner] jepsen.core: {:perf {:latency-graph {:valid? true},
        :rate-graph {:valid? true},
        :valid? true},
 :timeline {:valid? true},
 :exceptions {:valid? true},
 :stats {:valid? true,
         :count 205,
         :ok-count 205,
         :fail-count 0,
         :info-count 0,
         :by-f {:broadcast {:valid? true,
                            :count 96,
                            :ok-count 96,
                            :fail-count 0,
                            :info-count 0},
                :read {:valid? true,
                       :count 109,
                       :ok-count 109,
                       :fail-count 0,
                       :info-count 0}}},
 :availability {:valid? true, :ok-fraction 1.0},
 :net {:all {:send-count 414,
             :recv-count 414,
             :msg-count 414,
             :msgs-per-op 2.0195122},
       :clients {:send-count 414, :recv-count 414, :msg-count 414},
       :servers {:send-count 0,
                 :recv-count 0,
                 :msg-count 0,
                 :msgs-per-op 0.0},
       :valid? true},
 :workload {:worst-stale (),
            :duplicated-count 0,
            :valid? true,
            :lost-count 0,
            :lost (),
            :stable-count 96,
            :stale-count 0,
            :stale (),
            :never-read-count 0,
            :stable-latencies {0 0, 0.5 0, 0.95 0, 0.99 0, 1 0},
            :attempt-count 96,
            :never-read (),
            :duplicated {}},
 :valid? true}


Everything looks good! (`)
