2025-01-10 23:44:51,313{GMT}	INFO	[jepsen test runner] jepsen.core: Test version fdf8854bb976612562d5a1b9a0a02265afd71c24 (plus uncommitted changes)
2025-01-10 23:44:51,313{GMT}	INFO	[jepsen test runner] jepsen.core: Command line:
lein run test -w unique-ids --bin /home/ashley/go/bin/maelstrom-unique-ids --time-limit 30 --rate 1000 --node-count 3 --availability total --nemesis partition
2025-01-10 23:44:51,426{GMT}	INFO	[jepsen test runner] jepsen.core: Running test:
{:args []
 :remote
 #jepsen.control.retry.Remote{:remote #jepsen.control.scp.Remote{:cmd-remote #jepsen.control.sshj.SSHJRemote{:concurrency-limit 6,
                                                                                                             :conn-spec nil,
                                                                                                             :client nil,
                                                                                                             :semaphore nil},
                                                                 :conn-spec nil},
                              :conn nil}
 :log-net-send false
 :node-count 3
 :availability :total
 :max-txn-length 4
 :concurrency 3
 :db
 #object[maelstrom.db$db$reify__16142
         "0x50a1c2f3"
         "maelstrom.db$db$reify__16142@50a1c2f3"]
 :max-writes-per-key 16
 :leave-db-running? false
 :name "unique-ids"
 :logging-json? false
 :start-time
 #object[org.joda.time.DateTime "0x333813e7" "2025-01-10T23:44:51.283Z"]
 :nemesis-interval 10
 :net
 #object[maelstrom.net$jepsen_net$reify__15251
         "0x292237cd"
         "maelstrom.net$jepsen_net$reify__15251@292237cd"]
 :client
 #object[maelstrom.workload.unique_ids$client$reify__20074
         "0x797a5b31"
         "maelstrom.workload.unique_ids$client$reify__20074@797a5b31"]
 :barrier
 #object[java.util.concurrent.CyclicBarrier
         "0x13d7d1a8"
         "java.util.concurrent.CyclicBarrier@13d7d1a8"]
 :log-stderr false
 :pure-generators true
 :ssh {:dummy? true}
 :rate 1000.0
 :checker
 #object[jepsen.checker$compose$reify__11881
         "0x60035f1e"
         "jepsen.checker$compose$reify__11881@60035f1e"]
 :argv
 ("test"
  "-w"
  "unique-ids"
  "--bin"
  "/home/ashley/go/bin/maelstrom-unique-ids"
  "--time-limit"
  "30"
  "--rate"
  "1000"
  "--node-count"
  "3"
  "--availability"
  "total"
  "--nemesis"
  "partition")
 :nemesis
 (jepsen.nemesis.ReflCompose
  {:fm {:start-partition 0,
        :stop-partition 0,
        :kill 1,
        :start 1,
        :pause 1,
        :resume 1},
   :nemeses [#unprintable "jepsen.nemesis.combined$partition_nemesis$reify__16416@5827908c"
             #unprintable "jepsen.nemesis.combined$db_nemesis$reify__16397@732ffb6a"]})
 :nodes ["n0" "n1" "n2"]
 :test-count 1
 :latency {:mean 0, :dist :constant}
 :bin "/home/ashley/go/bin/maelstrom-unique-ids"
 :generator
 (jepsen.generator.TimeLimit
  {:limit 30000000000,
   :cutoff nil,
   :gen (jepsen.generator.Any
         {:gens [(jepsen.generator.OnThreads
                  {:f #{:nemesis},
                   :context-filter #object[jepsen.generator.context$make_thread_filter$lazy_filter__9167
                                           "0x40f40221"
                                           "jepsen.generator.context$make_thread_filter$lazy_filter__9167@40f40221"],
                   :gen (jepsen.generator.Stagger
                         {:dt 20000000000,
                          :next-time nil,
                          :gen (jepsen.generator.FlipFlop
                                {:gens [#object[jepsen.nemesis.combined$partition_package$start__16420
                                                "0x16441c13"
                                                "jepsen.nemesis.combined$partition_package$start__16420@16441c13"]
                                        ({:type :info,
                                          :f :stop-partition,
                                          :value nil}
                                         {:type :info,
                                          :f :stop-partition,
                                          :value nil}
                                         {:type :info,
                                          :f :stop-partition,
                                          :value nil}
                                         {:type :info,
                                          :f :stop-partition,
                                          :value nil}
                                         {:type :info,
                                          :f :stop-partition,
                                          :value nil}
                                         {:type :info,
                                          :f :stop-partition,
                                          :value nil}
                                         {:type :info,
                                          :f :stop-partition,
                                          :value nil}
                                         {:type :info,
                                          :f :stop-partition,
                                          :value nil}
                                         ...)],
                                 :i 0})})})
                 (jepsen.generator.OnThreads
                  {:f #jepsen.generator.context.AllBut{:element :nemesis},
                   :context-filter #object[jepsen.generator.context$make_thread_filter$lazy_filter__9167
                                           "0x164dfad2"
                                           "jepsen.generator.context$make_thread_filter$lazy_filter__9167@164dfad2"],
                   :gen (jepsen.generator.Stagger
                         {:dt 2000000,
                          :next-time nil,
                          :gen (jepsen.generator.Repeat
                                {:remaining -1, :gen {:f :generate}})})})]})})
 :log-net-recv false
 :os
 #object[maelstrom.net$jepsen_os$reify__15254
         "0x76480730"
         "maelstrom.net$jepsen_os$reify__15254@76480730"]
 :time-limit 30
 :workload :unique-ids
 :consistency-models [:strict-serializable]
 :topology :grid}

2025-01-10 23:44:53,487{GMT}	INFO	[jepsen node n0] maelstrom.net: Starting Maelstrom network
2025-01-10 23:44:53,490{GMT}	INFO	[jepsen test runner] jepsen.db: Tearing down DB
2025-01-10 23:44:53,496{GMT}	INFO	[jepsen test runner] jepsen.db: Setting up DB
2025-01-10 23:44:53,497{GMT}	INFO	[jepsen node n1] maelstrom.db: Setting up n1
2025-01-10 23:44:53,497{GMT}	INFO	[jepsen node n2] maelstrom.db: Setting up n2
2025-01-10 23:44:53,498{GMT}	INFO	[jepsen node n1] maelstrom.process: launching /home/ashley/go/bin/maelstrom-unique-ids []
2025-01-10 23:44:53,498{GMT}	INFO	[jepsen node n2] maelstrom.process: launching /home/ashley/go/bin/maelstrom-unique-ids []
2025-01-10 23:44:53,499{GMT}	INFO	[jepsen node n0] maelstrom.service: Starting services: (lin-kv lin-tso lww-kv seq-kv)
2025-01-10 23:44:53,501{GMT}	INFO	[jepsen node n0] maelstrom.db: Setting up n0
2025-01-10 23:44:53,502{GMT}	INFO	[jepsen node n0] maelstrom.process: launching /home/ashley/go/bin/maelstrom-unique-ids []
2025-01-10 23:44:54,506{GMT}	INFO	[jepsen node n0] maelstrom.net: Shutting down Maelstrom network
2025-01-10 23:44:54,507{GMT}	WARN	[jepsen test runner] jepsen.core: Test crashed!
java.io.IOException: Cannot run program "/home/ashley/go/bin/maelstrom-unique-ids" (in directory "/tmp"): error=2, No such file or directory
	at java.base/java.lang.ProcessBuilder.start(ProcessBuilder.java:1143)
	at java.base/java.lang.ProcessBuilder.start(ProcessBuilder.java:1073)
	at maelstrom.process$start_node_BANG_.invokeStatic(process.clj:199)
	at maelstrom.process$start_node_BANG_.invoke(process.clj:168)
	at maelstrom.db$db$reify__16142.setup_BANG_(db.clj:34)
	at jepsen.db$fn__8729$G__8723__8733.invoke(db.clj:12)
	at jepsen.db$fn__8729$G__8722__8738.invoke(db.clj:12)
	at clojure.core$partial$fn__5908.invoke(core.clj:2642)
	at jepsen.control$on_nodes$fn__8599.invoke(control.clj:314)
	at clojure.lang.AFn.applyToHelper(AFn.java:154)
	at clojure.lang.AFn.applyTo(AFn.java:144)
	at clojure.core$apply.invokeStatic(core.clj:667)
	at clojure.core$with_bindings_STAR_.invokeStatic(core.clj:1990)
	at clojure.core$with_bindings_STAR_.doInvoke(core.clj:1990)
	at clojure.lang.RestFn.applyTo(RestFn.java:142)
	at clojure.core$apply.invokeStatic(core.clj:671)
	at clojure.core$bound_fn_STAR_$fn__5818.doInvoke(core.clj:2020)
	at clojure.lang.RestFn.invoke(RestFn.java:408)
	at dom_top.core$real_pmap_helper$build_thread__211$fn__212.invoke(core.clj:163)
	at clojure.lang.AFn.applyToHelper(AFn.java:152)
	at clojure.lang.AFn.applyTo(AFn.java:144)
	at clojure.core$apply.invokeStatic(core.clj:667)
	at clojure.core$with_bindings_STAR_.invokeStatic(core.clj:1990)
	at clojure.core$with_bindings_STAR_.doInvoke(core.clj:1990)
	at clojure.lang.RestFn.invoke(RestFn.java:425)
	at clojure.lang.AFn.applyToHelper(AFn.java:156)
	at clojure.lang.RestFn.applyTo(RestFn.java:132)
	at clojure.core$apply.invokeStatic(core.clj:671)
	at clojure.core$bound_fn_STAR_$fn__5818.doInvoke(core.clj:2020)
	at clojure.lang.RestFn.invoke(RestFn.java:397)
	at clojure.lang.AFn.run(AFn.java:22)
	at java.base/java.lang.Thread.run(Thread.java:840)
Caused by: java.io.IOException: error=2, No such file or directory
	at java.base/java.lang.ProcessImpl.forkAndExec(Native Method)
	at java.base/java.lang.ProcessImpl.<init>(ProcessImpl.java:314)
	at java.base/java.lang.ProcessImpl.start(ProcessImpl.java:244)
	at java.base/java.lang.ProcessBuilder.start(ProcessBuilder.java:1110)
	... 31 common frames omitted
