2025-01-14 00:58:19,509{GMT}	INFO	[jepsen test runner] jepsen.core: Test version a68db590a88e8a9b29ae1ea219db482a4fb74152 (plus uncommitted changes)
2025-01-14 00:58:19,509{GMT}	INFO	[jepsen test runner] jepsen.core: Command line:
lein run test -w broadcast --bin ./target/debug/maelstrom_distributed --node-count 1 --time-limit 20 --rate 10
2025-01-14 00:58:19,709{GMT}	INFO	[jepsen test runner] jepsen.core: Running test:
{:args []
 :remote
 #jepsen.control.retry.Remote{:remote #jepsen.control.scp.Remote{:cmd-remote #jepsen.control.sshj.SSHJRemote{:concurrency-limit 6,
                                                                                                             :conn-spec nil,
                                                                                                             :client nil,
                                                                                                             :semaphore nil},
                                                                 :conn-spec nil},
                              :conn nil}
 :log-net-send false
 :node-count 1
 :availability nil
 :max-txn-length 4
 :concurrency 1
 :db
 #object[maelstrom.db$db$reify__16142
         "0x13d7d1a8"
         "maelstrom.db$db$reify__16142@13d7d1a8"]
 :max-writes-per-key 16
 :leave-db-running? false
 :name "broadcast"
 :logging-json? false
 :start-time
 #object[org.joda.time.DateTime "0x5ed83e36" "2025-01-14T00:58:19.469Z"]
 :nemesis-interval 10
 :net
 #object[maelstrom.net$jepsen_net$reify__15251
         "0x2459715c"
         "maelstrom.net$jepsen_net$reify__15251@2459715c"]
 :client
 #object[maelstrom.workload.broadcast$client$reify__16644
         "0x401e36ab"
         "maelstrom.workload.broadcast$client$reify__16644@401e36ab"]
 :barrier
 #object[java.util.concurrent.CyclicBarrier
         "0x4ce66169"
         "java.util.concurrent.CyclicBarrier@4ce66169"]
 :log-stderr false
 :pure-generators true
 :ssh {:dummy? true}
 :rate 10.0
 :checker
 #object[jepsen.checker$compose$reify__11881
         "0x53d0cf4d"
         "jepsen.checker$compose$reify__11881@53d0cf4d"]
 :argv
 ("test"
  "-w"
  "broadcast"
  "--bin"
  "./target/debug/maelstrom_distributed"
  "--node-count"
  "1"
  "--time-limit"
  "20"
  "--rate"
  "10")
 :nemesis
 (jepsen.nemesis.ReflCompose
  {:fm {:start-partition 0,
        :stop-partition 0,
        :kill 1,
        :start 1,
        :pause 1,
        :resume 1},
   :nemeses [#unprintable "jepsen.nemesis.combined$partition_nemesis$reify__16416@3c6c87fa"
             #unprintable "jepsen.nemesis.combined$db_nemesis$reify__16397@d7645b2"]})
 :nodes ["n0"]
 :test-count 1
 :latency {:mean 0, :dist :constant}
 :bin "./target/debug/maelstrom_distributed"
 :generator
 ((jepsen.generator.Synchronize
   {:gen (jepsen.generator.TimeLimit
          {:limit 20000000000,
           :cutoff nil,
           :gen (jepsen.generator.Any
                 {:gens [(jepsen.generator.OnThreads
                          {:f #{:nemesis},
                           :context-filter #object[jepsen.generator.context$make_thread_filter$lazy_filter__9167
                                                   "0xe7b7395"
                                                   "jepsen.generator.context$make_thread_filter$lazy_filter__9167@e7b7395"],
                           :gen nil})
                         (jepsen.generator.OnThreads
                          {:f #jepsen.generator.context.AllBut{:element :nemesis},
                           :context-filter #object[jepsen.generator.context$make_thread_filter$lazy_filter__9167
                                                   "0x383c94ed"
                                                   "jepsen.generator.context$make_thread_filter$lazy_filter__9167@383c94ed"],
                           :gen (jepsen.generator.Stagger
                                 {:dt 200000000,
                                  :next-time nil,
                                  :gen (jepsen.generator.Mix
                                        {:i 0,
                                         :gens [({:f :broadcast, :value 0}
                                                 {:f :broadcast, :value 1}
                                                 {:f :broadcast, :value 2}
                                                 {:f :broadcast, :value 3}
                                                 {:f :broadcast, :value 4}
                                                 {:f :broadcast, :value 5}
                                                 {:f :broadcast, :value 6}
                                                 {:f :broadcast, :value 7}
                                                 ...)
                                                ({:f :read}
                                                 {:f :read}
                                                 {:f :read}
                                                 {:f :read}
                                                 {:f :read}
                                                 {:f :read}
                                                 {:f :read}
                                                 {:f :read}
                                                 ...)]})})})]})})})
  (jepsen.generator.Synchronize
   {:gen (jepsen.generator.OnThreads
          {:f #{:nemesis},
           :context-filter #object[jepsen.generator.context$make_thread_filter$lazy_filter__9167
                                   "0x12f85dc8"
                                   "jepsen.generator.context$make_thread_filter$lazy_filter__9167@12f85dc8"],
           :gen ()})})
  (jepsen.generator.Synchronize
   {:gen {:type :log, :value "Waiting for recovery..."}})
  (jepsen.generator.Synchronize {:gen {:type :sleep, :value 10}})
  (jepsen.generator.Synchronize
   {:gen (jepsen.generator.OnThreads
          {:f #jepsen.generator.context.AllBut{:element :nemesis},
           :context-filter #object[jepsen.generator.context$make_thread_filter$lazy_filter__9167
                                   "0x474a63d9"
                                   "jepsen.generator.context$make_thread_filter$lazy_filter__9167@474a63d9"],
           :gen (jepsen.generator.EachThread
                 {:fresh-gen {:f :read, :final? true},
                  :context-filters #object[clojure.core$promise$reify__8591
                                           "0x1b8d0c21"
                                           {:status :pending, :val nil}],
                  :gens {}})})}))
 :log-net-recv false
 :os
 #object[maelstrom.net$jepsen_os$reify__15254
         "0x54a04eae"
         "maelstrom.net$jepsen_os$reify__15254@54a04eae"]
 :time-limit 20
 :workload :broadcast
 :consistency-models [:strict-serializable]
 :topology :grid}

2025-01-14 00:58:21,982{GMT}	INFO	[jepsen node n0] maelstrom.net: Starting Maelstrom network
2025-01-14 00:58:21,986{GMT}	INFO	[jepsen test runner] jepsen.db: Tearing down DB
2025-01-14 00:58:21,990{GMT}	INFO	[jepsen test runner] jepsen.db: Setting up DB
2025-01-14 00:58:21,994{GMT}	INFO	[jepsen node n0] maelstrom.service: Starting services: (lin-kv lin-tso lww-kv seq-kv)
2025-01-14 00:58:22,001{GMT}	INFO	[jepsen node n0] maelstrom.db: Setting up n0
2025-01-14 00:58:22,002{GMT}	INFO	[jepsen node n0] maelstrom.process: launching ./target/debug/maelstrom_distributed []
2025-01-14 00:58:22,025{GMT}	INFO	[jepsen test runner] jepsen.core: Relative time begins now
2025-01-14 00:58:22,054{GMT}	INFO	[jepsen worker 0] jepsen.util: 0	:invoke	:broadcast	0
2025-01-14 00:58:22,057{GMT}	INFO	[jepsen worker 0] jepsen.util: 0	:ok	:broadcast	0
2025-01-14 00:58:22,242{GMT}	INFO	[jepsen worker 0] jepsen.util: 0	:invoke	:broadcast	1
2025-01-14 00:58:22,244{GMT}	INFO	[jepsen worker 0] jepsen.util: 0	:ok	:broadcast	1
2025-01-14 00:58:22,258{GMT}	INFO	[jepsen worker 0] jepsen.util: 0	:invoke	:read	nil
2025-01-14 00:58:22,261{GMT}	INFO	[jepsen worker 0] jepsen.util: 0	:ok	:read	[0 1]
2025-01-14 00:58:22,351{GMT}	INFO	[jepsen worker 0] jepsen.util: 0	:invoke	:read	nil
2025-01-14 00:58:22,354{GMT}	INFO	[jepsen worker 0] jepsen.util: 0	:ok	:read	[0 1]
2025-01-14 00:58:22,552{GMT}	INFO	[jepsen worker 0] jepsen.util: 0	:invoke	:read	nil
2025-01-14 00:58:22,555{GMT}	INFO	[jepsen worker 0] jepsen.util: 0	:ok	:read	[0 1]
2025-01-14 00:58:22,753{GMT}	INFO	[jepsen worker 0] jepsen.util: 0	:invoke	:broadcast	2
2025-01-14 00:58:22,754{GMT}	INFO	[jepsen worker 0] jepsen.util: 0	:ok	:broadcast	2
2025-01-14 00:58:22,879{GMT}	INFO	[jepsen worker 0] jepsen.util: 0	:invoke	:broadcast	3
2025-01-14 00:58:22,880{GMT}	INFO	[jepsen worker 0] jepsen.util: 0	:ok	:broadcast	3
2025-01-14 00:58:22,961{GMT}	INFO	[jepsen worker 0] jepsen.util: 0	:invoke	:read	nil
2025-01-14 00:58:22,963{GMT}	INFO	[jepsen worker 0] jepsen.util: 0	:ok	:read	[0 1 2 3]
2025-01-14 00:58:22,976{GMT}	INFO	[jepsen worker 0] jepsen.util: 0	:invoke	:broadcast	4
2025-01-14 00:58:22,979{GMT}	INFO	[jepsen worker 0] jepsen.util: 0	:ok	:broadcast	4
2025-01-14 00:58:23,065{GMT}	INFO	[jepsen worker 0] jepsen.util: 0	:invoke	:read	nil
2025-01-14 00:58:23,067{GMT}	INFO	[jepsen worker 0] jepsen.util: 0	:ok	:read	[0 1 2 3 4]
2025-01-14 00:58:23,164{GMT}	INFO	[jepsen worker 0] jepsen.util: 0	:invoke	:read	nil
2025-01-14 00:58:23,165{GMT}	INFO	[jepsen worker 0] jepsen.util: 0	:ok	:read	[0 1 2 3 4]
2025-01-14 00:58:23,353{GMT}	INFO	[jepsen worker 0] jepsen.util: 0	:invoke	:read	nil
2025-01-14 00:58:23,358{GMT}	INFO	[jepsen worker 0] jepsen.util: 0	:ok	:read	[0 1 2 3 4]
2025-01-14 00:58:23,536{GMT}	INFO	[jepsen worker 0] jepsen.util: 0	:invoke	:broadcast	5
2025-01-14 00:58:23,539{GMT}	INFO	[jepsen worker 0] jepsen.util: 0	:ok	:broadcast	5
2025-01-14 00:58:23,697{GMT}	INFO	[jepsen worker 0] jepsen.util: 0	:invoke	:broadcast	6
2025-01-14 00:58:23,699{GMT}	INFO	[jepsen worker 0] jepsen.util: 0	:ok	:broadcast	6
2025-01-14 00:58:23,875{GMT}	INFO	[jepsen worker 0] jepsen.util: 0	:invoke	:broadcast	7
2025-01-14 00:58:23,878{GMT}	INFO	[jepsen worker 0] jepsen.util: 0	:ok	:broadcast	7
2025-01-14 00:58:24,014{GMT}	INFO	[jepsen worker 0] jepsen.util: 0	:invoke	:broadcast	8
2025-01-14 00:58:24,015{GMT}	INFO	[jepsen worker 0] jepsen.util: 0	:ok	:broadcast	8
2025-01-14 00:58:24,146{GMT}	INFO	[jepsen worker 0] jepsen.util: 0	:invoke	:broadcast	9
2025-01-14 00:58:24,147{GMT}	INFO	[jepsen worker 0] jepsen.util: 0	:ok	:broadcast	9
2025-01-14 00:58:24,149{GMT}	INFO	[jepsen worker 0] jepsen.util: 0	:invoke	:read	nil
2025-01-14 00:58:24,154{GMT}	INFO	[jepsen worker 0] jepsen.util: 0	:ok	:read	[0 1 2 3 4 5 6 7 8 9]
2025-01-14 00:58:24,260{GMT}	INFO	[jepsen worker 0] jepsen.util: 0	:invoke	:broadcast	10
2025-01-14 00:58:24,261{GMT}	INFO	[jepsen worker 0] jepsen.util: 0	:ok	:broadcast	10
2025-01-14 00:58:24,324{GMT}	INFO	[jepsen worker 0] jepsen.util: 0	:invoke	:broadcast	11
2025-01-14 00:58:24,328{GMT}	INFO	[jepsen worker 0] jepsen.util: 0	:ok	:broadcast	11
2025-01-14 00:58:24,518{GMT}	INFO	[jepsen worker 0] jepsen.util: 0	:invoke	:read	nil
2025-01-14 00:58:24,520{GMT}	INFO	[jepsen worker 0] jepsen.util: 0	:ok	:read	[0 1 2 3 4 5 6 7 8 9 10 11]
2025-01-14 00:58:24,679{GMT}	INFO	[jepsen worker 0] jepsen.util: 0	:invoke	:read	nil
2025-01-14 00:58:24,681{GMT}	INFO	[jepsen worker 0] jepsen.util: 0	:ok	:read	[0 1 2 3 4 5 6 7 8 9 10 11]
2025-01-14 00:58:24,685{GMT}	INFO	[jepsen worker 0] jepsen.util: 0	:invoke	:read	nil
2025-01-14 00:58:24,687{GMT}	INFO	[jepsen worker 0] jepsen.util: 0	:ok	:read	[0 1 2 3 4 5 6 7 8 9 10 11]
2025-01-14 00:58:24,820{GMT}	INFO	[jepsen worker 0] jepsen.util: 0	:invoke	:read	nil
2025-01-14 00:58:24,822{GMT}	INFO	[jepsen worker 0] jepsen.util: 0	:ok	:read	[0 1 2 3 4 5 6 7 8 9 10 11]
2025-01-14 00:58:24,824{GMT}	INFO	[jepsen worker 0] jepsen.util: 0	:invoke	:read	nil
2025-01-14 00:58:24,826{GMT}	INFO	[jepsen worker 0] jepsen.util: 0	:ok	:read	[0 1 2 3 4 5 6 7 8 9 10 11]
2025-01-14 00:58:24,968{GMT}	INFO	[jepsen worker 0] jepsen.util: 0	:invoke	:broadcast	12
2025-01-14 00:58:24,970{GMT}	INFO	[jepsen worker 0] jepsen.util: 0	:ok	:broadcast	12
2025-01-14 00:58:25,086{GMT}	INFO	[jepsen worker 0] jepsen.util: 0	:invoke	:broadcast	13
2025-01-14 00:58:25,088{GMT}	INFO	[jepsen worker 0] jepsen.util: 0	:ok	:broadcast	13
2025-01-14 00:58:25,104{GMT}	INFO	[jepsen worker 0] jepsen.util: 0	:invoke	:broadcast	14
2025-01-14 00:58:25,106{GMT}	INFO	[jepsen worker 0] jepsen.util: 0	:ok	:broadcast	14
2025-01-14 00:58:25,228{GMT}	INFO	[jepsen worker 0] jepsen.util: 0	:invoke	:broadcast	15
2025-01-14 00:58:25,230{GMT}	INFO	[jepsen worker 0] jepsen.util: 0	:ok	:broadcast	15
2025-01-14 00:58:25,319{GMT}	INFO	[jepsen worker 0] jepsen.util: 0	:invoke	:read	nil
2025-01-14 00:58:25,320{GMT}	INFO	[jepsen worker 0] jepsen.util: 0	:ok	:read	[0 1 2 3 4 5 6 7 8 9 10 11 12 13 14 15]
2025-01-14 00:58:25,471{GMT}	INFO	[jepsen worker 0] jepsen.util: 0	:invoke	:read	nil
2025-01-14 00:58:25,474{GMT}	INFO	[jepsen worker 0] jepsen.util: 0	:ok	:read	[0 1 2 3 4 5 6 7 8 9 10 11 12 13 14 15]
2025-01-14 00:58:25,557{GMT}	INFO	[jepsen worker 0] jepsen.util: 0	:invoke	:read	nil
2025-01-14 00:58:25,559{GMT}	INFO	[jepsen worker 0] jepsen.util: 0	:ok	:read	[0 1 2 3 4 5 6 7 8 9 10 11 12 13 14 15]
2025-01-14 00:58:25,644{GMT}	INFO	[jepsen worker 0] jepsen.util: 0	:invoke	:read	nil
2025-01-14 00:58:25,646{GMT}	INFO	[jepsen worker 0] jepsen.util: 0	:ok	:read	[0 1 2 3 4 5 6 7 8 9 10 11 12 13 14 15]
2025-01-14 00:58:25,743{GMT}	INFO	[jepsen worker 0] jepsen.util: 0	:invoke	:broadcast	16
2025-01-14 00:58:25,745{GMT}	INFO	[jepsen worker 0] jepsen.util: 0	:ok	:broadcast	16
2025-01-14 00:58:25,861{GMT}	INFO	[jepsen worker 0] jepsen.util: 0	:invoke	:read	nil
2025-01-14 00:58:25,862{GMT}	INFO	[jepsen worker 0] jepsen.util: 0	:ok	:read	[0 1 2 3 4 5 6 7 8 9 10 11 12 13 14 15 16]
2025-01-14 00:58:25,980{GMT}	INFO	[jepsen worker 0] jepsen.util: 0	:invoke	:read	nil
2025-01-14 00:58:25,983{GMT}	INFO	[jepsen worker 0] jepsen.util: 0	:ok	:read	[0 1 2 3 4 5 6 7 8 9 10 11 12 13 14 15 16]
2025-01-14 00:58:26,157{GMT}	INFO	[jepsen worker 0] jepsen.util: 0	:invoke	:broadcast	17
2025-01-14 00:58:26,159{GMT}	INFO	[jepsen worker 0] jepsen.util: 0	:ok	:broadcast	17
2025-01-14 00:58:26,200{GMT}	INFO	[jepsen worker 0] jepsen.util: 0	:invoke	:broadcast	18
2025-01-14 00:58:26,203{GMT}	INFO	[jepsen worker 0] jepsen.util: 0	:ok	:broadcast	18
2025-01-14 00:58:26,347{GMT}	INFO	[jepsen worker 0] jepsen.util: 0	:invoke	:read	nil
2025-01-14 00:58:26,349{GMT}	INFO	[jepsen worker 0] jepsen.util: 0	:ok	:read	[0 1 2 3 4 5 6 7 8 9 10 11 12 13 14 15 16 17 18]
2025-01-14 00:58:26,454{GMT}	INFO	[jepsen worker 0] jepsen.util: 0	:invoke	:broadcast	19
2025-01-14 00:58:26,457{GMT}	INFO	[jepsen worker 0] jepsen.util: 0	:ok	:broadcast	19
2025-01-14 00:58:26,569{GMT}	INFO	[jepsen worker 0] jepsen.util: 0	:invoke	:read	nil
2025-01-14 00:58:26,571{GMT}	INFO	[jepsen worker 0] jepsen.util: 0	:ok	:read	[0 1 2 3 4 5 6 7 8 9 10 11 12 13 14 15 16 17 18 19]
2025-01-14 00:58:26,724{GMT}	INFO	[jepsen worker 0] jepsen.util: 0	:invoke	:read	nil
2025-01-14 00:58:26,725{GMT}	INFO	[jepsen worker 0] jepsen.util: 0	:ok	:read	[0 1 2 3 4 5 6 7 8 9 10 11 12 13 14 15 16 17 18 19]
2025-01-14 00:58:26,768{GMT}	INFO	[jepsen worker 0] jepsen.util: 0	:invoke	:read	nil
2025-01-14 00:58:26,770{GMT}	INFO	[jepsen worker 0] jepsen.util: 0	:ok	:read	[0 1 2 3 4 5 6 7 8 9 10 11 12 13 14 15 16 17 18 19]
2025-01-14 00:58:26,862{GMT}	INFO	[jepsen worker 0] jepsen.util: 0	:invoke	:read	nil
2025-01-14 00:58:26,863{GMT}	INFO	[jepsen worker 0] jepsen.util: 0	:ok	:read	[0 1 2 3 4 5 6 7 8 9 10 11 12 13 14 15 16 17 18 19]
2025-01-14 00:58:27,045{GMT}	INFO	[jepsen worker 0] jepsen.util: 0	:invoke	:broadcast	20
2025-01-14 00:58:27,046{GMT}	INFO	[jepsen worker 0] jepsen.util: 0	:ok	:broadcast	20
2025-01-14 00:58:27,051{GMT}	INFO	[jepsen worker 0] jepsen.util: 0	:invoke	:broadcast	21
2025-01-14 00:58:27,052{GMT}	INFO	[jepsen worker 0] jepsen.util: 0	:ok	:broadcast	21
2025-01-14 00:58:27,138{GMT}	INFO	[jepsen worker 0] jepsen.util: 0	:invoke	:broadcast	22
2025-01-14 00:58:27,140{GMT}	INFO	[jepsen worker 0] jepsen.util: 0	:ok	:broadcast	22
2025-01-14 00:58:27,325{GMT}	INFO	[jepsen worker 0] jepsen.util: 0	:invoke	:broadcast	23
2025-01-14 00:58:27,327{GMT}	INFO	[jepsen worker 0] jepsen.util: 0	:ok	:broadcast	23
2025-01-14 00:58:27,400{GMT}	INFO	[jepsen worker 0] jepsen.util: 0	:invoke	:read	nil
2025-01-14 00:58:27,403{GMT}	INFO	[jepsen worker 0] jepsen.util: 0	:ok	:read	[0 1 2 3 4 5 6 7 8 9 10 11 12 13 14 15 16 17 18 19 20 21 22 23]
2025-01-14 00:58:27,474{GMT}	INFO	[jepsen worker 0] jepsen.util: 0	:invoke	:broadcast	24
2025-01-14 00:58:27,475{GMT}	INFO	[jepsen worker 0] jepsen.util: 0	:ok	:broadcast	24
2025-01-14 00:58:27,559{GMT}	INFO	[jepsen worker 0] jepsen.util: 0	:invoke	:broadcast	25
2025-01-14 00:58:27,561{GMT}	INFO	[jepsen worker 0] jepsen.util: 0	:ok	:broadcast	25
2025-01-14 00:58:27,570{GMT}	INFO	[jepsen worker 0] jepsen.util: 0	:invoke	:read	nil
2025-01-14 00:58:27,571{GMT}	INFO	[jepsen worker 0] jepsen.util: 0	:ok	:read	[0 1 2 3 4 5 6 7 8 9 10 11 12 13 14 15 16 17 18 19 20 21 22 23 24 25]
2025-01-14 00:58:27,722{GMT}	INFO	[jepsen worker 0] jepsen.util: 0	:invoke	:broadcast	26
2025-01-14 00:58:27,723{GMT}	INFO	[jepsen worker 0] jepsen.util: 0	:ok	:broadcast	26
2025-01-14 00:58:27,805{GMT}	INFO	[jepsen worker 0] jepsen.util: 0	:invoke	:broadcast	27
2025-01-14 00:58:27,806{GMT}	INFO	[jepsen worker 0] jepsen.util: 0	:ok	:broadcast	27
2025-01-14 00:58:27,951{GMT}	INFO	[jepsen worker 0] jepsen.util: 0	:invoke	:read	nil
2025-01-14 00:58:27,953{GMT}	INFO	[jepsen worker 0] jepsen.util: 0	:ok	:read	[0 1 2 3 4 5 6 7 8 9 10 11 12 13 14 15 16 17 18 19 20 21 22 23 24 25 26 27]
2025-01-14 00:58:27,978{GMT}	INFO	[jepsen worker 0] jepsen.util: 0	:invoke	:read	nil
2025-01-14 00:58:27,979{GMT}	INFO	[jepsen worker 0] jepsen.util: 0	:ok	:read	[0 1 2 3 4 5 6 7 8 9 10 11 12 13 14 15 16 17 18 19 20 21 22 23 24 25 26 27]
2025-01-14 00:58:28,096{GMT}	INFO	[jepsen worker 0] jepsen.util: 0	:invoke	:broadcast	28
2025-01-14 00:58:28,098{GMT}	INFO	[jepsen worker 0] jepsen.util: 0	:ok	:broadcast	28
2025-01-14 00:58:28,261{GMT}	INFO	[jepsen worker 0] jepsen.util: 0	:invoke	:read	nil
2025-01-14 00:58:28,262{GMT}	INFO	[jepsen worker 0] jepsen.util: 0	:ok	:read	[0 1 2 3 4 5 6 7 8 9 10 11 12 13 14 15 16 17 18 19 20 21 22 23 24 25 26 27 28]
2025-01-14 00:58:28,358{GMT}	INFO	[jepsen worker 0] jepsen.util: 0	:invoke	:broadcast	29
2025-01-14 00:58:28,359{GMT}	INFO	[jepsen worker 0] jepsen.util: 0	:ok	:broadcast	29
2025-01-14 00:58:28,455{GMT}	INFO	[jepsen worker 0] jepsen.util: 0	:invoke	:read	nil
2025-01-14 00:58:28,456{GMT}	INFO	[jepsen worker 0] jepsen.util: 0	:ok	:read	[0 1 2 3 4 5 6 7 8 9 10 11 12 13 14 15 16 17 18 19 20 21 22 23 24 25 26 27 28 29]
2025-01-14 00:58:28,615{GMT}	INFO	[jepsen worker 0] jepsen.util: 0	:invoke	:broadcast	30
2025-01-14 00:58:28,616{GMT}	INFO	[jepsen worker 0] jepsen.util: 0	:ok	:broadcast	30
2025-01-14 00:58:28,811{GMT}	INFO	[jepsen worker 0] jepsen.util: 0	:invoke	:broadcast	31
2025-01-14 00:58:28,812{GMT}	INFO	[jepsen worker 0] jepsen.util: 0	:ok	:broadcast	31
2025-01-14 00:58:29,004{GMT}	INFO	[jepsen worker 0] jepsen.util: 0	:invoke	:read	nil
2025-01-14 00:58:29,007{GMT}	INFO	[jepsen worker 0] jepsen.util: 0	:ok	:read	[0 1 2 3 4 5 6 7 8 9 10 11 12 13 14 15 16 17 18 19 20 21 22 23 24 25 26 27 28 29 30 31]
2025-01-14 00:58:29,046{GMT}	INFO	[jepsen worker 0] jepsen.util: 0	:invoke	:broadcast	32
2025-01-14 00:58:29,047{GMT}	INFO	[jepsen worker 0] jepsen.util: 0	:ok	:broadcast	32
2025-01-14 00:58:29,185{GMT}	INFO	[jepsen worker 0] jepsen.util: 0	:invoke	:read	nil
2025-01-14 00:58:29,187{GMT}	INFO	[jepsen worker 0] jepsen.util: 0	:ok	:read	[0 1 2 3 4 5 6 7 8 9 10 11 12 13 14 15 16 17 18 19 20 21 22 23 24 25 26 27 28 29 30 31 32]
2025-01-14 00:58:29,247{GMT}	INFO	[jepsen worker 0] jepsen.util: 0	:invoke	:broadcast	33
2025-01-14 00:58:29,248{GMT}	INFO	[jepsen worker 0] jepsen.util: 0	:ok	:broadcast	33
2025-01-14 00:58:29,293{GMT}	INFO	[jepsen worker 0] jepsen.util: 0	:invoke	:broadcast	34
2025-01-14 00:58:29,295{GMT}	INFO	[jepsen worker 0] jepsen.util: 0	:ok	:broadcast	34
2025-01-14 00:58:29,446{GMT}	INFO	[jepsen worker 0] jepsen.util: 0	:invoke	:broadcast	35
2025-01-14 00:58:29,448{GMT}	INFO	[jepsen worker 0] jepsen.util: 0	:ok	:broadcast	35
2025-01-14 00:58:29,510{GMT}	INFO	[jepsen worker 0] jepsen.util: 0	:invoke	:read	nil
2025-01-14 00:58:29,511{GMT}	INFO	[jepsen worker 0] jepsen.util: 0	:ok	:read	[0 1 2 3 4 5 6 7 8 9 10 11 12 13 14 15 16 17 18 19 20 21 22 23 24 25 26 27 28 29 30 31 32 33 34 35]
2025-01-14 00:58:29,534{GMT}	INFO	[jepsen worker 0] jepsen.util: 0	:invoke	:read	nil
2025-01-14 00:58:29,537{GMT}	INFO	[jepsen worker 0] jepsen.util: 0	:ok	:read	[0 1 2 3 4 5 6 7 8 9 10 11 12 13 14 15 16 17 18 19 20 21 22 23 24 25 26 27 28 29 30 31 32 33 34 35]
2025-01-14 00:58:29,677{GMT}	INFO	[jepsen worker 0] jepsen.util: 0	:invoke	:read	nil
2025-01-14 00:58:29,678{GMT}	INFO	[jepsen worker 0] jepsen.util: 0	:ok	:read	[0 1 2 3 4 5 6 7 8 9 10 11 12 13 14 15 16 17 18 19 20 21 22 23 24 25 26 27 28 29 30 31 32 33 34 35]
2025-01-14 00:58:29,875{GMT}	INFO	[jepsen worker 0] jepsen.util: 0	:invoke	:broadcast	36
2025-01-14 00:58:29,877{GMT}	INFO	[jepsen worker 0] jepsen.util: 0	:ok	:broadcast	36
2025-01-14 00:58:29,985{GMT}	INFO	[jepsen worker 0] jepsen.util: 0	:invoke	:broadcast	37
2025-01-14 00:58:29,986{GMT}	INFO	[jepsen worker 0] jepsen.util: 0	:ok	:broadcast	37
2025-01-14 00:58:29,988{GMT}	INFO	[jepsen worker 0] jepsen.util: 0	:invoke	:read	nil
2025-01-14 00:58:29,990{GMT}	INFO	[jepsen worker 0] jepsen.util: 0	:ok	:read	[0 1 2 3 4 5 6 7 8 9 10 11 12 13 14 15 16 17 18 19 20 21 22 23 24 25 26 27 28 29 30 31 32 33 34 35 36 37]
2025-01-14 00:58:30,058{GMT}	INFO	[jepsen worker 0] jepsen.util: 0	:invoke	:read	nil
2025-01-14 00:58:30,059{GMT}	INFO	[jepsen worker 0] jepsen.util: 0	:ok	:read	[0 1 2 3 4 5 6 7 8 9 10 11 12 13 14 15 16 17 18 19 20 21 22 23 24 25 26 27 28 29 30 31 32 33 34 35 36 37]
2025-01-14 00:58:30,150{GMT}	INFO	[jepsen worker 0] jepsen.util: 0	:invoke	:read	nil
2025-01-14 00:58:30,152{GMT}	INFO	[jepsen worker 0] jepsen.util: 0	:ok	:read	[0 1 2 3 4 5 6 7 8 9 10 11 12 13 14 15 16 17 18 19 20 21 22 23 24 25 26 27 28 29 30 31 32 33 34 35 36 37]
2025-01-14 00:58:30,310{GMT}	INFO	[jepsen worker 0] jepsen.util: 0	:invoke	:broadcast	38
2025-01-14 00:58:30,311{GMT}	INFO	[jepsen worker 0] jepsen.util: 0	:ok	:broadcast	38
2025-01-14 00:58:30,344{GMT}	INFO	[jepsen worker 0] jepsen.util: 0	:invoke	:read	nil
2025-01-14 00:58:30,345{GMT}	INFO	[jepsen worker 0] jepsen.util: 0	:ok	:read	[0 1 2 3 4 5 6 7 8 9 10 11 12 13 14 15 16 17 18 19 20 21 22 23 24 25 26 27 28 29 30 31 32 33 34 35 36 37 38]
2025-01-14 00:58:30,378{GMT}	INFO	[jepsen worker 0] jepsen.util: 0	:invoke	:broadcast	39
2025-01-14 00:58:30,379{GMT}	INFO	[jepsen worker 0] jepsen.util: 0	:ok	:broadcast	39
2025-01-14 00:58:30,560{GMT}	INFO	[jepsen worker 0] jepsen.util: 0	:invoke	:read	nil
2025-01-14 00:58:30,561{GMT}	INFO	[jepsen worker 0] jepsen.util: 0	:ok	:read	[0 1 2 3 4 5 6 7 8 9 10 11 12 13 14 15 16 17 18 19 20 21 22 23 24 25 26 27 28 29 30 31 32 33 34 35 36 37 38 39]
2025-01-14 00:58:30,701{GMT}	INFO	[jepsen worker 0] jepsen.util: 0	:invoke	:broadcast	40
2025-01-14 00:58:30,703{GMT}	INFO	[jepsen worker 0] jepsen.util: 0	:ok	:broadcast	40
2025-01-14 00:58:30,703{GMT}	INFO	[jepsen worker 0] jepsen.util: 0	:invoke	:read	nil
2025-01-14 00:58:30,704{GMT}	INFO	[jepsen worker 0] jepsen.util: 0	:ok	:read	[0 1 2 3 4 5 6 7 8 9 10 11 12 13 14 15 16 17 18 19 20 21 22 23 24 25 26 27 28 29 30 31 32 33 34 35 36 37 38 39 40]
2025-01-14 00:58:30,706{GMT}	INFO	[jepsen worker 0] jepsen.util: 0	:invoke	:broadcast	41
2025-01-14 00:58:30,707{GMT}	INFO	[jepsen worker 0] jepsen.util: 0	:ok	:broadcast	41
2025-01-14 00:58:30,843{GMT}	INFO	[jepsen worker 0] jepsen.util: 0	:invoke	:read	nil
2025-01-14 00:58:30,844{GMT}	INFO	[jepsen worker 0] jepsen.util: 0	:ok	:read	[0 1 2 3 4 5 6 7 8 9 10 11 12 13 14 15 16 17 18 19 20 21 22 23 24 25 26 27 28 29 30 31 32 33 34 35 36 37 38 39 40 41]
2025-01-14 00:58:31,009{GMT}	INFO	[jepsen worker 0] jepsen.util: 0	:invoke	:read	nil
2025-01-14 00:58:31,010{GMT}	INFO	[jepsen worker 0] jepsen.util: 0	:ok	:read	[0 1 2 3 4 5 6 7 8 9 10 11 12 13 14 15 16 17 18 19 20 21 22 23 24 25 26 27 28 29 30 31 32 33 34 35 36 37 38 39 40 41]
2025-01-14 00:58:31,100{GMT}	INFO	[jepsen worker 0] jepsen.util: 0	:invoke	:broadcast	42
2025-01-14 00:58:31,101{GMT}	INFO	[jepsen worker 0] jepsen.util: 0	:ok	:broadcast	42
2025-01-14 00:58:31,175{GMT}	INFO	[jepsen worker 0] jepsen.util: 0	:invoke	:broadcast	43
2025-01-14 00:58:31,176{GMT}	INFO	[jepsen worker 0] jepsen.util: 0	:ok	:broadcast	43
2025-01-14 00:58:31,177{GMT}	INFO	[jepsen worker 0] jepsen.util: 0	:invoke	:read	nil
2025-01-14 00:58:31,178{GMT}	INFO	[jepsen worker 0] jepsen.util: 0	:ok	:read	[0 1 2 3 4 5 6 7 8 9 10 11 12 13 14 15 16 17 18 19 20 21 22 23 24 25 26 27 28 29 30 31 32 33 34 35 36 37 38 39 40 41 42 43]
2025-01-14 00:58:31,335{GMT}	INFO	[jepsen worker 0] jepsen.util: 0	:invoke	:broadcast	44
2025-01-14 00:58:31,336{GMT}	INFO	[jepsen worker 0] jepsen.util: 0	:ok	:broadcast	44
2025-01-14 00:58:31,356{GMT}	INFO	[jepsen worker 0] jepsen.util: 0	:invoke	:read	nil
2025-01-14 00:58:31,357{GMT}	INFO	[jepsen worker 0] jepsen.util: 0	:ok	:read	[0 1 2 3 4 5 6 7 8 9 10 11 12 13 14 15 16 17 18 19 20 21 22 23 24 25 26 27 28 29 30 31 32 33 34 35 36 37 38 39 40 41 42 43 44]
2025-01-14 00:58:31,432{GMT}	INFO	[jepsen worker 0] jepsen.util: 0	:invoke	:broadcast	45
2025-01-14 00:58:31,433{GMT}	INFO	[jepsen worker 0] jepsen.util: 0	:ok	:broadcast	45
2025-01-14 00:58:31,536{GMT}	INFO	[jepsen worker 0] jepsen.util: 0	:invoke	:read	nil
2025-01-14 00:58:31,538{GMT}	INFO	[jepsen worker 0] jepsen.util: 0	:ok	:read	[0 1 2 3 4 5 6 7 8 9 10 11 12 13 14 15 16 17 18 19 20 21 22 23 24 25 26 27 28 29 30 31 32 33 34 35 36 37 38 39 40 41 42 43 44 45]
2025-01-14 00:58:31,568{GMT}	INFO	[jepsen worker 0] jepsen.util: 0	:invoke	:broadcast	46
2025-01-14 00:58:31,569{GMT}	INFO	[jepsen worker 0] jepsen.util: 0	:ok	:broadcast	46
2025-01-14 00:58:31,689{GMT}	INFO	[jepsen worker 0] jepsen.util: 0	:invoke	:broadcast	47
2025-01-14 00:58:31,690{GMT}	INFO	[jepsen worker 0] jepsen.util: 0	:ok	:broadcast	47
2025-01-14 00:58:31,830{GMT}	INFO	[jepsen worker 0] jepsen.util: 0	:invoke	:read	nil
2025-01-14 00:58:31,832{GMT}	INFO	[jepsen worker 0] jepsen.util: 0	:ok	:read	[0 1 2 3 4 5 6 7 8 9 10 11 12 13 14 15 16 17 18 19 20 21 22 23 24 25 26 27 28 29 30 31 32 33 34 35 36 37 38 39 40 41 42 43 44 45 46 47]
2025-01-14 00:58:31,927{GMT}	INFO	[jepsen worker 0] jepsen.util: 0	:invoke	:read	nil
2025-01-14 00:58:31,929{GMT}	INFO	[jepsen worker 0] jepsen.util: 0	:ok	:read	[0 1 2 3 4 5 6 7 8 9 10 11 12 13 14 15 16 17 18 19 20 21 22 23 24 25 26 27 28 29 30 31 32 33 34 35 36 37 38 39 40 41 42 43 44 45 46 47]
2025-01-14 00:58:32,080{GMT}	INFO	[jepsen worker 0] jepsen.util: 0	:invoke	:broadcast	48
2025-01-14 00:58:32,081{GMT}	INFO	[jepsen worker 0] jepsen.util: 0	:ok	:broadcast	48
2025-01-14 00:58:32,173{GMT}	INFO	[jepsen worker 0] jepsen.util: 0	:invoke	:read	nil
2025-01-14 00:58:32,175{GMT}	INFO	[jepsen worker 0] jepsen.util: 0	:ok	:read	[0 1 2 3 4 5 6 7 8 9 10 11 12 13 14 15 16 17 18 19 20 21 22 23 24 25 26 27 28 29 30 31 32 33 34 35 36 37 38 39 40 41 42 43 44 45 46 47 48]
2025-01-14 00:58:32,331{GMT}	INFO	[jepsen worker 0] jepsen.util: 0	:invoke	:broadcast	49
2025-01-14 00:58:32,332{GMT}	INFO	[jepsen worker 0] jepsen.util: 0	:ok	:broadcast	49
2025-01-14 00:58:32,515{GMT}	INFO	[jepsen worker 0] jepsen.util: 0	:invoke	:broadcast	50
2025-01-14 00:58:32,517{GMT}	INFO	[jepsen worker 0] jepsen.util: 0	:ok	:broadcast	50
2025-01-14 00:58:32,629{GMT}	INFO	[jepsen worker 0] jepsen.util: 0	:invoke	:read	nil
2025-01-14 00:58:32,630{GMT}	INFO	[jepsen worker 0] jepsen.util: 0	:ok	:read	[0 1 2 3 4 5 6 7 8 9 10 11 12 13 14 15 16 17 18 19 20 21 22 23 24 25 26 27 28 29 30 31 32 33 34 35 36 37 38 39 40 41 42 43 44 45 46 47 48 49 50]
2025-01-14 00:58:32,795{GMT}	INFO	[jepsen worker 0] jepsen.util: 0	:invoke	:read	nil
2025-01-14 00:58:32,796{GMT}	INFO	[jepsen worker 0] jepsen.util: 0	:ok	:read	[0 1 2 3 4 5 6 7 8 9 10 11 12 13 14 15 16 17 18 19 20 21 22 23 24 25 26 27 28 29 30 31 32 33 34 35 36 37 38 39 40 41 42 43 44 45 46 47 48 49 50]
2025-01-14 00:58:32,979{GMT}	INFO	[jepsen worker 0] jepsen.util: 0	:invoke	:read	nil
2025-01-14 00:58:32,980{GMT}	INFO	[jepsen worker 0] jepsen.util: 0	:ok	:read	[0 1 2 3 4 5 6 7 8 9 10 11 12 13 14 15 16 17 18 19 20 21 22 23 24 25 26 27 28 29 30 31 32 33 34 35 36 37 38 39 40 41 42 43 44 45 46 47 48 49 50]
2025-01-14 00:58:33,139{GMT}	INFO	[jepsen worker 0] jepsen.util: 0	:invoke	:read	nil
2025-01-14 00:58:33,140{GMT}	INFO	[jepsen worker 0] jepsen.util: 0	:ok	:read	[0 1 2 3 4 5 6 7 8 9 10 11 12 13 14 15 16 17 18 19 20 21 22 23 24 25 26 27 28 29 30 31 32 33 34 35 36 37 38 39 40 41 42 43 44 45 46 47 48 49 50]
2025-01-14 00:58:33,334{GMT}	INFO	[jepsen worker 0] jepsen.util: 0	:invoke	:read	nil
2025-01-14 00:58:33,339{GMT}	INFO	[jepsen worker 0] jepsen.util: 0	:ok	:read	[0 1 2 3 4 5 6 7 8 9 10 11 12 13 14 15 16 17 18 19 20 21 22 23 24 25 26 27 28 29 30 31 32 33 34 35 36 37 38 39 40 41 42 43 44 45 46 47 48 49 50]
2025-01-14 00:58:33,425{GMT}	INFO	[jepsen worker 0] jepsen.util: 0	:invoke	:broadcast	51
2025-01-14 00:58:33,427{GMT}	INFO	[jepsen worker 0] jepsen.util: 0	:ok	:broadcast	51
2025-01-14 00:58:33,527{GMT}	INFO	[jepsen worker 0] jepsen.util: 0	:invoke	:broadcast	52
2025-01-14 00:58:33,532{GMT}	INFO	[jepsen worker 0] jepsen.util: 0	:ok	:broadcast	52
2025-01-14 00:58:33,623{GMT}	INFO	[jepsen worker 0] jepsen.util: 0	:invoke	:broadcast	53
2025-01-14 00:58:33,627{GMT}	INFO	[jepsen worker 0] jepsen.util: 0	:ok	:broadcast	53
2025-01-14 00:58:33,719{GMT}	INFO	[jepsen worker 0] jepsen.util: 0	:invoke	:broadcast	54
2025-01-14 00:58:33,722{GMT}	INFO	[jepsen worker 0] jepsen.util: 0	:ok	:broadcast	54
2025-01-14 00:58:33,799{GMT}	INFO	[jepsen worker 0] jepsen.util: 0	:invoke	:broadcast	55
2025-01-14 00:58:33,801{GMT}	INFO	[jepsen worker 0] jepsen.util: 0	:ok	:broadcast	55
2025-01-14 00:58:33,970{GMT}	INFO	[jepsen worker 0] jepsen.util: 0	:invoke	:broadcast	56
2025-01-14 00:58:33,971{GMT}	INFO	[jepsen worker 0] jepsen.util: 0	:ok	:broadcast	56
2025-01-14 00:58:34,015{GMT}	INFO	[jepsen worker 0] jepsen.util: 0	:invoke	:read	nil
2025-01-14 00:58:34,017{GMT}	INFO	[jepsen worker 0] jepsen.util: 0	:ok	:read	[0 1 2 3 4 5 6 7 8 9 10 11 12 13 14 15 16 17 18 19 20 21 22 23 24 25 26 27 28 29 30 31 32 33 34 35 36 37 38 39 40 41 42 43 44 45 46 47 48 49 50 51 52 53 54 55 56]
2025-01-14 00:58:34,070{GMT}	INFO	[jepsen worker 0] jepsen.util: 0	:invoke	:broadcast	57
2025-01-14 00:58:34,073{GMT}	INFO	[jepsen worker 0] jepsen.util: 0	:ok	:broadcast	57
2025-01-14 00:58:34,095{GMT}	INFO	[jepsen worker 0] jepsen.util: 0	:invoke	:read	nil
2025-01-14 00:58:34,096{GMT}	INFO	[jepsen worker 0] jepsen.util: 0	:ok	:read	[0 1 2 3 4 5 6 7 8 9 10 11 12 13 14 15 16 17 18 19 20 21 22 23 24 25 26 27 28 29 30 31 32 33 34 35 36 37 38 39 40 41 42 43 44 45 46 47 48 49 50 51 52 53 54 55 56 57]
2025-01-14 00:58:34,267{GMT}	INFO	[jepsen worker 0] jepsen.util: 0	:invoke	:read	nil
2025-01-14 00:58:34,268{GMT}	INFO	[jepsen worker 0] jepsen.util: 0	:ok	:read	[0 1 2 3 4 5 6 7 8 9 10 11 12 13 14 15 16 17 18 19 20 21 22 23 24 25 26 27 28 29 30 31 32 33 34 35 36 37 38 39 40 41 42 43 44 45 46 47 48 49 50 51 52 53 54 55 56 57]
2025-01-14 00:58:34,419{GMT}	INFO	[jepsen worker 0] jepsen.util: 0	:invoke	:read	nil
2025-01-14 00:58:34,423{GMT}	INFO	[jepsen worker 0] jepsen.util: 0	:ok	:read	[0 1 2 3 4 5 6 7 8 9 10 11 12 13 14 15 16 17 18 19 20 21 22 23 24 25 26 27 28 29 30 31 32 33 34 35 36 37 38 39 40 41 42 43 44 45 46 47 48 49 50 51 52 53 54 55 56 57]
2025-01-14 00:58:34,517{GMT}	INFO	[jepsen worker 0] jepsen.util: 0	:invoke	:broadcast	58
2025-01-14 00:58:34,519{GMT}	INFO	[jepsen worker 0] jepsen.util: 0	:ok	:broadcast	58
2025-01-14 00:58:34,529{GMT}	INFO	[jepsen worker 0] jepsen.util: 0	:invoke	:broadcast	59
2025-01-14 00:58:34,530{GMT}	INFO	[jepsen worker 0] jepsen.util: 0	:ok	:broadcast	59
2025-01-14 00:58:34,606{GMT}	INFO	[jepsen worker 0] jepsen.util: 0	:invoke	:read	nil
2025-01-14 00:58:34,609{GMT}	INFO	[jepsen worker 0] jepsen.util: 0	:ok	:read	[0 1 2 3 4 5 6 7 8 9 10 11 12 13 14 15 16 17 18 19 20 21 22 23 24 25 26 27 28 29 30 31 32 33 34 35 36 37 38 39 40 41 42 43 44 45 46 47 48 49 50 51 52 53 54 55 56 57 58 59]
2025-01-14 00:58:34,734{GMT}	INFO	[jepsen worker 0] jepsen.util: 0	:invoke	:broadcast	60
2025-01-14 00:58:34,738{GMT}	INFO	[jepsen worker 0] jepsen.util: 0	:ok	:broadcast	60
2025-01-14 00:58:34,830{GMT}	INFO	[jepsen worker 0] jepsen.util: 0	:invoke	:read	nil
2025-01-14 00:58:34,835{GMT}	INFO	[jepsen worker 0] jepsen.util: 0	:ok	:read	[0 1 2 3 4 5 6 7 8 9 10 11 12 13 14 15 16 17 18 19 20 21 22 23 24 25 26 27 28 29 30 31 32 33 34 35 36 37 38 39 40 41 42 43 44 45 46 47 48 49 50 51 52 53 54 55 56 57 58 59 60]
2025-01-14 00:58:34,878{GMT}	INFO	[jepsen worker 0] jepsen.util: 0	:invoke	:broadcast	61
2025-01-14 00:58:34,880{GMT}	INFO	[jepsen worker 0] jepsen.util: 0	:ok	:broadcast	61
2025-01-14 00:58:35,051{GMT}	INFO	[jepsen worker 0] jepsen.util: 0	:invoke	:broadcast	62
2025-01-14 00:58:35,052{GMT}	INFO	[jepsen worker 0] jepsen.util: 0	:ok	:broadcast	62
2025-01-14 00:58:35,197{GMT}	INFO	[jepsen worker 0] jepsen.util: 0	:invoke	:broadcast	63
2025-01-14 00:58:35,197{GMT}	INFO	[jepsen worker 0] jepsen.util: 0	:ok	:broadcast	63
2025-01-14 00:58:35,225{GMT}	INFO	[jepsen worker 0] jepsen.util: 0	:invoke	:read	nil
2025-01-14 00:58:35,228{GMT}	INFO	[jepsen worker 0] jepsen.util: 0	:ok	:read	[0 1 2 3 4 5 6 7 8 9 10 11 12 13 14 15 16 17 18 19 20 21 22 23 24 25 26 27 28 29 30 31 32 33 34 35 36 37 38 39 40 41 42 43 44 45 46 47 48 49 50 51 52 53 54 55 56 57 58 59 60 61 62 63]
2025-01-14 00:58:35,404{GMT}	INFO	[jepsen worker 0] jepsen.util: 0	:invoke	:read	nil
2025-01-14 00:58:35,407{GMT}	INFO	[jepsen worker 0] jepsen.util: 0	:ok	:read	[0 1 2 3 4 5 6 7 8 9 10 11 12 13 14 15 16 17 18 19 20 21 22 23 24 25 26 27 28 29 30 31 32 33 34 35 36 37 38 39 40 41 42 43 44 45 46 47 48 49 50 51 52 53 54 55 56 57 58 59 60 61 62 63]
2025-01-14 00:58:35,424{GMT}	INFO	[jepsen worker 0] jepsen.util: 0	:invoke	:broadcast	64
2025-01-14 00:58:35,425{GMT}	INFO	[jepsen worker 0] jepsen.util: 0	:ok	:broadcast	64
2025-01-14 00:58:35,548{GMT}	INFO	[jepsen worker 0] jepsen.util: 0	:invoke	:broadcast	65
2025-01-14 00:58:35,552{GMT}	INFO	[jepsen worker 0] jepsen.util: 0	:ok	:broadcast	65
2025-01-14 00:58:35,676{GMT}	INFO	[jepsen worker 0] jepsen.util: 0	:invoke	:broadcast	66
2025-01-14 00:58:35,679{GMT}	INFO	[jepsen worker 0] jepsen.util: 0	:ok	:broadcast	66
2025-01-14 00:58:35,834{GMT}	INFO	[jepsen worker 0] jepsen.util: 0	:invoke	:read	nil
2025-01-14 00:58:35,835{GMT}	INFO	[jepsen worker 0] jepsen.util: 0	:ok	:read	[0 1 2 3 4 5 6 7 8 9 10 11 12 13 14 15 16 17 18 19 20 21 22 23 24 25 26 27 28 29 30 31 32 33 34 35 36 37 38 39 40 41 42 43 44 45 46 47 48 49 50 51 52 53 54 55 56 57 58 59 60 61 62 63 64 65 66]
2025-01-14 00:58:35,925{GMT}	INFO	[jepsen worker 0] jepsen.util: 0	:invoke	:read	nil
2025-01-14 00:58:35,926{GMT}	INFO	[jepsen worker 0] jepsen.util: 0	:ok	:read	[0 1 2 3 4 5 6 7 8 9 10 11 12 13 14 15 16 17 18 19 20 21 22 23 24 25 26 27 28 29 30 31 32 33 34 35 36 37 38 39 40 41 42 43 44 45 46 47 48 49 50 51 52 53 54 55 56 57 58 59 60 61 62 63 64 65 66]
2025-01-14 00:58:36,076{GMT}	INFO	[jepsen worker 0] jepsen.util: 0	:invoke	:broadcast	67
2025-01-14 00:58:36,077{GMT}	INFO	[jepsen worker 0] jepsen.util: 0	:ok	:broadcast	67
2025-01-14 00:58:36,267{GMT}	INFO	[jepsen worker 0] jepsen.util: 0	:invoke	:read	nil
2025-01-14 00:58:36,269{GMT}	INFO	[jepsen worker 0] jepsen.util: 0	:ok	:read	[0 1 2 3 4 5 6 7 8 9 10 11 12 13 14 15 16 17 18 19 20 21 22 23 24 25 26 27 28 29 30 31 32 33 34 35 36 37 38 39 40 41 42 43 44 45 46 47 48 49 50 51 52 53 54 55 56 57 58 59 60 61 62 63 64 65 66 67]
2025-01-14 00:58:36,345{GMT}	INFO	[jepsen worker 0] jepsen.util: 0	:invoke	:broadcast	68
2025-01-14 00:58:36,346{GMT}	INFO	[jepsen worker 0] jepsen.util: 0	:ok	:broadcast	68
2025-01-14 00:58:36,512{GMT}	INFO	[jepsen worker 0] jepsen.util: 0	:invoke	:read	nil
2025-01-14 00:58:36,513{GMT}	INFO	[jepsen worker 0] jepsen.util: 0	:ok	:read	[0 1 2 3 4 5 6 7 8 9 10 11 12 13 14 15 16 17 18 19 20 21 22 23 24 25 26 27 28 29 30 31 32 33 34 35 36 37 38 39 40 41 42 43 44 45 46 47 48 49 50 51 52 53 54 55 56 57 58 59 60 61 62 63 64 65 66 67 68]
2025-01-14 00:58:36,528{GMT}	INFO	[jepsen worker 0] jepsen.util: 0	:invoke	:read	nil
2025-01-14 00:58:36,530{GMT}	INFO	[jepsen worker 0] jepsen.util: 0	:ok	:read	[0 1 2 3 4 5 6 7 8 9 10 11 12 13 14 15 16 17 18 19 20 21 22 23 24 25 26 27 28 29 30 31 32 33 34 35 36 37 38 39 40 41 42 43 44 45 46 47 48 49 50 51 52 53 54 55 56 57 58 59 60 61 62 63 64 65 66 67 68]
2025-01-14 00:58:36,704{GMT}	INFO	[jepsen worker 0] jepsen.util: 0	:invoke	:broadcast	69
2025-01-14 00:58:36,705{GMT}	INFO	[jepsen worker 0] jepsen.util: 0	:ok	:broadcast	69
2025-01-14 00:58:36,721{GMT}	INFO	[jepsen worker 0] jepsen.util: 0	:invoke	:broadcast	70
2025-01-14 00:58:36,722{GMT}	INFO	[jepsen worker 0] jepsen.util: 0	:ok	:broadcast	70
2025-01-14 00:58:36,892{GMT}	INFO	[jepsen worker 0] jepsen.util: 0	:invoke	:broadcast	71
2025-01-14 00:58:36,894{GMT}	INFO	[jepsen worker 0] jepsen.util: 0	:ok	:broadcast	71
2025-01-14 00:58:36,971{GMT}	INFO	[jepsen worker 0] jepsen.util: 0	:invoke	:broadcast	72
2025-01-14 00:58:36,972{GMT}	INFO	[jepsen worker 0] jepsen.util: 0	:ok	:broadcast	72
2025-01-14 00:58:37,060{GMT}	INFO	[jepsen worker 0] jepsen.util: 0	:invoke	:broadcast	73
2025-01-14 00:58:37,062{GMT}	INFO	[jepsen worker 0] jepsen.util: 0	:ok	:broadcast	73
2025-01-14 00:58:37,157{GMT}	INFO	[jepsen worker 0] jepsen.util: 0	:invoke	:read	nil
2025-01-14 00:58:37,159{GMT}	INFO	[jepsen worker 0] jepsen.util: 0	:ok	:read	[0 1 2 3 4 5 6 7 8 9 10 11 12 13 14 15 16 17 18 19 20 21 22 23 24 25 26 27 28 29 30 31 32 33 34 35 36 37 38 39 40 41 42 43 44 45 46 47 48 49 50 51 52 53 54 55 56 57 58 59 60 61 62 63 64 65 66 67 68 69 70 71 72 73]
2025-01-14 00:58:37,186{GMT}	INFO	[jepsen worker 0] jepsen.util: 0	:invoke	:broadcast	74
2025-01-14 00:58:37,187{GMT}	INFO	[jepsen worker 0] jepsen.util: 0	:ok	:broadcast	74
2025-01-14 00:58:37,247{GMT}	INFO	[jepsen worker 0] jepsen.util: 0	:invoke	:read	nil
2025-01-14 00:58:37,248{GMT}	INFO	[jepsen worker 0] jepsen.util: 0	:ok	:read	[0 1 2 3 4 5 6 7 8 9 10 11 12 13 14 15 16 17 18 19 20 21 22 23 24 25 26 27 28 29 30 31 32 33 34 35 36 37 38 39 40 41 42 43 44 45 46 47 48 49 50 51 52 53 54 55 56 57 58 59 60 61 62 63 64 65 66 67 68 69 70 71 72 73 74]
2025-01-14 00:58:37,415{GMT}	INFO	[jepsen worker 0] jepsen.util: 0	:invoke	:broadcast	75
2025-01-14 00:58:37,420{GMT}	INFO	[jepsen worker 0] jepsen.util: 0	:ok	:broadcast	75
2025-01-14 00:58:37,525{GMT}	INFO	[jepsen worker 0] jepsen.util: 0	:invoke	:broadcast	76
2025-01-14 00:58:37,526{GMT}	INFO	[jepsen worker 0] jepsen.util: 0	:ok	:broadcast	76
2025-01-14 00:58:37,641{GMT}	INFO	[jepsen worker 0] jepsen.util: 0	:invoke	:broadcast	77
2025-01-14 00:58:37,642{GMT}	INFO	[jepsen worker 0] jepsen.util: 0	:ok	:broadcast	77
2025-01-14 00:58:37,735{GMT}	INFO	[jepsen worker 0] jepsen.util: 0	:invoke	:read	nil
2025-01-14 00:58:37,736{GMT}	INFO	[jepsen worker 0] jepsen.util: 0	:ok	:read	[0 1 2 3 4 5 6 7 8 9 10 11 12 13 14 15 16 17 18 19 20 21 22 23 24 25 26 27 28 29 30 31 32 33 34 35 36 37 38 39 40 41 42 43 44 45 46 47 48 49 50 51 52 53 54 55 56 57 58 59 60 61 62 63 64 65 66 67 68 69 70 71 72 73 74 75 76 77]
2025-01-14 00:58:37,759{GMT}	INFO	[jepsen worker 0] jepsen.util: 0	:invoke	:read	nil
2025-01-14 00:58:37,760{GMT}	INFO	[jepsen worker 0] jepsen.util: 0	:ok	:read	[0 1 2 3 4 5 6 7 8 9 10 11 12 13 14 15 16 17 18 19 20 21 22 23 24 25 26 27 28 29 30 31 32 33 34 35 36 37 38 39 40 41 42 43 44 45 46 47 48 49 50 51 52 53 54 55 56 57 58 59 60 61 62 63 64 65 66 67 68 69 70 71 72 73 74 75 76 77]
2025-01-14 00:58:37,802{GMT}	INFO	[jepsen worker 0] jepsen.util: 0	:invoke	:broadcast	78
2025-01-14 00:58:37,804{GMT}	INFO	[jepsen worker 0] jepsen.util: 0	:ok	:broadcast	78
2025-01-14 00:58:37,980{GMT}	INFO	[jepsen worker 0] jepsen.util: 0	:invoke	:read	nil
2025-01-14 00:58:37,981{GMT}	INFO	[jepsen worker 0] jepsen.util: 0	:ok	:read	[0 1 2 3 4 5 6 7 8 9 10 11 12 13 14 15 16 17 18 19 20 21 22 23 24 25 26 27 28 29 30 31 32 33 34 35 36 37 38 39 40 41 42 43 44 45 46 47 48 49 50 51 52 53 54 55 56 57 58 59 60 61 62 63 64 65 66 67 68 69 70 71 72 73 74 75 76 77 78]
2025-01-14 00:58:38,148{GMT}	INFO	[jepsen worker 0] jepsen.util: 0	:invoke	:read	nil
2025-01-14 00:58:38,149{GMT}	INFO	[jepsen worker 0] jepsen.util: 0	:ok	:read	[0 1 2 3 4 5 6 7 8 9 10 11 12 13 14 15 16 17 18 19 20 21 22 23 24 25 26 27 28 29 30 31 32 33 34 35 36 37 38 39 40 41 42 43 44 45 46 47 48 49 50 51 52 53 54 55 56 57 58 59 60 61 62 63 64 65 66 67 68 69 70 71 72 73 74 75 76 77 78]
2025-01-14 00:58:38,345{GMT}	INFO	[jepsen worker 0] jepsen.util: 0	:invoke	:read	nil
2025-01-14 00:58:38,346{GMT}	INFO	[jepsen worker 0] jepsen.util: 0	:ok	:read	[0 1 2 3 4 5 6 7 8 9 10 11 12 13 14 15 16 17 18 19 20 21 22 23 24 25 26 27 28 29 30 31 32 33 34 35 36 37 38 39 40 41 42 43 44 45 46 47 48 49 50 51 52 53 54 55 56 57 58 59 60 61 62 63 64 65 66 67 68 69 70 71 72 73 74 75 76 77 78]
2025-01-14 00:58:38,391{GMT}	INFO	[jepsen worker 0] jepsen.util: 0	:invoke	:read	nil
2025-01-14 00:58:38,393{GMT}	INFO	[jepsen worker 0] jepsen.util: 0	:ok	:read	[0 1 2 3 4 5 6 7 8 9 10 11 12 13 14 15 16 17 18 19 20 21 22 23 24 25 26 27 28 29 30 31 32 33 34 35 36 37 38 39 40 41 42 43 44 45 46 47 48 49 50 51 52 53 54 55 56 57 58 59 60 61 62 63 64 65 66 67 68 69 70 71 72 73 74 75 76 77 78]
2025-01-14 00:58:38,548{GMT}	INFO	[jepsen worker 0] jepsen.util: 0	:invoke	:broadcast	79
2025-01-14 00:58:38,550{GMT}	INFO	[jepsen worker 0] jepsen.util: 0	:ok	:broadcast	79
2025-01-14 00:58:38,674{GMT}	INFO	[jepsen worker 0] jepsen.util: 0	:invoke	:broadcast	80
2025-01-14 00:58:38,676{GMT}	INFO	[jepsen worker 0] jepsen.util: 0	:ok	:broadcast	80
2025-01-14 00:58:38,761{GMT}	INFO	[jepsen worker 0] jepsen.util: 0	:invoke	:broadcast	81
2025-01-14 00:58:38,762{GMT}	INFO	[jepsen worker 0] jepsen.util: 0	:ok	:broadcast	81
2025-01-14 00:58:38,937{GMT}	INFO	[jepsen worker 0] jepsen.util: 0	:invoke	:broadcast	82
2025-01-14 00:58:38,938{GMT}	INFO	[jepsen worker 0] jepsen.util: 0	:ok	:broadcast	82
2025-01-14 00:58:38,990{GMT}	INFO	[jepsen worker 0] jepsen.util: 0	:invoke	:read	nil
2025-01-14 00:58:38,994{GMT}	INFO	[jepsen worker 0] jepsen.util: 0	:ok	:read	[0 1 2 3 4 5 6 7 8 9 10 11 12 13 14 15 16 17 18 19 20 21 22 23 24 25 26 27 28 29 30 31 32 33 34 35 36 37 38 39 40 41 42 43 44 45 46 47 48 49 50 51 52 53 54 55 56 57 58 59 60 61 62 63 64 65 66 67 68 69 70 71 72 73 74 75 76 77 78 79 80 81 82]
2025-01-14 00:58:39,130{GMT}	INFO	[jepsen worker 0] jepsen.util: 0	:invoke	:broadcast	83
2025-01-14 00:58:39,132{GMT}	INFO	[jepsen worker 0] jepsen.util: 0	:ok	:broadcast	83
2025-01-14 00:58:39,156{GMT}	INFO	[jepsen worker 0] jepsen.util: 0	:invoke	:read	nil
2025-01-14 00:58:39,159{GMT}	INFO	[jepsen worker 0] jepsen.util: 0	:ok	:read	[0 1 2 3 4 5 6 7 8 9 10 11 12 13 14 15 16 17 18 19 20 21 22 23 24 25 26 27 28 29 30 31 32 33 34 35 36 37 38 39 40 41 42 43 44 45 46 47 48 49 50 51 52 53 54 55 56 57 58 59 60 61 62 63 64 65 66 67 68 69 70 71 72 73 74 75 76 77 78 79 80 81 82 83]
2025-01-14 00:58:39,210{GMT}	INFO	[jepsen worker 0] jepsen.util: 0	:invoke	:broadcast	84
2025-01-14 00:58:39,211{GMT}	INFO	[jepsen worker 0] jepsen.util: 0	:ok	:broadcast	84
2025-01-14 00:58:39,334{GMT}	INFO	[jepsen worker 0] jepsen.util: 0	:invoke	:broadcast	85
2025-01-14 00:58:39,335{GMT}	INFO	[jepsen worker 0] jepsen.util: 0	:ok	:broadcast	85
2025-01-14 00:58:39,414{GMT}	INFO	[jepsen worker 0] jepsen.util: 0	:invoke	:read	nil
2025-01-14 00:58:39,415{GMT}	INFO	[jepsen worker 0] jepsen.util: 0	:ok	:read	[0 1 2 3 4 5 6 7 8 9 10 11 12 13 14 15 16 17 18 19 20 21 22 23 24 25 26 27 28 29 30 31 32 33 34 35 36 37 38 39 40 41 42 43 44 45 46 47 48 49 50 51 52 53 54 55 56 57 58 59 60 61 62 63 64 65 66 67 68 69 70 71 72 73 74 75 76 77 78 79 80 81 82 83 84 85]
2025-01-14 00:58:39,502{GMT}	INFO	[jepsen worker 0] jepsen.util: 0	:invoke	:read	nil
2025-01-14 00:58:39,504{GMT}	INFO	[jepsen worker 0] jepsen.util: 0	:ok	:read	[0 1 2 3 4 5 6 7 8 9 10 11 12 13 14 15 16 17 18 19 20 21 22 23 24 25 26 27 28 29 30 31 32 33 34 35 36 37 38 39 40 41 42 43 44 45 46 47 48 49 50 51 52 53 54 55 56 57 58 59 60 61 62 63 64 65 66 67 68 69 70 71 72 73 74 75 76 77 78 79 80 81 82 83 84 85]
2025-01-14 00:58:39,553{GMT}	INFO	[jepsen worker 0] jepsen.util: 0	:invoke	:read	nil
2025-01-14 00:58:39,556{GMT}	INFO	[jepsen worker 0] jepsen.util: 0	:ok	:read	[0 1 2 3 4 5 6 7 8 9 10 11 12 13 14 15 16 17 18 19 20 21 22 23 24 25 26 27 28 29 30 31 32 33 34 35 36 37 38 39 40 41 42 43 44 45 46 47 48 49 50 51 52 53 54 55 56 57 58 59 60 61 62 63 64 65 66 67 68 69 70 71 72 73 74 75 76 77 78 79 80 81 82 83 84 85]
2025-01-14 00:58:39,633{GMT}	INFO	[jepsen worker 0] jepsen.util: 0	:invoke	:broadcast	86
2025-01-14 00:58:39,634{GMT}	INFO	[jepsen worker 0] jepsen.util: 0	:ok	:broadcast	86
2025-01-14 00:58:39,805{GMT}	INFO	[jepsen worker 0] jepsen.util: 0	:invoke	:read	nil
2025-01-14 00:58:39,807{GMT}	INFO	[jepsen worker 0] jepsen.util: 0	:ok	:read	[0 1 2 3 4 5 6 7 8 9 10 11 12 13 14 15 16 17 18 19 20 21 22 23 24 25 26 27 28 29 30 31 32 33 34 35 36 37 38 39 40 41 42 43 44 45 46 47 48 49 50 51 52 53 54 55 56 57 58 59 60 61 62 63 64 65 66 67 68 69 70 71 72 73 74 75 76 77 78 79 80 81 82 83 84 85 86]
2025-01-14 00:58:39,909{GMT}	INFO	[jepsen worker 0] jepsen.util: 0	:invoke	:read	nil
2025-01-14 00:58:39,910{GMT}	INFO	[jepsen worker 0] jepsen.util: 0	:ok	:read	[0 1 2 3 4 5 6 7 8 9 10 11 12 13 14 15 16 17 18 19 20 21 22 23 24 25 26 27 28 29 30 31 32 33 34 35 36 37 38 39 40 41 42 43 44 45 46 47 48 49 50 51 52 53 54 55 56 57 58 59 60 61 62 63 64 65 66 67 68 69 70 71 72 73 74 75 76 77 78 79 80 81 82 83 84 85 86]
2025-01-14 00:58:39,964{GMT}	INFO	[jepsen worker 0] jepsen.util: 0	:invoke	:read	nil
2025-01-14 00:58:39,965{GMT}	INFO	[jepsen worker 0] jepsen.util: 0	:ok	:read	[0 1 2 3 4 5 6 7 8 9 10 11 12 13 14 15 16 17 18 19 20 21 22 23 24 25 26 27 28 29 30 31 32 33 34 35 36 37 38 39 40 41 42 43 44 45 46 47 48 49 50 51 52 53 54 55 56 57 58 59 60 61 62 63 64 65 66 67 68 69 70 71 72 73 74 75 76 77 78 79 80 81 82 83 84 85 86]
2025-01-14 00:58:39,967{GMT}	INFO	[jepsen worker 0] jepsen.util: 0	:invoke	:broadcast	87
2025-01-14 00:58:39,968{GMT}	INFO	[jepsen worker 0] jepsen.util: 0	:ok	:broadcast	87
2025-01-14 00:58:40,089{GMT}	INFO	[jepsen worker 0] jepsen.util: 0	:invoke	:broadcast	88
2025-01-14 00:58:40,090{GMT}	INFO	[jepsen worker 0] jepsen.util: 0	:ok	:broadcast	88
2025-01-14 00:58:40,204{GMT}	INFO	[jepsen worker 0] jepsen.util: 0	:invoke	:read	nil
2025-01-14 00:58:40,205{GMT}	INFO	[jepsen worker 0] jepsen.util: 0	:ok	:read	[0 1 2 3 4 5 6 7 8 9 10 11 12 13 14 15 16 17 18 19 20 21 22 23 24 25 26 27 28 29 30 31 32 33 34 35 36 37 38 39 40 41 42 43 44 45 46 47 48 49 50 51 52 53 54 55 56 57 58 59 60 61 62 63 64 65 66 67 68 69 70 71 72 73 74 75 76 77 78 79 80 81 82 83 84 85 86 87 88]
2025-01-14 00:58:40,247{GMT}	INFO	[jepsen worker 0] jepsen.util: 0	:invoke	:read	nil
2025-01-14 00:58:40,248{GMT}	INFO	[jepsen worker 0] jepsen.util: 0	:ok	:read	[0 1 2 3 4 5 6 7 8 9 10 11 12 13 14 15 16 17 18 19 20 21 22 23 24 25 26 27 28 29 30 31 32 33 34 35 36 37 38 39 40 41 42 43 44 45 46 47 48 49 50 51 52 53 54 55 56 57 58 59 60 61 62 63 64 65 66 67 68 69 70 71 72 73 74 75 76 77 78 79 80 81 82 83 84 85 86 87 88]
2025-01-14 00:58:40,253{GMT}	INFO	[jepsen worker 0] jepsen.util: 0	:invoke	:read	nil
2025-01-14 00:58:40,254{GMT}	INFO	[jepsen worker 0] jepsen.util: 0	:ok	:read	[0 1 2 3 4 5 6 7 8 9 10 11 12 13 14 15 16 17 18 19 20 21 22 23 24 25 26 27 28 29 30 31 32 33 34 35 36 37 38 39 40 41 42 43 44 45 46 47 48 49 50 51 52 53 54 55 56 57 58 59 60 61 62 63 64 65 66 67 68 69 70 71 72 73 74 75 76 77 78 79 80 81 82 83 84 85 86 87 88]
2025-01-14 00:58:40,307{GMT}	INFO	[jepsen worker 0] jepsen.util: 0	:invoke	:broadcast	89
2025-01-14 00:58:40,308{GMT}	INFO	[jepsen worker 0] jepsen.util: 0	:ok	:broadcast	89
2025-01-14 00:58:40,412{GMT}	INFO	[jepsen worker 0] jepsen.util: 0	:invoke	:read	nil
2025-01-14 00:58:40,414{GMT}	INFO	[jepsen worker 0] jepsen.util: 0	:ok	:read	[0 1 2 3 4 5 6 7 8 9 10 11 12 13 14 15 16 17 18 19 20 21 22 23 24 25 26 27 28 29 30 31 32 33 34 35 36 37 38 39 40 41 42 43 44 45 46 47 48 49 50 51 52 53 54 55 56 57 58 59 60 61 62 63 64 65 66 67 68 69 70 71 72 73 74 75 76 77 78 79 80 81 82 83 84 85 86 87 88 89]
2025-01-14 00:58:40,452{GMT}	INFO	[jepsen worker 0] jepsen.util: 0	:invoke	:broadcast	90
2025-01-14 00:58:40,453{GMT}	INFO	[jepsen worker 0] jepsen.util: 0	:ok	:broadcast	90
2025-01-14 00:58:40,456{GMT}	INFO	[jepsen worker 0] jepsen.util: 0	:invoke	:read	nil
2025-01-14 00:58:40,458{GMT}	INFO	[jepsen worker 0] jepsen.util: 0	:ok	:read	[0 1 2 3 4 5 6 7 8 9 10 11 12 13 14 15 16 17 18 19 20 21 22 23 24 25 26 27 28 29 30 31 32 33 34 35 36 37 38 39 40 41 42 43 44 45 46 47 48 49 50 51 52 53 54 55 56 57 58 59 60 61 62 63 64 65 66 67 68 69 70 71 72 73 74 75 76 77 78 79 80 81 82 83 84 85 86 87 88 89 90]
2025-01-14 00:58:40,628{GMT}	INFO	[jepsen worker 0] jepsen.util: 0	:invoke	:read	nil
2025-01-14 00:58:40,629{GMT}	INFO	[jepsen worker 0] jepsen.util: 0	:ok	:read	[0 1 2 3 4 5 6 7 8 9 10 11 12 13 14 15 16 17 18 19 20 21 22 23 24 25 26 27 28 29 30 31 32 33 34 35 36 37 38 39 40 41 42 43 44 45 46 47 48 49 50 51 52 53 54 55 56 57 58 59 60 61 62 63 64 65 66 67 68 69 70 71 72 73 74 75 76 77 78 79 80 81 82 83 84 85 86 87 88 89 90]
2025-01-14 00:58:40,762{GMT}	INFO	[jepsen worker 0] jepsen.util: 0	:invoke	:read	nil
2025-01-14 00:58:40,767{GMT}	INFO	[jepsen worker 0] jepsen.util: 0	:ok	:read	[0 1 2 3 4 5 6 7 8 9 10 11 12 13 14 15 16 17 18 19 20 21 22 23 24 25 26 27 28 29 30 31 32 33 34 35 36 37 38 39 40 41 42 43 44 45 46 47 48 49 50 51 52 53 54 55 56 57 58 59 60 61 62 63 64 65 66 67 68 69 70 71 72 73 74 75 76 77 78 79 80 81 82 83 84 85 86 87 88 89 90]
2025-01-14 00:58:40,768{GMT}	INFO	[jepsen worker 0] jepsen.util: 0	:invoke	:broadcast	91
2025-01-14 00:58:40,769{GMT}	INFO	[jepsen worker 0] jepsen.util: 0	:ok	:broadcast	91
2025-01-14 00:58:40,940{GMT}	INFO	[jepsen worker 0] jepsen.util: 0	:invoke	:broadcast	92
2025-01-14 00:58:40,943{GMT}	INFO	[jepsen worker 0] jepsen.util: 0	:ok	:broadcast	92
2025-01-14 00:58:41,061{GMT}	INFO	[jepsen worker 0] jepsen.util: 0	:invoke	:broadcast	93
2025-01-14 00:58:41,062{GMT}	INFO	[jepsen worker 0] jepsen.util: 0	:ok	:broadcast	93
2025-01-14 00:58:41,199{GMT}	INFO	[jepsen worker 0] jepsen.util: 0	:invoke	:broadcast	94
2025-01-14 00:58:41,200{GMT}	INFO	[jepsen worker 0] jepsen.util: 0	:ok	:broadcast	94
2025-01-14 00:58:41,275{GMT}	INFO	[jepsen worker 0] jepsen.util: 0	:invoke	:broadcast	95
2025-01-14 00:58:41,276{GMT}	INFO	[jepsen worker 0] jepsen.util: 0	:ok	:broadcast	95
2025-01-14 00:58:41,421{GMT}	INFO	[jepsen worker 0] jepsen.util: 0	:invoke	:read	nil
2025-01-14 00:58:41,422{GMT}	INFO	[jepsen worker 0] jepsen.util: 0	:ok	:read	[0 1 2 3 4 5 6 7 8 9 10 11 12 13 14 15 16 17 18 19 20 21 22 23 24 25 26 27 28 29 30 31 32 33 34 35 36 37 38 39 40 41 42 43 44 45 46 47 48 49 50 51 52 53 54 55 56 57 58 59 60 61 62 63 64 65 66 67 68 69 70 71 72 73 74 75 76 77 78 79 80 81 82 83 84 85 86 87 88 89 90 91 92 93 94 95]
2025-01-14 00:58:41,469{GMT}	INFO	[jepsen worker 0] jepsen.util: 0	:invoke	:broadcast	96
2025-01-14 00:58:41,470{GMT}	INFO	[jepsen worker 0] jepsen.util: 0	:ok	:broadcast	96
2025-01-14 00:58:41,656{GMT}	INFO	[jepsen worker 0] jepsen.util: 0	:invoke	:broadcast	97
2025-01-14 00:58:41,657{GMT}	INFO	[jepsen worker 0] jepsen.util: 0	:ok	:broadcast	97
2025-01-14 00:58:41,848{GMT}	INFO	[jepsen worker 0] jepsen.util: 0	:invoke	:broadcast	98
2025-01-14 00:58:41,850{GMT}	INFO	[jepsen worker 0] jepsen.util: 0	:ok	:broadcast	98
2025-01-14 00:58:41,957{GMT}	INFO	[jepsen worker 0] jepsen.util: 0	:invoke	:read	nil
2025-01-14 00:58:41,958{GMT}	INFO	[jepsen worker 0] jepsen.util: 0	:ok	:read	[0 1 2 3 4 5 6 7 8 9 10 11 12 13 14 15 16 17 18 19 20 21 22 23 24 25 26 27 28 29 30 31 32 33 34 35 36 37 38 39 40 41 42 43 44 45 46 47 48 49 50 51 52 53 54 55 56 57 58 59 60 61 62 63 64 65 66 67 68 69 70 71 72 73 74 75 76 77 78 79 80 81 82 83 84 85 86 87 88 89 90 91 92 93 94 95 96 97 98]
2025-01-14 00:58:42,034{GMT}	INFO	[jepsen worker 0] jepsen.util: 0	:invoke	:read	nil
2025-01-14 00:58:42,035{GMT}	INFO	[jepsen worker 0] jepsen.util: 0	:ok	:read	[0 1 2 3 4 5 6 7 8 9 10 11 12 13 14 15 16 17 18 19 20 21 22 23 24 25 26 27 28 29 30 31 32 33 34 35 36 37 38 39 40 41 42 43 44 45 46 47 48 49 50 51 52 53 54 55 56 57 58 59 60 61 62 63 64 65 66 67 68 69 70 71 72 73 74 75 76 77 78 79 80 81 82 83 84 85 86 87 88 89 90 91 92 93 94 95 96 97 98]
2025-01-14 00:58:42,041{GMT}	INFO	[jepsen worker 0] jepsen.util: 0	:invoke	:read	nil
2025-01-14 00:58:42,042{GMT}	INFO	[jepsen worker 0] jepsen.util: 0	:ok	:read	[0 1 2 3 4 5 6 7 8 9 10 11 12 13 14 15 16 17 18 19 20 21 22 23 24 25 26 27 28 29 30 31 32 33 34 35 36 37 38 39 40 41 42 43 44 45 46 47 48 49 50 51 52 53 54 55 56 57 58 59 60 61 62 63 64 65 66 67 68 69 70 71 72 73 74 75 76 77 78 79 80 81 82 83 84 85 86 87 88 89 90 91 92 93 94 95 96 97 98]
2025-01-14 00:58:42,042{GMT}	INFO	[jepsen worker nemesis] jepsen.generator.interpreter: Waiting for recovery...
2025-01-14 00:58:52,044{GMT}	INFO	[jepsen worker 0] jepsen.util: 0	:invoke	:read	nil
2025-01-14 00:58:52,045{GMT}	INFO	[jepsen worker 0] jepsen.util: 0	:ok	:read	[0 1 2 3 4 5 6 7 8 9 10 11 12 13 14 15 16 17 18 19 20 21 22 23 24 25 26 27 28 29 30 31 32 33 34 35 36 37 38 39 40 41 42 43 44 45 46 47 48 49 50 51 52 53 54 55 56 57 58 59 60 61 62 63 64 65 66 67 68 69 70 71 72 73 74 75 76 77 78 79 80 81 82 83 84 85 86 87 88 89 90 91 92 93 94 95 96 97 98]
2025-01-14 00:58:52,056{GMT}	INFO	[jepsen test runner] jepsen.core: Run complete, writing
2025-01-14 00:58:52,116{GMT}	INFO	[jepsen node n0] maelstrom.db: Tearing down n0
2025-01-14 00:58:54,007{GMT}	INFO	[jepsen node n0] maelstrom.net: Shutting down Maelstrom network
2025-01-14 00:58:54,007{GMT}	INFO	[jepsen test runner] jepsen.core: Analyzing...
2025-01-14 00:58:54,230{GMT}	INFO	[jepsen test runner] jepsen.core: Analysis complete
2025-01-14 00:58:54,239{GMT}	INFO	[jepsen results] jepsen.store: Wrote /home/ashley/Documents/RustHome/distributed/maelstrom_distributed/store/broadcast/20250114T005819.469Z/results.edn
2025-01-14 00:58:54,250{GMT}	INFO	[jepsen test runner] jepsen.core: {:perf {:latency-graph {:valid? true},
        :rate-graph {:valid? true},
        :valid? true},
 :timeline {:valid? true},
 :exceptions {:valid? true},
 :stats {:valid? true,
         :count 194,
         :ok-count 194,
         :fail-count 0,
         :info-count 0,
         :by-f {:broadcast {:valid? true,
                            :count 99,
                            :ok-count 99,
                            :fail-count 0,
                            :info-count 0},
                :read {:valid? true,
                       :count 95,
                       :ok-count 95,
                       :fail-count 0,
                       :info-count 0}}},
 :availability {:valid? true, :ok-fraction 1.0},
 :net {:all {:send-count 392,
             :recv-count 392,
             :msg-count 392,
             :msgs-per-op 2.0206184},
       :clients {:send-count 392, :recv-count 392, :msg-count 392},
       :servers {:send-count 0,
                 :recv-count 0,
                 :msg-count 0,
                 :msgs-per-op 0.0},
       :valid? true},
 :workload {:worst-stale (),
            :duplicated-count 0,
            :valid? true,
            :lost-count 0,
            :lost (),
            :stable-count 99,
            :stale-count 0,
            :stale (),
            :never-read-count 0,
            :stable-latencies {0 0, 0.5 0, 0.95 0, 0.99 0, 1 0},
            :attempt-count 99,
            :never-read (),
            :duplicated {}},
 :valid? true}


Everything looks good! (`)
