2024-12-22 01:04:49,932{GMT}	INFO	[jepsen test runner] jepsen.core: Command line:
lein run test -w echo --bin ./target/debug/maelstrom_distributed -- node-count 1
2024-12-22 01:04:49,998{GMT}	INFO	[jepsen test runner] jepsen.core: Running test:
{:args ["node-count" "1"]
 :remote
 #jepsen.control.retry.Remote{:remote #jepsen.control.scp.Remote{:cmd-remote #jepsen.control.sshj.SSHJRemote{:concurrency-limit 6,
                                                                                                             :conn-spec nil,
                                                                                                             :client nil,
                                                                                                             :semaphore nil},
                                                                 :conn-spec nil},
                              :conn nil}
 :log-net-send false
 :node-count nil
 :availability nil
 :max-txn-length 4
 :concurrency 5
 :db
 #object[maelstrom.db$db$reify__16142
         "0x797a5b31"
         "maelstrom.db$db$reify__16142@797a5b31"]
 :max-writes-per-key 16
 :leave-db-running? false
 :name "echo"
 :logging-json? false
 :start-time
 #object[org.joda.time.DateTime "0x13d7d1a8" "2024-12-22T01:04:49.914Z"]
 :nemesis-interval 10
 :net
 #object[maelstrom.net$jepsen_net$reify__15251
         "0x60035f1e"
         "maelstrom.net$jepsen_net$reify__15251@60035f1e"]
 :client
 #object[maelstrom.workload.echo$client$reify__16863
         "0x5827908c"
         "maelstrom.workload.echo$client$reify__16863@5827908c"]
 :barrier
 #object[java.util.concurrent.CyclicBarrier
         "0x732ffb6a"
         "java.util.concurrent.CyclicBarrier@732ffb6a"]
 :log-stderr false
 :pure-generators true
 :ssh {:dummy? true}
 :rate 5
 :checker
 #object[jepsen.checker$compose$reify__11881
         "0x5ed83e36"
         "jepsen.checker$compose$reify__11881@5ed83e36"]
 :argv
 ("test"
  "-w"
  "echo"
  "--bin"
  "./target/debug/maelstrom_distributed"
  "--"
  "node-count"
  "1")
 :nemesis
 (jepsen.nemesis.ReflCompose
  {:fm {:start-partition 0,
        :stop-partition 0,
        :kill 1,
        :start 1,
        :pause 1,
        :resume 1},
   :nemeses [#unprintable "jepsen.nemesis.combined$partition_nemesis$reify__16416@2459715c"
             #unprintable "jepsen.nemesis.combined$db_nemesis$reify__16397@401e36ab"]})
 :nodes ["n1" "n2" "n3" "n4" "n5"]
 :test-count 1
 :latency {:mean 0, :dist :constant}
 :bin "./target/debug/maelstrom_distributed"
 :generator
 (jepsen.generator.TimeLimit
  {:limit 60000000000,
   :cutoff nil,
   :gen (jepsen.generator.Any
         {:gens [(jepsen.generator.OnThreads
                  {:f #{:nemesis},
                   :context-filter #object[jepsen.generator.context$make_thread_filter$lazy_filter__9167
                                           "0x164dfad2"
                                           "jepsen.generator.context$make_thread_filter$lazy_filter__9167@164dfad2"],
                   :gen nil})
                 (jepsen.generator.OnThreads
                  {:f #jepsen.generator.context.AllBut{:element :nemesis},
                   :context-filter #object[jepsen.generator.context$make_thread_filter$lazy_filter__9167
                                           "0x76480730"
                                           "jepsen.generator.context$make_thread_filter$lazy_filter__9167@76480730"],
                   :gen (jepsen.generator.Stagger
                         {:dt 400000000,
                          :next-time nil,
                          :gen (jepsen.generator.EachThread
                                {:fresh-gen #object[maelstrom.workload.echo$workload$fn__16882
                                                    "0x405a296e"
                                                    "maelstrom.workload.echo$workload$fn__16882@405a296e"],
                                 :context-filters #object[clojure.core$promise$reify__8591
                                                          "0x77198cce"
                                                          {:status :pending,
                                                           :val nil}],
                                 :gens {}})})})]})})
 :log-net-recv false
 :os
 #object[maelstrom.net$jepsen_os$reify__15254
         "0xe7b7395"
         "maelstrom.net$jepsen_os$reify__15254@e7b7395"]
 :time-limit 60
 :workload :echo
 :consistency-models [:strict-serializable]
 :topology :grid}

2024-12-22 01:04:51,930{GMT}	INFO	[jepsen node n1] maelstrom.net: Starting Maelstrom network
2024-12-22 01:04:51,933{GMT}	INFO	[jepsen test runner] jepsen.db: Tearing down DB
2024-12-22 01:04:51,937{GMT}	INFO	[jepsen test runner] jepsen.db: Setting up DB
2024-12-22 01:04:51,939{GMT}	INFO	[jepsen node n2] maelstrom.db: Setting up n2
2024-12-22 01:04:51,939{GMT}	INFO	[jepsen node n2] maelstrom.process: launching ./target/debug/maelstrom_distributed ["node-count" "1"]
2024-12-22 01:04:51,940{GMT}	INFO	[jepsen node n3] maelstrom.db: Setting up n3
2024-12-22 01:04:51,940{GMT}	INFO	[jepsen node n3] maelstrom.process: launching ./target/debug/maelstrom_distributed ["node-count" "1"]
2024-12-22 01:04:51,941{GMT}	INFO	[jepsen node n4] maelstrom.db: Setting up n4
2024-12-22 01:04:51,941{GMT}	INFO	[jepsen node n4] maelstrom.process: launching ./target/debug/maelstrom_distributed ["node-count" "1"]
2024-12-22 01:04:51,942{GMT}	INFO	[jepsen node n1] maelstrom.service: Starting services: (lin-kv lin-tso lww-kv seq-kv)
2024-12-22 01:04:51,942{GMT}	INFO	[jepsen node n5] maelstrom.db: Setting up n5
2024-12-22 01:04:51,944{GMT}	INFO	[jepsen node n5] maelstrom.process: launching ./target/debug/maelstrom_distributed ["node-count" "1"]
2024-12-22 01:04:51,948{GMT}	INFO	[jepsen node n1] maelstrom.db: Setting up n1
2024-12-22 01:04:51,950{GMT}	INFO	[jepsen node n1] maelstrom.process: launching ./target/debug/maelstrom_distributed ["node-count" "1"]
2024-12-22 01:04:51,982{GMT}	WARN	[n5 stdout] maelstrom.process: Error!
clojure.lang.ExceptionInfo: Node n5 printed a line to STDOUT which was not well-formed JSON:
Hello, world!
Did you mean to encode this line as JSON? Or was this line intended for STDERR? See doc/protocol.md for more guidance.
	at slingshot.support$stack_trace.invoke(support.clj:201)
	at maelstrom.process$parse_msg$fn__15856.invoke(process.clj:47)
	at maelstrom.process$parse_msg.invokeStatic(process.clj:45)
	at maelstrom.process$parse_msg.invoke(process.clj:35)
	at maelstrom.process$stdout_thread$fn__15878$fn__15879$fn__15881.invoke(process.clj:146)
	at maelstrom.process$stdout_thread$fn__15878$fn__15879.invoke(process.clj:146)
	at maelstrom.process$stdout_thread$fn__15878.invoke(process.clj:140)
	at clojure.core$binding_conveyor_fn$fn__5823.invoke(core.clj:2047)
	at clojure.lang.AFn.call(AFn.java:18)
	at java.base/java.util.concurrent.FutureTask.run(FutureTask.java:264)
	at java.base/java.util.concurrent.ThreadPoolExecutor.runWorker(ThreadPoolExecutor.java:1136)
	at java.base/java.util.concurrent.ThreadPoolExecutor$Worker.run(ThreadPoolExecutor.java:635)
	at java.base/java.lang.Thread.run(Thread.java:840)
2024-12-22 01:04:51,984{GMT}	WARN	[n4 stdout] maelstrom.process: Error!
clojure.lang.ExceptionInfo: Node n4 printed a line to STDOUT which was not well-formed JSON:
Hello, world!
Did you mean to encode this line as JSON? Or was this line intended for STDERR? See doc/protocol.md for more guidance.
	at slingshot.support$stack_trace.invoke(support.clj:201)
	at maelstrom.process$parse_msg$fn__15856.invoke(process.clj:47)
	at maelstrom.process$parse_msg.invokeStatic(process.clj:45)
	at maelstrom.process$parse_msg.invoke(process.clj:35)
	at maelstrom.process$stdout_thread$fn__15878$fn__15879$fn__15881.invoke(process.clj:146)
	at maelstrom.process$stdout_thread$fn__15878$fn__15879.invoke(process.clj:146)
	at maelstrom.process$stdout_thread$fn__15878.invoke(process.clj:140)
	at clojure.core$binding_conveyor_fn$fn__5823.invoke(core.clj:2047)
	at clojure.lang.AFn.call(AFn.java:18)
	at java.base/java.util.concurrent.FutureTask.run(FutureTask.java:264)
	at java.base/java.util.concurrent.ThreadPoolExecutor.runWorker(ThreadPoolExecutor.java:1136)
	at java.base/java.util.concurrent.ThreadPoolExecutor$Worker.run(ThreadPoolExecutor.java:635)
	at java.base/java.lang.Thread.run(Thread.java:840)
2024-12-22 01:04:51,986{GMT}	WARN	[n1 stdout] maelstrom.process: Error!
clojure.lang.ExceptionInfo: Node n1 printed a line to STDOUT which was not well-formed JSON:
Hello, world!
Did you mean to encode this line as JSON? Or was this line intended for STDERR? See doc/protocol.md for more guidance.
	at slingshot.support$stack_trace.invoke(support.clj:201)
	at maelstrom.process$parse_msg$fn__15856.invoke(process.clj:47)
	at maelstrom.process$parse_msg.invokeStatic(process.clj:45)
	at maelstrom.process$parse_msg.invoke(process.clj:35)
	at maelstrom.process$stdout_thread$fn__15878$fn__15879$fn__15881.invoke(process.clj:146)
	at maelstrom.process$stdout_thread$fn__15878$fn__15879.invoke(process.clj:146)
	at maelstrom.process$stdout_thread$fn__15878.invoke(process.clj:140)
	at clojure.core$binding_conveyor_fn$fn__5823.invoke(core.clj:2047)
	at clojure.lang.AFn.call(AFn.java:18)
	at java.base/java.util.concurrent.FutureTask.run(FutureTask.java:264)
	at java.base/java.util.concurrent.ThreadPoolExecutor.runWorker(ThreadPoolExecutor.java:1136)
	at java.base/java.util.concurrent.ThreadPoolExecutor$Worker.run(ThreadPoolExecutor.java:635)
	at java.base/java.lang.Thread.run(Thread.java:840)
2024-12-22 01:04:51,989{GMT}	WARN	[n3 stdout] maelstrom.process: Error!
clojure.lang.ExceptionInfo: Node n3 printed a line to STDOUT which was not well-formed JSON:
Hello, world!
Did you mean to encode this line as JSON? Or was this line intended for STDERR? See doc/protocol.md for more guidance.
	at slingshot.support$stack_trace.invoke(support.clj:201)
	at maelstrom.process$parse_msg$fn__15856.invoke(process.clj:47)
	at maelstrom.process$parse_msg.invokeStatic(process.clj:45)
	at maelstrom.process$parse_msg.invoke(process.clj:35)
	at maelstrom.process$stdout_thread$fn__15878$fn__15879$fn__15881.invoke(process.clj:146)
	at maelstrom.process$stdout_thread$fn__15878$fn__15879.invoke(process.clj:146)
	at maelstrom.process$stdout_thread$fn__15878.invoke(process.clj:140)
	at clojure.core$binding_conveyor_fn$fn__5823.invoke(core.clj:2047)
	at clojure.lang.AFn.call(AFn.java:18)
	at java.base/java.util.concurrent.FutureTask.run(FutureTask.java:264)
	at java.base/java.util.concurrent.ThreadPoolExecutor.runWorker(ThreadPoolExecutor.java:1136)
	at java.base/java.util.concurrent.ThreadPoolExecutor$Worker.run(ThreadPoolExecutor.java:635)
	at java.base/java.lang.Thread.run(Thread.java:840)
2024-12-22 01:04:51,980{GMT}	WARN	[n2 stdout] maelstrom.process: Error!
clojure.lang.ExceptionInfo: Node n2 printed a line to STDOUT which was not well-formed JSON:
Hello, world!
Did you mean to encode this line as JSON? Or was this line intended for STDERR? See doc/protocol.md for more guidance.
	at slingshot.support$stack_trace.invoke(support.clj:201)
	at maelstrom.process$parse_msg$fn__15856.invoke(process.clj:47)
	at maelstrom.process$parse_msg.invokeStatic(process.clj:45)
	at maelstrom.process$parse_msg.invoke(process.clj:35)
	at maelstrom.process$stdout_thread$fn__15878$fn__15879$fn__15881.invoke(process.clj:146)
	at maelstrom.process$stdout_thread$fn__15878$fn__15879.invoke(process.clj:146)
	at maelstrom.process$stdout_thread$fn__15878.invoke(process.clj:140)
	at clojure.core$binding_conveyor_fn$fn__5823.invoke(core.clj:2047)
	at clojure.lang.AFn.call(AFn.java:18)
	at java.base/java.util.concurrent.FutureTask.run(FutureTask.java:264)
	at java.base/java.util.concurrent.ThreadPoolExecutor.runWorker(ThreadPoolExecutor.java:1136)
	at java.base/java.util.concurrent.ThreadPoolExecutor$Worker.run(ThreadPoolExecutor.java:635)
	at java.base/java.lang.Thread.run(Thread.java:840)
2024-12-22 01:05:01,993{GMT}	INFO	[jepsen node n1] maelstrom.db: Tearing down n1
2024-12-22 01:05:01,997{GMT}	INFO	[jepsen node n3] maelstrom.db: Tearing down n3
2024-12-22 01:05:01,999{GMT}	INFO	[jepsen node n4] maelstrom.db: Tearing down n4
2024-12-22 01:05:02,000{GMT}	INFO	[jepsen node n2] maelstrom.db: Tearing down n2
2024-12-22 01:05:02,000{GMT}	INFO	[jepsen node n5] maelstrom.db: Tearing down n5
2024-12-22 01:05:02,979{GMT}	INFO	[jepsen node n1] maelstrom.net: Shutting down Maelstrom network
2024-12-22 01:05:02,981{GMT}	WARN	[jepsen test runner] jepsen.core: Test crashed!
clojure.lang.ExceptionInfo: Node n3 crashed with exit status 0. Before crashing, it wrote to STDOUT:



And to STDERR:



Full STDERR logs are available in /home/ashley/Documents/RustHome/distributed/maelstrom_distributed/store/echo/20241222T010449.914Z/node-logs/n3.log
	at slingshot.support$stack_trace.invoke(support.clj:201)
	at maelstrom.process$stop_node_BANG_.invokeStatic(process.clj:239)
	at maelstrom.process$stop_node_BANG_.invoke(process.clj:217)
	at maelstrom.db$db$reify__16142.teardown_BANG_(db.clj:75)
	at jepsen.db$fn__8744$G__8725__8748.invoke(db.clj:12)
	at jepsen.db$fn__8744$G__8724__8753.invoke(db.clj:12)
	at clojure.core$partial$fn__5908.invoke(core.clj:2642)
	at jepsen.control$on_nodes$fn__8599.invoke(control.clj:314)
	at clojure.lang.AFn.applyToHelper(AFn.java:154)
	at clojure.lang.AFn.applyTo(AFn.java:144)
	at clojure.core$apply.invokeStatic(core.clj:667)
	at clojure.core$with_bindings_STAR_.invokeStatic(core.clj:1990)
	at clojure.core$with_bindings_STAR_.doInvoke(core.clj:1990)
	at clojure.lang.RestFn.applyTo(RestFn.java:142)
	at clojure.core$apply.invokeStatic(core.clj:671)
	at clojure.core$bound_fn_STAR_$fn__5818.doInvoke(core.clj:2020)
	at clojure.lang.RestFn.invoke(RestFn.java:408)
	at dom_top.core$real_pmap_helper$build_thread__211$fn__212.invoke(core.clj:163)
	at clojure.lang.AFn.applyToHelper(AFn.java:152)
	at clojure.lang.AFn.applyTo(AFn.java:144)
	at clojure.core$apply.invokeStatic(core.clj:667)
	at clojure.core$with_bindings_STAR_.invokeStatic(core.clj:1990)
	at clojure.core$with_bindings_STAR_.doInvoke(core.clj:1990)
	at clojure.lang.RestFn.invoke(RestFn.java:425)
	at clojure.lang.AFn.applyToHelper(AFn.java:156)
	at clojure.lang.RestFn.applyTo(RestFn.java:132)
	at clojure.core$apply.invokeStatic(core.clj:671)
	at clojure.core$bound_fn_STAR_$fn__5818.doInvoke(core.clj:2020)
	at clojure.lang.RestFn.invoke(RestFn.java:397)
	at clojure.lang.AFn.run(AFn.java:22)
	at java.base/java.lang.Thread.run(Thread.java:840)
