2025-01-27 15:06:54,805{GMT}	INFO	[jepsen test runner] jepsen.core: Test version 721b8fd651fca70c1f1ff0a499ac3708502b1cd6 (plus uncommitted changes)
2025-01-27 15:06:54,805{GMT}	INFO	[jepsen test runner] jepsen.core: Command line:
lein run test -w broadcast --bin ./target/debug/maelstrom_distributed --node-count 2 --time-limit 20 --rate 10
2025-01-27 15:06:54,871{GMT}	INFO	[jepsen test runner] jepsen.core: Running test:
{:args []
 :remote
 #jepsen.control.retry.Remote{:remote #jepsen.control.scp.Remote{:cmd-remote #jepsen.control.sshj.SSHJRemote{:concurrency-limit 6,
                                                                                                             :conn-spec nil,
                                                                                                             :client nil,
                                                                                                             :semaphore nil},
                                                                 :conn-spec nil},
                              :conn nil}
 :log-net-send false
 :node-count 2
 :availability nil
 :max-txn-length 4
 :concurrency 2
 :db
 #object[maelstrom.db$db$reify__16142
         "0x60035f1e"
         "maelstrom.db$db$reify__16142@60035f1e"]
 :max-writes-per-key 16
 :leave-db-running? false
 :name "broadcast"
 :logging-json? false
 :start-time
 #object[org.joda.time.DateTime "0x2459715c" "2025-01-27T15:06:54.783Z"]
 :nemesis-interval 10
 :net
 #object[maelstrom.net$jepsen_net$reify__15251
         "0x401e36ab"
         "maelstrom.net$jepsen_net$reify__15251@401e36ab"]
 :client
 #object[maelstrom.workload.broadcast$client$reify__16644
         "0x4ce66169"
         "maelstrom.workload.broadcast$client$reify__16644@4ce66169"]
 :barrier
 #object[java.util.concurrent.CyclicBarrier
         "0x53d0cf4d"
         "java.util.concurrent.CyclicBarrier@53d0cf4d"]
 :log-stderr false
 :pure-generators true
 :ssh {:dummy? true}
 :rate 10.0
 :checker
 #object[jepsen.checker$compose$reify__11881
         "0x3c6c87fa"
         "jepsen.checker$compose$reify__11881@3c6c87fa"]
 :argv
 ("test"
  "-w"
  "broadcast"
  "--bin"
  "./target/debug/maelstrom_distributed"
  "--node-count"
  "2"
  "--time-limit"
  "20"
  "--rate"
  "10")
 :nemesis
 (jepsen.nemesis.ReflCompose
  {:fm {:start-partition 0,
        :stop-partition 0,
        :kill 1,
        :start 1,
        :pause 1,
        :resume 1},
   :nemeses [#unprintable "jepsen.nemesis.combined$partition_nemesis$reify__16416@d7645b2"
             #unprintable "jepsen.nemesis.combined$db_nemesis$reify__16397@72e4905c"]})
 :nodes ["n0" "n1"]
 :test-count 1
 :latency {:mean 0, :dist :constant}
 :bin "./target/debug/maelstrom_distributed"
 :generator
 ((jepsen.generator.Synchronize
   {:gen (jepsen.generator.TimeLimit
          {:limit 20000000000,
           :cutoff nil,
           :gen (jepsen.generator.Any
                 {:gens [(jepsen.generator.OnThreads
                          {:f #{:nemesis},
                           :context-filter #object[jepsen.generator.context$make_thread_filter$lazy_filter__9167
                                                   "0x383c94ed"
                                                   "jepsen.generator.context$make_thread_filter$lazy_filter__9167@383c94ed"],
                           :gen nil})
                         (jepsen.generator.OnThreads
                          {:f #jepsen.generator.context.AllBut{:element :nemesis},
                           :context-filter #object[jepsen.generator.context$make_thread_filter$lazy_filter__9167
                                                   "0x293ccbdd"
                                                   "jepsen.generator.context$make_thread_filter$lazy_filter__9167@293ccbdd"],
                           :gen (jepsen.generator.Stagger
                                 {:dt 200000000,
                                  :next-time nil,
                                  :gen (jepsen.generator.Mix
                                        {:i 1,
                                         :gens [({:f :broadcast, :value 0}
                                                 {:f :broadcast, :value 1}
                                                 {:f :broadcast, :value 2}
                                                 {:f :broadcast, :value 3}
                                                 {:f :broadcast, :value 4}
                                                 {:f :broadcast, :value 5}
                                                 {:f :broadcast, :value 6}
                                                 {:f :broadcast, :value 7}
                                                 ...)
                                                ({:f :read}
                                                 {:f :read}
                                                 {:f :read}
                                                 {:f :read}
                                                 {:f :read}
                                                 {:f :read}
                                                 {:f :read}
                                                 {:f :read}
                                                 ...)]})})})]})})})
  (jepsen.generator.Synchronize
   {:gen (jepsen.generator.OnThreads
          {:f #{:nemesis},
           :context-filter #object[jepsen.generator.context$make_thread_filter$lazy_filter__9167
                                   "0x474a63d9"
                                   "jepsen.generator.context$make_thread_filter$lazy_filter__9167@474a63d9"],
           :gen ()})})
  (jepsen.generator.Synchronize
   {:gen {:type :log, :value "Waiting for recovery..."}})
  (jepsen.generator.Synchronize {:gen {:type :sleep, :value 10}})
  (jepsen.generator.Synchronize
   {:gen (jepsen.generator.OnThreads
          {:f #jepsen.generator.context.AllBut{:element :nemesis},
           :context-filter #object[jepsen.generator.context$make_thread_filter$lazy_filter__9167
                                   "0x1b8d0c21"
                                   "jepsen.generator.context$make_thread_filter$lazy_filter__9167@1b8d0c21"],
           :gen (jepsen.generator.EachThread
                 {:fresh-gen {:f :read, :final? true},
                  :context-filters #object[clojure.core$promise$reify__8591
                                           "0x54a04eae"
                                           {:status :pending, :val nil}],
                  :gens {}})})}))
 :log-net-recv false
 :os
 #object[maelstrom.net$jepsen_os$reify__15254
         "0x4664fef"
         "maelstrom.net$jepsen_os$reify__15254@4664fef"]
 :time-limit 20
 :workload :broadcast
 :consistency-models [:strict-serializable]
 :topology :grid}

2025-01-27 15:06:57,378{GMT}	INFO	[jepsen node n0] maelstrom.net: Starting Maelstrom network
2025-01-27 15:06:57,379{GMT}	INFO	[jepsen test runner] jepsen.db: Tearing down DB
2025-01-27 15:06:57,381{GMT}	INFO	[jepsen test runner] jepsen.db: Setting up DB
2025-01-27 15:06:57,383{GMT}	INFO	[jepsen node n1] maelstrom.db: Setting up n1
2025-01-27 15:06:57,384{GMT}	INFO	[jepsen node n1] maelstrom.process: launching ./target/debug/maelstrom_distributed []
2025-01-27 15:06:57,389{GMT}	INFO	[jepsen node n0] maelstrom.service: Starting services: (lin-kv lin-tso lww-kv seq-kv)
2025-01-27 15:06:57,397{GMT}	INFO	[jepsen node n0] maelstrom.db: Setting up n0
2025-01-27 15:06:57,398{GMT}	INFO	[jepsen node n0] maelstrom.process: launching ./target/debug/maelstrom_distributed []
2025-01-27 15:06:57,413{GMT}	INFO	[jepsen test runner] jepsen.core: Relative time begins now
2025-01-27 15:06:57,441{GMT}	INFO	[jepsen worker 0] jepsen.util: 0	:invoke	:read	nil
2025-01-27 15:06:57,449{GMT}	INFO	[jepsen worker 0] jepsen.util: 0	:ok	:read	[]
2025-01-27 15:06:57,536{GMT}	INFO	[jepsen worker 1] jepsen.util: 1	:invoke	:broadcast	0
2025-01-27 15:06:57,541{GMT}	INFO	[jepsen worker 1] jepsen.util: 1	:ok	:broadcast	0
2025-01-27 15:06:57,671{GMT}	INFO	[jepsen worker 0] jepsen.util: 0	:invoke	:read	nil
2025-01-27 15:06:57,673{GMT}	INFO	[jepsen worker 0] jepsen.util: 0	:ok	:read	[]
2025-01-27 15:06:57,814{GMT}	INFO	[jepsen worker 0] jepsen.util: 0	:invoke	:broadcast	1
2025-01-27 15:06:57,815{GMT}	INFO	[jepsen worker 0] jepsen.util: 0	:ok	:broadcast	1
2025-01-27 15:06:57,962{GMT}	INFO	[jepsen worker 1] jepsen.util: 1	:invoke	:broadcast	2
2025-01-27 15:06:57,963{GMT}	INFO	[jepsen worker 1] jepsen.util: 1	:ok	:broadcast	2
2025-01-27 15:06:58,026{GMT}	INFO	[jepsen worker 0] jepsen.util: 0	:invoke	:broadcast	3
2025-01-27 15:06:58,027{GMT}	INFO	[jepsen worker 0] jepsen.util: 0	:ok	:broadcast	3
2025-01-27 15:06:58,113{GMT}	INFO	[jepsen worker 0] jepsen.util: 0	:invoke	:read	nil
2025-01-27 15:06:58,115{GMT}	INFO	[jepsen worker 0] jepsen.util: 0	:ok	:read	[2 3 0 1]
2025-01-27 15:06:58,244{GMT}	INFO	[jepsen worker 1] jepsen.util: 1	:invoke	:read	nil
2025-01-27 15:06:58,246{GMT}	INFO	[jepsen worker 1] jepsen.util: 1	:ok	:read	[0 1 2]
2025-01-27 15:06:58,324{GMT}	INFO	[jepsen worker 0] jepsen.util: 0	:invoke	:broadcast	4
2025-01-27 15:06:58,325{GMT}	INFO	[jepsen worker 0] jepsen.util: 0	:ok	:broadcast	4
2025-01-27 15:06:58,476{GMT}	INFO	[jepsen worker 0] jepsen.util: 0	:invoke	:broadcast	5
2025-01-27 15:06:58,477{GMT}	INFO	[jepsen worker 0] jepsen.util: 0	:ok	:broadcast	5
2025-01-27 15:06:58,533{GMT}	INFO	[jepsen worker 1] jepsen.util: 1	:invoke	:broadcast	6
2025-01-27 15:06:58,534{GMT}	INFO	[jepsen worker 1] jepsen.util: 1	:ok	:broadcast	6
2025-01-27 15:06:58,628{GMT}	INFO	[jepsen worker 0] jepsen.util: 0	:invoke	:read	nil
2025-01-27 15:06:58,629{GMT}	INFO	[jepsen worker 0] jepsen.util: 0	:ok	:read	[6 2 5 3 0 1 4]
2025-01-27 15:06:58,756{GMT}	INFO	[jepsen worker 0] jepsen.util: 0	:invoke	:read	nil
2025-01-27 15:06:58,761{GMT}	INFO	[jepsen worker 0] jepsen.util: 0	:ok	:read	[6 2 5 3 0 1 4]
2025-01-27 15:06:58,783{GMT}	INFO	[jepsen worker 1] jepsen.util: 1	:invoke	:broadcast	7
2025-01-27 15:06:58,784{GMT}	INFO	[jepsen worker 1] jepsen.util: 1	:ok	:broadcast	7
2025-01-27 15:06:58,810{GMT}	INFO	[jepsen worker 0] jepsen.util: 0	:invoke	:read	nil
2025-01-27 15:06:58,814{GMT}	INFO	[jepsen worker 0] jepsen.util: 0	:ok	:read	[6 2 5 3 0 1 4]
2025-01-27 15:06:58,928{GMT}	INFO	[jepsen worker 0] jepsen.util: 0	:invoke	:read	nil
2025-01-27 15:06:58,930{GMT}	INFO	[jepsen worker 0] jepsen.util: 0	:ok	:read	[6 7 2 5 3 0 1 4]
2025-01-27 15:06:59,125{GMT}	INFO	[jepsen worker 1] jepsen.util: 1	:invoke	:broadcast	8
2025-01-27 15:06:59,126{GMT}	INFO	[jepsen worker 1] jepsen.util: 1	:ok	:broadcast	8
2025-01-27 15:06:59,308{GMT}	INFO	[jepsen worker 0] jepsen.util: 0	:invoke	:broadcast	9
2025-01-27 15:06:59,309{GMT}	INFO	[jepsen worker 0] jepsen.util: 0	:ok	:broadcast	9
2025-01-27 15:06:59,401{GMT}	INFO	[jepsen worker 0] jepsen.util: 0	:invoke	:broadcast	10
2025-01-27 15:06:59,403{GMT}	INFO	[jepsen worker 0] jepsen.util: 0	:ok	:broadcast	10
2025-01-27 15:06:59,576{GMT}	INFO	[jepsen worker 1] jepsen.util: 1	:invoke	:broadcast	11
2025-01-27 15:06:59,586{GMT}	INFO	[jepsen worker 1] jepsen.util: 1	:ok	:broadcast	11
2025-01-27 15:06:59,644{GMT}	INFO	[jepsen worker 0] jepsen.util: 0	:invoke	:broadcast	12
2025-01-27 15:06:59,650{GMT}	INFO	[jepsen worker 0] jepsen.util: 0	:ok	:broadcast	12
2025-01-27 15:06:59,820{GMT}	INFO	[jepsen worker 0] jepsen.util: 0	:invoke	:read	nil
2025-01-27 15:06:59,821{GMT}	INFO	[jepsen worker 0] jepsen.util: 0	:ok	:read	[1 4 5 11 7 2 9 10 12 8 6 3 0]
2025-01-27 15:06:59,827{GMT}	INFO	[jepsen worker 1] jepsen.util: 1	:invoke	:read	nil
2025-01-27 15:06:59,828{GMT}	INFO	[jepsen worker 1] jepsen.util: 1	:ok	:read	[4 2 0 1 7 3 9 11 5 6 10 12 8]
2025-01-27 15:06:59,987{GMT}	INFO	[jepsen worker 0] jepsen.util: 0	:invoke	:broadcast	13
2025-01-27 15:06:59,989{GMT}	INFO	[jepsen worker 0] jepsen.util: 0	:ok	:broadcast	13
2025-01-27 15:07:00,150{GMT}	INFO	[jepsen worker 0] jepsen.util: 0	:invoke	:read	nil
2025-01-27 15:07:00,151{GMT}	INFO	[jepsen worker 0] jepsen.util: 0	:ok	:read	[1 4 5 11 7 2 9 10 12 13 8 6 3 0]
2025-01-27 15:07:00,220{GMT}	INFO	[jepsen worker 1] jepsen.util: 1	:invoke	:read	nil
2025-01-27 15:07:00,222{GMT}	INFO	[jepsen worker 1] jepsen.util: 1	:ok	:read	[4 2 0 1 7 3 9 11 13 5 6 10 12 8]
2025-01-27 15:07:00,312{GMT}	INFO	[jepsen worker 0] jepsen.util: 0	:invoke	:broadcast	14
2025-01-27 15:07:00,314{GMT}	INFO	[jepsen worker 0] jepsen.util: 0	:ok	:broadcast	14
2025-01-27 15:07:00,458{GMT}	INFO	[jepsen worker 0] jepsen.util: 0	:invoke	:broadcast	15
2025-01-27 15:07:00,460{GMT}	INFO	[jepsen worker 0] jepsen.util: 0	:ok	:broadcast	15
2025-01-27 15:07:00,528{GMT}	INFO	[jepsen worker 1] jepsen.util: 1	:invoke	:read	nil
2025-01-27 15:07:00,534{GMT}	INFO	[jepsen worker 1] jepsen.util: 1	:ok	:read	[4 2 0 1 14 7 3 9 11 13 5 6 10 12 8]
2025-01-27 15:07:00,659{GMT}	INFO	[jepsen worker 0] jepsen.util: 0	:invoke	:read	nil
2025-01-27 15:07:00,661{GMT}	INFO	[jepsen worker 0] jepsen.util: 0	:ok	:read	[1 4 5 11 14 15 7 2 9 10 12 13 8 6 3 0]
2025-01-27 15:07:00,673{GMT}	INFO	[jepsen worker 0] jepsen.util: 0	:invoke	:broadcast	16
2025-01-27 15:07:00,676{GMT}	INFO	[jepsen worker 0] jepsen.util: 0	:ok	:broadcast	16
2025-01-27 15:07:00,745{GMT}	INFO	[jepsen worker 1] jepsen.util: 1	:invoke	:read	nil
2025-01-27 15:07:00,747{GMT}	INFO	[jepsen worker 1] jepsen.util: 1	:ok	:read	[15 4 2 0 1 14 7 3 9 11 13 5 6 10 12 16 8]
2025-01-27 15:07:00,791{GMT}	INFO	[jepsen worker 0] jepsen.util: 0	:invoke	:read	nil
2025-01-27 15:07:00,792{GMT}	INFO	[jepsen worker 0] jepsen.util: 0	:ok	:read	[1 4 5 11 14 16 15 7 2 9 10 12 13 8 6 3 0]
2025-01-27 15:07:00,841{GMT}	INFO	[jepsen worker 0] jepsen.util: 0	:invoke	:broadcast	17
2025-01-27 15:07:00,843{GMT}	INFO	[jepsen worker 0] jepsen.util: 0	:ok	:broadcast	17
2025-01-27 15:07:00,978{GMT}	INFO	[jepsen worker 1] jepsen.util: 1	:invoke	:read	nil
2025-01-27 15:07:00,983{GMT}	INFO	[jepsen worker 1] jepsen.util: 1	:ok	:read	[15 4 2 0 1 14 7 3 9 11 13 5 6 10 12 16 8]
2025-01-27 15:07:01,159{GMT}	INFO	[jepsen worker 0] jepsen.util: 0	:invoke	:read	nil
2025-01-27 15:07:01,161{GMT}	INFO	[jepsen worker 0] jepsen.util: 0	:ok	:read	[1 4 5 11 14 16 17 15 7 2 9 10 12 13 8 6 3 0]
2025-01-27 15:07:01,219{GMT}	INFO	[jepsen worker 0] jepsen.util: 0	:invoke	:read	nil
2025-01-27 15:07:01,226{GMT}	INFO	[jepsen worker 0] jepsen.util: 0	:ok	:read	[1 4 5 11 14 16 17 15 7 2 9 10 12 13 8 6 3 0]
2025-01-27 15:07:01,288{GMT}	INFO	[jepsen worker 1] jepsen.util: 1	:invoke	:read	nil
2025-01-27 15:07:01,296{GMT}	INFO	[jepsen worker 1] jepsen.util: 1	:ok	:read	[15 4 2 0 1 14 7 3 9 11 13 5 6 10 12 16 17 8]
2025-01-27 15:07:01,445{GMT}	INFO	[jepsen worker 0] jepsen.util: 0	:invoke	:read	nil
2025-01-27 15:07:01,447{GMT}	INFO	[jepsen worker 0] jepsen.util: 0	:ok	:read	[1 4 5 11 14 16 17 15 7 2 9 10 12 13 8 6 3 0]
2025-01-27 15:07:01,514{GMT}	INFO	[jepsen worker 0] jepsen.util: 0	:invoke	:read	nil
2025-01-27 15:07:01,516{GMT}	INFO	[jepsen worker 0] jepsen.util: 0	:ok	:read	[1 4 5 11 14 16 17 15 7 2 9 10 12 13 8 6 3 0]
2025-01-27 15:07:01,653{GMT}	INFO	[jepsen worker 1] jepsen.util: 1	:invoke	:broadcast	18
2025-01-27 15:07:01,655{GMT}	INFO	[jepsen worker 1] jepsen.util: 1	:ok	:broadcast	18
2025-01-27 15:07:01,722{GMT}	INFO	[jepsen worker 0] jepsen.util: 0	:invoke	:read	nil
2025-01-27 15:07:01,725{GMT}	INFO	[jepsen worker 0] jepsen.util: 0	:ok	:read	[1 4 5 11 14 16 17 15 7 2 9 10 12 13 8 6 3 0]
2025-01-27 15:07:01,731{GMT}	INFO	[jepsen worker 0] jepsen.util: 0	:invoke	:read	nil
2025-01-27 15:07:01,733{GMT}	INFO	[jepsen worker 0] jepsen.util: 0	:ok	:read	[1 4 5 11 14 16 17 15 7 2 9 10 12 13 8 6 3 0]
2025-01-27 15:07:01,792{GMT}	INFO	[jepsen worker 1] jepsen.util: 1	:invoke	:read	nil
2025-01-27 15:07:01,794{GMT}	INFO	[jepsen worker 1] jepsen.util: 1	:ok	:read	[15 4 2 0 1 14 7 3 18 9 11 13 5 6 10 12 16 17 8]
2025-01-27 15:07:01,913{GMT}	INFO	[jepsen worker 0] jepsen.util: 0	:invoke	:broadcast	19
2025-01-27 15:07:01,914{GMT}	INFO	[jepsen worker 0] jepsen.util: 0	:ok	:broadcast	19
2025-01-27 15:07:02,034{GMT}	INFO	[jepsen worker 0] jepsen.util: 0	:invoke	:read	nil
2025-01-27 15:07:02,036{GMT}	INFO	[jepsen worker 0] jepsen.util: 0	:ok	:read	[1 4 5 11 14 16 17 15 18 19 7 2 9 10 12 13 8 6 3 0]
2025-01-27 15:07:02,073{GMT}	INFO	[jepsen worker 1] jepsen.util: 1	:invoke	:read	nil
2025-01-27 15:07:02,076{GMT}	INFO	[jepsen worker 1] jepsen.util: 1	:ok	:read	[2 6 10 16 17 8 15 4 0 1 14 7 3 18 9 11 13 19 5 12]
2025-01-27 15:07:02,244{GMT}	INFO	[jepsen worker 0] jepsen.util: 0	:invoke	:broadcast	20
2025-01-27 15:07:02,246{GMT}	INFO	[jepsen worker 0] jepsen.util: 0	:ok	:broadcast	20
2025-01-27 15:07:02,268{GMT}	INFO	[jepsen worker 0] jepsen.util: 0	:invoke	:read	nil
2025-01-27 15:07:02,269{GMT}	INFO	[jepsen worker 0] jepsen.util: 0	:ok	:read	[15 9 2 10 16 12 3 0 1 4 17 5 18 19 7 20 14 13 8 11 6]
2025-01-27 15:07:02,440{GMT}	INFO	[jepsen worker 1] jepsen.util: 1	:invoke	:read	nil
2025-01-27 15:07:02,441{GMT}	INFO	[jepsen worker 1] jepsen.util: 1	:ok	:read	[2 6 10 16 17 8 15 4 0 1 14 7 3 18 9 11 13 19 5 12]
2025-01-27 15:07:02,557{GMT}	INFO	[jepsen worker 0] jepsen.util: 0	:invoke	:read	nil
2025-01-27 15:07:02,558{GMT}	INFO	[jepsen worker 0] jepsen.util: 0	:ok	:read	[15 9 2 10 16 12 3 0 1 4 17 5 18 19 7 20 14 13 8 11 6]
2025-01-27 15:07:02,560{GMT}	INFO	[jepsen worker 0] jepsen.util: 0	:invoke	:broadcast	21
2025-01-27 15:07:02,564{GMT}	INFO	[jepsen worker 0] jepsen.util: 0	:ok	:broadcast	21
2025-01-27 15:07:02,739{GMT}	INFO	[jepsen worker 1] jepsen.util: 1	:invoke	:read	nil
2025-01-27 15:07:02,744{GMT}	INFO	[jepsen worker 1] jepsen.util: 1	:ok	:read	[2 6 10 16 20 17 8 15 4 0 1 14 7 3 18 9 11 13 19 5 12]
2025-01-27 15:07:02,930{GMT}	INFO	[jepsen worker 0] jepsen.util: 0	:invoke	:read	nil
2025-01-27 15:07:02,932{GMT}	INFO	[jepsen worker 0] jepsen.util: 0	:ok	:read	[15 9 2 10 16 12 3 0 1 4 17 5 18 19 7 21 20 14 13 8 11 6]
2025-01-27 15:07:03,000{GMT}	INFO	[jepsen worker 0] jepsen.util: 0	:invoke	:read	nil
2025-01-27 15:07:03,003{GMT}	INFO	[jepsen worker 0] jepsen.util: 0	:ok	:read	[15 9 2 10 16 12 3 0 1 4 17 5 18 19 7 21 20 14 13 8 11 6]
2025-01-27 15:07:03,186{GMT}	INFO	[jepsen worker 1] jepsen.util: 1	:invoke	:read	nil
2025-01-27 15:07:03,188{GMT}	INFO	[jepsen worker 1] jepsen.util: 1	:ok	:read	[2 21 6 10 16 20 17 8 15 4 0 1 14 7 3 18 9 11 13 19 5 12]
2025-01-27 15:07:03,340{GMT}	INFO	[jepsen worker 0] jepsen.util: 0	:invoke	:broadcast	22
2025-01-27 15:07:03,342{GMT}	INFO	[jepsen worker 0] jepsen.util: 0	:ok	:broadcast	22
2025-01-27 15:07:03,389{GMT}	INFO	[jepsen worker 0] jepsen.util: 0	:invoke	:broadcast	23
2025-01-27 15:07:03,390{GMT}	INFO	[jepsen worker 0] jepsen.util: 0	:ok	:broadcast	23
2025-01-27 15:07:03,502{GMT}	INFO	[jepsen worker 1] jepsen.util: 1	:invoke	:broadcast	24
2025-01-27 15:07:03,503{GMT}	INFO	[jepsen worker 1] jepsen.util: 1	:ok	:broadcast	24
2025-01-27 15:07:03,600{GMT}	INFO	[jepsen worker 0] jepsen.util: 0	:invoke	:read	nil
2025-01-27 15:07:03,602{GMT}	INFO	[jepsen worker 0] jepsen.util: 0	:ok	:read	[15 9 2 23 22 10 16 12 3 0 1 4 17 5 18 19 7 21 20 14 13 8 11 6]
2025-01-27 15:07:03,758{GMT}	INFO	[jepsen worker 0] jepsen.util: 0	:invoke	:broadcast	25
2025-01-27 15:07:03,759{GMT}	INFO	[jepsen worker 0] jepsen.util: 0	:ok	:broadcast	25
2025-01-27 15:07:03,912{GMT}	INFO	[jepsen worker 1] jepsen.util: 1	:invoke	:broadcast	26
2025-01-27 15:07:03,916{GMT}	INFO	[jepsen worker 1] jepsen.util: 1	:ok	:broadcast	26
2025-01-27 15:07:03,974{GMT}	INFO	[jepsen worker 0] jepsen.util: 0	:invoke	:read	nil
2025-01-27 15:07:03,981{GMT}	INFO	[jepsen worker 0] jepsen.util: 0	:ok	:read	[15 9 2 23 22 10 16 12 3 0 1 4 17 5 18 19 24 7 25 21 20 14 13 8 11 6]
2025-01-27 15:07:04,134{GMT}	INFO	[jepsen worker 0] jepsen.util: 0	:invoke	:read	nil
2025-01-27 15:07:04,138{GMT}	INFO	[jepsen worker 0] jepsen.util: 0	:ok	:read	[15 26 9 2 23 22 10 16 12 3 0 1 4 17 5 18 19 24 7 25 21 20 14 13 8 11 6]
2025-01-27 15:07:04,241{GMT}	INFO	[jepsen worker 1] jepsen.util: 1	:invoke	:read	nil
2025-01-27 15:07:04,242{GMT}	INFO	[jepsen worker 1] jepsen.util: 1	:ok	:read	[2 23 25 22 21 6 10 16 20 17 8 15 4 24 0 1 14 7 3 18 9 11 13 19 5 26 12]
2025-01-27 15:07:04,309{GMT}	INFO	[jepsen worker 1] jepsen.util: 1	:invoke	:read	nil
2025-01-27 15:07:04,313{GMT}	INFO	[jepsen worker 0] jepsen.util: 0	:invoke	:read	nil
2025-01-27 15:07:04,318{GMT}	INFO	[jepsen worker 0] jepsen.util: 0	:ok	:read	[15 26 9 2 23 22 10 16 12 3 0 1 4 17 5 18 19 24 7 25 21 20 14 13 8 11 6]
2025-01-27 15:07:04,320{GMT}	INFO	[jepsen worker 1] jepsen.util: 1	:ok	:read	[2 23 25 22 21 6 10 16 20 17 8 15 4 24 0 1 14 7 3 18 9 11 13 19 5 26 12]
2025-01-27 15:07:04,342{GMT}	INFO	[jepsen worker 1] jepsen.util: 1	:invoke	:read	nil
2025-01-27 15:07:04,350{GMT}	INFO	[jepsen worker 1] jepsen.util: 1	:ok	:read	[2 23 25 22 21 6 10 16 20 17 8 15 4 24 0 1 14 7 3 18 9 11 13 19 5 26 12]
2025-01-27 15:07:04,438{GMT}	INFO	[jepsen worker 0] jepsen.util: 0	:invoke	:read	nil
2025-01-27 15:07:04,450{GMT}	INFO	[jepsen worker 0] jepsen.util: 0	:ok	:read	[15 26 9 2 23 22 10 16 12 3 0 1 4 17 5 18 19 24 7 25 21 20 14 13 8 11 6]
2025-01-27 15:07:04,478{GMT}	INFO	[jepsen worker 0] jepsen.util: 0	:invoke	:broadcast	27
2025-01-27 15:07:04,482{GMT}	INFO	[jepsen worker 0] jepsen.util: 0	:ok	:broadcast	27
2025-01-27 15:07:04,582{GMT}	INFO	[jepsen worker 1] jepsen.util: 1	:invoke	:read	nil
2025-01-27 15:07:04,586{GMT}	INFO	[jepsen worker 1] jepsen.util: 1	:ok	:read	[2 23 25 22 21 6 10 16 20 17 8 15 4 24 0 1 14 7 3 18 9 11 13 19 5 26 12]
2025-01-27 15:07:04,623{GMT}	INFO	[jepsen worker 0] jepsen.util: 0	:invoke	:broadcast	28
2025-01-27 15:07:04,625{GMT}	INFO	[jepsen worker 0] jepsen.util: 0	:ok	:broadcast	28
2025-01-27 15:07:04,769{GMT}	INFO	[jepsen worker 0] jepsen.util: 0	:invoke	:read	nil
2025-01-27 15:07:04,772{GMT}	INFO	[jepsen worker 0] jepsen.util: 0	:ok	:read	[28 15 26 9 2 23 22 10 16 12 3 0 1 4 17 27 5 18 19 24 7 25 21 20 14 13 8 11 6]
2025-01-27 15:07:04,819{GMT}	INFO	[jepsen worker 1] jepsen.util: 1	:invoke	:read	nil
2025-01-27 15:07:04,825{GMT}	INFO	[jepsen worker 1] jepsen.util: 1	:ok	:read	[2 23 25 22 21 6 10 16 20 17 8 15 4 27 24 0 1 14 7 3 18 9 11 13 19 5 26 12]
2025-01-27 15:07:04,891{GMT}	INFO	[jepsen worker 0] jepsen.util: 0	:invoke	:read	nil
2025-01-27 15:07:04,893{GMT}	INFO	[jepsen worker 0] jepsen.util: 0	:ok	:read	[28 15 26 9 2 23 22 10 16 12 3 0 1 4 17 27 5 18 19 24 7 25 21 20 14 13 8 11 6]
2025-01-27 15:07:04,963{GMT}	INFO	[jepsen worker 0] jepsen.util: 0	:invoke	:read	nil
2025-01-27 15:07:04,965{GMT}	INFO	[jepsen worker 0] jepsen.util: 0	:ok	:read	[28 15 26 9 2 23 22 10 16 12 3 0 1 4 17 27 5 18 19 24 7 25 21 20 14 13 8 11 6]
2025-01-27 15:07:05,012{GMT}	INFO	[jepsen worker 1] jepsen.util: 1	:invoke	:read	nil
2025-01-27 15:07:05,016{GMT}	INFO	[jepsen worker 1] jepsen.util: 1	:ok	:read	[2 23 25 22 21 6 10 16 20 17 8 28 15 4 27 24 0 1 14 7 3 18 9 11 13 19 5 26 12]
2025-01-27 15:07:05,143{GMT}	INFO	[jepsen worker 0] jepsen.util: 0	:invoke	:read	nil
2025-01-27 15:07:05,152{GMT}	INFO	[jepsen worker 0] jepsen.util: 0	:ok	:read	[28 15 26 9 2 23 22 10 16 12 3 0 1 4 17 27 5 18 19 24 7 25 21 20 14 13 8 11 6]
2025-01-27 15:07:05,219{GMT}	INFO	[jepsen worker 0] jepsen.util: 0	:invoke	:read	nil
2025-01-27 15:07:05,229{GMT}	INFO	[jepsen worker 0] jepsen.util: 0	:ok	:read	[28 15 26 9 2 23 22 10 16 12 3 0 1 4 17 27 5 18 19 24 7 25 21 20 14 13 8 11 6]
2025-01-27 15:07:05,298{GMT}	INFO	[jepsen worker 1] jepsen.util: 1	:invoke	:read	nil
2025-01-27 15:07:05,308{GMT}	INFO	[jepsen worker 1] jepsen.util: 1	:ok	:read	[2 23 25 22 21 6 10 16 20 17 8 28 15 4 27 24 0 1 14 7 3 18 9 11 13 19 5 26 12]
2025-01-27 15:07:05,432{GMT}	INFO	[jepsen worker 0] jepsen.util: 0	:invoke	:broadcast	29
2025-01-27 15:07:05,435{GMT}	INFO	[jepsen worker 0] jepsen.util: 0	:ok	:broadcast	29
2025-01-27 15:07:05,436{GMT}	INFO	[jepsen worker 1] jepsen.util: 1	:invoke	:broadcast	30
2025-01-27 15:07:05,438{GMT}	INFO	[jepsen worker 1] jepsen.util: 1	:ok	:broadcast	30
2025-01-27 15:07:05,624{GMT}	INFO	[jepsen worker 1] jepsen.util: 1	:invoke	:broadcast	31
2025-01-27 15:07:05,626{GMT}	INFO	[jepsen worker 1] jepsen.util: 1	:ok	:broadcast	31
2025-01-27 15:07:05,774{GMT}	INFO	[jepsen worker 0] jepsen.util: 0	:invoke	:broadcast	32
2025-01-27 15:07:05,775{GMT}	INFO	[jepsen worker 0] jepsen.util: 0	:ok	:broadcast	32
2025-01-27 15:07:05,824{GMT}	INFO	[jepsen worker 0] jepsen.util: 0	:invoke	:read	nil
2025-01-27 15:07:05,829{GMT}	INFO	[jepsen worker 0] jepsen.util: 0	:ok	:read	[28 15 26 32 29 9 2 23 22 10 16 12 3 0 1 4 17 27 5 30 18 19 31 24 7 25 21 20 14 13 8 11 6]
2025-01-27 15:07:05,906{GMT}	INFO	[jepsen worker 1] jepsen.util: 1	:invoke	:read	nil
2025-01-27 15:07:05,907{GMT}	INFO	[jepsen worker 1] jepsen.util: 1	:ok	:read	[2 30 23 25 22 21 6 10 16 20 17 8 31 28 29 32 15 4 27 24 0 1 14 7 3 18 9 11 13 19 5 26 12]
2025-01-27 15:07:06,028{GMT}	INFO	[jepsen worker 0] jepsen.util: 0	:invoke	:broadcast	33
2025-01-27 15:07:06,030{GMT}	INFO	[jepsen worker 0] jepsen.util: 0	:ok	:broadcast	33
2025-01-27 15:07:06,192{GMT}	INFO	[jepsen worker 0] jepsen.util: 0	:invoke	:read	nil
2025-01-27 15:07:06,194{GMT}	INFO	[jepsen worker 0] jepsen.util: 0	:ok	:read	[28 15 26 32 29 9 2 23 22 10 16 12 3 0 1 4 17 27 5 30 33 18 19 31 24 7 25 21 20 14 13 8 11 6]
2025-01-27 15:07:06,337{GMT}	INFO	[jepsen worker 1] jepsen.util: 1	:invoke	:read	nil
2025-01-27 15:07:06,338{GMT}	INFO	[jepsen worker 1] jepsen.util: 1	:ok	:read	[2 33 30 23 25 22 21 6 10 16 20 17 8 31 28 29 32 15 4 27 24 0 1 14 7 3 18 9 11 13 19 5 26 12]
2025-01-27 15:07:06,490{GMT}	INFO	[jepsen worker 0] jepsen.util: 0	:invoke	:broadcast	34
2025-01-27 15:07:06,493{GMT}	INFO	[jepsen worker 0] jepsen.util: 0	:ok	:broadcast	34
2025-01-27 15:07:06,622{GMT}	INFO	[jepsen worker 0] jepsen.util: 0	:invoke	:broadcast	35
2025-01-27 15:07:06,625{GMT}	INFO	[jepsen worker 0] jepsen.util: 0	:ok	:broadcast	35
2025-01-27 15:07:06,648{GMT}	INFO	[jepsen worker 1] jepsen.util: 1	:invoke	:broadcast	36
2025-01-27 15:07:06,650{GMT}	INFO	[jepsen worker 1] jepsen.util: 1	:ok	:broadcast	36
2025-01-27 15:07:06,786{GMT}	INFO	[jepsen worker 0] jepsen.util: 0	:invoke	:read	nil
2025-01-27 15:07:06,788{GMT}	INFO	[jepsen worker 0] jepsen.util: 0	:ok	:read	[28 15 26 32 29 9 2 23 36 22 10 16 12 3 0 1 4 17 27 5 30 33 34 18 19 31 24 7 25 35 21 20 14 13 8 11 6]
2025-01-27 15:07:06,975{GMT}	INFO	[jepsen worker 0] jepsen.util: 0	:invoke	:broadcast	37
2025-01-27 15:07:06,977{GMT}	INFO	[jepsen worker 0] jepsen.util: 0	:ok	:broadcast	37
2025-01-27 15:07:07,095{GMT}	INFO	[jepsen worker 1] jepsen.util: 1	:invoke	:read	nil
2025-01-27 15:07:07,095{GMT}	INFO	[jepsen worker 1] jepsen.util: 1	:ok	:read	[36 2 33 30 37 35 23 25 22 21 6 10 16 20 17 8 31 28 29 32 15 4 27 24 0 1 14 7 3 34 18 9 11 13 19 5 26 12]
2025-01-27 15:07:07,289{GMT}	INFO	[jepsen worker 0] jepsen.util: 0	:invoke	:broadcast	38
2025-01-27 15:07:07,291{GMT}	INFO	[jepsen worker 0] jepsen.util: 0	:ok	:broadcast	38
2025-01-27 15:07:07,312{GMT}	INFO	[jepsen worker 0] jepsen.util: 0	:invoke	:read	nil
2025-01-27 15:07:07,313{GMT}	INFO	[jepsen worker 0] jepsen.util: 0	:ok	:read	[28 37 2 23 38 22 10 30 3 27 17 5 19 31 24 25 35 21 20 8 15 26 32 29 9 36 34 12 16 0 1 4 33 18 7 14 13 11 6]
2025-01-27 15:07:07,460{GMT}	INFO	[jepsen worker 1] jepsen.util: 1	:invoke	:read	nil
2025-01-27 15:07:07,461{GMT}	INFO	[jepsen worker 1] jepsen.util: 1	:ok	:read	[36 38 33 37 23 22 32 10 31 16 20 17 8 28 15 4 1 14 7 3 34 11 26 2 30 35 25 21 6 29 27 24 0 18 9 13 19 5 12]
2025-01-27 15:07:07,494{GMT}	INFO	[jepsen worker 0] jepsen.util: 0	:invoke	:read	nil
2025-01-27 15:07:07,496{GMT}	INFO	[jepsen worker 0] jepsen.util: 0	:ok	:read	[28 37 2 23 38 22 10 30 3 27 17 5 19 31 24 25 35 21 20 8 15 26 32 29 9 36 34 12 16 0 1 4 33 18 7 14 13 11 6]
2025-01-27 15:07:07,524{GMT}	INFO	[jepsen worker 0] jepsen.util: 0	:invoke	:read	nil
2025-01-27 15:07:07,526{GMT}	INFO	[jepsen worker 0] jepsen.util: 0	:ok	:read	[28 37 2 23 38 22 10 30 3 27 17 5 19 31 24 25 35 21 20 8 15 26 32 29 9 36 34 12 16 0 1 4 33 18 7 14 13 11 6]
2025-01-27 15:07:07,655{GMT}	INFO	[jepsen worker 1] jepsen.util: 1	:invoke	:read	nil
2025-01-27 15:07:07,656{GMT}	INFO	[jepsen worker 1] jepsen.util: 1	:ok	:read	[36 38 33 37 23 22 32 10 31 16 20 17 8 28 15 4 1 14 7 3 34 11 26 2 30 35 25 21 6 29 27 24 0 18 9 13 19 5 12]
2025-01-27 15:07:07,784{GMT}	INFO	[jepsen worker 0] jepsen.util: 0	:invoke	:read	nil
2025-01-27 15:07:07,785{GMT}	INFO	[jepsen worker 0] jepsen.util: 0	:ok	:read	[28 37 2 23 38 22 10 30 3 27 17 5 19 31 24 25 35 21 20 8 15 26 32 29 9 36 34 12 16 0 1 4 33 18 7 14 13 11 6]
2025-01-27 15:07:07,861{GMT}	INFO	[jepsen worker 0] jepsen.util: 0	:invoke	:broadcast	39
2025-01-27 15:07:07,862{GMT}	INFO	[jepsen worker 0] jepsen.util: 0	:ok	:broadcast	39
2025-01-27 15:07:07,975{GMT}	INFO	[jepsen worker 1] jepsen.util: 1	:invoke	:broadcast	40
2025-01-27 15:07:07,975{GMT}	INFO	[jepsen worker 1] jepsen.util: 1	:ok	:broadcast	40
2025-01-27 15:07:08,056{GMT}	INFO	[jepsen worker 0] jepsen.util: 0	:invoke	:broadcast	41
2025-01-27 15:07:08,057{GMT}	INFO	[jepsen worker 0] jepsen.util: 0	:ok	:broadcast	41
2025-01-27 15:07:08,199{GMT}	INFO	[jepsen worker 0] jepsen.util: 0	:invoke	:read	nil
2025-01-27 15:07:08,200{GMT}	INFO	[jepsen worker 0] jepsen.util: 0	:ok	:read	[28 37 2 23 38 22 10 30 3 27 17 5 19 31 24 25 35 21 20 8 41 39 15 26 32 29 9 36 34 12 16 0 1 4 33 18 7 14 13 11 6]
2025-01-27 15:07:08,376{GMT}	INFO	[jepsen worker 1] jepsen.util: 1	:invoke	:broadcast	42
2025-01-27 15:07:08,379{GMT}	INFO	[jepsen worker 1] jepsen.util: 1	:ok	:broadcast	42
2025-01-27 15:07:08,556{GMT}	INFO	[jepsen worker 0] jepsen.util: 0	:invoke	:read	nil
2025-01-27 15:07:08,556{GMT}	INFO	[jepsen worker 0] jepsen.util: 0	:ok	:read	[28 40 37 2 23 38 22 10 30 3 27 17 5 19 31 24 25 35 21 20 8 41 39 15 26 32 29 42 9 36 34 12 16 0 1 4 33 18 7 14 13 11 6]
2025-01-27 15:07:08,619{GMT}	INFO	[jepsen worker 0] jepsen.util: 0	:invoke	:read	nil
2025-01-27 15:07:08,620{GMT}	INFO	[jepsen worker 0] jepsen.util: 0	:ok	:read	[28 40 37 2 23 38 22 10 30 3 27 17 5 19 31 24 25 35 21 20 8 41 39 15 26 32 29 42 9 36 34 12 16 0 1 4 33 18 7 14 13 11 6]
2025-01-27 15:07:08,794{GMT}	INFO	[jepsen worker 1] jepsen.util: 1	:invoke	:read	nil
2025-01-27 15:07:08,795{GMT}	INFO	[jepsen worker 1] jepsen.util: 1	:ok	:read	[36 38 33 37 23 22 32 10 31 16 20 17 8 28 15 4 1 14 7 3 34 11 26 2 30 41 35 25 21 6 39 29 40 27 24 0 18 9 13 19 5 42 12]
2025-01-27 15:07:08,882{GMT}	INFO	[jepsen worker 0] jepsen.util: 0	:invoke	:broadcast	43
2025-01-27 15:07:08,883{GMT}	INFO	[jepsen worker 0] jepsen.util: 0	:ok	:broadcast	43
2025-01-27 15:07:08,894{GMT}	INFO	[jepsen worker 0] jepsen.util: 0	:invoke	:read	nil
2025-01-27 15:07:08,897{GMT}	INFO	[jepsen worker 0] jepsen.util: 0	:ok	:read	[28 40 37 2 23 43 38 22 10 30 3 27 17 5 19 31 24 25 35 21 20 8 41 39 15 26 32 29 42 9 36 34 12 16 0 1 4 33 18 7 14 13 11 6]
2025-01-27 15:07:09,065{GMT}	INFO	[jepsen worker 1] jepsen.util: 1	:invoke	:read	nil
2025-01-27 15:07:09,068{GMT}	INFO	[jepsen worker 1] jepsen.util: 1	:ok	:read	[36 38 33 37 23 22 32 10 31 16 20 17 8 28 15 4 1 14 7 3 34 11 26 2 30 41 35 25 21 6 39 29 40 27 24 0 18 9 13 19 5 42 12]
2025-01-27 15:07:09,240{GMT}	INFO	[jepsen worker 0] jepsen.util: 0	:invoke	:broadcast	44
2025-01-27 15:07:09,241{GMT}	INFO	[jepsen worker 0] jepsen.util: 0	:ok	:broadcast	44
2025-01-27 15:07:09,304{GMT}	INFO	[jepsen worker 0] jepsen.util: 0	:invoke	:read	nil
2025-01-27 15:07:09,307{GMT}	INFO	[jepsen worker 0] jepsen.util: 0	:ok	:read	[28 40 44 37 2 23 43 38 22 10 30 3 27 17 5 19 31 24 25 35 21 20 8 41 39 15 26 32 29 42 9 36 34 12 16 0 1 4 33 18 7 14 13 11 6]
2025-01-27 15:07:09,314{GMT}	INFO	[jepsen worker 1] jepsen.util: 1	:invoke	:broadcast	45
2025-01-27 15:07:09,316{GMT}	INFO	[jepsen worker 1] jepsen.util: 1	:ok	:broadcast	45
2025-01-27 15:07:09,476{GMT}	INFO	[jepsen worker 0] jepsen.util: 0	:invoke	:read	nil
2025-01-27 15:07:09,480{GMT}	INFO	[jepsen worker 0] jepsen.util: 0	:ok	:read	[28 40 44 37 2 23 43 38 22 10 30 3 27 17 5 19 31 24 25 35 21 45 20 8 41 39 15 26 32 29 42 9 36 34 12 16 0 1 4 33 18 7 14 13 11 6]
2025-01-27 15:07:09,569{GMT}	INFO	[jepsen worker 0] jepsen.util: 0	:invoke	:broadcast	46
2025-01-27 15:07:09,570{GMT}	INFO	[jepsen worker 0] jepsen.util: 0	:ok	:broadcast	46
2025-01-27 15:07:09,627{GMT}	INFO	[jepsen worker 1] jepsen.util: 1	:invoke	:read	nil
2025-01-27 15:07:09,628{GMT}	INFO	[jepsen worker 1] jepsen.util: 1	:ok	:read	[36 38 33 37 23 22 32 10 31 16 20 17 8 43 28 15 4 1 14 7 3 34 11 26 2 30 41 45 35 25 21 6 39 29 40 27 24 0 44 18 9 13 19 5 42 12]
2025-01-27 15:07:09,671{GMT}	INFO	[jepsen worker 0] jepsen.util: 0	:invoke	:broadcast	47
2025-01-27 15:07:09,672{GMT}	INFO	[jepsen worker 0] jepsen.util: 0	:ok	:broadcast	47
2025-01-27 15:07:09,726{GMT}	INFO	[jepsen worker 0] jepsen.util: 0	:invoke	:read	nil
2025-01-27 15:07:09,727{GMT}	INFO	[jepsen worker 0] jepsen.util: 0	:ok	:read	[47 28 40 44 37 2 23 43 38 22 10 30 3 27 17 5 19 31 24 25 35 21 45 20 8 41 39 15 26 46 32 29 42 9 36 34 12 16 0 1 4 33 18 7 14 13 11 6]
2025-01-27 15:07:09,786{GMT}	INFO	[jepsen worker 1] jepsen.util: 1	:invoke	:read	nil
2025-01-27 15:07:09,790{GMT}	INFO	[jepsen worker 1] jepsen.util: 1	:ok	:read	[36 38 46 33 37 23 22 32 10 31 16 20 17 8 43 28 15 4 1 14 7 3 34 11 26 2 30 47 41 45 35 25 21 6 39 29 40 27 24 0 44 18 9 13 19 5 42 12]
2025-01-27 15:07:09,813{GMT}	INFO	[jepsen worker 0] jepsen.util: 0	:invoke	:read	nil
2025-01-27 15:07:09,814{GMT}	INFO	[jepsen worker 0] jepsen.util: 0	:ok	:read	[47 28 40 44 37 2 23 43 38 22 10 30 3 27 17 5 19 31 24 25 35 21 45 20 8 41 39 15 26 46 32 29 42 9 36 34 12 16 0 1 4 33 18 7 14 13 11 6]
2025-01-27 15:07:09,912{GMT}	INFO	[jepsen worker 0] jepsen.util: 0	:invoke	:read	nil
2025-01-27 15:07:09,914{GMT}	INFO	[jepsen worker 0] jepsen.util: 0	:ok	:read	[47 28 40 44 37 2 23 43 38 22 10 30 3 27 17 5 19 31 24 25 35 21 45 20 8 41 39 15 26 46 32 29 42 9 36 34 12 16 0 1 4 33 18 7 14 13 11 6]
2025-01-27 15:07:09,979{GMT}	INFO	[jepsen worker 1] jepsen.util: 1	:invoke	:read	nil
2025-01-27 15:07:09,982{GMT}	INFO	[jepsen worker 1] jepsen.util: 1	:ok	:read	[36 38 46 33 37 23 22 32 10 31 16 20 17 8 43 28 15 4 1 14 7 3 34 11 26 2 30 47 41 45 35 25 21 6 39 29 40 27 24 0 44 18 9 13 19 5 42 12]
2025-01-27 15:07:10,143{GMT}	INFO	[jepsen worker 0] jepsen.util: 0	:invoke	:broadcast	48
2025-01-27 15:07:10,144{GMT}	INFO	[jepsen worker 0] jepsen.util: 0	:ok	:broadcast	48
2025-01-27 15:07:10,305{GMT}	INFO	[jepsen worker 0] jepsen.util: 0	:invoke	:broadcast	49
2025-01-27 15:07:10,307{GMT}	INFO	[jepsen worker 0] jepsen.util: 0	:ok	:broadcast	49
2025-01-27 15:07:10,343{GMT}	INFO	[jepsen worker 1] jepsen.util: 1	:invoke	:broadcast	50
2025-01-27 15:07:10,344{GMT}	INFO	[jepsen worker 1] jepsen.util: 1	:ok	:broadcast	50
2025-01-27 15:07:10,402{GMT}	INFO	[jepsen worker 0] jepsen.util: 0	:invoke	:read	nil
2025-01-27 15:07:10,405{GMT}	INFO	[jepsen worker 0] jepsen.util: 0	:ok	:read	[47 28 40 44 37 2 23 43 38 22 10 30 3 27 17 5 19 31 24 48 25 35 21 45 49 20 8 41 39 15 26 46 32 29 42 9 36 34 12 16 0 1 4 33 18 7 14 13 11 6]
2025-01-27 15:07:10,534{GMT}	INFO	[jepsen worker 0] jepsen.util: 0	:invoke	:broadcast	51
2025-01-27 15:07:10,535{GMT}	INFO	[jepsen worker 0] jepsen.util: 0	:ok	:broadcast	51
2025-01-27 15:07:10,663{GMT}	INFO	[jepsen worker 1] jepsen.util: 1	:invoke	:read	nil
2025-01-27 15:07:10,664{GMT}	INFO	[jepsen worker 1] jepsen.util: 1	:ok	:read	[36 38 46 33 37 23 22 32 10 31 16 20 17 8 43 28 49 15 4 1 14 50 7 3 34 11 26 51 2 30 47 41 45 35 25 48 21 6 39 29 40 27 24 0 44 18 9 13 19 5 42 12]
2025-01-27 15:07:10,707{GMT}	INFO	[jepsen worker 0] jepsen.util: 0	:invoke	:broadcast	52
2025-01-27 15:07:10,708{GMT}	INFO	[jepsen worker 0] jepsen.util: 0	:ok	:broadcast	52
2025-01-27 15:07:10,784{GMT}	INFO	[jepsen worker 0] jepsen.util: 0	:invoke	:broadcast	53
2025-01-27 15:07:10,785{GMT}	INFO	[jepsen worker 0] jepsen.util: 0	:ok	:broadcast	53
2025-01-27 15:07:10,903{GMT}	INFO	[jepsen worker 1] jepsen.util: 1	:invoke	:broadcast	54
2025-01-27 15:07:10,905{GMT}	INFO	[jepsen worker 1] jepsen.util: 1	:ok	:broadcast	54
2025-01-27 15:07:11,091{GMT}	INFO	[jepsen worker 0] jepsen.util: 0	:invoke	:read	nil
2025-01-27 15:07:11,092{GMT}	INFO	[jepsen worker 0] jepsen.util: 0	:ok	:read	[47 28 40 44 37 52 2 23 43 38 22 10 30 3 27 17 5 19 31 24 48 25 35 21 45 49 20 51 8 41 39 15 26 46 32 29 42 9 36 34 12 16 0 1 4 33 53 50 18 54 7 14 13 11 6]
2025-01-27 15:07:11,168{GMT}	INFO	[jepsen worker 0] jepsen.util: 0	:invoke	:read	nil
2025-01-27 15:07:11,172{GMT}	INFO	[jepsen worker 0] jepsen.util: 0	:ok	:read	[47 28 40 44 37 52 2 23 43 38 22 10 30 3 27 17 5 19 31 24 48 25 35 21 45 49 20 51 8 41 39 15 26 46 32 29 42 9 36 34 12 16 0 1 4 33 53 50 18 54 7 14 13 11 6]
2025-01-27 15:07:11,201{GMT}	INFO	[jepsen worker 1] jepsen.util: 1	:invoke	:read	nil
2025-01-27 15:07:11,203{GMT}	INFO	[jepsen worker 1] jepsen.util: 1	:ok	:read	[36 38 46 33 37 23 22 32 10 31 16 20 17 8 43 28 49 15 4 1 14 50 7 3 34 11 26 51 2 30 47 41 45 35 53 25 48 21 6 39 29 40 27 24 0 44 54 18 9 13 19 5 42 52 12]
2025-01-27 15:07:11,325{GMT}	INFO	[jepsen worker 0] jepsen.util: 0	:invoke	:broadcast	55
2025-01-27 15:07:11,326{GMT}	INFO	[jepsen worker 0] jepsen.util: 0	:ok	:broadcast	55
2025-01-27 15:07:11,475{GMT}	INFO	[jepsen worker 0] jepsen.util: 0	:invoke	:broadcast	56
2025-01-27 15:07:11,476{GMT}	INFO	[jepsen worker 0] jepsen.util: 0	:ok	:broadcast	56
2025-01-27 15:07:11,626{GMT}	INFO	[jepsen worker 1] jepsen.util: 1	:invoke	:read	nil
2025-01-27 15:07:11,627{GMT}	INFO	[jepsen worker 1] jepsen.util: 1	:ok	:read	[36 38 46 33 37 23 22 32 10 31 16 20 17 8 43 28 49 15 4 1 14 50 7 3 34 11 26 51 2 30 47 41 45 35 53 25 48 21 6 39 55 29 40 27 24 0 44 56 54 18 9 13 19 5 42 52 12]
2025-01-27 15:07:11,628{GMT}	INFO	[jepsen worker 0] jepsen.util: 0	:invoke	:read	nil
2025-01-27 15:07:11,629{GMT}	INFO	[jepsen worker 0] jepsen.util: 0	:ok	:read	[47 28 40 44 37 52 2 23 43 38 22 10 30 3 27 17 5 19 31 24 48 25 35 21 45 49 20 51 8 41 39 15 26 46 32 29 42 55 9 36 34 12 16 0 1 4 33 56 53 50 18 54 7 14 13 11 6]
2025-01-27 15:07:11,688{GMT}	INFO	[jepsen worker 0] jepsen.util: 0	:invoke	:read	nil
2025-01-27 15:07:11,690{GMT}	INFO	[jepsen worker 1] jepsen.util: 1	:invoke	:read	nil
2025-01-27 15:07:11,691{GMT}	INFO	[jepsen worker 1] jepsen.util: 1	:ok	:read	[36 38 46 33 37 23 22 32 10 31 16 20 17 8 43 28 49 15 4 1 14 50 7 3 34 11 26 51 2 30 47 41 45 35 53 25 48 21 6 39 55 29 40 27 24 0 44 56 54 18 9 13 19 5 42 52 12]
2025-01-27 15:07:11,692{GMT}	INFO	[jepsen worker 0] jepsen.util: 0	:ok	:read	[47 28 40 44 37 52 2 23 43 38 22 10 30 3 27 17 5 19 31 24 48 25 35 21 45 49 20 51 8 41 39 15 26 46 32 29 42 55 9 36 34 12 16 0 1 4 33 56 53 50 18 54 7 14 13 11 6]
2025-01-27 15:07:11,833{GMT}	INFO	[jepsen worker 0] jepsen.util: 0	:invoke	:broadcast	57
2025-01-27 15:07:11,833{GMT}	INFO	[jepsen worker 0] jepsen.util: 0	:ok	:broadcast	57
2025-01-27 15:07:11,955{GMT}	INFO	[jepsen worker 0] jepsen.util: 0	:invoke	:broadcast	58
2025-01-27 15:07:11,956{GMT}	INFO	[jepsen worker 1] jepsen.util: 1	:invoke	:read	nil
2025-01-27 15:07:11,956{GMT}	INFO	[jepsen worker 0] jepsen.util: 0	:ok	:broadcast	58
2025-01-27 15:07:11,957{GMT}	INFO	[jepsen worker 1] jepsen.util: 1	:ok	:read	[36 38 46 33 37 23 22 32 10 31 16 20 17 8 43 28 49 15 4 1 14 50 7 3 34 11 26 51 2 30 47 41 45 35 53 25 48 21 6 39 55 29 40 27 24 0 44 56 54 18 9 13 19 5 42 52 12]
2025-01-27 15:07:12,115{GMT}	INFO	[jepsen worker 0] jepsen.util: 0	:invoke	:broadcast	59
2025-01-27 15:07:12,117{GMT}	INFO	[jepsen worker 0] jepsen.util: 0	:ok	:broadcast	59
2025-01-27 15:07:12,297{GMT}	INFO	[jepsen worker 0] jepsen.util: 0	:invoke	:broadcast	60
2025-01-27 15:07:12,298{GMT}	INFO	[jepsen worker 0] jepsen.util: 0	:ok	:broadcast	60
2025-01-27 15:07:12,450{GMT}	INFO	[jepsen worker 1] jepsen.util: 1	:invoke	:broadcast	61
2025-01-27 15:07:12,450{GMT}	INFO	[jepsen worker 1] jepsen.util: 1	:ok	:broadcast	61
2025-01-27 15:07:12,645{GMT}	INFO	[jepsen worker 0] jepsen.util: 0	:invoke	:broadcast	62
2025-01-27 15:07:12,646{GMT}	INFO	[jepsen worker 0] jepsen.util: 0	:ok	:broadcast	62
2025-01-27 15:07:12,839{GMT}	INFO	[jepsen worker 0] jepsen.util: 0	:invoke	:read	nil
2025-01-27 15:07:12,841{GMT}	INFO	[jepsen worker 0] jepsen.util: 0	:ok	:read	[47 28 40 44 37 52 60 2 23 43 38 22 10 30 3 27 17 5 19 31 24 48 25 35 21 45 49 20 51 8 41 39 15 26 46 32 29 42 55 61 9 36 34 12 16 0 1 4 33 56 57 53 58 50 59 18 54 62 7 14 13 11 6]
2025-01-27 15:07:12,903{GMT}	INFO	[jepsen worker 1] jepsen.util: 1	:invoke	:broadcast	63
2025-01-27 15:07:12,905{GMT}	INFO	[jepsen worker 1] jepsen.util: 1	:ok	:broadcast	63
2025-01-27 15:07:13,092{GMT}	INFO	[jepsen worker 0] jepsen.util: 0	:invoke	:broadcast	64
2025-01-27 15:07:13,094{GMT}	INFO	[jepsen worker 0] jepsen.util: 0	:ok	:broadcast	64
2025-01-27 15:07:13,170{GMT}	INFO	[jepsen worker 0] jepsen.util: 0	:invoke	:broadcast	65
2025-01-27 15:07:13,170{GMT}	INFO	[jepsen worker 0] jepsen.util: 0	:ok	:broadcast	65
2025-01-27 15:07:13,197{GMT}	INFO	[jepsen worker 1] jepsen.util: 1	:invoke	:read	nil
2025-01-27 15:07:13,206{GMT}	INFO	[jepsen worker 1] jepsen.util: 1	:ok	:read	[36 38 46 57 63 33 60 61 37 62 23 22 32 10 31 16 20 17 8 43 28 49 15 4 1 14 50 7 3 34 11 26 51 2 30 47 41 45 35 58 53 25 48 21 6 39 55 29 40 27 24 0 59 44 56 54 18 9 13 19 5 42 52 12]
2025-01-27 15:07:13,368{GMT}	INFO	[jepsen worker 0] jepsen.util: 0	:invoke	:broadcast	66
2025-01-27 15:07:13,369{GMT}	INFO	[jepsen worker 0] jepsen.util: 0	:ok	:broadcast	66
2025-01-27 15:07:13,544{GMT}	INFO	[jepsen worker 0] jepsen.util: 0	:invoke	:read	nil
2025-01-27 15:07:13,545{GMT}	INFO	[jepsen worker 0] jepsen.util: 0	:ok	:read	[47 28 40 44 64 37 52 60 2 23 43 38 66 22 10 30 3 27 17 5 19 31 24 48 25 35 21 45 49 20 51 8 65 41 39 15 26 46 32 29 42 55 61 9 36 34 12 16 0 1 4 33 56 57 53 58 50 59 18 63 54 62 7 14 13 11 6]
2025-01-27 15:07:13,704{GMT}	INFO	[jepsen worker 1] jepsen.util: 1	:invoke	:read	nil
2025-01-27 15:07:13,707{GMT}	INFO	[jepsen worker 1] jepsen.util: 1	:ok	:read	[36 38 46 57 63 33 60 61 37 62 23 22 32 10 31 16 20 17 8 43 28 49 15 4 1 14 50 7 3 34 11 64 26 51 2 66 30 47 41 45 35 58 53 25 48 21 6 65 39 55 29 40 27 24 0 59 44 56 54 18 9 13 19 5 42 52 12]
2025-01-27 15:07:13,800{GMT}	INFO	[jepsen worker 0] jepsen.util: 0	:invoke	:broadcast	67
2025-01-27 15:07:13,800{GMT}	INFO	[jepsen worker 0] jepsen.util: 0	:ok	:broadcast	67
2025-01-27 15:07:13,950{GMT}	INFO	[jepsen worker 0] jepsen.util: 0	:invoke	:read	nil
2025-01-27 15:07:13,951{GMT}	INFO	[jepsen worker 0] jepsen.util: 0	:ok	:read	[47 28 40 44 64 37 52 60 2 23 43 38 66 22 10 30 3 27 17 5 19 31 24 48 25 35 21 45 49 20 51 8 65 41 39 15 26 46 32 29 42 55 61 9 36 34 12 16 0 1 4 33 56 57 53 58 50 59 67 18 63 54 62 7 14 13 11 6]
2025-01-27 15:07:13,995{GMT}	INFO	[jepsen worker 1] jepsen.util: 1	:invoke	:read	nil
2025-01-27 15:07:13,996{GMT}	INFO	[jepsen worker 1] jepsen.util: 1	:ok	:read	[36 38 46 57 63 33 60 61 37 62 23 22 32 10 31 16 20 17 8 43 28 49 15 4 1 14 50 7 67 3 34 11 64 26 51 2 66 30 47 41 45 35 58 53 25 48 21 6 65 39 55 29 40 27 24 0 59 44 56 54 18 9 13 19 5 42 52 12]
2025-01-27 15:07:14,029{GMT}	INFO	[jepsen worker 0] jepsen.util: 0	:invoke	:broadcast	68
2025-01-27 15:07:14,030{GMT}	INFO	[jepsen worker 0] jepsen.util: 0	:ok	:broadcast	68
2025-01-27 15:07:14,132{GMT}	INFO	[jepsen worker 0] jepsen.util: 0	:invoke	:read	nil
2025-01-27 15:07:14,136{GMT}	INFO	[jepsen worker 0] jepsen.util: 0	:ok	:read	[47 28 40 44 64 37 52 60 2 23 43 38 66 22 10 30 3 27 17 5 19 31 24 48 25 35 21 45 49 20 51 8 65 41 39 15 26 46 32 29 42 55 61 9 36 34 12 16 0 1 4 33 56 57 53 58 50 59 67 18 68 63 54 62 7 14 13 11 6]
2025-01-27 15:07:14,271{GMT}	INFO	[jepsen worker 1] jepsen.util: 1	:invoke	:broadcast	69
2025-01-27 15:07:14,272{GMT}	INFO	[jepsen worker 1] jepsen.util: 1	:ok	:broadcast	69
2025-01-27 15:07:14,455{GMT}	INFO	[jepsen worker 0] jepsen.util: 0	:invoke	:broadcast	70
2025-01-27 15:07:14,456{GMT}	INFO	[jepsen worker 0] jepsen.util: 0	:ok	:broadcast	70
2025-01-27 15:07:14,557{GMT}	INFO	[jepsen worker 0] jepsen.util: 0	:invoke	:read	nil
2025-01-27 15:07:14,558{GMT}	INFO	[jepsen worker 0] jepsen.util: 0	:ok	:read	[47 28 40 44 64 37 52 60 2 23 43 38 66 22 10 30 3 27 17 5 19 31 69 24 48 25 35 21 45 49 20 51 8 65 41 39 15 26 46 32 29 42 55 61 9 36 34 12 16 0 1 4 33 56 57 53 58 50 59 67 18 70 68 63 54 62 7 14 13 11 6]
2025-01-27 15:07:14,626{GMT}	INFO	[jepsen worker 1] jepsen.util: 1	:invoke	:broadcast	71
2025-01-27 15:07:14,627{GMT}	INFO	[jepsen worker 1] jepsen.util: 1	:ok	:broadcast	71
2025-01-27 15:07:14,634{GMT}	INFO	[jepsen worker 0] jepsen.util: 0	:invoke	:broadcast	72
2025-01-27 15:07:14,634{GMT}	INFO	[jepsen worker 0] jepsen.util: 0	:ok	:broadcast	72
2025-01-27 15:07:14,791{GMT}	INFO	[jepsen worker 0] jepsen.util: 0	:invoke	:broadcast	73
2025-01-27 15:07:14,792{GMT}	INFO	[jepsen worker 0] jepsen.util: 0	:ok	:broadcast	73
2025-01-27 15:07:14,813{GMT}	INFO	[jepsen worker 1] jepsen.util: 1	:invoke	:read	nil
2025-01-27 15:07:14,814{GMT}	INFO	[jepsen worker 1] jepsen.util: 1	:ok	:read	[36 38 46 57 63 33 69 60 61 37 62 23 22 32 10 31 16 20 17 8 43 28 49 70 15 4 1 14 50 7 67 3 34 71 11 64 26 51 2 68 66 30 47 41 45 35 58 53 25 48 21 6 65 39 55 29 40 27 24 0 59 44 56 54 18 9 13 19 5 42 52 12]
2025-01-27 15:07:14,921{GMT}	INFO	[jepsen worker 0] jepsen.util: 0	:invoke	:broadcast	74
2025-01-27 15:07:14,922{GMT}	INFO	[jepsen worker 0] jepsen.util: 0	:ok	:broadcast	74
2025-01-27 15:07:14,973{GMT}	INFO	[jepsen worker 0] jepsen.util: 0	:invoke	:broadcast	75
2025-01-27 15:07:14,976{GMT}	INFO	[jepsen worker 0] jepsen.util: 0	:ok	:broadcast	75
2025-01-27 15:07:15,002{GMT}	INFO	[jepsen worker 1] jepsen.util: 1	:invoke	:read	nil
2025-01-27 15:07:15,003{GMT}	INFO	[jepsen worker 1] jepsen.util: 1	:ok	:read	[36 38 46 57 63 33 69 60 61 37 62 23 22 32 10 31 16 20 17 8 43 28 49 70 15 4 1 14 50 7 67 3 34 71 11 64 26 73 51 2 68 66 30 47 41 45 35 58 53 25 48 21 6 65 39 55 29 40 27 24 0 59 44 56 54 18 9 13 19 72 5 42 52 12]
2025-01-27 15:07:15,118{GMT}	INFO	[jepsen worker 0] jepsen.util: 0	:invoke	:broadcast	76
2025-01-27 15:07:15,119{GMT}	INFO	[jepsen worker 0] jepsen.util: 0	:ok	:broadcast	76
2025-01-27 15:07:15,250{GMT}	INFO	[jepsen worker 0] jepsen.util: 0	:invoke	:broadcast	77
2025-01-27 15:07:15,251{GMT}	INFO	[jepsen worker 0] jepsen.util: 0	:ok	:broadcast	77
2025-01-27 15:07:15,326{GMT}	INFO	[jepsen worker 1] jepsen.util: 1	:invoke	:read	nil
2025-01-27 15:07:15,328{GMT}	INFO	[jepsen worker 1] jepsen.util: 1	:ok	:read	[57 38 63 69 61 37 31 49 17 43 28 50 7 67 3 34 71 73 26 51 2 66 47 41 53 48 6 65 39 29 40 0 44 56 54 18 9 13 19 72 42 36 46 33 60 62 23 22 32 10 16 20 8 70 15 4 1 14 11 64 74 68 30 58 45 76 35 25 21 55 27 75 24 59 5 52 12]
2025-01-27 15:07:15,518{GMT}	INFO	[jepsen worker 0] jepsen.util: 0	:invoke	:read	nil
2025-01-27 15:07:15,519{GMT}	INFO	[jepsen worker 0] jepsen.util: 0	:ok	:read	[47 40 44 64 60 43 66 22 10 27 17 5 69 31 49 45 20 8 15 26 32 55 71 57 33 56 58 50 67 70 18 68 7 75 14 6 28 37 52 2 23 76 38 30 3 19 24 48 25 35 21 51 77 65 41 39 46 29 42 61 9 36 34 12 16 73 0 1 4 59 53 74 63 54 62 72 13 11]
2025-01-27 15:07:15,701{GMT}	INFO	[jepsen worker 0] jepsen.util: 0	:invoke	:broadcast	78
2025-01-27 15:07:15,702{GMT}	INFO	[jepsen worker 0] jepsen.util: 0	:ok	:broadcast	78
2025-01-27 15:07:15,890{GMT}	INFO	[jepsen worker 1] jepsen.util: 1	:invoke	:broadcast	79
2025-01-27 15:07:15,891{GMT}	INFO	[jepsen worker 1] jepsen.util: 1	:ok	:broadcast	79
2025-01-27 15:07:15,934{GMT}	INFO	[jepsen worker 0] jepsen.util: 0	:invoke	:read	nil
2025-01-27 15:07:15,935{GMT}	INFO	[jepsen worker 0] jepsen.util: 0	:ok	:read	[47 40 44 64 60 43 66 22 10 27 17 5 69 31 49 78 45 20 8 15 26 32 55 71 57 33 56 58 50 67 70 18 68 7 75 14 6 28 37 52 2 23 76 38 30 3 19 24 48 25 35 21 51 77 65 41 39 46 29 42 61 9 36 34 12 16 73 0 1 4 59 53 74 63 54 62 72 13 11]
2025-01-27 15:07:16,088{GMT}	INFO	[jepsen worker 0] jepsen.util: 0	:invoke	:broadcast	80
2025-01-27 15:07:16,089{GMT}	INFO	[jepsen worker 0] jepsen.util: 0	:ok	:broadcast	80
2025-01-27 15:07:16,247{GMT}	INFO	[jepsen worker 1] jepsen.util: 1	:invoke	:broadcast	81
2025-01-27 15:07:16,248{GMT}	INFO	[jepsen worker 1] jepsen.util: 1	:ok	:broadcast	81
2025-01-27 15:07:16,399{GMT}	INFO	[jepsen worker 0] jepsen.util: 0	:invoke	:broadcast	82
2025-01-27 15:07:16,400{GMT}	INFO	[jepsen worker 0] jepsen.util: 0	:ok	:broadcast	82
2025-01-27 15:07:16,425{GMT}	INFO	[jepsen worker 0] jepsen.util: 0	:invoke	:read	nil
2025-01-27 15:07:16,426{GMT}	INFO	[jepsen worker 0] jepsen.util: 0	:ok	:read	[47 81 40 44 64 60 43 80 66 22 10 27 17 5 69 31 49 78 45 20 8 15 26 32 55 71 57 33 56 58 50 67 70 18 68 7 79 75 14 6 28 37 52 2 23 76 38 30 3 19 24 48 25 35 21 51 77 65 41 39 46 29 42 61 9 36 34 12 16 73 0 1 4 59 53 74 63 54 62 82 72 13 11]
2025-01-27 15:07:16,430{GMT}	INFO	[jepsen worker 1] jepsen.util: 1	:invoke	:broadcast	83
2025-01-27 15:07:16,431{GMT}	INFO	[jepsen worker 1] jepsen.util: 1	:ok	:broadcast	83
2025-01-27 15:07:16,587{GMT}	INFO	[jepsen worker 0] jepsen.util: 0	:invoke	:read	nil
2025-01-27 15:07:16,588{GMT}	INFO	[jepsen worker 0] jepsen.util: 0	:ok	:read	[47 81 40 44 64 60 43 80 66 22 10 27 17 5 69 31 49 78 45 20 8 15 26 32 55 71 57 33 56 58 50 67 70 18 68 7 79 75 14 6 28 37 52 2 23 76 38 30 3 19 24 48 25 35 21 51 77 65 41 39 46 29 42 61 9 36 34 12 16 73 0 1 4 59 53 74 63 54 62 82 72 13 11]
2025-01-27 15:07:16,655{GMT}	INFO	[jepsen worker 0] jepsen.util: 0	:invoke	:read	nil
2025-01-27 15:07:16,656{GMT}	INFO	[jepsen worker 0] jepsen.util: 0	:ok	:read	[47 81 40 44 64 60 43 80 66 22 10 27 17 5 69 31 49 78 45 20 8 15 26 32 55 71 57 33 56 58 50 67 70 18 68 7 79 75 14 6 28 37 52 2 23 76 38 30 3 19 24 48 25 35 21 51 83 77 65 41 39 46 29 42 61 9 36 34 12 16 73 0 1 4 59 53 74 63 54 62 82 72 13 11]
2025-01-27 15:07:16,702{GMT}	INFO	[jepsen worker 1] jepsen.util: 1	:invoke	:read	nil
2025-01-27 15:07:16,705{GMT}	INFO	[jepsen worker 1] jepsen.util: 1	:ok	:read	[57 38 78 63 69 61 37 31 49 17 43 28 50 7 67 3 34 71 73 80 26 51 2 66 47 41 81 53 48 6 65 39 29 40 0 44 79 56 54 18 9 13 19 72 42 36 46 33 60 62 23 22 32 10 16 20 8 70 15 4 1 14 11 64 82 74 68 30 58 45 76 35 25 83 21 55 27 75 24 59 5 77 52 12]
2025-01-27 15:07:16,736{GMT}	INFO	[jepsen worker 0] jepsen.util: 0	:invoke	:read	nil
2025-01-27 15:07:16,737{GMT}	INFO	[jepsen worker 0] jepsen.util: 0	:ok	:read	[47 81 40 44 64 60 43 80 66 22 10 27 17 5 69 31 49 78 45 20 8 15 26 32 55 71 57 33 56 58 50 67 70 18 68 7 79 75 14 6 28 37 52 2 23 76 38 30 3 19 24 48 25 35 21 51 83 77 65 41 39 46 29 42 61 9 36 34 12 16 73 0 1 4 59 53 74 63 54 62 82 72 13 11]
2025-01-27 15:07:16,814{GMT}	INFO	[jepsen worker 0] jepsen.util: 0	:invoke	:read	nil
2025-01-27 15:07:16,815{GMT}	INFO	[jepsen worker 0] jepsen.util: 0	:ok	:read	[47 81 40 44 64 60 43 80 66 22 10 27 17 5 69 31 49 78 45 20 8 15 26 32 55 71 57 33 56 58 50 67 70 18 68 7 79 75 14 6 28 37 52 2 23 76 38 30 3 19 24 48 25 35 21 51 83 77 65 41 39 46 29 42 61 9 36 34 12 16 73 0 1 4 59 53 74 63 54 62 82 72 13 11]
2025-01-27 15:07:16,850{GMT}	INFO	[jepsen worker 1] jepsen.util: 1	:invoke	:read	nil
2025-01-27 15:07:16,851{GMT}	INFO	[jepsen worker 1] jepsen.util: 1	:ok	:read	[57 38 78 63 69 61 37 31 49 17 43 28 50 7 67 3 34 71 73 80 26 51 2 66 47 41 81 53 48 6 65 39 29 40 0 44 79 56 54 18 9 13 19 72 42 36 46 33 60 62 23 22 32 10 16 20 8 70 15 4 1 14 11 64 82 74 68 30 58 45 76 35 25 83 21 55 27 75 24 59 5 77 52 12]
2025-01-27 15:07:16,916{GMT}	INFO	[jepsen worker 0] jepsen.util: 0	:invoke	:broadcast	84
2025-01-27 15:07:16,917{GMT}	INFO	[jepsen worker 0] jepsen.util: 0	:ok	:broadcast	84
2025-01-27 15:07:17,083{GMT}	INFO	[jepsen worker 0] jepsen.util: 0	:invoke	:read	nil
2025-01-27 15:07:17,085{GMT}	INFO	[jepsen worker 0] jepsen.util: 0	:ok	:read	[47 81 40 44 64 60 43 80 66 22 10 27 17 5 69 31 49 78 45 20 8 15 26 32 55 71 57 33 56 58 50 67 70 18 68 7 79 75 14 6 28 37 52 2 23 76 38 30 3 19 24 48 25 35 21 84 51 83 77 65 41 39 46 29 42 61 9 36 34 12 16 73 0 1 4 59 53 74 63 54 62 82 72 13 11]
2025-01-27 15:07:17,094{GMT}	INFO	[jepsen worker 1] jepsen.util: 1	:invoke	:read	nil
2025-01-27 15:07:17,094{GMT}	INFO	[jepsen worker 1] jepsen.util: 1	:ok	:read	[57 38 78 63 69 61 37 31 49 17 43 28 50 7 67 3 34 71 73 80 26 51 2 66 47 41 81 53 48 6 65 39 29 40 0 44 79 56 54 18 9 13 19 72 42 36 46 84 33 60 62 23 22 32 10 16 20 8 70 15 4 1 14 11 64 82 74 68 30 58 45 76 35 25 83 21 55 27 75 24 59 5 77 52 12]
2025-01-27 15:07:17,246{GMT}	INFO	[jepsen worker 0] jepsen.util: 0	:invoke	:read	nil
2025-01-27 15:07:17,247{GMT}	INFO	[jepsen worker 0] jepsen.util: 0	:ok	:read	[47 81 40 44 64 60 43 80 66 22 10 27 17 5 69 31 49 78 45 20 8 15 26 32 55 71 57 33 56 58 50 67 70 18 68 7 79 75 14 6 28 37 52 2 23 76 38 30 3 19 24 48 25 35 21 84 51 83 77 65 41 39 46 29 42 61 9 36 34 12 16 73 0 1 4 59 53 74 63 54 62 82 72 13 11]
2025-01-27 15:07:17,321{GMT}	INFO	[jepsen worker 0] jepsen.util: 0	:invoke	:broadcast	85
2025-01-27 15:07:17,322{GMT}	INFO	[jepsen worker 0] jepsen.util: 0	:ok	:broadcast	85
2025-01-27 15:07:17,332{GMT}	INFO	[jepsen worker 1] jepsen.util: 1	:invoke	:broadcast	86
2025-01-27 15:07:17,332{GMT}	INFO	[jepsen worker 1] jepsen.util: 1	:ok	:broadcast	86
2025-01-27 15:07:17,383{GMT}	INFO	[jepsen worker 0] jepsen.util: 0	:invoke	:read	nil
2025-01-27 15:07:17,383{GMT}	INFO	[jepsen worker 0] jepsen.util: 0	:ok	:read	[47 81 40 44 64 60 43 80 66 22 10 27 17 5 69 31 49 78 45 20 8 85 15 26 32 55 71 57 33 56 58 50 67 70 18 68 7 79 75 14 6 28 37 52 2 23 76 38 30 3 19 24 48 25 35 21 84 51 83 77 65 41 39 46 29 42 61 9 36 34 12 16 73 0 1 4 59 53 74 63 54 62 82 72 13 11]
2025-01-27 15:07:17,387{GMT}	INFO	[jepsen worker 0] jepsen.generator.interpreter: Waiting for recovery...
2025-01-27 15:07:27,393{GMT}	INFO	[jepsen worker 0] jepsen.util: 0	:invoke	:read	nil
2025-01-27 15:07:27,393{GMT}	INFO	[jepsen worker 1] jepsen.util: 1	:invoke	:read	nil
2025-01-27 15:07:27,395{GMT}	INFO	[jepsen worker 0] jepsen.util: 0	:ok	:read	[47 81 40 44 64 60 43 80 66 22 10 27 17 5 69 31 49 78 45 20 86 8 85 15 26 32 55 71 57 33 56 58 50 67 70 18 68 7 79 75 14 6 28 37 52 2 23 76 38 30 3 19 24 48 25 35 21 84 51 83 77 65 41 39 46 29 42 61 9 36 34 12 16 73 0 1 4 59 53 74 63 54 62 82 72 13 11]
2025-01-27 15:07:27,395{GMT}	INFO	[jepsen worker 1] jepsen.util: 1	:ok	:read	[57 38 78 63 69 61 37 31 49 17 43 28 50 7 67 3 34 71 73 80 26 85 51 2 66 47 41 81 53 48 6 65 39 29 40 0 44 79 56 54 18 9 13 19 72 42 36 46 84 33 60 62 23 22 32 10 16 20 8 70 15 4 1 14 86 11 64 82 74 68 30 58 45 76 35 25 83 21 55 27 75 24 59 5 77 52 12]
2025-01-27 15:07:27,412{GMT}	INFO	[jepsen test runner] jepsen.core: Run complete, writing
2025-01-27 15:07:27,466{GMT}	INFO	[jepsen node n0] maelstrom.db: Tearing down n0
2025-01-27 15:07:27,466{GMT}	INFO	[jepsen node n1] maelstrom.db: Tearing down n1
2025-01-27 15:07:29,405{GMT}	INFO	[jepsen node n0] maelstrom.net: Shutting down Maelstrom network
2025-01-27 15:07:29,406{GMT}	INFO	[jepsen test runner] jepsen.core: Analyzing...
2025-01-27 15:07:29,709{GMT}	INFO	[jepsen test runner] jepsen.core: Analysis complete
2025-01-27 15:07:29,751{GMT}	INFO	[jepsen results] jepsen.store: Wrote /home/ashley/Documents/RustHome/distributed/maelstrom_distributed/store/broadcast/20250127T150654.783Z/results.edn
2025-01-27 15:07:29,777{GMT}	INFO	[jepsen test runner] jepsen.core: {:perf {:latency-graph {:valid? true},
        :rate-graph {:valid? true},
        :valid? true},
 :timeline {:valid? true},
 :exceptions {:valid? true},
 :stats {:valid? true,
         :count 200,
         :ok-count 200,
         :fail-count 0,
         :info-count 0,
         :by-f {:broadcast {:valid? true,
                            :count 87,
                            :ok-count 87,
                            :fail-count 0,
                            :info-count 0},
                :read {:valid? true,
                       :count 113,
                       :ok-count 113,
                       :fail-count 0,
                       :info-count 0}}},
 :availability {:valid? true, :ok-fraction 1.0},
 :net {:all {:send-count 608,
             :recv-count 608,
             :msg-count 608,
             :msgs-per-op 3.04},
       :clients {:send-count 408, :recv-count 408, :msg-count 408},
       :servers {:send-count 200,
                 :recv-count 200,
                 :msg-count 200,
                 :msgs-per-op 1.0},
       :valid? true},
 :workload {:worst-stale ({:element 40,
                           :outcome :stable,
                           :stable-latency 222,
                           :lost-latency nil,
                           :known #jepsen.history.Op{:index 207,
                                                     :time 10562914823,
                                                     :type :ok,
                                                     :process 1,
                                                     :f :add,
                                                     :value 40},
                           :last-absent #jepsen.history.Op{:index 210,
                                                           :time 10785887757,
                                                           :type :invoke,
                                                           :process 0,
                                                           :f :read,
                                                           :value nil}}
                          {:element 3,
                           :outcome :stable,
                           :stable-latency 215,
                           :lost-latency nil,
                           :known #jepsen.history.Op{:index 11,
                                                     :time 615027784,
                                                     :type :ok,
                                                     :process 0,
                                                     :f :add,
                                                     :value 3},
                           :last-absent #jepsen.history.Op{:index 14,
                                                           :time 831020629,
                                                           :type :invoke,
                                                           :process 1,
                                                           :f :read,
                                                           :value nil}}
                          {:element 20,
                           :outcome :stable,
                           :stable-latency 193,
                           :lost-latency nil,
                           :known #jepsen.history.Op{:index 95,
                                                     :time 4833462021,
                                                     :type :ok,
                                                     :process 0,
                                                     :f :add,
                                                     :value 20},
                           :last-absent #jepsen.history.Op{:index 98,
                                                           :time 5026844978,
                                                           :type :invoke,
                                                           :process 1,
                                                           :f :read,
                                                           :value nil}}
                          {:element 28,
                           :outcome :stable,
                           :stable-latency 187,
                           :lost-latency nil,
                           :known #jepsen.history.Op{:index 143,
                                                     :time 7212719372,
                                                     :type :ok,
                                                     :process 0,
                                                     :f :add,
                                                     :value 28},
                           :last-absent #jepsen.history.Op{:index 146,
                                                           :time 7400152415,
                                                           :type :invoke,
                                                           :process 1,
                                                           :f :read,
                                                           :value nil}}
                          {:element 43,
                           :outcome :stable,
                           :stable-latency 180,
                           :lost-latency nil,
                           :known #jepsen.history.Op{:index 221,
                                                     :time 11470517707,
                                                     :type :ok,
                                                     :process 0,
                                                     :f :add,
                                                     :value 43},
                           :last-absent #jepsen.history.Op{:index 224,
                                                           :time 11651438069,
                                                           :type :invoke,
                                                           :process 1,
                                                           :f :read,
                                                           :value nil}}
                          {:element 72,
                           :outcome :stable,
                           :stable-latency 178,
                           :lost-latency nil,
                           :known #jepsen.history.Op{:index 335,
                                                     :time 17221698924,
                                                     :type :ok,
                                                     :process 0,
                                                     :f :add,
                                                     :value 72},
                           :last-absent #jepsen.history.Op{:index 338,
                                                           :time 17400286959,
                                                           :type :invoke,
                                                           :process 1,
                                                           :f :read,
                                                           :value nil}}
                          {:element 21,
                           :outcome :stable,
                           :stable-latency 172,
                           :lost-latency nil,
                           :known #jepsen.history.Op{:index 103,
                                                     :time 5151675418,
                                                     :type :ok,
                                                     :process 0,
                                                     :f :add,
                                                     :value 21},
                           :last-absent #jepsen.history.Op{:index 104,
                                                           :time 5324290050,
                                                           :type :invoke,
                                                           :process 1,
                                                           :f :read,
                                                           :value nil}}
                          {:element 83,
                           :outcome :stable,
                           :stable-latency 155,
                           :lost-latency nil,
                           :known #jepsen.history.Op{:index 369,
                                                     :time 19018557011,
                                                     :type :ok,
                                                     :process 1,
                                                     :f :add,
                                                     :value 83},
                           :last-absent #jepsen.history.Op{:index 370,
                                                           :time 19174408506,
                                                           :type :invoke,
                                                           :process 0,
                                                           :f :read,
                                                           :value nil}}),
            :duplicated-count 0,
            :valid? true,
            :lost-count 0,
            :lost (),
            :stable-count 87,
            :stale-count 27,
            :stale (0
                    3
                    7
                    15
                    17
                    18
                    20
                    21
                    24
                    26
                    27
                    28
                    40
                    43
                    46
                    50
                    57
                    64
                    65
                    72
                    73
                    74
                    75
                    77
                    79
                    83
                    86),
            :never-read-count 0,
            :stable-latencies {0 0, 0.5 0, 0.95 180, 0.99 222, 1 222},
            :attempt-count 87,
            :never-read (),
            :duplicated {}},
 :valid? true}


Everything looks good! (`)
