2024-12-22 01:06:01,353{GMT}	INFO	[jepsen test runner] jepsen.core: Command line:
lein run test -w echo --bin ./target/debug/maelstrom_distributed -- node-count 1 --time-limit 10
2024-12-22 01:06:01,415{GMT}	INFO	[jepsen test runner] jepsen.core: Running test:
{:args ["node-count" "1" "--time-limit" "10"]
 :remote
 #jepsen.control.retry.Remote{:remote #jepsen.control.scp.Remote{:cmd-remote #jepsen.control.sshj.SSHJRemote{:concurrency-limit 6,
                                                                                                             :conn-spec nil,
                                                                                                             :client nil,
                                                                                                             :semaphore nil},
                                                                 :conn-spec nil},
                              :conn nil}
 :log-net-send false
 :node-count nil
 :availability nil
 :max-txn-length 4
 :concurrency 5
 :db
 #object[maelstrom.db$db$reify__16142
         "0x292237cd"
         "maelstrom.db$db$reify__16142@292237cd"]
 :max-writes-per-key 16
 :leave-db-running? false
 :name "echo"
 :logging-json? false
 :start-time
 #object[org.joda.time.DateTime "0x797a5b31" "2024-12-22T01:06:01.337Z"]
 :nemesis-interval 10
 :net
 #object[maelstrom.net$jepsen_net$reify__15251
         "0x13d7d1a8"
         "maelstrom.net$jepsen_net$reify__15251@13d7d1a8"]
 :client
 #object[maelstrom.workload.echo$client$reify__16863
         "0x60035f1e"
         "maelstrom.workload.echo$client$reify__16863@60035f1e"]
 :barrier
 #object[java.util.concurrent.CyclicBarrier
         "0x5827908c"
         "java.util.concurrent.CyclicBarrier@5827908c"]
 :log-stderr false
 :pure-generators true
 :ssh {:dummy? true}
 :rate 5
 :checker
 #object[jepsen.checker$compose$reify__11881
         "0x732ffb6a"
         "jepsen.checker$compose$reify__11881@732ffb6a"]
 :argv
 ("test"
  "-w"
  "echo"
  "--bin"
  "./target/debug/maelstrom_distributed"
  "--"
  "node-count"
  "1"
  "--time-limit"
  "10")
 :nemesis
 (jepsen.nemesis.ReflCompose
  {:fm {:start-partition 0,
        :stop-partition 0,
        :kill 1,
        :start 1,
        :pause 1,
        :resume 1},
   :nemeses [#unprintable "jepsen.nemesis.combined$partition_nemesis$reify__16416@5ed83e36"
             #unprintable "jepsen.nemesis.combined$db_nemesis$reify__16397@2459715c"]})
 :nodes ["n1" "n2" "n3" "n4" "n5"]
 :test-count 1
 :latency {:mean 0, :dist :constant}
 :bin "./target/debug/maelstrom_distributed"
 :generator
 (jepsen.generator.TimeLimit
  {:limit 60000000000,
   :cutoff nil,
   :gen (jepsen.generator.Any
         {:gens [(jepsen.generator.OnThreads
                  {:f #{:nemesis},
                   :context-filter #object[jepsen.generator.context$make_thread_filter$lazy_filter__9167
                                           "0x6d3b59e2"
                                           "jepsen.generator.context$make_thread_filter$lazy_filter__9167@6d3b59e2"],
                   :gen nil})
                 (jepsen.generator.OnThreads
                  {:f #jepsen.generator.context.AllBut{:element :nemesis},
                   :context-filter #object[jepsen.generator.context$make_thread_filter$lazy_filter__9167
                                           "0x164dfad2"
                                           "jepsen.generator.context$make_thread_filter$lazy_filter__9167@164dfad2"],
                   :gen (jepsen.generator.Stagger
                         {:dt 400000000,
                          :next-time nil,
                          :gen (jepsen.generator.EachThread
                                {:fresh-gen #object[maelstrom.workload.echo$workload$fn__16882
                                                    "0x76480730"
                                                    "maelstrom.workload.echo$workload$fn__16882@76480730"],
                                 :context-filters #object[clojure.core$promise$reify__8591
                                                          "0x405a296e"
                                                          {:status :pending,
                                                           :val nil}],
                                 :gens {}})})})]})})
 :log-net-recv false
 :os
 #object[maelstrom.net$jepsen_os$reify__15254
         "0x77198cce"
         "maelstrom.net$jepsen_os$reify__15254@77198cce"]
 :time-limit 60
 :workload :echo
 :consistency-models [:strict-serializable]
 :topology :grid}

2024-12-22 01:06:03,359{GMT}	INFO	[jepsen node n1] maelstrom.net: Starting Maelstrom network
2024-12-22 01:06:03,360{GMT}	INFO	[jepsen test runner] jepsen.db: Tearing down DB
2024-12-22 01:06:03,363{GMT}	INFO	[jepsen test runner] jepsen.db: Setting up DB
2024-12-22 01:06:03,364{GMT}	INFO	[jepsen node n2] maelstrom.db: Setting up n2
2024-12-22 01:06:03,364{GMT}	INFO	[jepsen node n4] maelstrom.db: Setting up n4
2024-12-22 01:06:03,365{GMT}	INFO	[jepsen node n3] maelstrom.db: Setting up n3
2024-12-22 01:06:03,365{GMT}	INFO	[jepsen node n2] maelstrom.process: launching ./target/debug/maelstrom_distributed ["node-count" "1" "--time-limit" "10"]
2024-12-22 01:06:03,365{GMT}	INFO	[jepsen node n4] maelstrom.process: launching ./target/debug/maelstrom_distributed ["node-count" "1" "--time-limit" "10"]
2024-12-22 01:06:03,365{GMT}	INFO	[jepsen node n3] maelstrom.process: launching ./target/debug/maelstrom_distributed ["node-count" "1" "--time-limit" "10"]
2024-12-22 01:06:03,365{GMT}	INFO	[jepsen node n5] maelstrom.db: Setting up n5
2024-12-22 01:06:03,368{GMT}	INFO	[jepsen node n1] maelstrom.service: Starting services: (lin-kv lin-tso lww-kv seq-kv)
2024-12-22 01:06:03,366{GMT}	INFO	[jepsen node n5] maelstrom.process: launching ./target/debug/maelstrom_distributed ["node-count" "1" "--time-limit" "10"]
2024-12-22 01:06:03,372{GMT}	INFO	[jepsen node n1] maelstrom.db: Setting up n1
2024-12-22 01:06:03,373{GMT}	INFO	[jepsen node n1] maelstrom.process: launching ./target/debug/maelstrom_distributed ["node-count" "1" "--time-limit" "10"]
2024-12-22 01:06:03,388{GMT}	WARN	[n1 stdout] maelstrom.process: Error!
clojure.lang.ExceptionInfo: Node n1 printed a line to STDOUT which was not well-formed JSON:
Hello, world!
Did you mean to encode this line as JSON? Or was this line intended for STDERR? See doc/protocol.md for more guidance.
	at slingshot.support$stack_trace.invoke(support.clj:201)
	at maelstrom.process$parse_msg$fn__15856.invoke(process.clj:47)
	at maelstrom.process$parse_msg.invokeStatic(process.clj:45)
	at maelstrom.process$parse_msg.invoke(process.clj:35)
	at maelstrom.process$stdout_thread$fn__15878$fn__15879$fn__15881.invoke(process.clj:146)
	at maelstrom.process$stdout_thread$fn__15878$fn__15879.invoke(process.clj:146)
	at maelstrom.process$stdout_thread$fn__15878.invoke(process.clj:140)
	at clojure.core$binding_conveyor_fn$fn__5823.invoke(core.clj:2047)
	at clojure.lang.AFn.call(AFn.java:18)
	at java.base/java.util.concurrent.FutureTask.run(FutureTask.java:264)
	at java.base/java.util.concurrent.ThreadPoolExecutor.runWorker(ThreadPoolExecutor.java:1136)
	at java.base/java.util.concurrent.ThreadPoolExecutor$Worker.run(ThreadPoolExecutor.java:635)
	at java.base/java.lang.Thread.run(Thread.java:840)
2024-12-22 01:06:03,385{GMT}	WARN	[n5 stdout] maelstrom.process: Error!
clojure.lang.ExceptionInfo: Node n5 printed a line to STDOUT which was not well-formed JSON:
Hello, world!
Did you mean to encode this line as JSON? Or was this line intended for STDERR? See doc/protocol.md for more guidance.
	at slingshot.support$stack_trace.invoke(support.clj:201)
	at maelstrom.process$parse_msg$fn__15856.invoke(process.clj:47)
	at maelstrom.process$parse_msg.invokeStatic(process.clj:45)
	at maelstrom.process$parse_msg.invoke(process.clj:35)
	at maelstrom.process$stdout_thread$fn__15878$fn__15879$fn__15881.invoke(process.clj:146)
	at maelstrom.process$stdout_thread$fn__15878$fn__15879.invoke(process.clj:146)
	at maelstrom.process$stdout_thread$fn__15878.invoke(process.clj:140)
	at clojure.core$binding_conveyor_fn$fn__5823.invoke(core.clj:2047)
	at clojure.lang.AFn.call(AFn.java:18)
	at java.base/java.util.concurrent.FutureTask.run(FutureTask.java:264)
	at java.base/java.util.concurrent.ThreadPoolExecutor.runWorker(ThreadPoolExecutor.java:1136)
	at java.base/java.util.concurrent.ThreadPoolExecutor$Worker.run(ThreadPoolExecutor.java:635)
	at java.base/java.lang.Thread.run(Thread.java:840)
2024-12-22 01:06:03,387{GMT}	WARN	[n2 stdout] maelstrom.process: Error!
clojure.lang.ExceptionInfo: Node n2 printed a line to STDOUT which was not well-formed JSON:
Hello, world!
Did you mean to encode this line as JSON? Or was this line intended for STDERR? See doc/protocol.md for more guidance.
	at slingshot.support$stack_trace.invoke(support.clj:201)
	at maelstrom.process$parse_msg$fn__15856.invoke(process.clj:47)
	at maelstrom.process$parse_msg.invokeStatic(process.clj:45)
	at maelstrom.process$parse_msg.invoke(process.clj:35)
	at maelstrom.process$stdout_thread$fn__15878$fn__15879$fn__15881.invoke(process.clj:146)
	at maelstrom.process$stdout_thread$fn__15878$fn__15879.invoke(process.clj:146)
	at maelstrom.process$stdout_thread$fn__15878.invoke(process.clj:140)
	at clojure.core$binding_conveyor_fn$fn__5823.invoke(core.clj:2047)
	at clojure.lang.AFn.call(AFn.java:18)
	at java.base/java.util.concurrent.FutureTask.run(FutureTask.java:264)
	at java.base/java.util.concurrent.ThreadPoolExecutor.runWorker(ThreadPoolExecutor.java:1136)
	at java.base/java.util.concurrent.ThreadPoolExecutor$Worker.run(ThreadPoolExecutor.java:635)
	at java.base/java.lang.Thread.run(Thread.java:840)
2024-12-22 01:06:03,391{GMT}	WARN	[n4 stdout] maelstrom.process: Error!
clojure.lang.ExceptionInfo: Node n4 printed a line to STDOUT which was not well-formed JSON:
Hello, world!
Did you mean to encode this line as JSON? Or was this line intended for STDERR? See doc/protocol.md for more guidance.
	at slingshot.support$stack_trace.invoke(support.clj:201)
	at maelstrom.process$parse_msg$fn__15856.invoke(process.clj:47)
	at maelstrom.process$parse_msg.invokeStatic(process.clj:45)
	at maelstrom.process$parse_msg.invoke(process.clj:35)
	at maelstrom.process$stdout_thread$fn__15878$fn__15879$fn__15881.invoke(process.clj:146)
	at maelstrom.process$stdout_thread$fn__15878$fn__15879.invoke(process.clj:146)
	at maelstrom.process$stdout_thread$fn__15878.invoke(process.clj:140)
	at clojure.core$binding_conveyor_fn$fn__5823.invoke(core.clj:2047)
	at clojure.lang.AFn.call(AFn.java:18)
	at java.base/java.util.concurrent.FutureTask.run(FutureTask.java:264)
	at java.base/java.util.concurrent.ThreadPoolExecutor.runWorker(ThreadPoolExecutor.java:1136)
	at java.base/java.util.concurrent.ThreadPoolExecutor$Worker.run(ThreadPoolExecutor.java:635)
	at java.base/java.lang.Thread.run(Thread.java:840)
2024-12-22 01:06:03,396{GMT}	WARN	[n3 stdout] maelstrom.process: Error!
clojure.lang.ExceptionInfo: Node n3 printed a line to STDOUT which was not well-formed JSON:
Hello, world!
Did you mean to encode this line as JSON? Or was this line intended for STDERR? See doc/protocol.md for more guidance.
	at slingshot.support$stack_trace.invoke(support.clj:201)
	at maelstrom.process$parse_msg$fn__15856.invoke(process.clj:47)
	at maelstrom.process$parse_msg.invokeStatic(process.clj:45)
	at maelstrom.process$parse_msg.invoke(process.clj:35)
	at maelstrom.process$stdout_thread$fn__15878$fn__15879$fn__15881.invoke(process.clj:146)
	at maelstrom.process$stdout_thread$fn__15878$fn__15879.invoke(process.clj:146)
	at maelstrom.process$stdout_thread$fn__15878.invoke(process.clj:140)
	at clojure.core$binding_conveyor_fn$fn__5823.invoke(core.clj:2047)
	at clojure.lang.AFn.call(AFn.java:18)
	at java.base/java.util.concurrent.FutureTask.run(FutureTask.java:264)
	at java.base/java.util.concurrent.ThreadPoolExecutor.runWorker(ThreadPoolExecutor.java:1136)
	at java.base/java.util.concurrent.ThreadPoolExecutor$Worker.run(ThreadPoolExecutor.java:635)
	at java.base/java.lang.Thread.run(Thread.java:840)
2024-12-22 01:06:04,978{GMT}	INFO	[Jepsen shutdown hook] jepsen.core: Downloading DB logs before JVM shutdown...
